[2022-04-23 10:30:50,311] {processor.py:163} INFO - Started process (PID=389) to work on /home/airflow/.local/lib/python3.7/site-packages/airflow/example_dags/example_bash_operator.py
[2022-04-23 10:30:50,312] {processor.py:642} INFO - Processing file /home/airflow/.local/lib/python3.7/site-packages/airflow/example_dags/example_bash_operator.py for tasks to queue
[2022-04-23 10:30:50,312] {logging_mixin.py:109} INFO - [2022-04-23 10:30:50,312] {dagbag.py:500} INFO - Filling up the DagBag from /home/airflow/.local/lib/python3.7/site-packages/airflow/example_dags/example_bash_operator.py
[2022-04-23 10:30:50,327] {processor.py:652} INFO - DAG(s) dict_keys(['example_bash_operator']) retrieved from /home/airflow/.local/lib/python3.7/site-packages/airflow/example_dags/example_bash_operator.py
[2022-04-23 10:30:51,689] {logging_mixin.py:109} INFO - [2022-04-23 10:30:51,689] {manager.py:496} INFO - Created Permission View: can read on DAG:example_bash_operator
[2022-04-23 10:30:51,694] {logging_mixin.py:109} INFO - [2022-04-23 10:30:51,694] {manager.py:496} INFO - Created Permission View: can edit on DAG:example_bash_operator
[2022-04-23 10:30:51,695] {logging_mixin.py:109} INFO - [2022-04-23 10:30:51,695] {dag.py:2398} INFO - Sync 1 DAGs
[2022-04-23 10:30:51,700] {logging_mixin.py:109} INFO - [2022-04-23 10:30:51,700] {dag.py:2417} INFO - Creating ORM DAG for example_bash_operator
[2022-04-23 10:30:51,707] {logging_mixin.py:109} INFO - [2022-04-23 10:30:51,707] {dag.py:2937} INFO - Setting next_dagrun for example_bash_operator to 2022-04-22 00:00:00+00:00
[2022-04-23 10:30:51,719] {processor.py:171} INFO - Processing /home/airflow/.local/lib/python3.7/site-packages/airflow/example_dags/example_bash_operator.py took 1.410 seconds
[2022-04-23 10:31:21,980] {processor.py:163} INFO - Started process (PID=609) to work on /home/airflow/.local/lib/python3.7/site-packages/airflow/example_dags/example_bash_operator.py
[2022-04-23 10:31:21,981] {processor.py:642} INFO - Processing file /home/airflow/.local/lib/python3.7/site-packages/airflow/example_dags/example_bash_operator.py for tasks to queue
[2022-04-23 10:31:21,982] {logging_mixin.py:109} INFO - [2022-04-23 10:31:21,982] {dagbag.py:500} INFO - Filling up the DagBag from /home/airflow/.local/lib/python3.7/site-packages/airflow/example_dags/example_bash_operator.py
[2022-04-23 10:31:22,001] {processor.py:652} INFO - DAG(s) dict_keys(['example_bash_operator']) retrieved from /home/airflow/.local/lib/python3.7/site-packages/airflow/example_dags/example_bash_operator.py
[2022-04-23 10:31:22,016] {logging_mixin.py:109} INFO - [2022-04-23 10:31:22,016] {dag.py:2398} INFO - Sync 1 DAGs
[2022-04-23 10:31:22,028] {logging_mixin.py:109} INFO - [2022-04-23 10:31:22,028] {dag.py:2937} INFO - Setting next_dagrun for example_bash_operator to 2022-04-22 00:00:00+00:00
[2022-04-23 10:31:22,036] {processor.py:171} INFO - Processing /home/airflow/.local/lib/python3.7/site-packages/airflow/example_dags/example_bash_operator.py took 0.058 seconds
[2022-04-23 10:31:52,163] {processor.py:163} INFO - Started process (PID=661) to work on /home/airflow/.local/lib/python3.7/site-packages/airflow/example_dags/example_bash_operator.py
[2022-04-23 10:31:52,164] {processor.py:642} INFO - Processing file /home/airflow/.local/lib/python3.7/site-packages/airflow/example_dags/example_bash_operator.py for tasks to queue
[2022-04-23 10:31:52,165] {logging_mixin.py:109} INFO - [2022-04-23 10:31:52,165] {dagbag.py:500} INFO - Filling up the DagBag from /home/airflow/.local/lib/python3.7/site-packages/airflow/example_dags/example_bash_operator.py
[2022-04-23 10:31:52,180] {processor.py:652} INFO - DAG(s) dict_keys(['example_bash_operator']) retrieved from /home/airflow/.local/lib/python3.7/site-packages/airflow/example_dags/example_bash_operator.py
[2022-04-23 10:31:52,193] {logging_mixin.py:109} INFO - [2022-04-23 10:31:52,193] {dag.py:2398} INFO - Sync 1 DAGs
[2022-04-23 10:31:52,206] {logging_mixin.py:109} INFO - [2022-04-23 10:31:52,206] {dag.py:2937} INFO - Setting next_dagrun for example_bash_operator to 2022-04-22 00:00:00+00:00
[2022-04-23 10:31:52,213] {processor.py:171} INFO - Processing /home/airflow/.local/lib/python3.7/site-packages/airflow/example_dags/example_bash_operator.py took 0.052 seconds
[2022-04-23 10:32:22,386] {processor.py:163} INFO - Started process (PID=722) to work on /home/airflow/.local/lib/python3.7/site-packages/airflow/example_dags/example_bash_operator.py
[2022-04-23 10:32:22,387] {processor.py:642} INFO - Processing file /home/airflow/.local/lib/python3.7/site-packages/airflow/example_dags/example_bash_operator.py for tasks to queue
[2022-04-23 10:32:22,388] {logging_mixin.py:109} INFO - [2022-04-23 10:32:22,388] {dagbag.py:500} INFO - Filling up the DagBag from /home/airflow/.local/lib/python3.7/site-packages/airflow/example_dags/example_bash_operator.py
[2022-04-23 10:32:22,400] {processor.py:652} INFO - DAG(s) dict_keys(['example_bash_operator']) retrieved from /home/airflow/.local/lib/python3.7/site-packages/airflow/example_dags/example_bash_operator.py
[2022-04-23 10:32:22,413] {logging_mixin.py:109} INFO - [2022-04-23 10:32:22,413] {dag.py:2398} INFO - Sync 1 DAGs
[2022-04-23 10:32:22,424] {logging_mixin.py:109} INFO - [2022-04-23 10:32:22,424] {dag.py:2937} INFO - Setting next_dagrun for example_bash_operator to 2022-04-22 00:00:00+00:00
[2022-04-23 10:32:22,431] {processor.py:171} INFO - Processing /home/airflow/.local/lib/python3.7/site-packages/airflow/example_dags/example_bash_operator.py took 0.047 seconds
[2022-04-23 10:32:52,572] {processor.py:163} INFO - Started process (PID=771) to work on /home/airflow/.local/lib/python3.7/site-packages/airflow/example_dags/example_bash_operator.py
[2022-04-23 10:32:52,573] {processor.py:642} INFO - Processing file /home/airflow/.local/lib/python3.7/site-packages/airflow/example_dags/example_bash_operator.py for tasks to queue
[2022-04-23 10:32:52,573] {logging_mixin.py:109} INFO - [2022-04-23 10:32:52,573] {dagbag.py:500} INFO - Filling up the DagBag from /home/airflow/.local/lib/python3.7/site-packages/airflow/example_dags/example_bash_operator.py
[2022-04-23 10:32:52,589] {processor.py:652} INFO - DAG(s) dict_keys(['example_bash_operator']) retrieved from /home/airflow/.local/lib/python3.7/site-packages/airflow/example_dags/example_bash_operator.py
[2022-04-23 10:32:52,606] {logging_mixin.py:109} INFO - [2022-04-23 10:32:52,606] {dag.py:2398} INFO - Sync 1 DAGs
[2022-04-23 10:32:52,618] {logging_mixin.py:109} INFO - [2022-04-23 10:32:52,618] {dag.py:2937} INFO - Setting next_dagrun for example_bash_operator to 2022-04-22 00:00:00+00:00
[2022-04-23 10:32:52,625] {processor.py:171} INFO - Processing /home/airflow/.local/lib/python3.7/site-packages/airflow/example_dags/example_bash_operator.py took 0.055 seconds
[2022-04-23 10:33:22,828] {processor.py:163} INFO - Started process (PID=830) to work on /home/airflow/.local/lib/python3.7/site-packages/airflow/example_dags/example_bash_operator.py
[2022-04-23 10:33:22,829] {processor.py:642} INFO - Processing file /home/airflow/.local/lib/python3.7/site-packages/airflow/example_dags/example_bash_operator.py for tasks to queue
[2022-04-23 10:33:22,830] {logging_mixin.py:109} INFO - [2022-04-23 10:33:22,830] {dagbag.py:500} INFO - Filling up the DagBag from /home/airflow/.local/lib/python3.7/site-packages/airflow/example_dags/example_bash_operator.py
[2022-04-23 10:33:22,842] {processor.py:652} INFO - DAG(s) dict_keys(['example_bash_operator']) retrieved from /home/airflow/.local/lib/python3.7/site-packages/airflow/example_dags/example_bash_operator.py
[2022-04-23 10:33:22,859] {logging_mixin.py:109} INFO - [2022-04-23 10:33:22,858] {dag.py:2398} INFO - Sync 1 DAGs
[2022-04-23 10:33:22,873] {logging_mixin.py:109} INFO - [2022-04-23 10:33:22,873] {dag.py:2937} INFO - Setting next_dagrun for example_bash_operator to 2022-04-22 00:00:00+00:00
[2022-04-23 10:33:22,893] {processor.py:171} INFO - Processing /home/airflow/.local/lib/python3.7/site-packages/airflow/example_dags/example_bash_operator.py took 0.067 seconds
[2022-04-23 10:33:53,075] {processor.py:163} INFO - Started process (PID=889) to work on /home/airflow/.local/lib/python3.7/site-packages/airflow/example_dags/example_bash_operator.py
[2022-04-23 10:33:53,076] {processor.py:642} INFO - Processing file /home/airflow/.local/lib/python3.7/site-packages/airflow/example_dags/example_bash_operator.py for tasks to queue
[2022-04-23 10:33:53,077] {logging_mixin.py:109} INFO - [2022-04-23 10:33:53,077] {dagbag.py:500} INFO - Filling up the DagBag from /home/airflow/.local/lib/python3.7/site-packages/airflow/example_dags/example_bash_operator.py
[2022-04-23 10:33:53,090] {processor.py:652} INFO - DAG(s) dict_keys(['example_bash_operator']) retrieved from /home/airflow/.local/lib/python3.7/site-packages/airflow/example_dags/example_bash_operator.py
[2022-04-23 10:33:53,105] {logging_mixin.py:109} INFO - [2022-04-23 10:33:53,105] {dag.py:2398} INFO - Sync 1 DAGs
[2022-04-23 10:33:53,118] {logging_mixin.py:109} INFO - [2022-04-23 10:33:53,118] {dag.py:2937} INFO - Setting next_dagrun for example_bash_operator to 2022-04-22 00:00:00+00:00
[2022-04-23 10:33:53,126] {processor.py:171} INFO - Processing /home/airflow/.local/lib/python3.7/site-packages/airflow/example_dags/example_bash_operator.py took 0.053 seconds
[2022-04-23 10:34:23,486] {processor.py:163} INFO - Started process (PID=939) to work on /home/airflow/.local/lib/python3.7/site-packages/airflow/example_dags/example_bash_operator.py
[2022-04-23 10:34:23,487] {processor.py:642} INFO - Processing file /home/airflow/.local/lib/python3.7/site-packages/airflow/example_dags/example_bash_operator.py for tasks to queue
[2022-04-23 10:34:23,488] {logging_mixin.py:109} INFO - [2022-04-23 10:34:23,488] {dagbag.py:500} INFO - Filling up the DagBag from /home/airflow/.local/lib/python3.7/site-packages/airflow/example_dags/example_bash_operator.py
[2022-04-23 10:34:23,499] {processor.py:652} INFO - DAG(s) dict_keys(['example_bash_operator']) retrieved from /home/airflow/.local/lib/python3.7/site-packages/airflow/example_dags/example_bash_operator.py
[2022-04-23 10:34:23,514] {logging_mixin.py:109} INFO - [2022-04-23 10:34:23,514] {dag.py:2398} INFO - Sync 1 DAGs
[2022-04-23 10:34:23,527] {logging_mixin.py:109} INFO - [2022-04-23 10:34:23,527] {dag.py:2937} INFO - Setting next_dagrun for example_bash_operator to 2022-04-22 00:00:00+00:00
[2022-04-23 10:34:23,534] {processor.py:171} INFO - Processing /home/airflow/.local/lib/python3.7/site-packages/airflow/example_dags/example_bash_operator.py took 0.050 seconds
[2022-04-23 10:34:53,808] {processor.py:163} INFO - Started process (PID=1000) to work on /home/airflow/.local/lib/python3.7/site-packages/airflow/example_dags/example_bash_operator.py
[2022-04-23 10:34:53,810] {processor.py:642} INFO - Processing file /home/airflow/.local/lib/python3.7/site-packages/airflow/example_dags/example_bash_operator.py for tasks to queue
[2022-04-23 10:34:53,811] {logging_mixin.py:109} INFO - [2022-04-23 10:34:53,811] {dagbag.py:500} INFO - Filling up the DagBag from /home/airflow/.local/lib/python3.7/site-packages/airflow/example_dags/example_bash_operator.py
[2022-04-23 10:34:53,825] {processor.py:652} INFO - DAG(s) dict_keys(['example_bash_operator']) retrieved from /home/airflow/.local/lib/python3.7/site-packages/airflow/example_dags/example_bash_operator.py
[2022-04-23 10:34:53,840] {logging_mixin.py:109} INFO - [2022-04-23 10:34:53,840] {dag.py:2398} INFO - Sync 1 DAGs
[2022-04-23 10:34:53,854] {logging_mixin.py:109} INFO - [2022-04-23 10:34:53,854] {dag.py:2937} INFO - Setting next_dagrun for example_bash_operator to 2022-04-22 00:00:00+00:00
[2022-04-23 10:34:53,872] {processor.py:171} INFO - Processing /home/airflow/.local/lib/python3.7/site-packages/airflow/example_dags/example_bash_operator.py took 0.066 seconds
[2022-04-23 10:35:24,150] {processor.py:163} INFO - Started process (PID=1051) to work on /home/airflow/.local/lib/python3.7/site-packages/airflow/example_dags/example_bash_operator.py
[2022-04-23 10:35:24,151] {processor.py:642} INFO - Processing file /home/airflow/.local/lib/python3.7/site-packages/airflow/example_dags/example_bash_operator.py for tasks to queue
[2022-04-23 10:35:24,151] {logging_mixin.py:109} INFO - [2022-04-23 10:35:24,151] {dagbag.py:500} INFO - Filling up the DagBag from /home/airflow/.local/lib/python3.7/site-packages/airflow/example_dags/example_bash_operator.py
[2022-04-23 10:35:24,163] {processor.py:652} INFO - DAG(s) dict_keys(['example_bash_operator']) retrieved from /home/airflow/.local/lib/python3.7/site-packages/airflow/example_dags/example_bash_operator.py
[2022-04-23 10:35:24,177] {logging_mixin.py:109} INFO - [2022-04-23 10:35:24,177] {dag.py:2398} INFO - Sync 1 DAGs
[2022-04-23 10:35:24,188] {logging_mixin.py:109} INFO - [2022-04-23 10:35:24,188] {dag.py:2937} INFO - Setting next_dagrun for example_bash_operator to 2022-04-22 00:00:00+00:00
[2022-04-23 10:35:24,204] {processor.py:171} INFO - Processing /home/airflow/.local/lib/python3.7/site-packages/airflow/example_dags/example_bash_operator.py took 0.056 seconds
[2022-04-23 10:35:54,578] {processor.py:163} INFO - Started process (PID=1112) to work on /home/airflow/.local/lib/python3.7/site-packages/airflow/example_dags/example_bash_operator.py
[2022-04-23 10:35:54,579] {processor.py:642} INFO - Processing file /home/airflow/.local/lib/python3.7/site-packages/airflow/example_dags/example_bash_operator.py for tasks to queue
[2022-04-23 10:35:54,580] {logging_mixin.py:109} INFO - [2022-04-23 10:35:54,580] {dagbag.py:500} INFO - Filling up the DagBag from /home/airflow/.local/lib/python3.7/site-packages/airflow/example_dags/example_bash_operator.py
[2022-04-23 10:35:54,592] {processor.py:652} INFO - DAG(s) dict_keys(['example_bash_operator']) retrieved from /home/airflow/.local/lib/python3.7/site-packages/airflow/example_dags/example_bash_operator.py
[2022-04-23 10:35:54,604] {logging_mixin.py:109} INFO - [2022-04-23 10:35:54,604] {dag.py:2398} INFO - Sync 1 DAGs
[2022-04-23 10:35:54,616] {logging_mixin.py:109} INFO - [2022-04-23 10:35:54,616] {dag.py:2937} INFO - Setting next_dagrun for example_bash_operator to 2022-04-22 00:00:00+00:00
[2022-04-23 10:35:54,632] {processor.py:171} INFO - Processing /home/airflow/.local/lib/python3.7/site-packages/airflow/example_dags/example_bash_operator.py took 0.056 seconds
[2022-04-23 10:36:24,763] {processor.py:163} INFO - Started process (PID=1170) to work on /home/airflow/.local/lib/python3.7/site-packages/airflow/example_dags/example_bash_operator.py
[2022-04-23 10:36:24,764] {processor.py:642} INFO - Processing file /home/airflow/.local/lib/python3.7/site-packages/airflow/example_dags/example_bash_operator.py for tasks to queue
[2022-04-23 10:36:24,765] {logging_mixin.py:109} INFO - [2022-04-23 10:36:24,765] {dagbag.py:500} INFO - Filling up the DagBag from /home/airflow/.local/lib/python3.7/site-packages/airflow/example_dags/example_bash_operator.py
[2022-04-23 10:36:24,777] {processor.py:652} INFO - DAG(s) dict_keys(['example_bash_operator']) retrieved from /home/airflow/.local/lib/python3.7/site-packages/airflow/example_dags/example_bash_operator.py
[2022-04-23 10:36:24,792] {logging_mixin.py:109} INFO - [2022-04-23 10:36:24,792] {dag.py:2398} INFO - Sync 1 DAGs
[2022-04-23 10:36:24,804] {logging_mixin.py:109} INFO - [2022-04-23 10:36:24,804] {dag.py:2937} INFO - Setting next_dagrun for example_bash_operator to 2022-04-22 00:00:00+00:00
[2022-04-23 10:36:24,811] {processor.py:171} INFO - Processing /home/airflow/.local/lib/python3.7/site-packages/airflow/example_dags/example_bash_operator.py took 0.050 seconds
