[2022-04-23 10:30:54,528] {processor.py:163} INFO - Started process (PID=491) to work on /home/airflow/.local/lib/python3.7/site-packages/airflow/example_dags/example_trigger_target_dag.py
[2022-04-23 10:30:54,529] {processor.py:642} INFO - Processing file /home/airflow/.local/lib/python3.7/site-packages/airflow/example_dags/example_trigger_target_dag.py for tasks to queue
[2022-04-23 10:30:54,530] {logging_mixin.py:109} INFO - [2022-04-23 10:30:54,529] {dagbag.py:500} INFO - Filling up the DagBag from /home/airflow/.local/lib/python3.7/site-packages/airflow/example_dags/example_trigger_target_dag.py
[2022-04-23 10:30:54,543] {processor.py:652} INFO - DAG(s) dict_keys(['example_trigger_target_dag']) retrieved from /home/airflow/.local/lib/python3.7/site-packages/airflow/example_dags/example_trigger_target_dag.py
[2022-04-23 10:30:55,871] {logging_mixin.py:109} INFO - [2022-04-23 10:30:55,871] {manager.py:496} INFO - Created Permission View: can read on DAG:example_trigger_target_dag
[2022-04-23 10:30:55,878] {logging_mixin.py:109} INFO - [2022-04-23 10:30:55,878] {manager.py:496} INFO - Created Permission View: can edit on DAG:example_trigger_target_dag
[2022-04-23 10:30:55,878] {logging_mixin.py:109} INFO - [2022-04-23 10:30:55,878] {dag.py:2398} INFO - Sync 1 DAGs
[2022-04-23 10:30:55,885] {logging_mixin.py:109} INFO - [2022-04-23 10:30:55,884] {dag.py:2417} INFO - Creating ORM DAG for example_trigger_target_dag
[2022-04-23 10:30:55,891] {logging_mixin.py:109} INFO - [2022-04-23 10:30:55,891] {dag.py:2937} INFO - Setting next_dagrun for example_trigger_target_dag to None
[2022-04-23 10:30:55,905] {processor.py:171} INFO - Processing /home/airflow/.local/lib/python3.7/site-packages/airflow/example_dags/example_trigger_target_dag.py took 1.379 seconds
[2022-04-23 10:31:26,156] {processor.py:163} INFO - Started process (PID=615) to work on /home/airflow/.local/lib/python3.7/site-packages/airflow/example_dags/example_trigger_target_dag.py
[2022-04-23 10:31:26,157] {processor.py:642} INFO - Processing file /home/airflow/.local/lib/python3.7/site-packages/airflow/example_dags/example_trigger_target_dag.py for tasks to queue
[2022-04-23 10:31:26,158] {logging_mixin.py:109} INFO - [2022-04-23 10:31:26,158] {dagbag.py:500} INFO - Filling up the DagBag from /home/airflow/.local/lib/python3.7/site-packages/airflow/example_dags/example_trigger_target_dag.py
[2022-04-23 10:31:26,172] {processor.py:652} INFO - DAG(s) dict_keys(['example_trigger_target_dag']) retrieved from /home/airflow/.local/lib/python3.7/site-packages/airflow/example_dags/example_trigger_target_dag.py
[2022-04-23 10:31:26,185] {logging_mixin.py:109} INFO - [2022-04-23 10:31:26,185] {dag.py:2398} INFO - Sync 1 DAGs
[2022-04-23 10:31:26,197] {logging_mixin.py:109} INFO - [2022-04-23 10:31:26,197] {dag.py:2937} INFO - Setting next_dagrun for example_trigger_target_dag to None
[2022-04-23 10:31:26,205] {processor.py:171} INFO - Processing /home/airflow/.local/lib/python3.7/site-packages/airflow/example_dags/example_trigger_target_dag.py took 0.050 seconds
[2022-04-23 10:31:56,369] {processor.py:163} INFO - Started process (PID=676) to work on /home/airflow/.local/lib/python3.7/site-packages/airflow/example_dags/example_trigger_target_dag.py
[2022-04-23 10:31:56,370] {processor.py:642} INFO - Processing file /home/airflow/.local/lib/python3.7/site-packages/airflow/example_dags/example_trigger_target_dag.py for tasks to queue
[2022-04-23 10:31:56,371] {logging_mixin.py:109} INFO - [2022-04-23 10:31:56,371] {dagbag.py:500} INFO - Filling up the DagBag from /home/airflow/.local/lib/python3.7/site-packages/airflow/example_dags/example_trigger_target_dag.py
[2022-04-23 10:31:56,387] {processor.py:652} INFO - DAG(s) dict_keys(['example_trigger_target_dag']) retrieved from /home/airflow/.local/lib/python3.7/site-packages/airflow/example_dags/example_trigger_target_dag.py
[2022-04-23 10:31:56,404] {logging_mixin.py:109} INFO - [2022-04-23 10:31:56,404] {dag.py:2398} INFO - Sync 1 DAGs
[2022-04-23 10:31:56,418] {logging_mixin.py:109} INFO - [2022-04-23 10:31:56,418] {dag.py:2937} INFO - Setting next_dagrun for example_trigger_target_dag to None
[2022-04-23 10:31:56,428] {processor.py:171} INFO - Processing /home/airflow/.local/lib/python3.7/site-packages/airflow/example_dags/example_trigger_target_dag.py took 0.061 seconds
[2022-04-23 10:32:26,624] {processor.py:163} INFO - Started process (PID=728) to work on /home/airflow/.local/lib/python3.7/site-packages/airflow/example_dags/example_trigger_target_dag.py
[2022-04-23 10:32:26,625] {processor.py:642} INFO - Processing file /home/airflow/.local/lib/python3.7/site-packages/airflow/example_dags/example_trigger_target_dag.py for tasks to queue
[2022-04-23 10:32:26,626] {logging_mixin.py:109} INFO - [2022-04-23 10:32:26,626] {dagbag.py:500} INFO - Filling up the DagBag from /home/airflow/.local/lib/python3.7/site-packages/airflow/example_dags/example_trigger_target_dag.py
[2022-04-23 10:32:26,638] {processor.py:652} INFO - DAG(s) dict_keys(['example_trigger_target_dag']) retrieved from /home/airflow/.local/lib/python3.7/site-packages/airflow/example_dags/example_trigger_target_dag.py
[2022-04-23 10:32:26,651] {logging_mixin.py:109} INFO - [2022-04-23 10:32:26,651] {dag.py:2398} INFO - Sync 1 DAGs
[2022-04-23 10:32:26,662] {logging_mixin.py:109} INFO - [2022-04-23 10:32:26,662] {dag.py:2937} INFO - Setting next_dagrun for example_trigger_target_dag to None
[2022-04-23 10:32:26,681] {processor.py:171} INFO - Processing /home/airflow/.local/lib/python3.7/site-packages/airflow/example_dags/example_trigger_target_dag.py took 0.059 seconds
[2022-04-23 10:32:56,827] {processor.py:163} INFO - Started process (PID=787) to work on /home/airflow/.local/lib/python3.7/site-packages/airflow/example_dags/example_trigger_target_dag.py
[2022-04-23 10:32:56,828] {processor.py:642} INFO - Processing file /home/airflow/.local/lib/python3.7/site-packages/airflow/example_dags/example_trigger_target_dag.py for tasks to queue
[2022-04-23 10:32:56,829] {logging_mixin.py:109} INFO - [2022-04-23 10:32:56,829] {dagbag.py:500} INFO - Filling up the DagBag from /home/airflow/.local/lib/python3.7/site-packages/airflow/example_dags/example_trigger_target_dag.py
[2022-04-23 10:32:56,843] {processor.py:652} INFO - DAG(s) dict_keys(['example_trigger_target_dag']) retrieved from /home/airflow/.local/lib/python3.7/site-packages/airflow/example_dags/example_trigger_target_dag.py
[2022-04-23 10:32:56,860] {logging_mixin.py:109} INFO - [2022-04-23 10:32:56,860] {dag.py:2398} INFO - Sync 1 DAGs
[2022-04-23 10:32:56,874] {logging_mixin.py:109} INFO - [2022-04-23 10:32:56,873] {dag.py:2937} INFO - Setting next_dagrun for example_trigger_target_dag to None
[2022-04-23 10:32:56,883] {processor.py:171} INFO - Processing /home/airflow/.local/lib/python3.7/site-packages/airflow/example_dags/example_trigger_target_dag.py took 0.058 seconds
[2022-04-23 10:33:27,007] {processor.py:163} INFO - Started process (PID=836) to work on /home/airflow/.local/lib/python3.7/site-packages/airflow/example_dags/example_trigger_target_dag.py
[2022-04-23 10:33:27,008] {processor.py:642} INFO - Processing file /home/airflow/.local/lib/python3.7/site-packages/airflow/example_dags/example_trigger_target_dag.py for tasks to queue
[2022-04-23 10:33:27,009] {logging_mixin.py:109} INFO - [2022-04-23 10:33:27,009] {dagbag.py:500} INFO - Filling up the DagBag from /home/airflow/.local/lib/python3.7/site-packages/airflow/example_dags/example_trigger_target_dag.py
[2022-04-23 10:33:27,020] {processor.py:652} INFO - DAG(s) dict_keys(['example_trigger_target_dag']) retrieved from /home/airflow/.local/lib/python3.7/site-packages/airflow/example_dags/example_trigger_target_dag.py
[2022-04-23 10:33:27,033] {logging_mixin.py:109} INFO - [2022-04-23 10:33:27,032] {dag.py:2398} INFO - Sync 1 DAGs
[2022-04-23 10:33:27,044] {logging_mixin.py:109} INFO - [2022-04-23 10:33:27,044] {dag.py:2937} INFO - Setting next_dagrun for example_trigger_target_dag to None
[2022-04-23 10:33:27,063] {processor.py:171} INFO - Processing /home/airflow/.local/lib/python3.7/site-packages/airflow/example_dags/example_trigger_target_dag.py took 0.057 seconds
[2022-04-23 10:33:57,227] {processor.py:163} INFO - Started process (PID=895) to work on /home/airflow/.local/lib/python3.7/site-packages/airflow/example_dags/example_trigger_target_dag.py
[2022-04-23 10:33:57,228] {processor.py:642} INFO - Processing file /home/airflow/.local/lib/python3.7/site-packages/airflow/example_dags/example_trigger_target_dag.py for tasks to queue
[2022-04-23 10:33:57,228] {logging_mixin.py:109} INFO - [2022-04-23 10:33:57,228] {dagbag.py:500} INFO - Filling up the DagBag from /home/airflow/.local/lib/python3.7/site-packages/airflow/example_dags/example_trigger_target_dag.py
[2022-04-23 10:33:57,239] {processor.py:652} INFO - DAG(s) dict_keys(['example_trigger_target_dag']) retrieved from /home/airflow/.local/lib/python3.7/site-packages/airflow/example_dags/example_trigger_target_dag.py
[2022-04-23 10:33:57,252] {logging_mixin.py:109} INFO - [2022-04-23 10:33:57,252] {dag.py:2398} INFO - Sync 1 DAGs
[2022-04-23 10:33:57,265] {logging_mixin.py:109} INFO - [2022-04-23 10:33:57,265] {dag.py:2937} INFO - Setting next_dagrun for example_trigger_target_dag to None
[2022-04-23 10:33:57,272] {processor.py:171} INFO - Processing /home/airflow/.local/lib/python3.7/site-packages/airflow/example_dags/example_trigger_target_dag.py took 0.047 seconds
[2022-04-23 10:34:27,646] {processor.py:163} INFO - Started process (PID=954) to work on /home/airflow/.local/lib/python3.7/site-packages/airflow/example_dags/example_trigger_target_dag.py
[2022-04-23 10:34:27,647] {processor.py:642} INFO - Processing file /home/airflow/.local/lib/python3.7/site-packages/airflow/example_dags/example_trigger_target_dag.py for tasks to queue
[2022-04-23 10:34:27,648] {logging_mixin.py:109} INFO - [2022-04-23 10:34:27,648] {dagbag.py:500} INFO - Filling up the DagBag from /home/airflow/.local/lib/python3.7/site-packages/airflow/example_dags/example_trigger_target_dag.py
[2022-04-23 10:34:27,662] {processor.py:652} INFO - DAG(s) dict_keys(['example_trigger_target_dag']) retrieved from /home/airflow/.local/lib/python3.7/site-packages/airflow/example_dags/example_trigger_target_dag.py
[2022-04-23 10:34:27,675] {logging_mixin.py:109} INFO - [2022-04-23 10:34:27,674] {dag.py:2398} INFO - Sync 1 DAGs
[2022-04-23 10:34:27,686] {logging_mixin.py:109} INFO - [2022-04-23 10:34:27,686] {dag.py:2937} INFO - Setting next_dagrun for example_trigger_target_dag to None
[2022-04-23 10:34:27,705] {processor.py:171} INFO - Processing /home/airflow/.local/lib/python3.7/site-packages/airflow/example_dags/example_trigger_target_dag.py took 0.061 seconds
[2022-04-23 10:34:57,907] {processor.py:163} INFO - Started process (PID=1006) to work on /home/airflow/.local/lib/python3.7/site-packages/airflow/example_dags/example_trigger_target_dag.py
[2022-04-23 10:34:57,908] {processor.py:642} INFO - Processing file /home/airflow/.local/lib/python3.7/site-packages/airflow/example_dags/example_trigger_target_dag.py for tasks to queue
[2022-04-23 10:34:57,909] {logging_mixin.py:109} INFO - [2022-04-23 10:34:57,909] {dagbag.py:500} INFO - Filling up the DagBag from /home/airflow/.local/lib/python3.7/site-packages/airflow/example_dags/example_trigger_target_dag.py
[2022-04-23 10:34:57,920] {processor.py:652} INFO - DAG(s) dict_keys(['example_trigger_target_dag']) retrieved from /home/airflow/.local/lib/python3.7/site-packages/airflow/example_dags/example_trigger_target_dag.py
[2022-04-23 10:34:57,937] {logging_mixin.py:109} INFO - [2022-04-23 10:34:57,936] {dag.py:2398} INFO - Sync 1 DAGs
[2022-04-23 10:34:57,948] {logging_mixin.py:109} INFO - [2022-04-23 10:34:57,948] {dag.py:2937} INFO - Setting next_dagrun for example_trigger_target_dag to None
[2022-04-23 10:34:57,967] {processor.py:171} INFO - Processing /home/airflow/.local/lib/python3.7/site-packages/airflow/example_dags/example_trigger_target_dag.py took 0.061 seconds
[2022-04-23 10:35:28,348] {processor.py:163} INFO - Started process (PID=1067) to work on /home/airflow/.local/lib/python3.7/site-packages/airflow/example_dags/example_trigger_target_dag.py
[2022-04-23 10:35:28,349] {processor.py:642} INFO - Processing file /home/airflow/.local/lib/python3.7/site-packages/airflow/example_dags/example_trigger_target_dag.py for tasks to queue
[2022-04-23 10:35:28,350] {logging_mixin.py:109} INFO - [2022-04-23 10:35:28,350] {dagbag.py:500} INFO - Filling up the DagBag from /home/airflow/.local/lib/python3.7/site-packages/airflow/example_dags/example_trigger_target_dag.py
[2022-04-23 10:35:28,362] {processor.py:652} INFO - DAG(s) dict_keys(['example_trigger_target_dag']) retrieved from /home/airflow/.local/lib/python3.7/site-packages/airflow/example_dags/example_trigger_target_dag.py
[2022-04-23 10:35:28,375] {logging_mixin.py:109} INFO - [2022-04-23 10:35:28,375] {dag.py:2398} INFO - Sync 1 DAGs
[2022-04-23 10:35:28,387] {logging_mixin.py:109} INFO - [2022-04-23 10:35:28,387] {dag.py:2937} INFO - Setting next_dagrun for example_trigger_target_dag to None
[2022-04-23 10:35:28,395] {processor.py:171} INFO - Processing /home/airflow/.local/lib/python3.7/site-packages/airflow/example_dags/example_trigger_target_dag.py took 0.048 seconds
[2022-04-23 10:35:58,686] {processor.py:163} INFO - Started process (PID=1118) to work on /home/airflow/.local/lib/python3.7/site-packages/airflow/example_dags/example_trigger_target_dag.py
[2022-04-23 10:35:58,687] {processor.py:642} INFO - Processing file /home/airflow/.local/lib/python3.7/site-packages/airflow/example_dags/example_trigger_target_dag.py for tasks to queue
[2022-04-23 10:35:58,688] {logging_mixin.py:109} INFO - [2022-04-23 10:35:58,688] {dagbag.py:500} INFO - Filling up the DagBag from /home/airflow/.local/lib/python3.7/site-packages/airflow/example_dags/example_trigger_target_dag.py
[2022-04-23 10:35:58,699] {processor.py:652} INFO - DAG(s) dict_keys(['example_trigger_target_dag']) retrieved from /home/airflow/.local/lib/python3.7/site-packages/airflow/example_dags/example_trigger_target_dag.py
[2022-04-23 10:35:58,712] {logging_mixin.py:109} INFO - [2022-04-23 10:35:58,712] {dag.py:2398} INFO - Sync 1 DAGs
[2022-04-23 10:35:58,723] {logging_mixin.py:109} INFO - [2022-04-23 10:35:58,723] {dag.py:2937} INFO - Setting next_dagrun for example_trigger_target_dag to None
[2022-04-23 10:35:58,730] {processor.py:171} INFO - Processing /home/airflow/.local/lib/python3.7/site-packages/airflow/example_dags/example_trigger_target_dag.py took 0.045 seconds
