[2022-04-23 10:30:52,539] {processor.py:163} INFO - Started process (PID=441) to work on /home/airflow/.local/lib/python3.7/site-packages/airflow/example_dags/example_branch_python_dop_operator_3.py
[2022-04-23 10:30:52,540] {processor.py:642} INFO - Processing file /home/airflow/.local/lib/python3.7/site-packages/airflow/example_dags/example_branch_python_dop_operator_3.py for tasks to queue
[2022-04-23 10:30:52,540] {logging_mixin.py:109} INFO - [2022-04-23 10:30:52,540] {dagbag.py:500} INFO - Filling up the DagBag from /home/airflow/.local/lib/python3.7/site-packages/airflow/example_dags/example_branch_python_dop_operator_3.py
[2022-04-23 10:30:52,556] {processor.py:652} INFO - DAG(s) dict_keys(['example_branch_dop_operator_v3']) retrieved from /home/airflow/.local/lib/python3.7/site-packages/airflow/example_dags/example_branch_python_dop_operator_3.py
[2022-04-23 10:30:53,835] {logging_mixin.py:109} INFO - [2022-04-23 10:30:53,835] {manager.py:496} INFO - Created Permission View: can read on DAG:example_branch_dop_operator_v3
[2022-04-23 10:30:53,841] {logging_mixin.py:109} INFO - [2022-04-23 10:30:53,841] {manager.py:496} INFO - Created Permission View: can edit on DAG:example_branch_dop_operator_v3
[2022-04-23 10:30:53,842] {logging_mixin.py:109} INFO - [2022-04-23 10:30:53,842] {dag.py:2398} INFO - Sync 1 DAGs
[2022-04-23 10:30:53,847] {logging_mixin.py:109} INFO - [2022-04-23 10:30:53,847] {dag.py:2417} INFO - Creating ORM DAG for example_branch_dop_operator_v3
[2022-04-23 10:30:53,856] {logging_mixin.py:109} INFO - [2022-04-23 10:30:53,856] {dag.py:2937} INFO - Setting next_dagrun for example_branch_dop_operator_v3 to 2022-04-23T10:29:00+00:00
[2022-04-23 10:30:53,864] {processor.py:171} INFO - Processing /home/airflow/.local/lib/python3.7/site-packages/airflow/example_dags/example_branch_python_dop_operator_3.py took 1.327 seconds
[2022-04-23 10:31:24,065] {processor.py:163} INFO - Started process (PID=612) to work on /home/airflow/.local/lib/python3.7/site-packages/airflow/example_dags/example_branch_python_dop_operator_3.py
[2022-04-23 10:31:24,066] {processor.py:642} INFO - Processing file /home/airflow/.local/lib/python3.7/site-packages/airflow/example_dags/example_branch_python_dop_operator_3.py for tasks to queue
[2022-04-23 10:31:24,066] {logging_mixin.py:109} INFO - [2022-04-23 10:31:24,066] {dagbag.py:500} INFO - Filling up the DagBag from /home/airflow/.local/lib/python3.7/site-packages/airflow/example_dags/example_branch_python_dop_operator_3.py
[2022-04-23 10:31:24,079] {processor.py:652} INFO - DAG(s) dict_keys(['example_branch_dop_operator_v3']) retrieved from /home/airflow/.local/lib/python3.7/site-packages/airflow/example_dags/example_branch_python_dop_operator_3.py
[2022-04-23 10:31:24,094] {logging_mixin.py:109} INFO - [2022-04-23 10:31:24,094] {dag.py:2398} INFO - Sync 1 DAGs
[2022-04-23 10:31:24,109] {logging_mixin.py:109} INFO - [2022-04-23 10:31:24,109] {dag.py:2937} INFO - Setting next_dagrun for example_branch_dop_operator_v3 to 2022-04-23T10:30:00+00:00
[2022-04-23 10:31:24,128] {processor.py:171} INFO - Processing /home/airflow/.local/lib/python3.7/site-packages/airflow/example_dags/example_branch_python_dop_operator_3.py took 0.065 seconds
[2022-04-23 10:31:54,247] {processor.py:163} INFO - Started process (PID=663) to work on /home/airflow/.local/lib/python3.7/site-packages/airflow/example_dags/example_branch_python_dop_operator_3.py
[2022-04-23 10:31:54,248] {processor.py:642} INFO - Processing file /home/airflow/.local/lib/python3.7/site-packages/airflow/example_dags/example_branch_python_dop_operator_3.py for tasks to queue
[2022-04-23 10:31:54,249] {logging_mixin.py:109} INFO - [2022-04-23 10:31:54,249] {dagbag.py:500} INFO - Filling up the DagBag from /home/airflow/.local/lib/python3.7/site-packages/airflow/example_dags/example_branch_python_dop_operator_3.py
[2022-04-23 10:31:54,264] {processor.py:652} INFO - DAG(s) dict_keys(['example_branch_dop_operator_v3']) retrieved from /home/airflow/.local/lib/python3.7/site-packages/airflow/example_dags/example_branch_python_dop_operator_3.py
[2022-04-23 10:31:54,280] {logging_mixin.py:109} INFO - [2022-04-23 10:31:54,280] {dag.py:2398} INFO - Sync 1 DAGs
[2022-04-23 10:31:54,297] {logging_mixin.py:109} INFO - [2022-04-23 10:31:54,297] {dag.py:2937} INFO - Setting next_dagrun for example_branch_dop_operator_v3 to 2022-04-23T10:30:00+00:00
[2022-04-23 10:31:54,307] {processor.py:171} INFO - Processing /home/airflow/.local/lib/python3.7/site-packages/airflow/example_dags/example_branch_python_dop_operator_3.py took 0.062 seconds
[2022-04-23 10:32:24,475] {processor.py:163} INFO - Started process (PID=724) to work on /home/airflow/.local/lib/python3.7/site-packages/airflow/example_dags/example_branch_python_dop_operator_3.py
[2022-04-23 10:32:24,476] {processor.py:642} INFO - Processing file /home/airflow/.local/lib/python3.7/site-packages/airflow/example_dags/example_branch_python_dop_operator_3.py for tasks to queue
[2022-04-23 10:32:24,476] {logging_mixin.py:109} INFO - [2022-04-23 10:32:24,476] {dagbag.py:500} INFO - Filling up the DagBag from /home/airflow/.local/lib/python3.7/site-packages/airflow/example_dags/example_branch_python_dop_operator_3.py
[2022-04-23 10:32:24,487] {processor.py:652} INFO - DAG(s) dict_keys(['example_branch_dop_operator_v3']) retrieved from /home/airflow/.local/lib/python3.7/site-packages/airflow/example_dags/example_branch_python_dop_operator_3.py
[2022-04-23 10:32:24,500] {logging_mixin.py:109} INFO - [2022-04-23 10:32:24,500] {dag.py:2398} INFO - Sync 1 DAGs
[2022-04-23 10:32:24,515] {logging_mixin.py:109} INFO - [2022-04-23 10:32:24,515] {dag.py:2937} INFO - Setting next_dagrun for example_branch_dop_operator_v3 to 2022-04-23T10:31:00+00:00
[2022-04-23 10:32:24,533] {processor.py:171} INFO - Processing /home/airflow/.local/lib/python3.7/site-packages/airflow/example_dags/example_branch_python_dop_operator_3.py took 0.060 seconds
[2022-04-23 10:32:54,663] {processor.py:163} INFO - Started process (PID=783) to work on /home/airflow/.local/lib/python3.7/site-packages/airflow/example_dags/example_branch_python_dop_operator_3.py
[2022-04-23 10:32:54,664] {processor.py:642} INFO - Processing file /home/airflow/.local/lib/python3.7/site-packages/airflow/example_dags/example_branch_python_dop_operator_3.py for tasks to queue
[2022-04-23 10:32:54,665] {logging_mixin.py:109} INFO - [2022-04-23 10:32:54,665] {dagbag.py:500} INFO - Filling up the DagBag from /home/airflow/.local/lib/python3.7/site-packages/airflow/example_dags/example_branch_python_dop_operator_3.py
[2022-04-23 10:32:54,676] {processor.py:652} INFO - DAG(s) dict_keys(['example_branch_dop_operator_v3']) retrieved from /home/airflow/.local/lib/python3.7/site-packages/airflow/example_dags/example_branch_python_dop_operator_3.py
[2022-04-23 10:32:54,689] {logging_mixin.py:109} INFO - [2022-04-23 10:32:54,689] {dag.py:2398} INFO - Sync 1 DAGs
[2022-04-23 10:32:54,703] {logging_mixin.py:109} INFO - [2022-04-23 10:32:54,703] {dag.py:2937} INFO - Setting next_dagrun for example_branch_dop_operator_v3 to 2022-04-23T10:31:00+00:00
[2022-04-23 10:32:54,710] {processor.py:171} INFO - Processing /home/airflow/.local/lib/python3.7/site-packages/airflow/example_dags/example_branch_python_dop_operator_3.py took 0.048 seconds
[2022-04-23 10:33:24,998] {processor.py:163} INFO - Started process (PID=833) to work on /home/airflow/.local/lib/python3.7/site-packages/airflow/example_dags/example_branch_python_dop_operator_3.py
[2022-04-23 10:33:24,999] {processor.py:642} INFO - Processing file /home/airflow/.local/lib/python3.7/site-packages/airflow/example_dags/example_branch_python_dop_operator_3.py for tasks to queue
[2022-04-23 10:33:25,000] {logging_mixin.py:109} INFO - [2022-04-23 10:33:25,000] {dagbag.py:500} INFO - Filling up the DagBag from /home/airflow/.local/lib/python3.7/site-packages/airflow/example_dags/example_branch_python_dop_operator_3.py
[2022-04-23 10:33:25,013] {processor.py:652} INFO - DAG(s) dict_keys(['example_branch_dop_operator_v3']) retrieved from /home/airflow/.local/lib/python3.7/site-packages/airflow/example_dags/example_branch_python_dop_operator_3.py
[2022-04-23 10:33:25,027] {logging_mixin.py:109} INFO - [2022-04-23 10:33:25,027] {dag.py:2398} INFO - Sync 1 DAGs
[2022-04-23 10:33:25,043] {logging_mixin.py:109} INFO - [2022-04-23 10:33:25,043] {dag.py:2937} INFO - Setting next_dagrun for example_branch_dop_operator_v3 to 2022-04-23T10:32:00+00:00
[2022-04-23 10:33:25,062] {processor.py:171} INFO - Processing /home/airflow/.local/lib/python3.7/site-packages/airflow/example_dags/example_branch_python_dop_operator_3.py took 0.066 seconds
[2022-04-23 10:33:55,221] {processor.py:163} INFO - Started process (PID=892) to work on /home/airflow/.local/lib/python3.7/site-packages/airflow/example_dags/example_branch_python_dop_operator_3.py
[2022-04-23 10:33:55,222] {processor.py:642} INFO - Processing file /home/airflow/.local/lib/python3.7/site-packages/airflow/example_dags/example_branch_python_dop_operator_3.py for tasks to queue
[2022-04-23 10:33:55,222] {logging_mixin.py:109} INFO - [2022-04-23 10:33:55,222] {dagbag.py:500} INFO - Filling up the DagBag from /home/airflow/.local/lib/python3.7/site-packages/airflow/example_dags/example_branch_python_dop_operator_3.py
[2022-04-23 10:33:55,233] {processor.py:652} INFO - DAG(s) dict_keys(['example_branch_dop_operator_v3']) retrieved from /home/airflow/.local/lib/python3.7/site-packages/airflow/example_dags/example_branch_python_dop_operator_3.py
[2022-04-23 10:33:55,247] {logging_mixin.py:109} INFO - [2022-04-23 10:33:55,247] {dag.py:2398} INFO - Sync 1 DAGs
[2022-04-23 10:33:55,262] {logging_mixin.py:109} INFO - [2022-04-23 10:33:55,262] {dag.py:2937} INFO - Setting next_dagrun for example_branch_dop_operator_v3 to 2022-04-23T10:32:00+00:00
[2022-04-23 10:33:55,281] {processor.py:171} INFO - Processing /home/airflow/.local/lib/python3.7/site-packages/airflow/example_dags/example_branch_python_dop_operator_3.py took 0.062 seconds
[2022-04-23 10:34:25,644] {processor.py:163} INFO - Started process (PID=942) to work on /home/airflow/.local/lib/python3.7/site-packages/airflow/example_dags/example_branch_python_dop_operator_3.py
[2022-04-23 10:34:25,645] {processor.py:642} INFO - Processing file /home/airflow/.local/lib/python3.7/site-packages/airflow/example_dags/example_branch_python_dop_operator_3.py for tasks to queue
[2022-04-23 10:34:25,646] {logging_mixin.py:109} INFO - [2022-04-23 10:34:25,646] {dagbag.py:500} INFO - Filling up the DagBag from /home/airflow/.local/lib/python3.7/site-packages/airflow/example_dags/example_branch_python_dop_operator_3.py
[2022-04-23 10:34:25,659] {processor.py:652} INFO - DAG(s) dict_keys(['example_branch_dop_operator_v3']) retrieved from /home/airflow/.local/lib/python3.7/site-packages/airflow/example_dags/example_branch_python_dop_operator_3.py
[2022-04-23 10:34:25,673] {logging_mixin.py:109} INFO - [2022-04-23 10:34:25,673] {dag.py:2398} INFO - Sync 1 DAGs
[2022-04-23 10:34:25,689] {logging_mixin.py:109} INFO - [2022-04-23 10:34:25,689] {dag.py:2937} INFO - Setting next_dagrun for example_branch_dop_operator_v3 to 2022-04-23T10:33:00+00:00
[2022-04-23 10:34:25,709] {processor.py:171} INFO - Processing /home/airflow/.local/lib/python3.7/site-packages/airflow/example_dags/example_branch_python_dop_operator_3.py took 0.067 seconds
[2022-04-23 10:34:55,907] {processor.py:163} INFO - Started process (PID=1003) to work on /home/airflow/.local/lib/python3.7/site-packages/airflow/example_dags/example_branch_python_dop_operator_3.py
[2022-04-23 10:34:55,908] {processor.py:642} INFO - Processing file /home/airflow/.local/lib/python3.7/site-packages/airflow/example_dags/example_branch_python_dop_operator_3.py for tasks to queue
[2022-04-23 10:34:55,909] {logging_mixin.py:109} INFO - [2022-04-23 10:34:55,909] {dagbag.py:500} INFO - Filling up the DagBag from /home/airflow/.local/lib/python3.7/site-packages/airflow/example_dags/example_branch_python_dop_operator_3.py
[2022-04-23 10:34:55,920] {processor.py:652} INFO - DAG(s) dict_keys(['example_branch_dop_operator_v3']) retrieved from /home/airflow/.local/lib/python3.7/site-packages/airflow/example_dags/example_branch_python_dop_operator_3.py
[2022-04-23 10:34:55,934] {logging_mixin.py:109} INFO - [2022-04-23 10:34:55,934] {dag.py:2398} INFO - Sync 1 DAGs
[2022-04-23 10:34:55,951] {logging_mixin.py:109} INFO - [2022-04-23 10:34:55,951] {dag.py:2937} INFO - Setting next_dagrun for example_branch_dop_operator_v3 to 2022-04-23T10:33:00+00:00
[2022-04-23 10:34:55,970] {processor.py:171} INFO - Processing /home/airflow/.local/lib/python3.7/site-packages/airflow/example_dags/example_branch_python_dop_operator_3.py took 0.065 seconds
[2022-04-23 10:35:26,258] {processor.py:163} INFO - Started process (PID=1064) to work on /home/airflow/.local/lib/python3.7/site-packages/airflow/example_dags/example_branch_python_dop_operator_3.py
[2022-04-23 10:35:26,259] {processor.py:642} INFO - Processing file /home/airflow/.local/lib/python3.7/site-packages/airflow/example_dags/example_branch_python_dop_operator_3.py for tasks to queue
[2022-04-23 10:35:26,259] {logging_mixin.py:109} INFO - [2022-04-23 10:35:26,259] {dagbag.py:500} INFO - Filling up the DagBag from /home/airflow/.local/lib/python3.7/site-packages/airflow/example_dags/example_branch_python_dop_operator_3.py
[2022-04-23 10:35:26,272] {processor.py:652} INFO - DAG(s) dict_keys(['example_branch_dop_operator_v3']) retrieved from /home/airflow/.local/lib/python3.7/site-packages/airflow/example_dags/example_branch_python_dop_operator_3.py
[2022-04-23 10:35:26,286] {logging_mixin.py:109} INFO - [2022-04-23 10:35:26,286] {dag.py:2398} INFO - Sync 1 DAGs
[2022-04-23 10:35:26,301] {logging_mixin.py:109} INFO - [2022-04-23 10:35:26,301] {dag.py:2937} INFO - Setting next_dagrun for example_branch_dop_operator_v3 to 2022-04-23T10:34:00+00:00
[2022-04-23 10:35:26,320] {processor.py:171} INFO - Processing /home/airflow/.local/lib/python3.7/site-packages/airflow/example_dags/example_branch_python_dop_operator_3.py took 0.064 seconds
[2022-04-23 10:35:56,682] {processor.py:163} INFO - Started process (PID=1115) to work on /home/airflow/.local/lib/python3.7/site-packages/airflow/example_dags/example_branch_python_dop_operator_3.py
[2022-04-23 10:35:56,683] {processor.py:642} INFO - Processing file /home/airflow/.local/lib/python3.7/site-packages/airflow/example_dags/example_branch_python_dop_operator_3.py for tasks to queue
[2022-04-23 10:35:56,684] {logging_mixin.py:109} INFO - [2022-04-23 10:35:56,684] {dagbag.py:500} INFO - Filling up the DagBag from /home/airflow/.local/lib/python3.7/site-packages/airflow/example_dags/example_branch_python_dop_operator_3.py
[2022-04-23 10:35:56,695] {processor.py:652} INFO - DAG(s) dict_keys(['example_branch_dop_operator_v3']) retrieved from /home/airflow/.local/lib/python3.7/site-packages/airflow/example_dags/example_branch_python_dop_operator_3.py
[2022-04-23 10:35:56,709] {logging_mixin.py:109} INFO - [2022-04-23 10:35:56,708] {dag.py:2398} INFO - Sync 1 DAGs
[2022-04-23 10:35:56,723] {logging_mixin.py:109} INFO - [2022-04-23 10:35:56,723] {dag.py:2937} INFO - Setting next_dagrun for example_branch_dop_operator_v3 to 2022-04-23T10:34:00+00:00
[2022-04-23 10:35:56,742] {processor.py:171} INFO - Processing /home/airflow/.local/lib/python3.7/site-packages/airflow/example_dags/example_branch_python_dop_operator_3.py took 0.062 seconds
[2022-04-23 10:36:26,923] {processor.py:163} INFO - Started process (PID=1176) to work on /home/airflow/.local/lib/python3.7/site-packages/airflow/example_dags/example_branch_python_dop_operator_3.py
[2022-04-23 10:36:26,924] {processor.py:642} INFO - Processing file /home/airflow/.local/lib/python3.7/site-packages/airflow/example_dags/example_branch_python_dop_operator_3.py for tasks to queue
[2022-04-23 10:36:26,924] {logging_mixin.py:109} INFO - [2022-04-23 10:36:26,924] {dagbag.py:500} INFO - Filling up the DagBag from /home/airflow/.local/lib/python3.7/site-packages/airflow/example_dags/example_branch_python_dop_operator_3.py
[2022-04-23 10:36:26,936] {processor.py:652} INFO - DAG(s) dict_keys(['example_branch_dop_operator_v3']) retrieved from /home/airflow/.local/lib/python3.7/site-packages/airflow/example_dags/example_branch_python_dop_operator_3.py
[2022-04-23 10:36:26,951] {logging_mixin.py:109} INFO - [2022-04-23 10:36:26,951] {dag.py:2398} INFO - Sync 1 DAGs
[2022-04-23 10:36:26,966] {logging_mixin.py:109} INFO - [2022-04-23 10:36:26,966] {dag.py:2937} INFO - Setting next_dagrun for example_branch_dop_operator_v3 to 2022-04-23T10:35:00+00:00
[2022-04-23 10:36:26,985] {processor.py:171} INFO - Processing /home/airflow/.local/lib/python3.7/site-packages/airflow/example_dags/example_branch_python_dop_operator_3.py took 0.064 seconds
