[2022-04-23 10:30:55,273] {processor.py:163} INFO - Started process (PID=509) to work on /home/airflow/.local/lib/python3.7/site-packages/airflow/example_dags/example_subdag_operator.py
[2022-04-23 10:30:55,274] {processor.py:642} INFO - Processing file /home/airflow/.local/lib/python3.7/site-packages/airflow/example_dags/example_subdag_operator.py for tasks to queue
[2022-04-23 10:30:55,275] {logging_mixin.py:109} INFO - [2022-04-23 10:30:55,275] {dagbag.py:500} INFO - Filling up the DagBag from /home/airflow/.local/lib/python3.7/site-packages/airflow/example_dags/example_subdag_operator.py
[2022-04-23 10:30:55,300] {processor.py:652} INFO - DAG(s) dict_keys(['example_subdag_operator.section-1', 'example_subdag_operator.section-2', 'example_subdag_operator']) retrieved from /home/airflow/.local/lib/python3.7/site-packages/airflow/example_dags/example_subdag_operator.py
[2022-04-23 10:30:56,673] {logging_mixin.py:109} INFO - [2022-04-23 10:30:56,673] {manager.py:496} INFO - Created Permission View: can read on DAG:example_subdag_operator
[2022-04-23 10:30:56,679] {logging_mixin.py:109} INFO - [2022-04-23 10:30:56,679] {manager.py:496} INFO - Created Permission View: can edit on DAG:example_subdag_operator
[2022-04-23 10:30:56,680] {logging_mixin.py:109} INFO - [2022-04-23 10:30:56,679] {dag.py:2398} INFO - Sync 3 DAGs
[2022-04-23 10:30:56,685] {logging_mixin.py:109} INFO - [2022-04-23 10:30:56,685] {dag.py:2417} INFO - Creating ORM DAG for example_subdag_operator.section-1
[2022-04-23 10:30:56,686] {logging_mixin.py:109} INFO - [2022-04-23 10:30:56,686] {dag.py:2417} INFO - Creating ORM DAG for example_subdag_operator
[2022-04-23 10:30:56,686] {logging_mixin.py:109} INFO - [2022-04-23 10:30:56,686] {dag.py:2417} INFO - Creating ORM DAG for example_subdag_operator.section-2
[2022-04-23 10:30:56,692] {logging_mixin.py:109} INFO - [2022-04-23 10:30:56,691] {dag.py:2937} INFO - Setting next_dagrun for example_subdag_operator to 2022-04-21T00:00:00+00:00
[2022-04-23 10:30:56,692] {logging_mixin.py:109} INFO - [2022-04-23 10:30:56,692] {dag.py:2937} INFO - Setting next_dagrun for example_subdag_operator.section-1 to None
[2022-04-23 10:30:56,693] {logging_mixin.py:109} INFO - [2022-04-23 10:30:56,693] {dag.py:2937} INFO - Setting next_dagrun for example_subdag_operator.section-2 to None
[2022-04-23 10:30:56,698] {logging_mixin.py:109} INFO - [2022-04-23 10:30:56,698] {dag.py:2398} INFO - Sync 2 DAGs
[2022-04-23 10:30:56,704] {logging_mixin.py:109} INFO - [2022-04-23 10:30:56,704] {dag.py:2937} INFO - Setting next_dagrun for example_subdag_operator.section-1 to None
[2022-04-23 10:30:56,704] {logging_mixin.py:109} INFO - [2022-04-23 10:30:56,704] {dag.py:2937} INFO - Setting next_dagrun for example_subdag_operator.section-2 to None
[2022-04-23 10:30:56,710] {processor.py:171} INFO - Processing /home/airflow/.local/lib/python3.7/site-packages/airflow/example_dags/example_subdag_operator.py took 1.439 seconds
[2022-04-23 10:31:27,172] {processor.py:163} INFO - Started process (PID=616) to work on /home/airflow/.local/lib/python3.7/site-packages/airflow/example_dags/example_subdag_operator.py
[2022-04-23 10:31:27,173] {processor.py:642} INFO - Processing file /home/airflow/.local/lib/python3.7/site-packages/airflow/example_dags/example_subdag_operator.py for tasks to queue
[2022-04-23 10:31:27,174] {logging_mixin.py:109} INFO - [2022-04-23 10:31:27,173] {dagbag.py:500} INFO - Filling up the DagBag from /home/airflow/.local/lib/python3.7/site-packages/airflow/example_dags/example_subdag_operator.py
[2022-04-23 10:31:27,199] {processor.py:652} INFO - DAG(s) dict_keys(['example_subdag_operator.section-1', 'example_subdag_operator.section-2', 'example_subdag_operator']) retrieved from /home/airflow/.local/lib/python3.7/site-packages/airflow/example_dags/example_subdag_operator.py
[2022-04-23 10:31:27,208] {logging_mixin.py:109} INFO - [2022-04-23 10:31:27,207] {dag.py:2398} INFO - Sync 3 DAGs
[2022-04-23 10:31:27,221] {logging_mixin.py:109} INFO - [2022-04-23 10:31:27,221] {dag.py:2937} INFO - Setting next_dagrun for example_subdag_operator to 2022-04-21T00:00:00+00:00
[2022-04-23 10:31:27,222] {logging_mixin.py:109} INFO - [2022-04-23 10:31:27,222] {dag.py:2937} INFO - Setting next_dagrun for example_subdag_operator.section-1 to None
[2022-04-23 10:31:27,223] {logging_mixin.py:109} INFO - [2022-04-23 10:31:27,223] {dag.py:2937} INFO - Setting next_dagrun for example_subdag_operator.section-2 to None
[2022-04-23 10:31:27,228] {logging_mixin.py:109} INFO - [2022-04-23 10:31:27,228] {dag.py:2398} INFO - Sync 2 DAGs
[2022-04-23 10:31:27,236] {logging_mixin.py:109} INFO - [2022-04-23 10:31:27,236] {dag.py:2937} INFO - Setting next_dagrun for example_subdag_operator.section-1 to None
[2022-04-23 10:31:27,237] {logging_mixin.py:109} INFO - [2022-04-23 10:31:27,237] {dag.py:2937} INFO - Setting next_dagrun for example_subdag_operator.section-2 to None
[2022-04-23 10:31:27,244] {processor.py:171} INFO - Processing /home/airflow/.local/lib/python3.7/site-packages/airflow/example_dags/example_subdag_operator.py took 0.074 seconds
[2022-04-23 10:31:57,379] {processor.py:163} INFO - Started process (PID=677) to work on /home/airflow/.local/lib/python3.7/site-packages/airflow/example_dags/example_subdag_operator.py
[2022-04-23 10:31:57,380] {processor.py:642} INFO - Processing file /home/airflow/.local/lib/python3.7/site-packages/airflow/example_dags/example_subdag_operator.py for tasks to queue
[2022-04-23 10:31:57,381] {logging_mixin.py:109} INFO - [2022-04-23 10:31:57,381] {dagbag.py:500} INFO - Filling up the DagBag from /home/airflow/.local/lib/python3.7/site-packages/airflow/example_dags/example_subdag_operator.py
[2022-04-23 10:31:57,406] {processor.py:652} INFO - DAG(s) dict_keys(['example_subdag_operator.section-1', 'example_subdag_operator.section-2', 'example_subdag_operator']) retrieved from /home/airflow/.local/lib/python3.7/site-packages/airflow/example_dags/example_subdag_operator.py
[2022-04-23 10:31:57,415] {logging_mixin.py:109} INFO - [2022-04-23 10:31:57,414] {dag.py:2398} INFO - Sync 3 DAGs
[2022-04-23 10:31:57,428] {logging_mixin.py:109} INFO - [2022-04-23 10:31:57,428] {dag.py:2937} INFO - Setting next_dagrun for example_subdag_operator to 2022-04-21T00:00:00+00:00
[2022-04-23 10:31:57,429] {logging_mixin.py:109} INFO - [2022-04-23 10:31:57,429] {dag.py:2937} INFO - Setting next_dagrun for example_subdag_operator.section-1 to None
[2022-04-23 10:31:57,429] {logging_mixin.py:109} INFO - [2022-04-23 10:31:57,429] {dag.py:2937} INFO - Setting next_dagrun for example_subdag_operator.section-2 to None
[2022-04-23 10:31:57,434] {logging_mixin.py:109} INFO - [2022-04-23 10:31:57,434] {dag.py:2398} INFO - Sync 2 DAGs
[2022-04-23 10:31:57,440] {logging_mixin.py:109} INFO - [2022-04-23 10:31:57,440] {dag.py:2937} INFO - Setting next_dagrun for example_subdag_operator.section-1 to None
[2022-04-23 10:31:57,441] {logging_mixin.py:109} INFO - [2022-04-23 10:31:57,441] {dag.py:2937} INFO - Setting next_dagrun for example_subdag_operator.section-2 to None
[2022-04-23 10:31:57,448] {processor.py:171} INFO - Processing /home/airflow/.local/lib/python3.7/site-packages/airflow/example_dags/example_subdag_operator.py took 0.070 seconds
[2022-04-23 10:32:27,639] {processor.py:163} INFO - Started process (PID=729) to work on /home/airflow/.local/lib/python3.7/site-packages/airflow/example_dags/example_subdag_operator.py
[2022-04-23 10:32:27,640] {processor.py:642} INFO - Processing file /home/airflow/.local/lib/python3.7/site-packages/airflow/example_dags/example_subdag_operator.py for tasks to queue
[2022-04-23 10:32:27,641] {logging_mixin.py:109} INFO - [2022-04-23 10:32:27,641] {dagbag.py:500} INFO - Filling up the DagBag from /home/airflow/.local/lib/python3.7/site-packages/airflow/example_dags/example_subdag_operator.py
[2022-04-23 10:32:27,664] {processor.py:652} INFO - DAG(s) dict_keys(['example_subdag_operator.section-1', 'example_subdag_operator.section-2', 'example_subdag_operator']) retrieved from /home/airflow/.local/lib/python3.7/site-packages/airflow/example_dags/example_subdag_operator.py
[2022-04-23 10:32:27,672] {logging_mixin.py:109} INFO - [2022-04-23 10:32:27,672] {dag.py:2398} INFO - Sync 3 DAGs
[2022-04-23 10:32:27,684] {logging_mixin.py:109} INFO - [2022-04-23 10:32:27,684] {dag.py:2937} INFO - Setting next_dagrun for example_subdag_operator to 2022-04-21T00:00:00+00:00
[2022-04-23 10:32:27,685] {logging_mixin.py:109} INFO - [2022-04-23 10:32:27,685] {dag.py:2937} INFO - Setting next_dagrun for example_subdag_operator.section-1 to None
[2022-04-23 10:32:27,685] {logging_mixin.py:109} INFO - [2022-04-23 10:32:27,685] {dag.py:2937} INFO - Setting next_dagrun for example_subdag_operator.section-2 to None
[2022-04-23 10:32:27,689] {logging_mixin.py:109} INFO - [2022-04-23 10:32:27,689] {dag.py:2398} INFO - Sync 2 DAGs
[2022-04-23 10:32:27,697] {logging_mixin.py:109} INFO - [2022-04-23 10:32:27,697] {dag.py:2937} INFO - Setting next_dagrun for example_subdag_operator.section-1 to None
[2022-04-23 10:32:27,697] {logging_mixin.py:109} INFO - [2022-04-23 10:32:27,697] {dag.py:2937} INFO - Setting next_dagrun for example_subdag_operator.section-2 to None
[2022-04-23 10:32:27,703] {processor.py:171} INFO - Processing /home/airflow/.local/lib/python3.7/site-packages/airflow/example_dags/example_subdag_operator.py took 0.065 seconds
[2022-04-23 10:32:57,919] {processor.py:163} INFO - Started process (PID=788) to work on /home/airflow/.local/lib/python3.7/site-packages/airflow/example_dags/example_subdag_operator.py
[2022-04-23 10:32:57,920] {processor.py:642} INFO - Processing file /home/airflow/.local/lib/python3.7/site-packages/airflow/example_dags/example_subdag_operator.py for tasks to queue
[2022-04-23 10:32:57,920] {logging_mixin.py:109} INFO - [2022-04-23 10:32:57,920] {dagbag.py:500} INFO - Filling up the DagBag from /home/airflow/.local/lib/python3.7/site-packages/airflow/example_dags/example_subdag_operator.py
[2022-04-23 10:32:57,944] {processor.py:652} INFO - DAG(s) dict_keys(['example_subdag_operator.section-1', 'example_subdag_operator.section-2', 'example_subdag_operator']) retrieved from /home/airflow/.local/lib/python3.7/site-packages/airflow/example_dags/example_subdag_operator.py
[2022-04-23 10:32:57,952] {logging_mixin.py:109} INFO - [2022-04-23 10:32:57,952] {dag.py:2398} INFO - Sync 3 DAGs
[2022-04-23 10:32:57,964] {logging_mixin.py:109} INFO - [2022-04-23 10:32:57,964] {dag.py:2937} INFO - Setting next_dagrun for example_subdag_operator to 2022-04-21T00:00:00+00:00
[2022-04-23 10:32:57,964] {logging_mixin.py:109} INFO - [2022-04-23 10:32:57,964] {dag.py:2937} INFO - Setting next_dagrun for example_subdag_operator.section-1 to None
[2022-04-23 10:32:57,965] {logging_mixin.py:109} INFO - [2022-04-23 10:32:57,965] {dag.py:2937} INFO - Setting next_dagrun for example_subdag_operator.section-2 to None
[2022-04-23 10:32:57,969] {logging_mixin.py:109} INFO - [2022-04-23 10:32:57,968] {dag.py:2398} INFO - Sync 2 DAGs
[2022-04-23 10:32:57,975] {logging_mixin.py:109} INFO - [2022-04-23 10:32:57,975] {dag.py:2937} INFO - Setting next_dagrun for example_subdag_operator.section-1 to None
[2022-04-23 10:32:57,976] {logging_mixin.py:109} INFO - [2022-04-23 10:32:57,976] {dag.py:2937} INFO - Setting next_dagrun for example_subdag_operator.section-2 to None
[2022-04-23 10:32:57,994] {processor.py:171} INFO - Processing /home/airflow/.local/lib/python3.7/site-packages/airflow/example_dags/example_subdag_operator.py took 0.077 seconds
[2022-04-23 10:33:28,103] {processor.py:163} INFO - Started process (PID=838) to work on /home/airflow/.local/lib/python3.7/site-packages/airflow/example_dags/example_subdag_operator.py
[2022-04-23 10:33:28,104] {processor.py:642} INFO - Processing file /home/airflow/.local/lib/python3.7/site-packages/airflow/example_dags/example_subdag_operator.py for tasks to queue
[2022-04-23 10:33:28,105] {logging_mixin.py:109} INFO - [2022-04-23 10:33:28,105] {dagbag.py:500} INFO - Filling up the DagBag from /home/airflow/.local/lib/python3.7/site-packages/airflow/example_dags/example_subdag_operator.py
[2022-04-23 10:33:28,127] {processor.py:652} INFO - DAG(s) dict_keys(['example_subdag_operator.section-1', 'example_subdag_operator.section-2', 'example_subdag_operator']) retrieved from /home/airflow/.local/lib/python3.7/site-packages/airflow/example_dags/example_subdag_operator.py
[2022-04-23 10:33:28,137] {logging_mixin.py:109} INFO - [2022-04-23 10:33:28,136] {dag.py:2398} INFO - Sync 3 DAGs
[2022-04-23 10:33:28,150] {logging_mixin.py:109} INFO - [2022-04-23 10:33:28,150] {dag.py:2937} INFO - Setting next_dagrun for example_subdag_operator to 2022-04-21T00:00:00+00:00
[2022-04-23 10:33:28,151] {logging_mixin.py:109} INFO - [2022-04-23 10:33:28,151] {dag.py:2937} INFO - Setting next_dagrun for example_subdag_operator.section-1 to None
[2022-04-23 10:33:28,151] {logging_mixin.py:109} INFO - [2022-04-23 10:33:28,151] {dag.py:2937} INFO - Setting next_dagrun for example_subdag_operator.section-2 to None
[2022-04-23 10:33:28,155] {logging_mixin.py:109} INFO - [2022-04-23 10:33:28,155] {dag.py:2398} INFO - Sync 2 DAGs
[2022-04-23 10:33:28,162] {logging_mixin.py:109} INFO - [2022-04-23 10:33:28,162] {dag.py:2937} INFO - Setting next_dagrun for example_subdag_operator.section-1 to None
[2022-04-23 10:33:28,163] {logging_mixin.py:109} INFO - [2022-04-23 10:33:28,163] {dag.py:2937} INFO - Setting next_dagrun for example_subdag_operator.section-2 to None
[2022-04-23 10:33:28,168] {processor.py:171} INFO - Processing /home/airflow/.local/lib/python3.7/site-packages/airflow/example_dags/example_subdag_operator.py took 0.067 seconds
[2022-04-23 10:33:58,291] {processor.py:163} INFO - Started process (PID=897) to work on /home/airflow/.local/lib/python3.7/site-packages/airflow/example_dags/example_subdag_operator.py
[2022-04-23 10:33:58,292] {processor.py:642} INFO - Processing file /home/airflow/.local/lib/python3.7/site-packages/airflow/example_dags/example_subdag_operator.py for tasks to queue
[2022-04-23 10:33:58,293] {logging_mixin.py:109} INFO - [2022-04-23 10:33:58,293] {dagbag.py:500} INFO - Filling up the DagBag from /home/airflow/.local/lib/python3.7/site-packages/airflow/example_dags/example_subdag_operator.py
[2022-04-23 10:33:58,315] {processor.py:652} INFO - DAG(s) dict_keys(['example_subdag_operator.section-1', 'example_subdag_operator.section-2', 'example_subdag_operator']) retrieved from /home/airflow/.local/lib/python3.7/site-packages/airflow/example_dags/example_subdag_operator.py
[2022-04-23 10:33:58,323] {logging_mixin.py:109} INFO - [2022-04-23 10:33:58,323] {dag.py:2398} INFO - Sync 3 DAGs
[2022-04-23 10:33:58,333] {logging_mixin.py:109} INFO - [2022-04-23 10:33:58,333] {dag.py:2937} INFO - Setting next_dagrun for example_subdag_operator to 2022-04-21T00:00:00+00:00
[2022-04-23 10:33:58,334] {logging_mixin.py:109} INFO - [2022-04-23 10:33:58,334] {dag.py:2937} INFO - Setting next_dagrun for example_subdag_operator.section-1 to None
[2022-04-23 10:33:58,334] {logging_mixin.py:109} INFO - [2022-04-23 10:33:58,334] {dag.py:2937} INFO - Setting next_dagrun for example_subdag_operator.section-2 to None
[2022-04-23 10:33:58,339] {logging_mixin.py:109} INFO - [2022-04-23 10:33:58,339] {dag.py:2398} INFO - Sync 2 DAGs
[2022-04-23 10:33:58,345] {logging_mixin.py:109} INFO - [2022-04-23 10:33:58,345] {dag.py:2937} INFO - Setting next_dagrun for example_subdag_operator.section-1 to None
[2022-04-23 10:33:58,345] {logging_mixin.py:109} INFO - [2022-04-23 10:33:58,345] {dag.py:2937} INFO - Setting next_dagrun for example_subdag_operator.section-2 to None
[2022-04-23 10:33:58,351] {processor.py:171} INFO - Processing /home/airflow/.local/lib/python3.7/site-packages/airflow/example_dags/example_subdag_operator.py took 0.061 seconds
[2022-04-23 10:34:28,716] {processor.py:163} INFO - Started process (PID=956) to work on /home/airflow/.local/lib/python3.7/site-packages/airflow/example_dags/example_subdag_operator.py
[2022-04-23 10:34:28,717] {processor.py:642} INFO - Processing file /home/airflow/.local/lib/python3.7/site-packages/airflow/example_dags/example_subdag_operator.py for tasks to queue
[2022-04-23 10:34:28,718] {logging_mixin.py:109} INFO - [2022-04-23 10:34:28,718] {dagbag.py:500} INFO - Filling up the DagBag from /home/airflow/.local/lib/python3.7/site-packages/airflow/example_dags/example_subdag_operator.py
[2022-04-23 10:34:28,740] {processor.py:652} INFO - DAG(s) dict_keys(['example_subdag_operator.section-1', 'example_subdag_operator.section-2', 'example_subdag_operator']) retrieved from /home/airflow/.local/lib/python3.7/site-packages/airflow/example_dags/example_subdag_operator.py
[2022-04-23 10:34:28,748] {logging_mixin.py:109} INFO - [2022-04-23 10:34:28,748] {dag.py:2398} INFO - Sync 3 DAGs
[2022-04-23 10:34:28,760] {logging_mixin.py:109} INFO - [2022-04-23 10:34:28,760] {dag.py:2937} INFO - Setting next_dagrun for example_subdag_operator to 2022-04-21T00:00:00+00:00
[2022-04-23 10:34:28,760] {logging_mixin.py:109} INFO - [2022-04-23 10:34:28,760] {dag.py:2937} INFO - Setting next_dagrun for example_subdag_operator.section-1 to None
[2022-04-23 10:34:28,761] {logging_mixin.py:109} INFO - [2022-04-23 10:34:28,761] {dag.py:2937} INFO - Setting next_dagrun for example_subdag_operator.section-2 to None
[2022-04-23 10:34:28,765] {logging_mixin.py:109} INFO - [2022-04-23 10:34:28,765] {dag.py:2398} INFO - Sync 2 DAGs
[2022-04-23 10:34:28,771] {logging_mixin.py:109} INFO - [2022-04-23 10:34:28,771] {dag.py:2937} INFO - Setting next_dagrun for example_subdag_operator.section-1 to None
[2022-04-23 10:34:28,771] {logging_mixin.py:109} INFO - [2022-04-23 10:34:28,771] {dag.py:2937} INFO - Setting next_dagrun for example_subdag_operator.section-2 to None
[2022-04-23 10:34:28,777] {processor.py:171} INFO - Processing /home/airflow/.local/lib/python3.7/site-packages/airflow/example_dags/example_subdag_operator.py took 0.063 seconds
[2022-04-23 10:34:58,991] {processor.py:163} INFO - Started process (PID=1007) to work on /home/airflow/.local/lib/python3.7/site-packages/airflow/example_dags/example_subdag_operator.py
[2022-04-23 10:34:58,992] {processor.py:642} INFO - Processing file /home/airflow/.local/lib/python3.7/site-packages/airflow/example_dags/example_subdag_operator.py for tasks to queue
[2022-04-23 10:34:58,993] {logging_mixin.py:109} INFO - [2022-04-23 10:34:58,993] {dagbag.py:500} INFO - Filling up the DagBag from /home/airflow/.local/lib/python3.7/site-packages/airflow/example_dags/example_subdag_operator.py
[2022-04-23 10:34:59,015] {processor.py:652} INFO - DAG(s) dict_keys(['example_subdag_operator.section-1', 'example_subdag_operator.section-2', 'example_subdag_operator']) retrieved from /home/airflow/.local/lib/python3.7/site-packages/airflow/example_dags/example_subdag_operator.py
[2022-04-23 10:34:59,023] {logging_mixin.py:109} INFO - [2022-04-23 10:34:59,023] {dag.py:2398} INFO - Sync 3 DAGs
[2022-04-23 10:34:59,034] {logging_mixin.py:109} INFO - [2022-04-23 10:34:59,034] {dag.py:2937} INFO - Setting next_dagrun for example_subdag_operator to 2022-04-21T00:00:00+00:00
[2022-04-23 10:34:59,035] {logging_mixin.py:109} INFO - [2022-04-23 10:34:59,035] {dag.py:2937} INFO - Setting next_dagrun for example_subdag_operator.section-1 to None
[2022-04-23 10:34:59,035] {logging_mixin.py:109} INFO - [2022-04-23 10:34:59,035] {dag.py:2937} INFO - Setting next_dagrun for example_subdag_operator.section-2 to None
[2022-04-23 10:34:59,040] {logging_mixin.py:109} INFO - [2022-04-23 10:34:59,040] {dag.py:2398} INFO - Sync 2 DAGs
[2022-04-23 10:34:59,047] {logging_mixin.py:109} INFO - [2022-04-23 10:34:59,047] {dag.py:2937} INFO - Setting next_dagrun for example_subdag_operator.section-1 to None
[2022-04-23 10:34:59,047] {logging_mixin.py:109} INFO - [2022-04-23 10:34:59,047] {dag.py:2937} INFO - Setting next_dagrun for example_subdag_operator.section-2 to None
[2022-04-23 10:34:59,064] {processor.py:171} INFO - Processing /home/airflow/.local/lib/python3.7/site-packages/airflow/example_dags/example_subdag_operator.py took 0.075 seconds
[2022-04-23 10:35:29,360] {processor.py:163} INFO - Started process (PID=1069) to work on /home/airflow/.local/lib/python3.7/site-packages/airflow/example_dags/example_subdag_operator.py
[2022-04-23 10:35:29,361] {processor.py:642} INFO - Processing file /home/airflow/.local/lib/python3.7/site-packages/airflow/example_dags/example_subdag_operator.py for tasks to queue
[2022-04-23 10:35:29,362] {logging_mixin.py:109} INFO - [2022-04-23 10:35:29,361] {dagbag.py:500} INFO - Filling up the DagBag from /home/airflow/.local/lib/python3.7/site-packages/airflow/example_dags/example_subdag_operator.py
[2022-04-23 10:35:29,383] {processor.py:652} INFO - DAG(s) dict_keys(['example_subdag_operator.section-1', 'example_subdag_operator.section-2', 'example_subdag_operator']) retrieved from /home/airflow/.local/lib/python3.7/site-packages/airflow/example_dags/example_subdag_operator.py
[2022-04-23 10:35:29,391] {logging_mixin.py:109} INFO - [2022-04-23 10:35:29,391] {dag.py:2398} INFO - Sync 3 DAGs
[2022-04-23 10:35:29,401] {logging_mixin.py:109} INFO - [2022-04-23 10:35:29,401] {dag.py:2937} INFO - Setting next_dagrun for example_subdag_operator to 2022-04-21T00:00:00+00:00
[2022-04-23 10:35:29,402] {logging_mixin.py:109} INFO - [2022-04-23 10:35:29,402] {dag.py:2937} INFO - Setting next_dagrun for example_subdag_operator.section-1 to None
[2022-04-23 10:35:29,402] {logging_mixin.py:109} INFO - [2022-04-23 10:35:29,402] {dag.py:2937} INFO - Setting next_dagrun for example_subdag_operator.section-2 to None
[2022-04-23 10:35:29,406] {logging_mixin.py:109} INFO - [2022-04-23 10:35:29,406] {dag.py:2398} INFO - Sync 2 DAGs
[2022-04-23 10:35:29,412] {logging_mixin.py:109} INFO - [2022-04-23 10:35:29,412] {dag.py:2937} INFO - Setting next_dagrun for example_subdag_operator.section-1 to None
[2022-04-23 10:35:29,413] {logging_mixin.py:109} INFO - [2022-04-23 10:35:29,413] {dag.py:2937} INFO - Setting next_dagrun for example_subdag_operator.section-2 to None
[2022-04-23 10:35:29,430] {processor.py:171} INFO - Processing /home/airflow/.local/lib/python3.7/site-packages/airflow/example_dags/example_subdag_operator.py took 0.072 seconds
[2022-04-23 10:35:59,693] {processor.py:163} INFO - Started process (PID=1120) to work on /home/airflow/.local/lib/python3.7/site-packages/airflow/example_dags/example_subdag_operator.py
[2022-04-23 10:35:59,694] {processor.py:642} INFO - Processing file /home/airflow/.local/lib/python3.7/site-packages/airflow/example_dags/example_subdag_operator.py for tasks to queue
[2022-04-23 10:35:59,695] {logging_mixin.py:109} INFO - [2022-04-23 10:35:59,694] {dagbag.py:500} INFO - Filling up the DagBag from /home/airflow/.local/lib/python3.7/site-packages/airflow/example_dags/example_subdag_operator.py
[2022-04-23 10:35:59,716] {processor.py:652} INFO - DAG(s) dict_keys(['example_subdag_operator.section-1', 'example_subdag_operator.section-2', 'example_subdag_operator']) retrieved from /home/airflow/.local/lib/python3.7/site-packages/airflow/example_dags/example_subdag_operator.py
[2022-04-23 10:35:59,724] {logging_mixin.py:109} INFO - [2022-04-23 10:35:59,724] {dag.py:2398} INFO - Sync 3 DAGs
[2022-04-23 10:35:59,734] {logging_mixin.py:109} INFO - [2022-04-23 10:35:59,734] {dag.py:2937} INFO - Setting next_dagrun for example_subdag_operator to 2022-04-21T00:00:00+00:00
[2022-04-23 10:35:59,734] {logging_mixin.py:109} INFO - [2022-04-23 10:35:59,734] {dag.py:2937} INFO - Setting next_dagrun for example_subdag_operator.section-1 to None
[2022-04-23 10:35:59,735] {logging_mixin.py:109} INFO - [2022-04-23 10:35:59,735] {dag.py:2937} INFO - Setting next_dagrun for example_subdag_operator.section-2 to None
[2022-04-23 10:35:59,739] {logging_mixin.py:109} INFO - [2022-04-23 10:35:59,739] {dag.py:2398} INFO - Sync 2 DAGs
[2022-04-23 10:35:59,744] {logging_mixin.py:109} INFO - [2022-04-23 10:35:59,744] {dag.py:2937} INFO - Setting next_dagrun for example_subdag_operator.section-1 to None
[2022-04-23 10:35:59,745] {logging_mixin.py:109} INFO - [2022-04-23 10:35:59,745] {dag.py:2937} INFO - Setting next_dagrun for example_subdag_operator.section-2 to None
[2022-04-23 10:35:59,762] {processor.py:171} INFO - Processing /home/airflow/.local/lib/python3.7/site-packages/airflow/example_dags/example_subdag_operator.py took 0.070 seconds
