[2022-04-23 10:30:38,070] {processor.py:163} INFO - Started process (PID=108) to work on /home/airflow/.local/lib/python3.7/site-packages/airflow/example_dags/example_branch_labels.py
[2022-04-23 10:30:38,071] {processor.py:642} INFO - Processing file /home/airflow/.local/lib/python3.7/site-packages/airflow/example_dags/example_branch_labels.py for tasks to queue
[2022-04-23 10:30:38,072] {logging_mixin.py:109} INFO - [2022-04-23 10:30:38,071] {dagbag.py:500} INFO - Filling up the DagBag from /home/airflow/.local/lib/python3.7/site-packages/airflow/example_dags/example_branch_labels.py
[2022-04-23 10:30:38,087] {processor.py:652} INFO - DAG(s) dict_keys(['example_branch_labels']) retrieved from /home/airflow/.local/lib/python3.7/site-packages/airflow/example_dags/example_branch_labels.py
[2022-04-23 10:30:39,685] {logging_mixin.py:109} INFO - [2022-04-23 10:30:39,685] {manager.py:496} INFO - Created Permission View: can read on DAG:example_branch_labels
[2022-04-23 10:30:39,693] {logging_mixin.py:109} INFO - [2022-04-23 10:30:39,693] {manager.py:496} INFO - Created Permission View: can edit on DAG:example_branch_labels
[2022-04-23 10:30:39,694] {logging_mixin.py:109} INFO - [2022-04-23 10:30:39,694] {dag.py:2398} INFO - Sync 1 DAGs
[2022-04-23 10:30:39,702] {logging_mixin.py:109} INFO - [2022-04-23 10:30:39,701] {dag.py:2417} INFO - Creating ORM DAG for example_branch_labels
[2022-04-23 10:30:39,713] {logging_mixin.py:109} INFO - [2022-04-23 10:30:39,713] {dag.py:2937} INFO - Setting next_dagrun for example_branch_labels to 2022-04-22 00:00:00+00:00
[2022-04-23 10:30:39,723] {processor.py:171} INFO - Processing /home/airflow/.local/lib/python3.7/site-packages/airflow/example_dags/example_branch_labels.py took 1.656 seconds
[2022-04-23 10:31:10,447] {processor.py:163} INFO - Started process (PID=584) to work on /home/airflow/.local/lib/python3.7/site-packages/airflow/example_dags/example_branch_labels.py
[2022-04-23 10:31:10,448] {processor.py:642} INFO - Processing file /home/airflow/.local/lib/python3.7/site-packages/airflow/example_dags/example_branch_labels.py for tasks to queue
[2022-04-23 10:31:10,449] {logging_mixin.py:109} INFO - [2022-04-23 10:31:10,449] {dagbag.py:500} INFO - Filling up the DagBag from /home/airflow/.local/lib/python3.7/site-packages/airflow/example_dags/example_branch_labels.py
[2022-04-23 10:31:10,462] {processor.py:652} INFO - DAG(s) dict_keys(['example_branch_labels']) retrieved from /home/airflow/.local/lib/python3.7/site-packages/airflow/example_dags/example_branch_labels.py
[2022-04-23 10:31:10,478] {logging_mixin.py:109} INFO - [2022-04-23 10:31:10,478] {dag.py:2398} INFO - Sync 1 DAGs
[2022-04-23 10:31:10,490] {logging_mixin.py:109} INFO - [2022-04-23 10:31:10,490] {dag.py:2937} INFO - Setting next_dagrun for example_branch_labels to 2022-04-22 00:00:00+00:00
[2022-04-23 10:31:10,498] {processor.py:171} INFO - Processing /home/airflow/.local/lib/python3.7/site-packages/airflow/example_dags/example_branch_labels.py took 0.052 seconds
[2022-04-23 10:31:40,571] {processor.py:163} INFO - Started process (PID=635) to work on /home/airflow/.local/lib/python3.7/site-packages/airflow/example_dags/example_branch_labels.py
[2022-04-23 10:31:40,572] {processor.py:642} INFO - Processing file /home/airflow/.local/lib/python3.7/site-packages/airflow/example_dags/example_branch_labels.py for tasks to queue
[2022-04-23 10:31:40,573] {logging_mixin.py:109} INFO - [2022-04-23 10:31:40,572] {dagbag.py:500} INFO - Filling up the DagBag from /home/airflow/.local/lib/python3.7/site-packages/airflow/example_dags/example_branch_labels.py
[2022-04-23 10:31:40,584] {processor.py:652} INFO - DAG(s) dict_keys(['example_branch_labels']) retrieved from /home/airflow/.local/lib/python3.7/site-packages/airflow/example_dags/example_branch_labels.py
[2022-04-23 10:31:40,597] {logging_mixin.py:109} INFO - [2022-04-23 10:31:40,597] {dag.py:2398} INFO - Sync 1 DAGs
[2022-04-23 10:31:40,609] {logging_mixin.py:109} INFO - [2022-04-23 10:31:40,608] {dag.py:2937} INFO - Setting next_dagrun for example_branch_labels to 2022-04-22 00:00:00+00:00
[2022-04-23 10:31:40,627] {processor.py:171} INFO - Processing /home/airflow/.local/lib/python3.7/site-packages/airflow/example_dags/example_branch_labels.py took 0.058 seconds
[2022-04-23 10:32:10,710] {processor.py:163} INFO - Started process (PID=696) to work on /home/airflow/.local/lib/python3.7/site-packages/airflow/example_dags/example_branch_labels.py
[2022-04-23 10:32:10,711] {processor.py:642} INFO - Processing file /home/airflow/.local/lib/python3.7/site-packages/airflow/example_dags/example_branch_labels.py for tasks to queue
[2022-04-23 10:32:10,711] {logging_mixin.py:109} INFO - [2022-04-23 10:32:10,711] {dagbag.py:500} INFO - Filling up the DagBag from /home/airflow/.local/lib/python3.7/site-packages/airflow/example_dags/example_branch_labels.py
[2022-04-23 10:32:10,721] {processor.py:652} INFO - DAG(s) dict_keys(['example_branch_labels']) retrieved from /home/airflow/.local/lib/python3.7/site-packages/airflow/example_dags/example_branch_labels.py
[2022-04-23 10:32:10,737] {logging_mixin.py:109} INFO - [2022-04-23 10:32:10,736] {dag.py:2398} INFO - Sync 1 DAGs
[2022-04-23 10:32:10,752] {logging_mixin.py:109} INFO - [2022-04-23 10:32:10,752] {dag.py:2937} INFO - Setting next_dagrun for example_branch_labels to 2022-04-22 00:00:00+00:00
[2022-04-23 10:32:10,773] {processor.py:171} INFO - Processing /home/airflow/.local/lib/python3.7/site-packages/airflow/example_dags/example_branch_labels.py took 0.065 seconds
[2022-04-23 10:32:40,832] {processor.py:163} INFO - Started process (PID=746) to work on /home/airflow/.local/lib/python3.7/site-packages/airflow/example_dags/example_branch_labels.py
[2022-04-23 10:32:40,832] {processor.py:642} INFO - Processing file /home/airflow/.local/lib/python3.7/site-packages/airflow/example_dags/example_branch_labels.py for tasks to queue
[2022-04-23 10:32:40,833] {logging_mixin.py:109} INFO - [2022-04-23 10:32:40,833] {dagbag.py:500} INFO - Filling up the DagBag from /home/airflow/.local/lib/python3.7/site-packages/airflow/example_dags/example_branch_labels.py
[2022-04-23 10:32:40,843] {processor.py:652} INFO - DAG(s) dict_keys(['example_branch_labels']) retrieved from /home/airflow/.local/lib/python3.7/site-packages/airflow/example_dags/example_branch_labels.py
[2022-04-23 10:32:40,856] {logging_mixin.py:109} INFO - [2022-04-23 10:32:40,856] {dag.py:2398} INFO - Sync 1 DAGs
[2022-04-23 10:32:40,868] {logging_mixin.py:109} INFO - [2022-04-23 10:32:40,868] {dag.py:2937} INFO - Setting next_dagrun for example_branch_labels to 2022-04-22 00:00:00+00:00
[2022-04-23 10:32:40,881] {processor.py:171} INFO - Processing /home/airflow/.local/lib/python3.7/site-packages/airflow/example_dags/example_branch_labels.py took 0.051 seconds
[2022-04-23 10:33:11,118] {processor.py:163} INFO - Started process (PID=805) to work on /home/airflow/.local/lib/python3.7/site-packages/airflow/example_dags/example_branch_labels.py
[2022-04-23 10:33:11,119] {processor.py:642} INFO - Processing file /home/airflow/.local/lib/python3.7/site-packages/airflow/example_dags/example_branch_labels.py for tasks to queue
[2022-04-23 10:33:11,120] {logging_mixin.py:109} INFO - [2022-04-23 10:33:11,119] {dagbag.py:500} INFO - Filling up the DagBag from /home/airflow/.local/lib/python3.7/site-packages/airflow/example_dags/example_branch_labels.py
[2022-04-23 10:33:11,129] {processor.py:652} INFO - DAG(s) dict_keys(['example_branch_labels']) retrieved from /home/airflow/.local/lib/python3.7/site-packages/airflow/example_dags/example_branch_labels.py
[2022-04-23 10:33:11,142] {logging_mixin.py:109} INFO - [2022-04-23 10:33:11,142] {dag.py:2398} INFO - Sync 1 DAGs
[2022-04-23 10:33:11,154] {logging_mixin.py:109} INFO - [2022-04-23 10:33:11,154] {dag.py:2937} INFO - Setting next_dagrun for example_branch_labels to 2022-04-22 00:00:00+00:00
[2022-04-23 10:33:11,172] {processor.py:171} INFO - Processing /home/airflow/.local/lib/python3.7/site-packages/airflow/example_dags/example_branch_labels.py took 0.056 seconds
[2022-04-23 10:33:41,336] {processor.py:163} INFO - Started process (PID=864) to work on /home/airflow/.local/lib/python3.7/site-packages/airflow/example_dags/example_branch_labels.py
[2022-04-23 10:33:41,337] {processor.py:642} INFO - Processing file /home/airflow/.local/lib/python3.7/site-packages/airflow/example_dags/example_branch_labels.py for tasks to queue
[2022-04-23 10:33:41,337] {logging_mixin.py:109} INFO - [2022-04-23 10:33:41,337] {dagbag.py:500} INFO - Filling up the DagBag from /home/airflow/.local/lib/python3.7/site-packages/airflow/example_dags/example_branch_labels.py
[2022-04-23 10:33:41,347] {processor.py:652} INFO - DAG(s) dict_keys(['example_branch_labels']) retrieved from /home/airflow/.local/lib/python3.7/site-packages/airflow/example_dags/example_branch_labels.py
[2022-04-23 10:33:41,361] {logging_mixin.py:109} INFO - [2022-04-23 10:33:41,361] {dag.py:2398} INFO - Sync 1 DAGs
[2022-04-23 10:33:41,373] {logging_mixin.py:109} INFO - [2022-04-23 10:33:41,373] {dag.py:2937} INFO - Setting next_dagrun for example_branch_labels to 2022-04-22 00:00:00+00:00
[2022-04-23 10:33:41,393] {processor.py:171} INFO - Processing /home/airflow/.local/lib/python3.7/site-packages/airflow/example_dags/example_branch_labels.py took 0.059 seconds
[2022-04-23 10:34:11,588] {processor.py:163} INFO - Started process (PID=914) to work on /home/airflow/.local/lib/python3.7/site-packages/airflow/example_dags/example_branch_labels.py
[2022-04-23 10:34:11,589] {processor.py:642} INFO - Processing file /home/airflow/.local/lib/python3.7/site-packages/airflow/example_dags/example_branch_labels.py for tasks to queue
[2022-04-23 10:34:11,590] {logging_mixin.py:109} INFO - [2022-04-23 10:34:11,590] {dagbag.py:500} INFO - Filling up the DagBag from /home/airflow/.local/lib/python3.7/site-packages/airflow/example_dags/example_branch_labels.py
[2022-04-23 10:34:11,599] {processor.py:652} INFO - DAG(s) dict_keys(['example_branch_labels']) retrieved from /home/airflow/.local/lib/python3.7/site-packages/airflow/example_dags/example_branch_labels.py
[2022-04-23 10:34:11,614] {logging_mixin.py:109} INFO - [2022-04-23 10:34:11,614] {dag.py:2398} INFO - Sync 1 DAGs
[2022-04-23 10:34:11,626] {logging_mixin.py:109} INFO - [2022-04-23 10:34:11,626] {dag.py:2937} INFO - Setting next_dagrun for example_branch_labels to 2022-04-22 00:00:00+00:00
[2022-04-23 10:34:11,643] {processor.py:171} INFO - Processing /home/airflow/.local/lib/python3.7/site-packages/airflow/example_dags/example_branch_labels.py took 0.057 seconds
[2022-04-23 10:34:42,002] {processor.py:163} INFO - Started process (PID=974) to work on /home/airflow/.local/lib/python3.7/site-packages/airflow/example_dags/example_branch_labels.py
[2022-04-23 10:34:42,003] {processor.py:642} INFO - Processing file /home/airflow/.local/lib/python3.7/site-packages/airflow/example_dags/example_branch_labels.py for tasks to queue
[2022-04-23 10:34:42,003] {logging_mixin.py:109} INFO - [2022-04-23 10:34:42,003] {dagbag.py:500} INFO - Filling up the DagBag from /home/airflow/.local/lib/python3.7/site-packages/airflow/example_dags/example_branch_labels.py
[2022-04-23 10:34:42,014] {processor.py:652} INFO - DAG(s) dict_keys(['example_branch_labels']) retrieved from /home/airflow/.local/lib/python3.7/site-packages/airflow/example_dags/example_branch_labels.py
[2022-04-23 10:34:42,029] {logging_mixin.py:109} INFO - [2022-04-23 10:34:42,028] {dag.py:2398} INFO - Sync 1 DAGs
[2022-04-23 10:34:42,042] {logging_mixin.py:109} INFO - [2022-04-23 10:34:42,042] {dag.py:2937} INFO - Setting next_dagrun for example_branch_labels to 2022-04-22 00:00:00+00:00
[2022-04-23 10:34:42,061] {processor.py:171} INFO - Processing /home/airflow/.local/lib/python3.7/site-packages/airflow/example_dags/example_branch_labels.py took 0.061 seconds
[2022-04-23 10:35:12,297] {processor.py:163} INFO - Started process (PID=1025) to work on /home/airflow/.local/lib/python3.7/site-packages/airflow/example_dags/example_branch_labels.py
[2022-04-23 10:35:12,298] {processor.py:642} INFO - Processing file /home/airflow/.local/lib/python3.7/site-packages/airflow/example_dags/example_branch_labels.py for tasks to queue
[2022-04-23 10:35:12,299] {logging_mixin.py:109} INFO - [2022-04-23 10:35:12,299] {dagbag.py:500} INFO - Filling up the DagBag from /home/airflow/.local/lib/python3.7/site-packages/airflow/example_dags/example_branch_labels.py
[2022-04-23 10:35:12,309] {processor.py:652} INFO - DAG(s) dict_keys(['example_branch_labels']) retrieved from /home/airflow/.local/lib/python3.7/site-packages/airflow/example_dags/example_branch_labels.py
[2022-04-23 10:35:12,323] {logging_mixin.py:109} INFO - [2022-04-23 10:35:12,323] {dag.py:2398} INFO - Sync 1 DAGs
[2022-04-23 10:35:12,335] {logging_mixin.py:109} INFO - [2022-04-23 10:35:12,335] {dag.py:2937} INFO - Setting next_dagrun for example_branch_labels to 2022-04-22 00:00:00+00:00
[2022-04-23 10:35:12,354] {processor.py:171} INFO - Processing /home/airflow/.local/lib/python3.7/site-packages/airflow/example_dags/example_branch_labels.py took 0.059 seconds
[2022-04-23 10:35:42,614] {processor.py:163} INFO - Started process (PID=1087) to work on /home/airflow/.local/lib/python3.7/site-packages/airflow/example_dags/example_branch_labels.py
[2022-04-23 10:35:42,615] {processor.py:642} INFO - Processing file /home/airflow/.local/lib/python3.7/site-packages/airflow/example_dags/example_branch_labels.py for tasks to queue
[2022-04-23 10:35:42,616] {logging_mixin.py:109} INFO - [2022-04-23 10:35:42,616] {dagbag.py:500} INFO - Filling up the DagBag from /home/airflow/.local/lib/python3.7/site-packages/airflow/example_dags/example_branch_labels.py
[2022-04-23 10:35:42,626] {processor.py:652} INFO - DAG(s) dict_keys(['example_branch_labels']) retrieved from /home/airflow/.local/lib/python3.7/site-packages/airflow/example_dags/example_branch_labels.py
[2022-04-23 10:35:42,641] {logging_mixin.py:109} INFO - [2022-04-23 10:35:42,641] {dag.py:2398} INFO - Sync 1 DAGs
[2022-04-23 10:35:42,654] {logging_mixin.py:109} INFO - [2022-04-23 10:35:42,654] {dag.py:2937} INFO - Setting next_dagrun for example_branch_labels to 2022-04-22 00:00:00+00:00
[2022-04-23 10:35:42,673] {processor.py:171} INFO - Processing /home/airflow/.local/lib/python3.7/site-packages/airflow/example_dags/example_branch_labels.py took 0.061 seconds
[2022-04-23 10:36:12,991] {processor.py:163} INFO - Started process (PID=1146) to work on /home/airflow/.local/lib/python3.7/site-packages/airflow/example_dags/example_branch_labels.py
[2022-04-23 10:36:12,992] {processor.py:642} INFO - Processing file /home/airflow/.local/lib/python3.7/site-packages/airflow/example_dags/example_branch_labels.py for tasks to queue
[2022-04-23 10:36:12,993] {logging_mixin.py:109} INFO - [2022-04-23 10:36:12,993] {dagbag.py:500} INFO - Filling up the DagBag from /home/airflow/.local/lib/python3.7/site-packages/airflow/example_dags/example_branch_labels.py
[2022-04-23 10:36:13,003] {processor.py:652} INFO - DAG(s) dict_keys(['example_branch_labels']) retrieved from /home/airflow/.local/lib/python3.7/site-packages/airflow/example_dags/example_branch_labels.py
[2022-04-23 10:36:13,019] {logging_mixin.py:109} INFO - [2022-04-23 10:36:13,019] {dag.py:2398} INFO - Sync 1 DAGs
[2022-04-23 10:36:13,032] {logging_mixin.py:109} INFO - [2022-04-23 10:36:13,032] {dag.py:2937} INFO - Setting next_dagrun for example_branch_labels to 2022-04-22 00:00:00+00:00
[2022-04-23 10:36:13,040] {processor.py:171} INFO - Processing /home/airflow/.local/lib/python3.7/site-packages/airflow/example_dags/example_branch_labels.py took 0.051 seconds
