[2022-04-23 10:30:51,156] {processor.py:163} INFO - Started process (PID=407) to work on /home/airflow/.local/lib/python3.7/site-packages/airflow/example_dags/example_branch_datetime_operator.py
[2022-04-23 10:30:51,157] {processor.py:642} INFO - Processing file /home/airflow/.local/lib/python3.7/site-packages/airflow/example_dags/example_branch_datetime_operator.py for tasks to queue
[2022-04-23 10:30:51,158] {logging_mixin.py:109} INFO - [2022-04-23 10:30:51,158] {dagbag.py:500} INFO - Filling up the DagBag from /home/airflow/.local/lib/python3.7/site-packages/airflow/example_dags/example_branch_datetime_operator.py
[2022-04-23 10:30:51,170] {processor.py:652} INFO - DAG(s) dict_keys(['example_branch_datetime_operator_2']) retrieved from /home/airflow/.local/lib/python3.7/site-packages/airflow/example_dags/example_branch_datetime_operator.py
[2022-04-23 10:30:52,488] {logging_mixin.py:109} INFO - [2022-04-23 10:30:52,487] {manager.py:496} INFO - Created Permission View: can read on DAG:example_branch_datetime_operator_2
[2022-04-23 10:30:52,493] {logging_mixin.py:109} INFO - [2022-04-23 10:30:52,493] {manager.py:496} INFO - Created Permission View: can edit on DAG:example_branch_datetime_operator_2
[2022-04-23 10:30:52,494] {logging_mixin.py:109} INFO - [2022-04-23 10:30:52,493] {dag.py:2398} INFO - Sync 1 DAGs
[2022-04-23 10:30:52,498] {logging_mixin.py:109} INFO - [2022-04-23 10:30:52,498] {dag.py:2417} INFO - Creating ORM DAG for example_branch_datetime_operator_2
[2022-04-23 10:30:52,505] {logging_mixin.py:109} INFO - [2022-04-23 10:30:52,505] {dag.py:2937} INFO - Setting next_dagrun for example_branch_datetime_operator_2 to 2022-04-22 00:00:00+00:00
[2022-04-23 10:30:52,513] {processor.py:171} INFO - Processing /home/airflow/.local/lib/python3.7/site-packages/airflow/example_dags/example_branch_datetime_operator.py took 1.359 seconds
[2022-04-23 10:31:23,062] {processor.py:163} INFO - Started process (PID=610) to work on /home/airflow/.local/lib/python3.7/site-packages/airflow/example_dags/example_branch_datetime_operator.py
[2022-04-23 10:31:23,063] {processor.py:642} INFO - Processing file /home/airflow/.local/lib/python3.7/site-packages/airflow/example_dags/example_branch_datetime_operator.py for tasks to queue
[2022-04-23 10:31:23,064] {logging_mixin.py:109} INFO - [2022-04-23 10:31:23,064] {dagbag.py:500} INFO - Filling up the DagBag from /home/airflow/.local/lib/python3.7/site-packages/airflow/example_dags/example_branch_datetime_operator.py
[2022-04-23 10:31:23,077] {processor.py:652} INFO - DAG(s) dict_keys(['example_branch_datetime_operator_2']) retrieved from /home/airflow/.local/lib/python3.7/site-packages/airflow/example_dags/example_branch_datetime_operator.py
[2022-04-23 10:31:23,092] {logging_mixin.py:109} INFO - [2022-04-23 10:31:23,092] {dag.py:2398} INFO - Sync 1 DAGs
[2022-04-23 10:31:23,107] {logging_mixin.py:109} INFO - [2022-04-23 10:31:23,106] {dag.py:2937} INFO - Setting next_dagrun for example_branch_datetime_operator_2 to 2022-04-22 00:00:00+00:00
[2022-04-23 10:31:23,114] {processor.py:171} INFO - Processing /home/airflow/.local/lib/python3.7/site-packages/airflow/example_dags/example_branch_datetime_operator.py took 0.053 seconds
[2022-04-23 10:31:53,186] {processor.py:163} INFO - Started process (PID=662) to work on /home/airflow/.local/lib/python3.7/site-packages/airflow/example_dags/example_branch_datetime_operator.py
[2022-04-23 10:31:53,187] {processor.py:642} INFO - Processing file /home/airflow/.local/lib/python3.7/site-packages/airflow/example_dags/example_branch_datetime_operator.py for tasks to queue
[2022-04-23 10:31:53,188] {logging_mixin.py:109} INFO - [2022-04-23 10:31:53,188] {dagbag.py:500} INFO - Filling up the DagBag from /home/airflow/.local/lib/python3.7/site-packages/airflow/example_dags/example_branch_datetime_operator.py
[2022-04-23 10:31:53,202] {processor.py:652} INFO - DAG(s) dict_keys(['example_branch_datetime_operator_2']) retrieved from /home/airflow/.local/lib/python3.7/site-packages/airflow/example_dags/example_branch_datetime_operator.py
[2022-04-23 10:31:53,216] {logging_mixin.py:109} INFO - [2022-04-23 10:31:53,216] {dag.py:2398} INFO - Sync 1 DAGs
[2022-04-23 10:31:53,229] {logging_mixin.py:109} INFO - [2022-04-23 10:31:53,229] {dag.py:2937} INFO - Setting next_dagrun for example_branch_datetime_operator_2 to 2022-04-22 00:00:00+00:00
[2022-04-23 10:31:53,236] {processor.py:171} INFO - Processing /home/airflow/.local/lib/python3.7/site-packages/airflow/example_dags/example_branch_datetime_operator.py took 0.052 seconds
[2022-04-23 10:32:23,465] {processor.py:163} INFO - Started process (PID=723) to work on /home/airflow/.local/lib/python3.7/site-packages/airflow/example_dags/example_branch_datetime_operator.py
[2022-04-23 10:32:23,466] {processor.py:642} INFO - Processing file /home/airflow/.local/lib/python3.7/site-packages/airflow/example_dags/example_branch_datetime_operator.py for tasks to queue
[2022-04-23 10:32:23,466] {logging_mixin.py:109} INFO - [2022-04-23 10:32:23,466] {dagbag.py:500} INFO - Filling up the DagBag from /home/airflow/.local/lib/python3.7/site-packages/airflow/example_dags/example_branch_datetime_operator.py
[2022-04-23 10:32:23,477] {processor.py:652} INFO - DAG(s) dict_keys(['example_branch_datetime_operator_2']) retrieved from /home/airflow/.local/lib/python3.7/site-packages/airflow/example_dags/example_branch_datetime_operator.py
[2022-04-23 10:32:23,491] {logging_mixin.py:109} INFO - [2022-04-23 10:32:23,491] {dag.py:2398} INFO - Sync 1 DAGs
[2022-04-23 10:32:23,505] {logging_mixin.py:109} INFO - [2022-04-23 10:32:23,505] {dag.py:2937} INFO - Setting next_dagrun for example_branch_datetime_operator_2 to 2022-04-22 00:00:00+00:00
[2022-04-23 10:32:23,513] {processor.py:171} INFO - Processing /home/airflow/.local/lib/python3.7/site-packages/airflow/example_dags/example_branch_datetime_operator.py took 0.050 seconds
[2022-04-23 10:32:53,659] {processor.py:163} INFO - Started process (PID=782) to work on /home/airflow/.local/lib/python3.7/site-packages/airflow/example_dags/example_branch_datetime_operator.py
[2022-04-23 10:32:53,660] {processor.py:642} INFO - Processing file /home/airflow/.local/lib/python3.7/site-packages/airflow/example_dags/example_branch_datetime_operator.py for tasks to queue
[2022-04-23 10:32:53,661] {logging_mixin.py:109} INFO - [2022-04-23 10:32:53,661] {dagbag.py:500} INFO - Filling up the DagBag from /home/airflow/.local/lib/python3.7/site-packages/airflow/example_dags/example_branch_datetime_operator.py
[2022-04-23 10:32:53,673] {processor.py:652} INFO - DAG(s) dict_keys(['example_branch_datetime_operator_2']) retrieved from /home/airflow/.local/lib/python3.7/site-packages/airflow/example_dags/example_branch_datetime_operator.py
[2022-04-23 10:32:53,686] {logging_mixin.py:109} INFO - [2022-04-23 10:32:53,686] {dag.py:2398} INFO - Sync 1 DAGs
[2022-04-23 10:32:53,698] {logging_mixin.py:109} INFO - [2022-04-23 10:32:53,698] {dag.py:2937} INFO - Setting next_dagrun for example_branch_datetime_operator_2 to 2022-04-22 00:00:00+00:00
[2022-04-23 10:32:53,704] {processor.py:171} INFO - Processing /home/airflow/.local/lib/python3.7/site-packages/airflow/example_dags/example_branch_datetime_operator.py took 0.047 seconds
[2022-04-23 10:33:23,994] {processor.py:163} INFO - Started process (PID=832) to work on /home/airflow/.local/lib/python3.7/site-packages/airflow/example_dags/example_branch_datetime_operator.py
[2022-04-23 10:33:23,995] {processor.py:642} INFO - Processing file /home/airflow/.local/lib/python3.7/site-packages/airflow/example_dags/example_branch_datetime_operator.py for tasks to queue
[2022-04-23 10:33:23,996] {logging_mixin.py:109} INFO - [2022-04-23 10:33:23,996] {dagbag.py:500} INFO - Filling up the DagBag from /home/airflow/.local/lib/python3.7/site-packages/airflow/example_dags/example_branch_datetime_operator.py
[2022-04-23 10:33:24,006] {processor.py:652} INFO - DAG(s) dict_keys(['example_branch_datetime_operator_2']) retrieved from /home/airflow/.local/lib/python3.7/site-packages/airflow/example_dags/example_branch_datetime_operator.py
[2022-04-23 10:33:24,021] {logging_mixin.py:109} INFO - [2022-04-23 10:33:24,021] {dag.py:2398} INFO - Sync 1 DAGs
[2022-04-23 10:33:24,044] {logging_mixin.py:109} INFO - [2022-04-23 10:33:24,044] {dag.py:2937} INFO - Setting next_dagrun for example_branch_datetime_operator_2 to 2022-04-22 00:00:00+00:00
[2022-04-23 10:33:24,067] {processor.py:171} INFO - Processing /home/airflow/.local/lib/python3.7/site-packages/airflow/example_dags/example_branch_datetime_operator.py took 0.075 seconds
[2022-04-23 10:33:54,147] {processor.py:163} INFO - Started process (PID=891) to work on /home/airflow/.local/lib/python3.7/site-packages/airflow/example_dags/example_branch_datetime_operator.py
[2022-04-23 10:33:54,148] {processor.py:642} INFO - Processing file /home/airflow/.local/lib/python3.7/site-packages/airflow/example_dags/example_branch_datetime_operator.py for tasks to queue
[2022-04-23 10:33:54,149] {logging_mixin.py:109} INFO - [2022-04-23 10:33:54,149] {dagbag.py:500} INFO - Filling up the DagBag from /home/airflow/.local/lib/python3.7/site-packages/airflow/example_dags/example_branch_datetime_operator.py
[2022-04-23 10:33:54,160] {processor.py:652} INFO - DAG(s) dict_keys(['example_branch_datetime_operator_2']) retrieved from /home/airflow/.local/lib/python3.7/site-packages/airflow/example_dags/example_branch_datetime_operator.py
[2022-04-23 10:33:54,173] {logging_mixin.py:109} INFO - [2022-04-23 10:33:54,173] {dag.py:2398} INFO - Sync 1 DAGs
[2022-04-23 10:33:54,186] {logging_mixin.py:109} INFO - [2022-04-23 10:33:54,185] {dag.py:2937} INFO - Setting next_dagrun for example_branch_datetime_operator_2 to 2022-04-22 00:00:00+00:00
[2022-04-23 10:33:54,192] {processor.py:171} INFO - Processing /home/airflow/.local/lib/python3.7/site-packages/airflow/example_dags/example_branch_datetime_operator.py took 0.046 seconds
[2022-04-23 10:34:24,552] {processor.py:163} INFO - Started process (PID=941) to work on /home/airflow/.local/lib/python3.7/site-packages/airflow/example_dags/example_branch_datetime_operator.py
[2022-04-23 10:34:24,553] {processor.py:642} INFO - Processing file /home/airflow/.local/lib/python3.7/site-packages/airflow/example_dags/example_branch_datetime_operator.py for tasks to queue
[2022-04-23 10:34:24,554] {logging_mixin.py:109} INFO - [2022-04-23 10:34:24,554] {dagbag.py:500} INFO - Filling up the DagBag from /home/airflow/.local/lib/python3.7/site-packages/airflow/example_dags/example_branch_datetime_operator.py
[2022-04-23 10:34:24,565] {processor.py:652} INFO - DAG(s) dict_keys(['example_branch_datetime_operator_2']) retrieved from /home/airflow/.local/lib/python3.7/site-packages/airflow/example_dags/example_branch_datetime_operator.py
[2022-04-23 10:34:24,578] {logging_mixin.py:109} INFO - [2022-04-23 10:34:24,578] {dag.py:2398} INFO - Sync 1 DAGs
[2022-04-23 10:34:24,592] {logging_mixin.py:109} INFO - [2022-04-23 10:34:24,591] {dag.py:2937} INFO - Setting next_dagrun for example_branch_datetime_operator_2 to 2022-04-22 00:00:00+00:00
[2022-04-23 10:34:24,611] {processor.py:171} INFO - Processing /home/airflow/.local/lib/python3.7/site-packages/airflow/example_dags/example_branch_datetime_operator.py took 0.060 seconds
[2022-04-23 10:34:54,825] {processor.py:163} INFO - Started process (PID=1002) to work on /home/airflow/.local/lib/python3.7/site-packages/airflow/example_dags/example_branch_datetime_operator.py
[2022-04-23 10:34:54,826] {processor.py:642} INFO - Processing file /home/airflow/.local/lib/python3.7/site-packages/airflow/example_dags/example_branch_datetime_operator.py for tasks to queue
[2022-04-23 10:34:54,827] {logging_mixin.py:109} INFO - [2022-04-23 10:34:54,827] {dagbag.py:500} INFO - Filling up the DagBag from /home/airflow/.local/lib/python3.7/site-packages/airflow/example_dags/example_branch_datetime_operator.py
[2022-04-23 10:34:54,839] {processor.py:652} INFO - DAG(s) dict_keys(['example_branch_datetime_operator_2']) retrieved from /home/airflow/.local/lib/python3.7/site-packages/airflow/example_dags/example_branch_datetime_operator.py
[2022-04-23 10:34:54,852] {logging_mixin.py:109} INFO - [2022-04-23 10:34:54,852] {dag.py:2398} INFO - Sync 1 DAGs
[2022-04-23 10:34:54,864] {logging_mixin.py:109} INFO - [2022-04-23 10:34:54,864] {dag.py:2937} INFO - Setting next_dagrun for example_branch_datetime_operator_2 to 2022-04-22 00:00:00+00:00
[2022-04-23 10:34:54,871] {processor.py:171} INFO - Processing /home/airflow/.local/lib/python3.7/site-packages/airflow/example_dags/example_branch_datetime_operator.py took 0.049 seconds
[2022-04-23 10:35:25,167] {processor.py:163} INFO - Started process (PID=1053) to work on /home/airflow/.local/lib/python3.7/site-packages/airflow/example_dags/example_branch_datetime_operator.py
[2022-04-23 10:35:25,168] {processor.py:642} INFO - Processing file /home/airflow/.local/lib/python3.7/site-packages/airflow/example_dags/example_branch_datetime_operator.py for tasks to queue
[2022-04-23 10:35:25,168] {logging_mixin.py:109} INFO - [2022-04-23 10:35:25,168] {dagbag.py:500} INFO - Filling up the DagBag from /home/airflow/.local/lib/python3.7/site-packages/airflow/example_dags/example_branch_datetime_operator.py
[2022-04-23 10:35:25,179] {processor.py:652} INFO - DAG(s) dict_keys(['example_branch_datetime_operator_2']) retrieved from /home/airflow/.local/lib/python3.7/site-packages/airflow/example_dags/example_branch_datetime_operator.py
[2022-04-23 10:35:25,195] {logging_mixin.py:109} INFO - [2022-04-23 10:35:25,194] {dag.py:2398} INFO - Sync 1 DAGs
[2022-04-23 10:35:25,208] {logging_mixin.py:109} INFO - [2022-04-23 10:35:25,208] {dag.py:2937} INFO - Setting next_dagrun for example_branch_datetime_operator_2 to 2022-04-22 00:00:00+00:00
[2022-04-23 10:35:25,227] {processor.py:171} INFO - Processing /home/airflow/.local/lib/python3.7/site-packages/airflow/example_dags/example_branch_datetime_operator.py took 0.063 seconds
[2022-04-23 10:35:55,594] {processor.py:163} INFO - Started process (PID=1114) to work on /home/airflow/.local/lib/python3.7/site-packages/airflow/example_dags/example_branch_datetime_operator.py
[2022-04-23 10:35:55,595] {processor.py:642} INFO - Processing file /home/airflow/.local/lib/python3.7/site-packages/airflow/example_dags/example_branch_datetime_operator.py for tasks to queue
[2022-04-23 10:35:55,596] {logging_mixin.py:109} INFO - [2022-04-23 10:35:55,596] {dagbag.py:500} INFO - Filling up the DagBag from /home/airflow/.local/lib/python3.7/site-packages/airflow/example_dags/example_branch_datetime_operator.py
[2022-04-23 10:35:55,606] {processor.py:652} INFO - DAG(s) dict_keys(['example_branch_datetime_operator_2']) retrieved from /home/airflow/.local/lib/python3.7/site-packages/airflow/example_dags/example_branch_datetime_operator.py
[2022-04-23 10:35:55,620] {logging_mixin.py:109} INFO - [2022-04-23 10:35:55,620] {dag.py:2398} INFO - Sync 1 DAGs
[2022-04-23 10:35:55,632] {logging_mixin.py:109} INFO - [2022-04-23 10:35:55,631] {dag.py:2937} INFO - Setting next_dagrun for example_branch_datetime_operator_2 to 2022-04-22 00:00:00+00:00
[2022-04-23 10:35:55,650] {processor.py:171} INFO - Processing /home/airflow/.local/lib/python3.7/site-packages/airflow/example_dags/example_branch_datetime_operator.py took 0.058 seconds
[2022-04-23 10:36:25,842] {processor.py:163} INFO - Started process (PID=1174) to work on /home/airflow/.local/lib/python3.7/site-packages/airflow/example_dags/example_branch_datetime_operator.py
[2022-04-23 10:36:25,843] {processor.py:642} INFO - Processing file /home/airflow/.local/lib/python3.7/site-packages/airflow/example_dags/example_branch_datetime_operator.py for tasks to queue
[2022-04-23 10:36:25,844] {logging_mixin.py:109} INFO - [2022-04-23 10:36:25,844] {dagbag.py:500} INFO - Filling up the DagBag from /home/airflow/.local/lib/python3.7/site-packages/airflow/example_dags/example_branch_datetime_operator.py
[2022-04-23 10:36:25,855] {processor.py:652} INFO - DAG(s) dict_keys(['example_branch_datetime_operator_2']) retrieved from /home/airflow/.local/lib/python3.7/site-packages/airflow/example_dags/example_branch_datetime_operator.py
[2022-04-23 10:36:25,869] {logging_mixin.py:109} INFO - [2022-04-23 10:36:25,869] {dag.py:2398} INFO - Sync 1 DAGs
[2022-04-23 10:36:25,883] {logging_mixin.py:109} INFO - [2022-04-23 10:36:25,882] {dag.py:2937} INFO - Setting next_dagrun for example_branch_datetime_operator_2 to 2022-04-22 00:00:00+00:00
[2022-04-23 10:36:25,891] {processor.py:171} INFO - Processing /home/airflow/.local/lib/python3.7/site-packages/airflow/example_dags/example_branch_datetime_operator.py took 0.050 seconds
