[2022-04-23 10:30:53,889] {processor.py:163} INFO - Started process (PID=475) to work on /home/airflow/.local/lib/python3.7/site-packages/airflow/example_dags/example_latest_only_with_trigger.py
[2022-04-23 10:30:53,890] {processor.py:642} INFO - Processing file /home/airflow/.local/lib/python3.7/site-packages/airflow/example_dags/example_latest_only_with_trigger.py for tasks to queue
[2022-04-23 10:30:53,891] {logging_mixin.py:109} INFO - [2022-04-23 10:30:53,891] {dagbag.py:500} INFO - Filling up the DagBag from /home/airflow/.local/lib/python3.7/site-packages/airflow/example_dags/example_latest_only_with_trigger.py
[2022-04-23 10:30:53,902] {processor.py:652} INFO - DAG(s) dict_keys(['latest_only_with_trigger']) retrieved from /home/airflow/.local/lib/python3.7/site-packages/airflow/example_dags/example_latest_only_with_trigger.py
[2022-04-23 10:30:55,219] {logging_mixin.py:109} INFO - [2022-04-23 10:30:55,219] {manager.py:496} INFO - Created Permission View: can read on DAG:latest_only_with_trigger
[2022-04-23 10:30:55,226] {logging_mixin.py:109} INFO - [2022-04-23 10:30:55,225] {manager.py:496} INFO - Created Permission View: can edit on DAG:latest_only_with_trigger
[2022-04-23 10:30:55,226] {logging_mixin.py:109} INFO - [2022-04-23 10:30:55,226] {dag.py:2398} INFO - Sync 1 DAGs
[2022-04-23 10:30:55,232] {logging_mixin.py:109} INFO - [2022-04-23 10:30:55,231] {dag.py:2417} INFO - Creating ORM DAG for latest_only_with_trigger
[2022-04-23 10:30:55,237] {logging_mixin.py:109} INFO - [2022-04-23 10:30:55,237] {dag.py:2937} INFO - Setting next_dagrun for latest_only_with_trigger to 2022-04-23T06:30:55.237460+00:00
[2022-04-23 10:30:55,245] {processor.py:171} INFO - Processing /home/airflow/.local/lib/python3.7/site-packages/airflow/example_dags/example_latest_only_with_trigger.py took 1.357 seconds
[2022-04-23 10:31:26,156] {processor.py:163} INFO - Started process (PID=614) to work on /home/airflow/.local/lib/python3.7/site-packages/airflow/example_dags/example_latest_only_with_trigger.py
[2022-04-23 10:31:26,157] {processor.py:642} INFO - Processing file /home/airflow/.local/lib/python3.7/site-packages/airflow/example_dags/example_latest_only_with_trigger.py for tasks to queue
[2022-04-23 10:31:26,158] {logging_mixin.py:109} INFO - [2022-04-23 10:31:26,158] {dagbag.py:500} INFO - Filling up the DagBag from /home/airflow/.local/lib/python3.7/site-packages/airflow/example_dags/example_latest_only_with_trigger.py
[2022-04-23 10:31:26,169] {processor.py:652} INFO - DAG(s) dict_keys(['latest_only_with_trigger']) retrieved from /home/airflow/.local/lib/python3.7/site-packages/airflow/example_dags/example_latest_only_with_trigger.py
[2022-04-23 10:31:26,185] {logging_mixin.py:109} INFO - [2022-04-23 10:31:26,184] {dag.py:2398} INFO - Sync 1 DAGs
[2022-04-23 10:31:26,197] {logging_mixin.py:109} INFO - [2022-04-23 10:31:26,197] {dag.py:2937} INFO - Setting next_dagrun for latest_only_with_trigger to 2022-04-23T06:31:26.197233+00:00
[2022-04-23 10:31:26,205] {processor.py:171} INFO - Processing /home/airflow/.local/lib/python3.7/site-packages/airflow/example_dags/example_latest_only_with_trigger.py took 0.051 seconds
[2022-04-23 10:31:56,369] {processor.py:163} INFO - Started process (PID=675) to work on /home/airflow/.local/lib/python3.7/site-packages/airflow/example_dags/example_latest_only_with_trigger.py
[2022-04-23 10:31:56,370] {processor.py:642} INFO - Processing file /home/airflow/.local/lib/python3.7/site-packages/airflow/example_dags/example_latest_only_with_trigger.py for tasks to queue
[2022-04-23 10:31:56,371] {logging_mixin.py:109} INFO - [2022-04-23 10:31:56,371] {dagbag.py:500} INFO - Filling up the DagBag from /home/airflow/.local/lib/python3.7/site-packages/airflow/example_dags/example_latest_only_with_trigger.py
[2022-04-23 10:31:56,385] {processor.py:652} INFO - DAG(s) dict_keys(['latest_only_with_trigger']) retrieved from /home/airflow/.local/lib/python3.7/site-packages/airflow/example_dags/example_latest_only_with_trigger.py
[2022-04-23 10:31:56,404] {logging_mixin.py:109} INFO - [2022-04-23 10:31:56,404] {dag.py:2398} INFO - Sync 1 DAGs
[2022-04-23 10:31:56,418] {logging_mixin.py:109} INFO - [2022-04-23 10:31:56,417] {dag.py:2937} INFO - Setting next_dagrun for latest_only_with_trigger to 2022-04-23T06:31:56.417790+00:00
[2022-04-23 10:31:56,427] {processor.py:171} INFO - Processing /home/airflow/.local/lib/python3.7/site-packages/airflow/example_dags/example_latest_only_with_trigger.py took 0.060 seconds
[2022-04-23 10:32:26,624] {processor.py:163} INFO - Started process (PID=727) to work on /home/airflow/.local/lib/python3.7/site-packages/airflow/example_dags/example_latest_only_with_trigger.py
[2022-04-23 10:32:26,625] {processor.py:642} INFO - Processing file /home/airflow/.local/lib/python3.7/site-packages/airflow/example_dags/example_latest_only_with_trigger.py for tasks to queue
[2022-04-23 10:32:26,626] {logging_mixin.py:109} INFO - [2022-04-23 10:32:26,626] {dagbag.py:500} INFO - Filling up the DagBag from /home/airflow/.local/lib/python3.7/site-packages/airflow/example_dags/example_latest_only_with_trigger.py
[2022-04-23 10:32:26,636] {processor.py:652} INFO - DAG(s) dict_keys(['latest_only_with_trigger']) retrieved from /home/airflow/.local/lib/python3.7/site-packages/airflow/example_dags/example_latest_only_with_trigger.py
[2022-04-23 10:32:26,651] {logging_mixin.py:109} INFO - [2022-04-23 10:32:26,650] {dag.py:2398} INFO - Sync 1 DAGs
[2022-04-23 10:32:26,663] {logging_mixin.py:109} INFO - [2022-04-23 10:32:26,662] {dag.py:2937} INFO - Setting next_dagrun for latest_only_with_trigger to 2022-04-23T06:32:26.662750+00:00
[2022-04-23 10:32:26,681] {processor.py:171} INFO - Processing /home/airflow/.local/lib/python3.7/site-packages/airflow/example_dags/example_latest_only_with_trigger.py took 0.059 seconds
[2022-04-23 10:32:56,747] {processor.py:163} INFO - Started process (PID=786) to work on /home/airflow/.local/lib/python3.7/site-packages/airflow/example_dags/example_latest_only_with_trigger.py
[2022-04-23 10:32:56,748] {processor.py:642} INFO - Processing file /home/airflow/.local/lib/python3.7/site-packages/airflow/example_dags/example_latest_only_with_trigger.py for tasks to queue
[2022-04-23 10:32:56,749] {logging_mixin.py:109} INFO - [2022-04-23 10:32:56,749] {dagbag.py:500} INFO - Filling up the DagBag from /home/airflow/.local/lib/python3.7/site-packages/airflow/example_dags/example_latest_only_with_trigger.py
[2022-04-23 10:32:56,759] {processor.py:652} INFO - DAG(s) dict_keys(['latest_only_with_trigger']) retrieved from /home/airflow/.local/lib/python3.7/site-packages/airflow/example_dags/example_latest_only_with_trigger.py
[2022-04-23 10:32:56,774] {logging_mixin.py:109} INFO - [2022-04-23 10:32:56,773] {dag.py:2398} INFO - Sync 1 DAGs
[2022-04-23 10:32:56,786] {logging_mixin.py:109} INFO - [2022-04-23 10:32:56,786] {dag.py:2937} INFO - Setting next_dagrun for latest_only_with_trigger to 2022-04-23T06:32:56.786315+00:00
[2022-04-23 10:32:56,807] {processor.py:171} INFO - Processing /home/airflow/.local/lib/python3.7/site-packages/airflow/example_dags/example_latest_only_with_trigger.py took 0.061 seconds
[2022-04-23 10:33:27,007] {processor.py:163} INFO - Started process (PID=835) to work on /home/airflow/.local/lib/python3.7/site-packages/airflow/example_dags/example_latest_only_with_trigger.py
[2022-04-23 10:33:27,008] {processor.py:642} INFO - Processing file /home/airflow/.local/lib/python3.7/site-packages/airflow/example_dags/example_latest_only_with_trigger.py for tasks to queue
[2022-04-23 10:33:27,009] {logging_mixin.py:109} INFO - [2022-04-23 10:33:27,009] {dagbag.py:500} INFO - Filling up the DagBag from /home/airflow/.local/lib/python3.7/site-packages/airflow/example_dags/example_latest_only_with_trigger.py
[2022-04-23 10:33:27,018] {processor.py:652} INFO - DAG(s) dict_keys(['latest_only_with_trigger']) retrieved from /home/airflow/.local/lib/python3.7/site-packages/airflow/example_dags/example_latest_only_with_trigger.py
[2022-04-23 10:33:27,033] {logging_mixin.py:109} INFO - [2022-04-23 10:33:27,033] {dag.py:2398} INFO - Sync 1 DAGs
[2022-04-23 10:33:27,045] {logging_mixin.py:109} INFO - [2022-04-23 10:33:27,044] {dag.py:2937} INFO - Setting next_dagrun for latest_only_with_trigger to 2022-04-23T06:33:27.044820+00:00
[2022-04-23 10:33:27,064] {processor.py:171} INFO - Processing /home/airflow/.local/lib/python3.7/site-packages/airflow/example_dags/example_latest_only_with_trigger.py took 0.058 seconds
[2022-04-23 10:33:57,226] {processor.py:163} INFO - Started process (PID=894) to work on /home/airflow/.local/lib/python3.7/site-packages/airflow/example_dags/example_latest_only_with_trigger.py
[2022-04-23 10:33:57,227] {processor.py:642} INFO - Processing file /home/airflow/.local/lib/python3.7/site-packages/airflow/example_dags/example_latest_only_with_trigger.py for tasks to queue
[2022-04-23 10:33:57,228] {logging_mixin.py:109} INFO - [2022-04-23 10:33:57,228] {dagbag.py:500} INFO - Filling up the DagBag from /home/airflow/.local/lib/python3.7/site-packages/airflow/example_dags/example_latest_only_with_trigger.py
[2022-04-23 10:33:57,238] {processor.py:652} INFO - DAG(s) dict_keys(['latest_only_with_trigger']) retrieved from /home/airflow/.local/lib/python3.7/site-packages/airflow/example_dags/example_latest_only_with_trigger.py
[2022-04-23 10:33:57,252] {logging_mixin.py:109} INFO - [2022-04-23 10:33:57,252] {dag.py:2398} INFO - Sync 1 DAGs
[2022-04-23 10:33:57,266] {logging_mixin.py:109} INFO - [2022-04-23 10:33:57,265] {dag.py:2937} INFO - Setting next_dagrun for latest_only_with_trigger to 2022-04-23T06:33:57.265742+00:00
[2022-04-23 10:33:57,273] {processor.py:171} INFO - Processing /home/airflow/.local/lib/python3.7/site-packages/airflow/example_dags/example_latest_only_with_trigger.py took 0.048 seconds
[2022-04-23 10:34:27,646] {processor.py:163} INFO - Started process (PID=953) to work on /home/airflow/.local/lib/python3.7/site-packages/airflow/example_dags/example_latest_only_with_trigger.py
[2022-04-23 10:34:27,647] {processor.py:642} INFO - Processing file /home/airflow/.local/lib/python3.7/site-packages/airflow/example_dags/example_latest_only_with_trigger.py for tasks to queue
[2022-04-23 10:34:27,648] {logging_mixin.py:109} INFO - [2022-04-23 10:34:27,648] {dagbag.py:500} INFO - Filling up the DagBag from /home/airflow/.local/lib/python3.7/site-packages/airflow/example_dags/example_latest_only_with_trigger.py
[2022-04-23 10:34:27,659] {processor.py:652} INFO - DAG(s) dict_keys(['latest_only_with_trigger']) retrieved from /home/airflow/.local/lib/python3.7/site-packages/airflow/example_dags/example_latest_only_with_trigger.py
[2022-04-23 10:34:27,674] {logging_mixin.py:109} INFO - [2022-04-23 10:34:27,674] {dag.py:2398} INFO - Sync 1 DAGs
[2022-04-23 10:34:27,686] {logging_mixin.py:109} INFO - [2022-04-23 10:34:27,686] {dag.py:2937} INFO - Setting next_dagrun for latest_only_with_trigger to 2022-04-23T06:34:27.686105+00:00
[2022-04-23 10:34:27,705] {processor.py:171} INFO - Processing /home/airflow/.local/lib/python3.7/site-packages/airflow/example_dags/example_latest_only_with_trigger.py took 0.061 seconds
[2022-04-23 10:34:57,908] {processor.py:163} INFO - Started process (PID=1005) to work on /home/airflow/.local/lib/python3.7/site-packages/airflow/example_dags/example_latest_only_with_trigger.py
[2022-04-23 10:34:57,909] {processor.py:642} INFO - Processing file /home/airflow/.local/lib/python3.7/site-packages/airflow/example_dags/example_latest_only_with_trigger.py for tasks to queue
[2022-04-23 10:34:57,910] {logging_mixin.py:109} INFO - [2022-04-23 10:34:57,910] {dagbag.py:500} INFO - Filling up the DagBag from /home/airflow/.local/lib/python3.7/site-packages/airflow/example_dags/example_latest_only_with_trigger.py
[2022-04-23 10:34:57,921] {processor.py:652} INFO - DAG(s) dict_keys(['latest_only_with_trigger']) retrieved from /home/airflow/.local/lib/python3.7/site-packages/airflow/example_dags/example_latest_only_with_trigger.py
[2022-04-23 10:34:57,937] {logging_mixin.py:109} INFO - [2022-04-23 10:34:57,937] {dag.py:2398} INFO - Sync 1 DAGs
[2022-04-23 10:34:57,949] {logging_mixin.py:109} INFO - [2022-04-23 10:34:57,949] {dag.py:2937} INFO - Setting next_dagrun for latest_only_with_trigger to 2022-04-23T06:34:57.948851+00:00
[2022-04-23 10:34:57,967] {processor.py:171} INFO - Processing /home/airflow/.local/lib/python3.7/site-packages/airflow/example_dags/example_latest_only_with_trigger.py took 0.062 seconds
[2022-04-23 10:35:28,348] {processor.py:163} INFO - Started process (PID=1066) to work on /home/airflow/.local/lib/python3.7/site-packages/airflow/example_dags/example_latest_only_with_trigger.py
[2022-04-23 10:35:28,349] {processor.py:642} INFO - Processing file /home/airflow/.local/lib/python3.7/site-packages/airflow/example_dags/example_latest_only_with_trigger.py for tasks to queue
[2022-04-23 10:35:28,349] {logging_mixin.py:109} INFO - [2022-04-23 10:35:28,349] {dagbag.py:500} INFO - Filling up the DagBag from /home/airflow/.local/lib/python3.7/site-packages/airflow/example_dags/example_latest_only_with_trigger.py
[2022-04-23 10:35:28,360] {processor.py:652} INFO - DAG(s) dict_keys(['latest_only_with_trigger']) retrieved from /home/airflow/.local/lib/python3.7/site-packages/airflow/example_dags/example_latest_only_with_trigger.py
[2022-04-23 10:35:28,375] {logging_mixin.py:109} INFO - [2022-04-23 10:35:28,375] {dag.py:2398} INFO - Sync 1 DAGs
[2022-04-23 10:35:28,388] {logging_mixin.py:109} INFO - [2022-04-23 10:35:28,388] {dag.py:2937} INFO - Setting next_dagrun for latest_only_with_trigger to 2022-04-23T06:35:28.387902+00:00
[2022-04-23 10:35:28,395] {processor.py:171} INFO - Processing /home/airflow/.local/lib/python3.7/site-packages/airflow/example_dags/example_latest_only_with_trigger.py took 0.049 seconds
[2022-04-23 10:35:58,686] {processor.py:163} INFO - Started process (PID=1117) to work on /home/airflow/.local/lib/python3.7/site-packages/airflow/example_dags/example_latest_only_with_trigger.py
[2022-04-23 10:35:58,687] {processor.py:642} INFO - Processing file /home/airflow/.local/lib/python3.7/site-packages/airflow/example_dags/example_latest_only_with_trigger.py for tasks to queue
[2022-04-23 10:35:58,688] {logging_mixin.py:109} INFO - [2022-04-23 10:35:58,688] {dagbag.py:500} INFO - Filling up the DagBag from /home/airflow/.local/lib/python3.7/site-packages/airflow/example_dags/example_latest_only_with_trigger.py
[2022-04-23 10:35:58,698] {processor.py:652} INFO - DAG(s) dict_keys(['latest_only_with_trigger']) retrieved from /home/airflow/.local/lib/python3.7/site-packages/airflow/example_dags/example_latest_only_with_trigger.py
[2022-04-23 10:35:58,712] {logging_mixin.py:109} INFO - [2022-04-23 10:35:58,712] {dag.py:2398} INFO - Sync 1 DAGs
[2022-04-23 10:35:58,723] {logging_mixin.py:109} INFO - [2022-04-23 10:35:58,723] {dag.py:2937} INFO - Setting next_dagrun for latest_only_with_trigger to 2022-04-23T06:35:58.723468+00:00
[2022-04-23 10:35:58,731] {processor.py:171} INFO - Processing /home/airflow/.local/lib/python3.7/site-packages/airflow/example_dags/example_latest_only_with_trigger.py took 0.047 seconds
