[2022-04-23 10:30:48,340] {processor.py:163} INFO - Started process (PID=339) to work on /home/airflow/.local/lib/python3.7/site-packages/airflow/example_dags/example_branch_operator.py
[2022-04-23 10:30:48,341] {processor.py:642} INFO - Processing file /home/airflow/.local/lib/python3.7/site-packages/airflow/example_dags/example_branch_operator.py for tasks to queue
[2022-04-23 10:30:48,342] {logging_mixin.py:109} INFO - [2022-04-23 10:30:48,342] {dagbag.py:500} INFO - Filling up the DagBag from /home/airflow/.local/lib/python3.7/site-packages/airflow/example_dags/example_branch_operator.py
[2022-04-23 10:30:48,357] {processor.py:652} INFO - DAG(s) dict_keys(['example_branch_operator']) retrieved from /home/airflow/.local/lib/python3.7/site-packages/airflow/example_dags/example_branch_operator.py
[2022-04-23 10:30:49,692] {logging_mixin.py:109} INFO - [2022-04-23 10:30:49,692] {manager.py:496} INFO - Created Permission View: can read on DAG:example_branch_operator
[2022-04-23 10:30:49,697] {logging_mixin.py:109} INFO - [2022-04-23 10:30:49,697] {manager.py:496} INFO - Created Permission View: can edit on DAG:example_branch_operator
[2022-04-23 10:30:49,698] {logging_mixin.py:109} INFO - [2022-04-23 10:30:49,697] {dag.py:2398} INFO - Sync 1 DAGs
[2022-04-23 10:30:49,702] {logging_mixin.py:109} INFO - [2022-04-23 10:30:49,702] {dag.py:2417} INFO - Creating ORM DAG for example_branch_operator
[2022-04-23 10:30:49,709] {logging_mixin.py:109} INFO - [2022-04-23 10:30:49,709] {dag.py:2937} INFO - Setting next_dagrun for example_branch_operator to 2022-04-22 00:00:00+00:00
[2022-04-23 10:30:49,718] {processor.py:171} INFO - Processing /home/airflow/.local/lib/python3.7/site-packages/airflow/example_dags/example_branch_operator.py took 1.380 seconds
[2022-04-23 10:31:19,874] {processor.py:163} INFO - Started process (PID=603) to work on /home/airflow/.local/lib/python3.7/site-packages/airflow/example_dags/example_branch_operator.py
[2022-04-23 10:31:19,875] {processor.py:642} INFO - Processing file /home/airflow/.local/lib/python3.7/site-packages/airflow/example_dags/example_branch_operator.py for tasks to queue
[2022-04-23 10:31:19,876] {logging_mixin.py:109} INFO - [2022-04-23 10:31:19,876] {dagbag.py:500} INFO - Filling up the DagBag from /home/airflow/.local/lib/python3.7/site-packages/airflow/example_dags/example_branch_operator.py
[2022-04-23 10:31:19,898] {processor.py:652} INFO - DAG(s) dict_keys(['example_branch_operator']) retrieved from /home/airflow/.local/lib/python3.7/site-packages/airflow/example_dags/example_branch_operator.py
[2022-04-23 10:31:19,915] {logging_mixin.py:109} INFO - [2022-04-23 10:31:19,915] {dag.py:2398} INFO - Sync 1 DAGs
[2022-04-23 10:31:19,930] {logging_mixin.py:109} INFO - [2022-04-23 10:31:19,930] {dag.py:2937} INFO - Setting next_dagrun for example_branch_operator to 2022-04-22 00:00:00+00:00
[2022-04-23 10:31:19,940] {processor.py:171} INFO - Processing /home/airflow/.local/lib/python3.7/site-packages/airflow/example_dags/example_branch_operator.py took 0.068 seconds
[2022-04-23 10:31:50,035] {processor.py:163} INFO - Started process (PID=657) to work on /home/airflow/.local/lib/python3.7/site-packages/airflow/example_dags/example_branch_operator.py
[2022-04-23 10:31:50,036] {processor.py:642} INFO - Processing file /home/airflow/.local/lib/python3.7/site-packages/airflow/example_dags/example_branch_operator.py for tasks to queue
[2022-04-23 10:31:50,037] {logging_mixin.py:109} INFO - [2022-04-23 10:31:50,036] {dagbag.py:500} INFO - Filling up the DagBag from /home/airflow/.local/lib/python3.7/site-packages/airflow/example_dags/example_branch_operator.py
[2022-04-23 10:31:50,050] {processor.py:652} INFO - DAG(s) dict_keys(['example_branch_operator']) retrieved from /home/airflow/.local/lib/python3.7/site-packages/airflow/example_dags/example_branch_operator.py
[2022-04-23 10:31:50,064] {logging_mixin.py:109} INFO - [2022-04-23 10:31:50,064] {dag.py:2398} INFO - Sync 1 DAGs
[2022-04-23 10:31:50,076] {logging_mixin.py:109} INFO - [2022-04-23 10:31:50,076] {dag.py:2937} INFO - Setting next_dagrun for example_branch_operator to 2022-04-22 00:00:00+00:00
[2022-04-23 10:31:50,095] {processor.py:171} INFO - Processing /home/airflow/.local/lib/python3.7/site-packages/airflow/example_dags/example_branch_operator.py took 0.062 seconds
[2022-04-23 10:32:20,251] {processor.py:163} INFO - Started process (PID=718) to work on /home/airflow/.local/lib/python3.7/site-packages/airflow/example_dags/example_branch_operator.py
[2022-04-23 10:32:20,252] {processor.py:642} INFO - Processing file /home/airflow/.local/lib/python3.7/site-packages/airflow/example_dags/example_branch_operator.py for tasks to queue
[2022-04-23 10:32:20,252] {logging_mixin.py:109} INFO - [2022-04-23 10:32:20,252] {dagbag.py:500} INFO - Filling up the DagBag from /home/airflow/.local/lib/python3.7/site-packages/airflow/example_dags/example_branch_operator.py
[2022-04-23 10:32:20,264] {processor.py:652} INFO - DAG(s) dict_keys(['example_branch_operator']) retrieved from /home/airflow/.local/lib/python3.7/site-packages/airflow/example_dags/example_branch_operator.py
[2022-04-23 10:32:20,280] {logging_mixin.py:109} INFO - [2022-04-23 10:32:20,280] {dag.py:2398} INFO - Sync 1 DAGs
[2022-04-23 10:32:20,292] {logging_mixin.py:109} INFO - [2022-04-23 10:32:20,292] {dag.py:2937} INFO - Setting next_dagrun for example_branch_operator to 2022-04-22 00:00:00+00:00
[2022-04-23 10:32:20,299] {processor.py:171} INFO - Processing /home/airflow/.local/lib/python3.7/site-packages/airflow/example_dags/example_branch_operator.py took 0.050 seconds
[2022-04-23 10:32:50,481] {processor.py:163} INFO - Started process (PID=768) to work on /home/airflow/.local/lib/python3.7/site-packages/airflow/example_dags/example_branch_operator.py
[2022-04-23 10:32:50,482] {processor.py:642} INFO - Processing file /home/airflow/.local/lib/python3.7/site-packages/airflow/example_dags/example_branch_operator.py for tasks to queue
[2022-04-23 10:32:50,482] {logging_mixin.py:109} INFO - [2022-04-23 10:32:50,482] {dagbag.py:500} INFO - Filling up the DagBag from /home/airflow/.local/lib/python3.7/site-packages/airflow/example_dags/example_branch_operator.py
[2022-04-23 10:32:50,494] {processor.py:652} INFO - DAG(s) dict_keys(['example_branch_operator']) retrieved from /home/airflow/.local/lib/python3.7/site-packages/airflow/example_dags/example_branch_operator.py
[2022-04-23 10:32:50,508] {logging_mixin.py:109} INFO - [2022-04-23 10:32:50,508] {dag.py:2398} INFO - Sync 1 DAGs
[2022-04-23 10:32:50,519] {logging_mixin.py:109} INFO - [2022-04-23 10:32:50,519] {dag.py:2937} INFO - Setting next_dagrun for example_branch_operator to 2022-04-22 00:00:00+00:00
[2022-04-23 10:32:50,526] {processor.py:171} INFO - Processing /home/airflow/.local/lib/python3.7/site-packages/airflow/example_dags/example_branch_operator.py took 0.046 seconds
[2022-04-23 10:33:20,744] {processor.py:163} INFO - Started process (PID=827) to work on /home/airflow/.local/lib/python3.7/site-packages/airflow/example_dags/example_branch_operator.py
[2022-04-23 10:33:20,746] {processor.py:642} INFO - Processing file /home/airflow/.local/lib/python3.7/site-packages/airflow/example_dags/example_branch_operator.py for tasks to queue
[2022-04-23 10:33:20,747] {logging_mixin.py:109} INFO - [2022-04-23 10:33:20,746] {dagbag.py:500} INFO - Filling up the DagBag from /home/airflow/.local/lib/python3.7/site-packages/airflow/example_dags/example_branch_operator.py
[2022-04-23 10:33:20,758] {processor.py:652} INFO - DAG(s) dict_keys(['example_branch_operator']) retrieved from /home/airflow/.local/lib/python3.7/site-packages/airflow/example_dags/example_branch_operator.py
[2022-04-23 10:33:20,776] {logging_mixin.py:109} INFO - [2022-04-23 10:33:20,776] {dag.py:2398} INFO - Sync 1 DAGs
[2022-04-23 10:33:20,790] {logging_mixin.py:109} INFO - [2022-04-23 10:33:20,790] {dag.py:2937} INFO - Setting next_dagrun for example_branch_operator to 2022-04-22 00:00:00+00:00
[2022-04-23 10:33:20,799] {processor.py:171} INFO - Processing /home/airflow/.local/lib/python3.7/site-packages/airflow/example_dags/example_branch_operator.py took 0.056 seconds
[2022-04-23 10:33:51,000] {processor.py:163} INFO - Started process (PID=877) to work on /home/airflow/.local/lib/python3.7/site-packages/airflow/example_dags/example_branch_operator.py
[2022-04-23 10:33:51,001] {processor.py:642} INFO - Processing file /home/airflow/.local/lib/python3.7/site-packages/airflow/example_dags/example_branch_operator.py for tasks to queue
[2022-04-23 10:33:51,001] {logging_mixin.py:109} INFO - [2022-04-23 10:33:51,001] {dagbag.py:500} INFO - Filling up the DagBag from /home/airflow/.local/lib/python3.7/site-packages/airflow/example_dags/example_branch_operator.py
[2022-04-23 10:33:51,013] {processor.py:652} INFO - DAG(s) dict_keys(['example_branch_operator']) retrieved from /home/airflow/.local/lib/python3.7/site-packages/airflow/example_dags/example_branch_operator.py
[2022-04-23 10:33:51,029] {logging_mixin.py:109} INFO - [2022-04-23 10:33:51,029] {dag.py:2398} INFO - Sync 1 DAGs
[2022-04-23 10:33:51,040] {logging_mixin.py:109} INFO - [2022-04-23 10:33:51,040] {dag.py:2937} INFO - Setting next_dagrun for example_branch_operator to 2022-04-22 00:00:00+00:00
[2022-04-23 10:33:51,048] {processor.py:171} INFO - Processing /home/airflow/.local/lib/python3.7/site-packages/airflow/example_dags/example_branch_operator.py took 0.050 seconds
[2022-04-23 10:34:21,399] {processor.py:163} INFO - Started process (PID=936) to work on /home/airflow/.local/lib/python3.7/site-packages/airflow/example_dags/example_branch_operator.py
[2022-04-23 10:34:21,400] {processor.py:642} INFO - Processing file /home/airflow/.local/lib/python3.7/site-packages/airflow/example_dags/example_branch_operator.py for tasks to queue
[2022-04-23 10:34:21,400] {logging_mixin.py:109} INFO - [2022-04-23 10:34:21,400] {dagbag.py:500} INFO - Filling up the DagBag from /home/airflow/.local/lib/python3.7/site-packages/airflow/example_dags/example_branch_operator.py
[2022-04-23 10:34:21,413] {processor.py:652} INFO - DAG(s) dict_keys(['example_branch_operator']) retrieved from /home/airflow/.local/lib/python3.7/site-packages/airflow/example_dags/example_branch_operator.py
[2022-04-23 10:34:21,428] {logging_mixin.py:109} INFO - [2022-04-23 10:34:21,428] {dag.py:2398} INFO - Sync 1 DAGs
[2022-04-23 10:34:21,440] {logging_mixin.py:109} INFO - [2022-04-23 10:34:21,440] {dag.py:2937} INFO - Setting next_dagrun for example_branch_operator to 2022-04-22 00:00:00+00:00
[2022-04-23 10:34:21,458] {processor.py:171} INFO - Processing /home/airflow/.local/lib/python3.7/site-packages/airflow/example_dags/example_branch_operator.py took 0.061 seconds
[2022-04-23 10:34:51,694] {processor.py:163} INFO - Started process (PID=997) to work on /home/airflow/.local/lib/python3.7/site-packages/airflow/example_dags/example_branch_operator.py
[2022-04-23 10:34:51,695] {processor.py:642} INFO - Processing file /home/airflow/.local/lib/python3.7/site-packages/airflow/example_dags/example_branch_operator.py for tasks to queue
[2022-04-23 10:34:51,696] {logging_mixin.py:109} INFO - [2022-04-23 10:34:51,696] {dagbag.py:500} INFO - Filling up the DagBag from /home/airflow/.local/lib/python3.7/site-packages/airflow/example_dags/example_branch_operator.py
[2022-04-23 10:34:51,710] {processor.py:652} INFO - DAG(s) dict_keys(['example_branch_operator']) retrieved from /home/airflow/.local/lib/python3.7/site-packages/airflow/example_dags/example_branch_operator.py
[2022-04-23 10:34:51,726] {logging_mixin.py:109} INFO - [2022-04-23 10:34:51,726] {dag.py:2398} INFO - Sync 1 DAGs
[2022-04-23 10:34:51,738] {logging_mixin.py:109} INFO - [2022-04-23 10:34:51,738] {dag.py:2937} INFO - Setting next_dagrun for example_branch_operator to 2022-04-22 00:00:00+00:00
[2022-04-23 10:34:51,758] {processor.py:171} INFO - Processing /home/airflow/.local/lib/python3.7/site-packages/airflow/example_dags/example_branch_operator.py took 0.065 seconds
[2022-04-23 10:35:22,071] {processor.py:163} INFO - Started process (PID=1048) to work on /home/airflow/.local/lib/python3.7/site-packages/airflow/example_dags/example_branch_operator.py
[2022-04-23 10:35:22,073] {processor.py:642} INFO - Processing file /home/airflow/.local/lib/python3.7/site-packages/airflow/example_dags/example_branch_operator.py for tasks to queue
[2022-04-23 10:35:22,073] {logging_mixin.py:109} INFO - [2022-04-23 10:35:22,073] {dagbag.py:500} INFO - Filling up the DagBag from /home/airflow/.local/lib/python3.7/site-packages/airflow/example_dags/example_branch_operator.py
[2022-04-23 10:35:22,086] {processor.py:652} INFO - DAG(s) dict_keys(['example_branch_operator']) retrieved from /home/airflow/.local/lib/python3.7/site-packages/airflow/example_dags/example_branch_operator.py
[2022-04-23 10:35:22,101] {logging_mixin.py:109} INFO - [2022-04-23 10:35:22,101] {dag.py:2398} INFO - Sync 1 DAGs
[2022-04-23 10:35:22,114] {logging_mixin.py:109} INFO - [2022-04-23 10:35:22,114] {dag.py:2937} INFO - Setting next_dagrun for example_branch_operator to 2022-04-22 00:00:00+00:00
[2022-04-23 10:35:22,122] {processor.py:171} INFO - Processing /home/airflow/.local/lib/python3.7/site-packages/airflow/example_dags/example_branch_operator.py took 0.053 seconds
[2022-04-23 10:35:52,503] {processor.py:163} INFO - Started process (PID=1109) to work on /home/airflow/.local/lib/python3.7/site-packages/airflow/example_dags/example_branch_operator.py
[2022-04-23 10:35:52,504] {processor.py:642} INFO - Processing file /home/airflow/.local/lib/python3.7/site-packages/airflow/example_dags/example_branch_operator.py for tasks to queue
[2022-04-23 10:35:52,504] {logging_mixin.py:109} INFO - [2022-04-23 10:35:52,504] {dagbag.py:500} INFO - Filling up the DagBag from /home/airflow/.local/lib/python3.7/site-packages/airflow/example_dags/example_branch_operator.py
[2022-04-23 10:35:52,516] {processor.py:652} INFO - DAG(s) dict_keys(['example_branch_operator']) retrieved from /home/airflow/.local/lib/python3.7/site-packages/airflow/example_dags/example_branch_operator.py
[2022-04-23 10:35:52,531] {logging_mixin.py:109} INFO - [2022-04-23 10:35:52,531] {dag.py:2398} INFO - Sync 1 DAGs
[2022-04-23 10:35:52,543] {logging_mixin.py:109} INFO - [2022-04-23 10:35:52,543] {dag.py:2937} INFO - Setting next_dagrun for example_branch_operator to 2022-04-22 00:00:00+00:00
[2022-04-23 10:35:52,551] {processor.py:171} INFO - Processing /home/airflow/.local/lib/python3.7/site-packages/airflow/example_dags/example_branch_operator.py took 0.050 seconds
[2022-04-23 10:36:22,659] {processor.py:163} INFO - Started process (PID=1161) to work on /home/airflow/.local/lib/python3.7/site-packages/airflow/example_dags/example_branch_operator.py
[2022-04-23 10:36:22,660] {processor.py:642} INFO - Processing file /home/airflow/.local/lib/python3.7/site-packages/airflow/example_dags/example_branch_operator.py for tasks to queue
[2022-04-23 10:36:22,661] {logging_mixin.py:109} INFO - [2022-04-23 10:36:22,661] {dagbag.py:500} INFO - Filling up the DagBag from /home/airflow/.local/lib/python3.7/site-packages/airflow/example_dags/example_branch_operator.py
[2022-04-23 10:36:22,673] {processor.py:652} INFO - DAG(s) dict_keys(['example_branch_operator']) retrieved from /home/airflow/.local/lib/python3.7/site-packages/airflow/example_dags/example_branch_operator.py
[2022-04-23 10:36:22,688] {logging_mixin.py:109} INFO - [2022-04-23 10:36:22,688] {dag.py:2398} INFO - Sync 1 DAGs
[2022-04-23 10:36:22,701] {logging_mixin.py:109} INFO - [2022-04-23 10:36:22,701] {dag.py:2937} INFO - Setting next_dagrun for example_branch_operator to 2022-04-22 00:00:00+00:00
[2022-04-23 10:36:22,721] {processor.py:171} INFO - Processing /home/airflow/.local/lib/python3.7/site-packages/airflow/example_dags/example_branch_operator.py took 0.064 seconds
