[2022-04-23 10:30:56,739] {processor.py:163} INFO - Started process (PID=552) to work on /home/airflow/.local/lib/python3.7/site-packages/airflow/example_dags/example_xcomargs.py
[2022-04-23 10:30:56,740] {processor.py:642} INFO - Processing file /home/airflow/.local/lib/python3.7/site-packages/airflow/example_dags/example_xcomargs.py for tasks to queue
[2022-04-23 10:30:56,741] {logging_mixin.py:109} INFO - [2022-04-23 10:30:56,741] {dagbag.py:500} INFO - Filling up the DagBag from /home/airflow/.local/lib/python3.7/site-packages/airflow/example_dags/example_xcomargs.py
[2022-04-23 10:30:56,759] {processor.py:652} INFO - DAG(s) dict_keys(['example_xcom_args', 'example_xcom_args_with_operators']) retrieved from /home/airflow/.local/lib/python3.7/site-packages/airflow/example_dags/example_xcomargs.py
[2022-04-23 10:30:58,138] {logging_mixin.py:109} INFO - [2022-04-23 10:30:58,138] {manager.py:496} INFO - Created Permission View: can read on DAG:example_xcom_args
[2022-04-23 10:30:58,144] {logging_mixin.py:109} INFO - [2022-04-23 10:30:58,144] {manager.py:496} INFO - Created Permission View: can edit on DAG:example_xcom_args
[2022-04-23 10:30:58,156] {logging_mixin.py:109} INFO - [2022-04-23 10:30:58,156] {manager.py:496} INFO - Created Permission View: can read on DAG:example_xcom_args_with_operators
[2022-04-23 10:30:58,161] {logging_mixin.py:109} INFO - [2022-04-23 10:30:58,161] {manager.py:496} INFO - Created Permission View: can edit on DAG:example_xcom_args_with_operators
[2022-04-23 10:30:58,162] {logging_mixin.py:109} INFO - [2022-04-23 10:30:58,162] {dag.py:2398} INFO - Sync 2 DAGs
[2022-04-23 10:30:58,167] {logging_mixin.py:109} INFO - [2022-04-23 10:30:58,167] {dag.py:2417} INFO - Creating ORM DAG for example_xcom_args_with_operators
[2022-04-23 10:30:58,168] {logging_mixin.py:109} INFO - [2022-04-23 10:30:58,168] {dag.py:2417} INFO - Creating ORM DAG for example_xcom_args
[2022-04-23 10:30:58,173] {logging_mixin.py:109} INFO - [2022-04-23 10:30:58,173] {dag.py:2937} INFO - Setting next_dagrun for example_xcom_args to None
[2022-04-23 10:30:58,174] {logging_mixin.py:109} INFO - [2022-04-23 10:30:58,174] {dag.py:2937} INFO - Setting next_dagrun for example_xcom_args_with_operators to None
[2022-04-23 10:30:58,182] {processor.py:171} INFO - Processing /home/airflow/.local/lib/python3.7/site-packages/airflow/example_dags/example_xcomargs.py took 1.445 seconds
[2022-04-23 10:31:28,235] {processor.py:163} INFO - Started process (PID=618) to work on /home/airflow/.local/lib/python3.7/site-packages/airflow/example_dags/example_xcomargs.py
[2022-04-23 10:31:28,236] {processor.py:642} INFO - Processing file /home/airflow/.local/lib/python3.7/site-packages/airflow/example_dags/example_xcomargs.py for tasks to queue
[2022-04-23 10:31:28,237] {logging_mixin.py:109} INFO - [2022-04-23 10:31:28,237] {dagbag.py:500} INFO - Filling up the DagBag from /home/airflow/.local/lib/python3.7/site-packages/airflow/example_dags/example_xcomargs.py
[2022-04-23 10:31:28,255] {processor.py:652} INFO - DAG(s) dict_keys(['example_xcom_args', 'example_xcom_args_with_operators']) retrieved from /home/airflow/.local/lib/python3.7/site-packages/airflow/example_dags/example_xcomargs.py
[2022-04-23 10:31:28,488] {logging_mixin.py:109} INFO - [2022-04-23 10:31:28,488] {dag.py:2398} INFO - Sync 2 DAGs
[2022-04-23 10:31:28,498] {logging_mixin.py:109} INFO - [2022-04-23 10:31:28,498] {dag.py:2937} INFO - Setting next_dagrun for example_xcom_args to None
[2022-04-23 10:31:28,499] {logging_mixin.py:109} INFO - [2022-04-23 10:31:28,499] {dag.py:2937} INFO - Setting next_dagrun for example_xcom_args_with_operators to None
[2022-04-23 10:31:28,506] {processor.py:171} INFO - Processing /home/airflow/.local/lib/python3.7/site-packages/airflow/example_dags/example_xcomargs.py took 0.273 seconds
[2022-04-23 10:31:59,508] {processor.py:163} INFO - Started process (PID=681) to work on /home/airflow/.local/lib/python3.7/site-packages/airflow/example_dags/example_xcomargs.py
[2022-04-23 10:31:59,509] {processor.py:642} INFO - Processing file /home/airflow/.local/lib/python3.7/site-packages/airflow/example_dags/example_xcomargs.py for tasks to queue
[2022-04-23 10:31:59,510] {logging_mixin.py:109} INFO - [2022-04-23 10:31:59,510] {dagbag.py:500} INFO - Filling up the DagBag from /home/airflow/.local/lib/python3.7/site-packages/airflow/example_dags/example_xcomargs.py
[2022-04-23 10:31:59,527] {processor.py:652} INFO - DAG(s) dict_keys(['example_xcom_args', 'example_xcom_args_with_operators']) retrieved from /home/airflow/.local/lib/python3.7/site-packages/airflow/example_dags/example_xcomargs.py
[2022-04-23 10:31:59,751] {logging_mixin.py:109} INFO - [2022-04-23 10:31:59,751] {dag.py:2398} INFO - Sync 2 DAGs
[2022-04-23 10:31:59,762] {logging_mixin.py:109} INFO - [2022-04-23 10:31:59,762] {dag.py:2937} INFO - Setting next_dagrun for example_xcom_args to None
[2022-04-23 10:31:59,763] {logging_mixin.py:109} INFO - [2022-04-23 10:31:59,763] {dag.py:2937} INFO - Setting next_dagrun for example_xcom_args_with_operators to None
[2022-04-23 10:31:59,782] {processor.py:171} INFO - Processing /home/airflow/.local/lib/python3.7/site-packages/airflow/example_dags/example_xcomargs.py took 0.276 seconds
[2022-04-23 10:32:30,762] {processor.py:163} INFO - Started process (PID=742) to work on /home/airflow/.local/lib/python3.7/site-packages/airflow/example_dags/example_xcomargs.py
[2022-04-23 10:32:30,763] {processor.py:642} INFO - Processing file /home/airflow/.local/lib/python3.7/site-packages/airflow/example_dags/example_xcomargs.py for tasks to queue
[2022-04-23 10:32:30,764] {logging_mixin.py:109} INFO - [2022-04-23 10:32:30,764] {dagbag.py:500} INFO - Filling up the DagBag from /home/airflow/.local/lib/python3.7/site-packages/airflow/example_dags/example_xcomargs.py
[2022-04-23 10:32:30,778] {processor.py:652} INFO - DAG(s) dict_keys(['example_xcom_args', 'example_xcom_args_with_operators']) retrieved from /home/airflow/.local/lib/python3.7/site-packages/airflow/example_dags/example_xcomargs.py
[2022-04-23 10:32:31,040] {logging_mixin.py:109} INFO - [2022-04-23 10:32:31,040] {dag.py:2398} INFO - Sync 2 DAGs
[2022-04-23 10:32:31,051] {logging_mixin.py:109} INFO - [2022-04-23 10:32:31,051] {dag.py:2937} INFO - Setting next_dagrun for example_xcom_args to None
[2022-04-23 10:32:31,052] {logging_mixin.py:109} INFO - [2022-04-23 10:32:31,052] {dag.py:2937} INFO - Setting next_dagrun for example_xcom_args_with_operators to None
[2022-04-23 10:32:31,073] {processor.py:171} INFO - Processing /home/airflow/.local/lib/python3.7/site-packages/airflow/example_dags/example_xcomargs.py took 0.312 seconds
[2022-04-23 10:33:02,009] {processor.py:163} INFO - Started process (PID=792) to work on /home/airflow/.local/lib/python3.7/site-packages/airflow/example_dags/example_xcomargs.py
[2022-04-23 10:33:02,010] {processor.py:642} INFO - Processing file /home/airflow/.local/lib/python3.7/site-packages/airflow/example_dags/example_xcomargs.py for tasks to queue
[2022-04-23 10:33:02,011] {logging_mixin.py:109} INFO - [2022-04-23 10:33:02,011] {dagbag.py:500} INFO - Filling up the DagBag from /home/airflow/.local/lib/python3.7/site-packages/airflow/example_dags/example_xcomargs.py
[2022-04-23 10:33:02,026] {processor.py:652} INFO - DAG(s) dict_keys(['example_xcom_args', 'example_xcom_args_with_operators']) retrieved from /home/airflow/.local/lib/python3.7/site-packages/airflow/example_dags/example_xcomargs.py
[2022-04-23 10:33:02,246] {logging_mixin.py:109} INFO - [2022-04-23 10:33:02,245] {dag.py:2398} INFO - Sync 2 DAGs
[2022-04-23 10:33:02,257] {logging_mixin.py:109} INFO - [2022-04-23 10:33:02,256] {dag.py:2937} INFO - Setting next_dagrun for example_xcom_args to None
[2022-04-23 10:33:02,257] {logging_mixin.py:109} INFO - [2022-04-23 10:33:02,257] {dag.py:2937} INFO - Setting next_dagrun for example_xcom_args_with_operators to None
[2022-04-23 10:33:02,266] {processor.py:171} INFO - Processing /home/airflow/.local/lib/python3.7/site-packages/airflow/example_dags/example_xcomargs.py took 0.259 seconds
[2022-04-23 10:33:33,174] {processor.py:163} INFO - Started process (PID=851) to work on /home/airflow/.local/lib/python3.7/site-packages/airflow/example_dags/example_xcomargs.py
[2022-04-23 10:33:33,174] {processor.py:642} INFO - Processing file /home/airflow/.local/lib/python3.7/site-packages/airflow/example_dags/example_xcomargs.py for tasks to queue
[2022-04-23 10:33:33,175] {logging_mixin.py:109} INFO - [2022-04-23 10:33:33,175] {dagbag.py:500} INFO - Filling up the DagBag from /home/airflow/.local/lib/python3.7/site-packages/airflow/example_dags/example_xcomargs.py
[2022-04-23 10:33:33,189] {processor.py:652} INFO - DAG(s) dict_keys(['example_xcom_args', 'example_xcom_args_with_operators']) retrieved from /home/airflow/.local/lib/python3.7/site-packages/airflow/example_dags/example_xcomargs.py
[2022-04-23 10:33:33,397] {logging_mixin.py:109} INFO - [2022-04-23 10:33:33,397] {dag.py:2398} INFO - Sync 2 DAGs
[2022-04-23 10:33:33,407] {logging_mixin.py:109} INFO - [2022-04-23 10:33:33,407] {dag.py:2937} INFO - Setting next_dagrun for example_xcom_args to None
[2022-04-23 10:33:33,407] {logging_mixin.py:109} INFO - [2022-04-23 10:33:33,407] {dag.py:2937} INFO - Setting next_dagrun for example_xcom_args_with_operators to None
[2022-04-23 10:33:33,416] {processor.py:171} INFO - Processing /home/airflow/.local/lib/python3.7/site-packages/airflow/example_dags/example_xcomargs.py took 0.245 seconds
[2022-04-23 10:34:03,492] {processor.py:163} INFO - Started process (PID=901) to work on /home/airflow/.local/lib/python3.7/site-packages/airflow/example_dags/example_xcomargs.py
[2022-04-23 10:34:03,494] {processor.py:642} INFO - Processing file /home/airflow/.local/lib/python3.7/site-packages/airflow/example_dags/example_xcomargs.py for tasks to queue
[2022-04-23 10:34:03,495] {logging_mixin.py:109} INFO - [2022-04-23 10:34:03,495] {dagbag.py:500} INFO - Filling up the DagBag from /home/airflow/.local/lib/python3.7/site-packages/airflow/example_dags/example_xcomargs.py
[2022-04-23 10:34:03,512] {processor.py:652} INFO - DAG(s) dict_keys(['example_xcom_args', 'example_xcom_args_with_operators']) retrieved from /home/airflow/.local/lib/python3.7/site-packages/airflow/example_dags/example_xcomargs.py
[2022-04-23 10:34:03,752] {logging_mixin.py:109} INFO - [2022-04-23 10:34:03,752] {dag.py:2398} INFO - Sync 2 DAGs
[2022-04-23 10:34:03,762] {logging_mixin.py:109} INFO - [2022-04-23 10:34:03,761] {dag.py:2937} INFO - Setting next_dagrun for example_xcom_args to None
[2022-04-23 10:34:03,762] {logging_mixin.py:109} INFO - [2022-04-23 10:34:03,762] {dag.py:2937} INFO - Setting next_dagrun for example_xcom_args_with_operators to None
[2022-04-23 10:34:03,782] {processor.py:171} INFO - Processing /home/airflow/.local/lib/python3.7/site-packages/airflow/example_dags/example_xcomargs.py took 0.292 seconds
[2022-04-23 10:34:33,889] {processor.py:163} INFO - Started process (PID=960) to work on /home/airflow/.local/lib/python3.7/site-packages/airflow/example_dags/example_xcomargs.py
[2022-04-23 10:34:33,890] {processor.py:642} INFO - Processing file /home/airflow/.local/lib/python3.7/site-packages/airflow/example_dags/example_xcomargs.py for tasks to queue
[2022-04-23 10:34:33,891] {logging_mixin.py:109} INFO - [2022-04-23 10:34:33,891] {dagbag.py:500} INFO - Filling up the DagBag from /home/airflow/.local/lib/python3.7/site-packages/airflow/example_dags/example_xcomargs.py
[2022-04-23 10:34:33,908] {processor.py:652} INFO - DAG(s) dict_keys(['example_xcom_args', 'example_xcom_args_with_operators']) retrieved from /home/airflow/.local/lib/python3.7/site-packages/airflow/example_dags/example_xcomargs.py
[2022-04-23 10:34:34,138] {logging_mixin.py:109} INFO - [2022-04-23 10:34:34,138] {dag.py:2398} INFO - Sync 2 DAGs
[2022-04-23 10:34:34,148] {logging_mixin.py:109} INFO - [2022-04-23 10:34:34,148] {dag.py:2937} INFO - Setting next_dagrun for example_xcom_args to None
[2022-04-23 10:34:34,149] {logging_mixin.py:109} INFO - [2022-04-23 10:34:34,149] {dag.py:2937} INFO - Setting next_dagrun for example_xcom_args_with_operators to None
[2022-04-23 10:34:34,168] {processor.py:171} INFO - Processing /home/airflow/.local/lib/python3.7/site-packages/airflow/example_dags/example_xcomargs.py took 0.281 seconds
[2022-04-23 10:35:05,190] {processor.py:163} INFO - Started process (PID=1021) to work on /home/airflow/.local/lib/python3.7/site-packages/airflow/example_dags/example_xcomargs.py
[2022-04-23 10:35:05,191] {processor.py:642} INFO - Processing file /home/airflow/.local/lib/python3.7/site-packages/airflow/example_dags/example_xcomargs.py for tasks to queue
[2022-04-23 10:35:05,191] {logging_mixin.py:109} INFO - [2022-04-23 10:35:05,191] {dagbag.py:500} INFO - Filling up the DagBag from /home/airflow/.local/lib/python3.7/site-packages/airflow/example_dags/example_xcomargs.py
[2022-04-23 10:35:05,205] {processor.py:652} INFO - DAG(s) dict_keys(['example_xcom_args', 'example_xcom_args_with_operators']) retrieved from /home/airflow/.local/lib/python3.7/site-packages/airflow/example_dags/example_xcomargs.py
[2022-04-23 10:35:05,416] {logging_mixin.py:109} INFO - [2022-04-23 10:35:05,416] {dag.py:2398} INFO - Sync 2 DAGs
[2022-04-23 10:35:05,425] {logging_mixin.py:109} INFO - [2022-04-23 10:35:05,425] {dag.py:2937} INFO - Setting next_dagrun for example_xcom_args to None
[2022-04-23 10:35:05,426] {logging_mixin.py:109} INFO - [2022-04-23 10:35:05,426] {dag.py:2937} INFO - Setting next_dagrun for example_xcom_args_with_operators to None
[2022-04-23 10:35:05,445] {processor.py:171} INFO - Processing /home/airflow/.local/lib/python3.7/site-packages/airflow/example_dags/example_xcomargs.py took 0.257 seconds
[2022-04-23 10:35:35,581] {processor.py:163} INFO - Started process (PID=1073) to work on /home/airflow/.local/lib/python3.7/site-packages/airflow/example_dags/example_xcomargs.py
[2022-04-23 10:35:35,582] {processor.py:642} INFO - Processing file /home/airflow/.local/lib/python3.7/site-packages/airflow/example_dags/example_xcomargs.py for tasks to queue
[2022-04-23 10:35:35,583] {logging_mixin.py:109} INFO - [2022-04-23 10:35:35,583] {dagbag.py:500} INFO - Filling up the DagBag from /home/airflow/.local/lib/python3.7/site-packages/airflow/example_dags/example_xcomargs.py
[2022-04-23 10:35:35,597] {processor.py:652} INFO - DAG(s) dict_keys(['example_xcom_args', 'example_xcom_args_with_operators']) retrieved from /home/airflow/.local/lib/python3.7/site-packages/airflow/example_dags/example_xcomargs.py
[2022-04-23 10:35:35,816] {logging_mixin.py:109} INFO - [2022-04-23 10:35:35,816] {dag.py:2398} INFO - Sync 2 DAGs
[2022-04-23 10:35:35,826] {logging_mixin.py:109} INFO - [2022-04-23 10:35:35,826] {dag.py:2937} INFO - Setting next_dagrun for example_xcom_args to None
[2022-04-23 10:35:35,826] {logging_mixin.py:109} INFO - [2022-04-23 10:35:35,826] {dag.py:2937} INFO - Setting next_dagrun for example_xcom_args_with_operators to None
[2022-04-23 10:35:35,847] {processor.py:171} INFO - Processing /home/airflow/.local/lib/python3.7/site-packages/airflow/example_dags/example_xcomargs.py took 0.268 seconds
[2022-04-23 10:36:05,888] {processor.py:163} INFO - Started process (PID=1134) to work on /home/airflow/.local/lib/python3.7/site-packages/airflow/example_dags/example_xcomargs.py
[2022-04-23 10:36:05,889] {processor.py:642} INFO - Processing file /home/airflow/.local/lib/python3.7/site-packages/airflow/example_dags/example_xcomargs.py for tasks to queue
[2022-04-23 10:36:05,890] {logging_mixin.py:109} INFO - [2022-04-23 10:36:05,890] {dagbag.py:500} INFO - Filling up the DagBag from /home/airflow/.local/lib/python3.7/site-packages/airflow/example_dags/example_xcomargs.py
[2022-04-23 10:36:05,905] {processor.py:652} INFO - DAG(s) dict_keys(['example_xcom_args', 'example_xcom_args_with_operators']) retrieved from /home/airflow/.local/lib/python3.7/site-packages/airflow/example_dags/example_xcomargs.py
[2022-04-23 10:36:06,118] {logging_mixin.py:109} INFO - [2022-04-23 10:36:06,118] {dag.py:2398} INFO - Sync 2 DAGs
[2022-04-23 10:36:06,128] {logging_mixin.py:109} INFO - [2022-04-23 10:36:06,128] {dag.py:2937} INFO - Setting next_dagrun for example_xcom_args to None
[2022-04-23 10:36:06,128] {logging_mixin.py:109} INFO - [2022-04-23 10:36:06,128] {dag.py:2937} INFO - Setting next_dagrun for example_xcom_args_with_operators to None
[2022-04-23 10:36:06,148] {processor.py:171} INFO - Processing /home/airflow/.local/lib/python3.7/site-packages/airflow/example_dags/example_xcomargs.py took 0.262 seconds
