[2022-04-23 10:30:38,939] {processor.py:163} INFO - Started process (PID=126) to work on /home/airflow/.local/lib/python3.7/site-packages/airflow/example_dags/example_dag_decorator.py
[2022-04-23 10:30:38,940] {processor.py:642} INFO - Processing file /home/airflow/.local/lib/python3.7/site-packages/airflow/example_dags/example_dag_decorator.py for tasks to queue
[2022-04-23 10:30:38,941] {logging_mixin.py:109} INFO - [2022-04-23 10:30:38,941] {dagbag.py:500} INFO - Filling up the DagBag from /home/airflow/.local/lib/python3.7/site-packages/airflow/example_dags/example_dag_decorator.py
[2022-04-23 10:30:38,966] {processor.py:652} INFO - DAG(s) dict_keys(['example_dag_decorator']) retrieved from /home/airflow/.local/lib/python3.7/site-packages/airflow/example_dags/example_dag_decorator.py
[2022-04-23 10:30:40,463] {logging_mixin.py:109} INFO - [2022-04-23 10:30:40,462] {manager.py:496} INFO - Created Permission View: can read on DAG:example_dag_decorator
[2022-04-23 10:30:40,469] {logging_mixin.py:109} INFO - [2022-04-23 10:30:40,469] {manager.py:496} INFO - Created Permission View: can edit on DAG:example_dag_decorator
[2022-04-23 10:30:40,469] {logging_mixin.py:109} INFO - [2022-04-23 10:30:40,469] {dag.py:2398} INFO - Sync 1 DAGs
[2022-04-23 10:30:40,476] {logging_mixin.py:109} INFO - [2022-04-23 10:30:40,476] {dag.py:2417} INFO - Creating ORM DAG for example_dag_decorator
[2022-04-23 10:30:40,484] {logging_mixin.py:109} INFO - [2022-04-23 10:30:40,483] {dag.py:2937} INFO - Setting next_dagrun for example_dag_decorator to None
[2022-04-23 10:30:40,494] {processor.py:171} INFO - Processing /home/airflow/.local/lib/python3.7/site-packages/airflow/example_dags/example_dag_decorator.py took 1.557 seconds
[2022-04-23 10:31:11,456] {processor.py:163} INFO - Started process (PID=585) to work on /home/airflow/.local/lib/python3.7/site-packages/airflow/example_dags/example_dag_decorator.py
[2022-04-23 10:31:11,457] {processor.py:642} INFO - Processing file /home/airflow/.local/lib/python3.7/site-packages/airflow/example_dags/example_dag_decorator.py for tasks to queue
[2022-04-23 10:31:11,458] {logging_mixin.py:109} INFO - [2022-04-23 10:31:11,458] {dagbag.py:500} INFO - Filling up the DagBag from /home/airflow/.local/lib/python3.7/site-packages/airflow/example_dags/example_dag_decorator.py
[2022-04-23 10:31:11,476] {processor.py:652} INFO - DAG(s) dict_keys(['example_dag_decorator']) retrieved from /home/airflow/.local/lib/python3.7/site-packages/airflow/example_dags/example_dag_decorator.py
[2022-04-23 10:31:11,714] {logging_mixin.py:109} INFO - [2022-04-23 10:31:11,714] {dag.py:2398} INFO - Sync 1 DAGs
[2022-04-23 10:31:11,725] {logging_mixin.py:109} INFO - [2022-04-23 10:31:11,725] {dag.py:2937} INFO - Setting next_dagrun for example_dag_decorator to None
[2022-04-23 10:31:11,746] {processor.py:171} INFO - Processing /home/airflow/.local/lib/python3.7/site-packages/airflow/example_dags/example_dag_decorator.py took 0.292 seconds
[2022-04-23 10:31:42,660] {processor.py:163} INFO - Started process (PID=637) to work on /home/airflow/.local/lib/python3.7/site-packages/airflow/example_dags/example_dag_decorator.py
[2022-04-23 10:31:42,661] {processor.py:642} INFO - Processing file /home/airflow/.local/lib/python3.7/site-packages/airflow/example_dags/example_dag_decorator.py for tasks to queue
[2022-04-23 10:31:42,662] {logging_mixin.py:109} INFO - [2022-04-23 10:31:42,662] {dagbag.py:500} INFO - Filling up the DagBag from /home/airflow/.local/lib/python3.7/site-packages/airflow/example_dags/example_dag_decorator.py
[2022-04-23 10:31:42,679] {processor.py:652} INFO - DAG(s) dict_keys(['example_dag_decorator']) retrieved from /home/airflow/.local/lib/python3.7/site-packages/airflow/example_dags/example_dag_decorator.py
[2022-04-23 10:31:42,899] {logging_mixin.py:109} INFO - [2022-04-23 10:31:42,899] {dag.py:2398} INFO - Sync 1 DAGs
[2022-04-23 10:31:42,909] {logging_mixin.py:109} INFO - [2022-04-23 10:31:42,909] {dag.py:2937} INFO - Setting next_dagrun for example_dag_decorator to None
[2022-04-23 10:31:42,916] {processor.py:171} INFO - Processing /home/airflow/.local/lib/python3.7/site-packages/airflow/example_dags/example_dag_decorator.py took 0.257 seconds
[2022-04-23 10:32:13,015] {processor.py:163} INFO - Started process (PID=699) to work on /home/airflow/.local/lib/python3.7/site-packages/airflow/example_dags/example_dag_decorator.py
[2022-04-23 10:32:13,016] {processor.py:642} INFO - Processing file /home/airflow/.local/lib/python3.7/site-packages/airflow/example_dags/example_dag_decorator.py for tasks to queue
[2022-04-23 10:32:13,017] {logging_mixin.py:109} INFO - [2022-04-23 10:32:13,017] {dagbag.py:500} INFO - Filling up the DagBag from /home/airflow/.local/lib/python3.7/site-packages/airflow/example_dags/example_dag_decorator.py
[2022-04-23 10:32:13,032] {processor.py:652} INFO - DAG(s) dict_keys(['example_dag_decorator']) retrieved from /home/airflow/.local/lib/python3.7/site-packages/airflow/example_dags/example_dag_decorator.py
[2022-04-23 10:32:13,261] {logging_mixin.py:109} INFO - [2022-04-23 10:32:13,261] {dag.py:2398} INFO - Sync 1 DAGs
[2022-04-23 10:32:13,270] {logging_mixin.py:109} INFO - [2022-04-23 10:32:13,270] {dag.py:2937} INFO - Setting next_dagrun for example_dag_decorator to None
[2022-04-23 10:32:13,278] {processor.py:171} INFO - Processing /home/airflow/.local/lib/python3.7/site-packages/airflow/example_dags/example_dag_decorator.py took 0.265 seconds
[2022-04-23 10:32:43,313] {processor.py:163} INFO - Started process (PID=759) to work on /home/airflow/.local/lib/python3.7/site-packages/airflow/example_dags/example_dag_decorator.py
[2022-04-23 10:32:43,314] {processor.py:642} INFO - Processing file /home/airflow/.local/lib/python3.7/site-packages/airflow/example_dags/example_dag_decorator.py for tasks to queue
[2022-04-23 10:32:43,315] {logging_mixin.py:109} INFO - [2022-04-23 10:32:43,315] {dagbag.py:500} INFO - Filling up the DagBag from /home/airflow/.local/lib/python3.7/site-packages/airflow/example_dags/example_dag_decorator.py
[2022-04-23 10:32:43,331] {processor.py:652} INFO - DAG(s) dict_keys(['example_dag_decorator']) retrieved from /home/airflow/.local/lib/python3.7/site-packages/airflow/example_dags/example_dag_decorator.py
[2022-04-23 10:32:43,559] {logging_mixin.py:109} INFO - [2022-04-23 10:32:43,559] {dag.py:2398} INFO - Sync 1 DAGs
[2022-04-23 10:32:43,570] {logging_mixin.py:109} INFO - [2022-04-23 10:32:43,570] {dag.py:2937} INFO - Setting next_dagrun for example_dag_decorator to None
[2022-04-23 10:32:43,588] {processor.py:171} INFO - Processing /home/airflow/.local/lib/python3.7/site-packages/airflow/example_dags/example_dag_decorator.py took 0.277 seconds
[2022-04-23 10:33:14,404] {processor.py:163} INFO - Started process (PID=809) to work on /home/airflow/.local/lib/python3.7/site-packages/airflow/example_dags/example_dag_decorator.py
[2022-04-23 10:33:14,405] {processor.py:642} INFO - Processing file /home/airflow/.local/lib/python3.7/site-packages/airflow/example_dags/example_dag_decorator.py for tasks to queue
[2022-04-23 10:33:14,406] {logging_mixin.py:109} INFO - [2022-04-23 10:33:14,406] {dagbag.py:500} INFO - Filling up the DagBag from /home/airflow/.local/lib/python3.7/site-packages/airflow/example_dags/example_dag_decorator.py
[2022-04-23 10:33:14,421] {processor.py:652} INFO - DAG(s) dict_keys(['example_dag_decorator']) retrieved from /home/airflow/.local/lib/python3.7/site-packages/airflow/example_dags/example_dag_decorator.py
[2022-04-23 10:33:14,632] {logging_mixin.py:109} INFO - [2022-04-23 10:33:14,632] {dag.py:2398} INFO - Sync 1 DAGs
[2022-04-23 10:33:14,642] {logging_mixin.py:109} INFO - [2022-04-23 10:33:14,642] {dag.py:2937} INFO - Setting next_dagrun for example_dag_decorator to None
[2022-04-23 10:33:14,649] {processor.py:171} INFO - Processing /home/airflow/.local/lib/python3.7/site-packages/airflow/example_dags/example_dag_decorator.py took 0.246 seconds
[2022-04-23 10:33:44,704] {processor.py:163} INFO - Started process (PID=868) to work on /home/airflow/.local/lib/python3.7/site-packages/airflow/example_dags/example_dag_decorator.py
[2022-04-23 10:33:44,705] {processor.py:642} INFO - Processing file /home/airflow/.local/lib/python3.7/site-packages/airflow/example_dags/example_dag_decorator.py for tasks to queue
[2022-04-23 10:33:44,705] {logging_mixin.py:109} INFO - [2022-04-23 10:33:44,705] {dagbag.py:500} INFO - Filling up the DagBag from /home/airflow/.local/lib/python3.7/site-packages/airflow/example_dags/example_dag_decorator.py
[2022-04-23 10:33:44,721] {processor.py:652} INFO - DAG(s) dict_keys(['example_dag_decorator']) retrieved from /home/airflow/.local/lib/python3.7/site-packages/airflow/example_dags/example_dag_decorator.py
[2022-04-23 10:33:44,930] {logging_mixin.py:109} INFO - [2022-04-23 10:33:44,930] {dag.py:2398} INFO - Sync 1 DAGs
[2022-04-23 10:33:44,940] {logging_mixin.py:109} INFO - [2022-04-23 10:33:44,940] {dag.py:2937} INFO - Setting next_dagrun for example_dag_decorator to None
[2022-04-23 10:33:44,948] {processor.py:171} INFO - Processing /home/airflow/.local/lib/python3.7/site-packages/airflow/example_dags/example_dag_decorator.py took 0.246 seconds
[2022-04-23 10:34:15,038] {processor.py:163} INFO - Started process (PID=918) to work on /home/airflow/.local/lib/python3.7/site-packages/airflow/example_dags/example_dag_decorator.py
[2022-04-23 10:34:15,039] {processor.py:642} INFO - Processing file /home/airflow/.local/lib/python3.7/site-packages/airflow/example_dags/example_dag_decorator.py for tasks to queue
[2022-04-23 10:34:15,039] {logging_mixin.py:109} INFO - [2022-04-23 10:34:15,039] {dagbag.py:500} INFO - Filling up the DagBag from /home/airflow/.local/lib/python3.7/site-packages/airflow/example_dags/example_dag_decorator.py
[2022-04-23 10:34:15,055] {processor.py:652} INFO - DAG(s) dict_keys(['example_dag_decorator']) retrieved from /home/airflow/.local/lib/python3.7/site-packages/airflow/example_dags/example_dag_decorator.py
[2022-04-23 10:34:15,292] {logging_mixin.py:109} INFO - [2022-04-23 10:34:15,292] {dag.py:2398} INFO - Sync 1 DAGs
[2022-04-23 10:34:15,303] {logging_mixin.py:109} INFO - [2022-04-23 10:34:15,303] {dag.py:2937} INFO - Setting next_dagrun for example_dag_decorator to None
[2022-04-23 10:34:15,312] {processor.py:171} INFO - Processing /home/airflow/.local/lib/python3.7/site-packages/airflow/example_dags/example_dag_decorator.py took 0.276 seconds
[2022-04-23 10:34:45,388] {processor.py:163} INFO - Started process (PID=978) to work on /home/airflow/.local/lib/python3.7/site-packages/airflow/example_dags/example_dag_decorator.py
[2022-04-23 10:34:45,389] {processor.py:642} INFO - Processing file /home/airflow/.local/lib/python3.7/site-packages/airflow/example_dags/example_dag_decorator.py for tasks to queue
[2022-04-23 10:34:45,390] {logging_mixin.py:109} INFO - [2022-04-23 10:34:45,390] {dagbag.py:500} INFO - Filling up the DagBag from /home/airflow/.local/lib/python3.7/site-packages/airflow/example_dags/example_dag_decorator.py
[2022-04-23 10:34:45,405] {processor.py:652} INFO - DAG(s) dict_keys(['example_dag_decorator']) retrieved from /home/airflow/.local/lib/python3.7/site-packages/airflow/example_dags/example_dag_decorator.py
[2022-04-23 10:34:45,630] {logging_mixin.py:109} INFO - [2022-04-23 10:34:45,630] {dag.py:2398} INFO - Sync 1 DAGs
[2022-04-23 10:34:45,640] {logging_mixin.py:109} INFO - [2022-04-23 10:34:45,640] {dag.py:2937} INFO - Setting next_dagrun for example_dag_decorator to None
[2022-04-23 10:34:45,650] {processor.py:171} INFO - Processing /home/airflow/.local/lib/python3.7/site-packages/airflow/example_dags/example_dag_decorator.py took 0.264 seconds
[2022-04-23 10:35:15,742] {processor.py:163} INFO - Started process (PID=1039) to work on /home/airflow/.local/lib/python3.7/site-packages/airflow/example_dags/example_dag_decorator.py
[2022-04-23 10:35:15,744] {processor.py:642} INFO - Processing file /home/airflow/.local/lib/python3.7/site-packages/airflow/example_dags/example_dag_decorator.py for tasks to queue
[2022-04-23 10:35:15,744] {logging_mixin.py:109} INFO - [2022-04-23 10:35:15,744] {dagbag.py:500} INFO - Filling up the DagBag from /home/airflow/.local/lib/python3.7/site-packages/airflow/example_dags/example_dag_decorator.py
[2022-04-23 10:35:15,761] {processor.py:652} INFO - DAG(s) dict_keys(['example_dag_decorator']) retrieved from /home/airflow/.local/lib/python3.7/site-packages/airflow/example_dags/example_dag_decorator.py
[2022-04-23 10:35:15,990] {logging_mixin.py:109} INFO - [2022-04-23 10:35:15,990] {dag.py:2398} INFO - Sync 1 DAGs
[2022-04-23 10:35:16,000] {logging_mixin.py:109} INFO - [2022-04-23 10:35:16,000] {dag.py:2937} INFO - Setting next_dagrun for example_dag_decorator to None
[2022-04-23 10:35:16,008] {processor.py:171} INFO - Processing /home/airflow/.local/lib/python3.7/site-packages/airflow/example_dags/example_dag_decorator.py took 0.267 seconds
[2022-04-23 10:35:46,121] {processor.py:163} INFO - Started process (PID=1091) to work on /home/airflow/.local/lib/python3.7/site-packages/airflow/example_dags/example_dag_decorator.py
[2022-04-23 10:35:46,122] {processor.py:642} INFO - Processing file /home/airflow/.local/lib/python3.7/site-packages/airflow/example_dags/example_dag_decorator.py for tasks to queue
[2022-04-23 10:35:46,123] {logging_mixin.py:109} INFO - [2022-04-23 10:35:46,123] {dagbag.py:500} INFO - Filling up the DagBag from /home/airflow/.local/lib/python3.7/site-packages/airflow/example_dags/example_dag_decorator.py
[2022-04-23 10:35:46,138] {processor.py:652} INFO - DAG(s) dict_keys(['example_dag_decorator']) retrieved from /home/airflow/.local/lib/python3.7/site-packages/airflow/example_dags/example_dag_decorator.py
[2022-04-23 10:35:46,346] {logging_mixin.py:109} INFO - [2022-04-23 10:35:46,346] {dag.py:2398} INFO - Sync 1 DAGs
[2022-04-23 10:35:46,356] {logging_mixin.py:109} INFO - [2022-04-23 10:35:46,356] {dag.py:2937} INFO - Setting next_dagrun for example_dag_decorator to None
[2022-04-23 10:35:46,363] {processor.py:171} INFO - Processing /home/airflow/.local/lib/python3.7/site-packages/airflow/example_dags/example_dag_decorator.py took 0.243 seconds
[2022-04-23 10:36:16,418] {processor.py:163} INFO - Started process (PID=1154) to work on /home/airflow/.local/lib/python3.7/site-packages/airflow/example_dags/example_dag_decorator.py
[2022-04-23 10:36:16,419] {processor.py:642} INFO - Processing file /home/airflow/.local/lib/python3.7/site-packages/airflow/example_dags/example_dag_decorator.py for tasks to queue
[2022-04-23 10:36:16,420] {logging_mixin.py:109} INFO - [2022-04-23 10:36:16,420] {dagbag.py:500} INFO - Filling up the DagBag from /home/airflow/.local/lib/python3.7/site-packages/airflow/example_dags/example_dag_decorator.py
[2022-04-23 10:36:16,435] {processor.py:652} INFO - DAG(s) dict_keys(['example_dag_decorator']) retrieved from /home/airflow/.local/lib/python3.7/site-packages/airflow/example_dags/example_dag_decorator.py
[2022-04-23 10:36:16,643] {logging_mixin.py:109} INFO - [2022-04-23 10:36:16,643] {dag.py:2398} INFO - Sync 1 DAGs
[2022-04-23 10:36:16,653] {logging_mixin.py:109} INFO - [2022-04-23 10:36:16,653] {dag.py:2937} INFO - Setting next_dagrun for example_dag_decorator to None
[2022-04-23 10:36:16,662] {processor.py:171} INFO - Processing /home/airflow/.local/lib/python3.7/site-packages/airflow/example_dags/example_dag_decorator.py took 0.246 seconds
