[2022-04-23 10:30:48,916] {processor.py:163} INFO - Started process (PID=355) to work on /home/airflow/.local/lib/python3.7/site-packages/airflow/example_dags/example_nested_branch_dag.py
[2022-04-23 10:30:48,917] {processor.py:642} INFO - Processing file /home/airflow/.local/lib/python3.7/site-packages/airflow/example_dags/example_nested_branch_dag.py for tasks to queue
[2022-04-23 10:30:48,918] {logging_mixin.py:109} INFO - [2022-04-23 10:30:48,918] {dagbag.py:500} INFO - Filling up the DagBag from /home/airflow/.local/lib/python3.7/site-packages/airflow/example_dags/example_nested_branch_dag.py
[2022-04-23 10:30:48,933] {processor.py:652} INFO - DAG(s) dict_keys(['example_nested_branch_dag']) retrieved from /home/airflow/.local/lib/python3.7/site-packages/airflow/example_dags/example_nested_branch_dag.py
[2022-04-23 10:30:50,256] {logging_mixin.py:109} INFO - [2022-04-23 10:30:50,256] {manager.py:496} INFO - Created Permission View: can read on DAG:example_nested_branch_dag
[2022-04-23 10:30:50,262] {logging_mixin.py:109} INFO - [2022-04-23 10:30:50,262] {manager.py:496} INFO - Created Permission View: can edit on DAG:example_nested_branch_dag
[2022-04-23 10:30:50,262] {logging_mixin.py:109} INFO - [2022-04-23 10:30:50,262] {dag.py:2398} INFO - Sync 1 DAGs
[2022-04-23 10:30:50,267] {logging_mixin.py:109} INFO - [2022-04-23 10:30:50,267] {dag.py:2417} INFO - Creating ORM DAG for example_nested_branch_dag
[2022-04-23 10:30:50,274] {logging_mixin.py:109} INFO - [2022-04-23 10:30:50,274] {dag.py:2937} INFO - Setting next_dagrun for example_nested_branch_dag to 2022-04-22 00:00:00+00:00
[2022-04-23 10:30:50,283] {processor.py:171} INFO - Processing /home/airflow/.local/lib/python3.7/site-packages/airflow/example_dags/example_nested_branch_dag.py took 1.368 seconds
[2022-04-23 10:31:20,975] {processor.py:163} INFO - Started process (PID=607) to work on /home/airflow/.local/lib/python3.7/site-packages/airflow/example_dags/example_nested_branch_dag.py
[2022-04-23 10:31:20,976] {processor.py:642} INFO - Processing file /home/airflow/.local/lib/python3.7/site-packages/airflow/example_dags/example_nested_branch_dag.py for tasks to queue
[2022-04-23 10:31:20,976] {logging_mixin.py:109} INFO - [2022-04-23 10:31:20,976] {dagbag.py:500} INFO - Filling up the DagBag from /home/airflow/.local/lib/python3.7/site-packages/airflow/example_dags/example_nested_branch_dag.py
[2022-04-23 10:31:20,990] {processor.py:652} INFO - DAG(s) dict_keys(['example_nested_branch_dag']) retrieved from /home/airflow/.local/lib/python3.7/site-packages/airflow/example_dags/example_nested_branch_dag.py
[2022-04-23 10:31:21,005] {logging_mixin.py:109} INFO - [2022-04-23 10:31:21,005] {dag.py:2398} INFO - Sync 1 DAGs
[2022-04-23 10:31:21,018] {logging_mixin.py:109} INFO - [2022-04-23 10:31:21,018] {dag.py:2937} INFO - Setting next_dagrun for example_nested_branch_dag to 2022-04-22 00:00:00+00:00
[2022-04-23 10:31:21,026] {processor.py:171} INFO - Processing /home/airflow/.local/lib/python3.7/site-packages/airflow/example_dags/example_nested_branch_dag.py took 0.054 seconds
[2022-04-23 10:31:51,073] {processor.py:163} INFO - Started process (PID=659) to work on /home/airflow/.local/lib/python3.7/site-packages/airflow/example_dags/example_nested_branch_dag.py
[2022-04-23 10:31:51,074] {processor.py:642} INFO - Processing file /home/airflow/.local/lib/python3.7/site-packages/airflow/example_dags/example_nested_branch_dag.py for tasks to queue
[2022-04-23 10:31:51,074] {logging_mixin.py:109} INFO - [2022-04-23 10:31:51,074] {dagbag.py:500} INFO - Filling up the DagBag from /home/airflow/.local/lib/python3.7/site-packages/airflow/example_dags/example_nested_branch_dag.py
[2022-04-23 10:31:51,088] {processor.py:652} INFO - DAG(s) dict_keys(['example_nested_branch_dag']) retrieved from /home/airflow/.local/lib/python3.7/site-packages/airflow/example_dags/example_nested_branch_dag.py
[2022-04-23 10:31:51,105] {logging_mixin.py:109} INFO - [2022-04-23 10:31:51,105] {dag.py:2398} INFO - Sync 1 DAGs
[2022-04-23 10:31:51,118] {logging_mixin.py:109} INFO - [2022-04-23 10:31:51,117] {dag.py:2937} INFO - Setting next_dagrun for example_nested_branch_dag to 2022-04-22 00:00:00+00:00
[2022-04-23 10:31:51,138] {processor.py:171} INFO - Processing /home/airflow/.local/lib/python3.7/site-packages/airflow/example_dags/example_nested_branch_dag.py took 0.067 seconds
[2022-04-23 10:32:21,329] {processor.py:163} INFO - Started process (PID=719) to work on /home/airflow/.local/lib/python3.7/site-packages/airflow/example_dags/example_nested_branch_dag.py
[2022-04-23 10:32:21,329] {processor.py:642} INFO - Processing file /home/airflow/.local/lib/python3.7/site-packages/airflow/example_dags/example_nested_branch_dag.py for tasks to queue
[2022-04-23 10:32:21,330] {logging_mixin.py:109} INFO - [2022-04-23 10:32:21,330] {dagbag.py:500} INFO - Filling up the DagBag from /home/airflow/.local/lib/python3.7/site-packages/airflow/example_dags/example_nested_branch_dag.py
[2022-04-23 10:32:21,341] {processor.py:652} INFO - DAG(s) dict_keys(['example_nested_branch_dag']) retrieved from /home/airflow/.local/lib/python3.7/site-packages/airflow/example_dags/example_nested_branch_dag.py
[2022-04-23 10:32:21,355] {logging_mixin.py:109} INFO - [2022-04-23 10:32:21,355] {dag.py:2398} INFO - Sync 1 DAGs
[2022-04-23 10:32:21,368] {logging_mixin.py:109} INFO - [2022-04-23 10:32:21,367] {dag.py:2937} INFO - Setting next_dagrun for example_nested_branch_dag to 2022-04-22 00:00:00+00:00
[2022-04-23 10:32:21,374] {processor.py:171} INFO - Processing /home/airflow/.local/lib/python3.7/site-packages/airflow/example_dags/example_nested_branch_dag.py took 0.048 seconds
[2022-04-23 10:32:51,499] {processor.py:163} INFO - Started process (PID=769) to work on /home/airflow/.local/lib/python3.7/site-packages/airflow/example_dags/example_nested_branch_dag.py
[2022-04-23 10:32:51,500] {processor.py:642} INFO - Processing file /home/airflow/.local/lib/python3.7/site-packages/airflow/example_dags/example_nested_branch_dag.py for tasks to queue
[2022-04-23 10:32:51,501] {logging_mixin.py:109} INFO - [2022-04-23 10:32:51,501] {dagbag.py:500} INFO - Filling up the DagBag from /home/airflow/.local/lib/python3.7/site-packages/airflow/example_dags/example_nested_branch_dag.py
[2022-04-23 10:32:51,513] {processor.py:652} INFO - DAG(s) dict_keys(['example_nested_branch_dag']) retrieved from /home/airflow/.local/lib/python3.7/site-packages/airflow/example_dags/example_nested_branch_dag.py
[2022-04-23 10:32:51,527] {logging_mixin.py:109} INFO - [2022-04-23 10:32:51,527] {dag.py:2398} INFO - Sync 1 DAGs
[2022-04-23 10:32:51,540] {logging_mixin.py:109} INFO - [2022-04-23 10:32:51,540] {dag.py:2937} INFO - Setting next_dagrun for example_nested_branch_dag to 2022-04-22 00:00:00+00:00
[2022-04-23 10:32:51,546] {processor.py:171} INFO - Processing /home/airflow/.local/lib/python3.7/site-packages/airflow/example_dags/example_nested_branch_dag.py took 0.050 seconds
[2022-04-23 10:33:21,814] {processor.py:163} INFO - Started process (PID=828) to work on /home/airflow/.local/lib/python3.7/site-packages/airflow/example_dags/example_nested_branch_dag.py
[2022-04-23 10:33:21,815] {processor.py:642} INFO - Processing file /home/airflow/.local/lib/python3.7/site-packages/airflow/example_dags/example_nested_branch_dag.py for tasks to queue
[2022-04-23 10:33:21,816] {logging_mixin.py:109} INFO - [2022-04-23 10:33:21,816] {dagbag.py:500} INFO - Filling up the DagBag from /home/airflow/.local/lib/python3.7/site-packages/airflow/example_dags/example_nested_branch_dag.py
[2022-04-23 10:33:21,827] {processor.py:652} INFO - DAG(s) dict_keys(['example_nested_branch_dag']) retrieved from /home/airflow/.local/lib/python3.7/site-packages/airflow/example_dags/example_nested_branch_dag.py
[2022-04-23 10:33:21,841] {logging_mixin.py:109} INFO - [2022-04-23 10:33:21,841] {dag.py:2398} INFO - Sync 1 DAGs
[2022-04-23 10:33:21,853] {logging_mixin.py:109} INFO - [2022-04-23 10:33:21,853] {dag.py:2937} INFO - Setting next_dagrun for example_nested_branch_dag to 2022-04-22 00:00:00+00:00
[2022-04-23 10:33:21,860] {processor.py:171} INFO - Processing /home/airflow/.local/lib/python3.7/site-packages/airflow/example_dags/example_nested_branch_dag.py took 0.047 seconds
[2022-04-23 10:33:52,075] {processor.py:163} INFO - Started process (PID=885) to work on /home/airflow/.local/lib/python3.7/site-packages/airflow/example_dags/example_nested_branch_dag.py
[2022-04-23 10:33:52,076] {processor.py:642} INFO - Processing file /home/airflow/.local/lib/python3.7/site-packages/airflow/example_dags/example_nested_branch_dag.py for tasks to queue
[2022-04-23 10:33:52,076] {logging_mixin.py:109} INFO - [2022-04-23 10:33:52,076] {dagbag.py:500} INFO - Filling up the DagBag from /home/airflow/.local/lib/python3.7/site-packages/airflow/example_dags/example_nested_branch_dag.py
[2022-04-23 10:33:52,088] {processor.py:652} INFO - DAG(s) dict_keys(['example_nested_branch_dag']) retrieved from /home/airflow/.local/lib/python3.7/site-packages/airflow/example_dags/example_nested_branch_dag.py
[2022-04-23 10:33:52,102] {logging_mixin.py:109} INFO - [2022-04-23 10:33:52,102] {dag.py:2398} INFO - Sync 1 DAGs
[2022-04-23 10:33:52,116] {logging_mixin.py:109} INFO - [2022-04-23 10:33:52,116] {dag.py:2937} INFO - Setting next_dagrun for example_nested_branch_dag to 2022-04-22 00:00:00+00:00
[2022-04-23 10:33:52,123] {processor.py:171} INFO - Processing /home/airflow/.local/lib/python3.7/site-packages/airflow/example_dags/example_nested_branch_dag.py took 0.050 seconds
[2022-04-23 10:34:22,427] {processor.py:163} INFO - Started process (PID=937) to work on /home/airflow/.local/lib/python3.7/site-packages/airflow/example_dags/example_nested_branch_dag.py
[2022-04-23 10:34:22,429] {processor.py:642} INFO - Processing file /home/airflow/.local/lib/python3.7/site-packages/airflow/example_dags/example_nested_branch_dag.py for tasks to queue
[2022-04-23 10:34:22,429] {logging_mixin.py:109} INFO - [2022-04-23 10:34:22,429] {dagbag.py:500} INFO - Filling up the DagBag from /home/airflow/.local/lib/python3.7/site-packages/airflow/example_dags/example_nested_branch_dag.py
[2022-04-23 10:34:22,441] {processor.py:652} INFO - DAG(s) dict_keys(['example_nested_branch_dag']) retrieved from /home/airflow/.local/lib/python3.7/site-packages/airflow/example_dags/example_nested_branch_dag.py
[2022-04-23 10:34:22,455] {logging_mixin.py:109} INFO - [2022-04-23 10:34:22,455] {dag.py:2398} INFO - Sync 1 DAGs
[2022-04-23 10:34:22,467] {logging_mixin.py:109} INFO - [2022-04-23 10:34:22,467] {dag.py:2937} INFO - Setting next_dagrun for example_nested_branch_dag to 2022-04-22 00:00:00+00:00
[2022-04-23 10:34:22,473] {processor.py:171} INFO - Processing /home/airflow/.local/lib/python3.7/site-packages/airflow/example_dags/example_nested_branch_dag.py took 0.048 seconds
[2022-04-23 10:34:52,724] {processor.py:163} INFO - Started process (PID=998) to work on /home/airflow/.local/lib/python3.7/site-packages/airflow/example_dags/example_nested_branch_dag.py
[2022-04-23 10:34:52,726] {processor.py:642} INFO - Processing file /home/airflow/.local/lib/python3.7/site-packages/airflow/example_dags/example_nested_branch_dag.py for tasks to queue
[2022-04-23 10:34:52,727] {logging_mixin.py:109} INFO - [2022-04-23 10:34:52,727] {dagbag.py:500} INFO - Filling up the DagBag from /home/airflow/.local/lib/python3.7/site-packages/airflow/example_dags/example_nested_branch_dag.py
[2022-04-23 10:34:52,740] {processor.py:652} INFO - DAG(s) dict_keys(['example_nested_branch_dag']) retrieved from /home/airflow/.local/lib/python3.7/site-packages/airflow/example_dags/example_nested_branch_dag.py
[2022-04-23 10:34:52,755] {logging_mixin.py:109} INFO - [2022-04-23 10:34:52,755] {dag.py:2398} INFO - Sync 1 DAGs
[2022-04-23 10:34:52,769] {logging_mixin.py:109} INFO - [2022-04-23 10:34:52,769] {dag.py:2937} INFO - Setting next_dagrun for example_nested_branch_dag to 2022-04-22 00:00:00+00:00
[2022-04-23 10:34:52,789] {processor.py:171} INFO - Processing /home/airflow/.local/lib/python3.7/site-packages/airflow/example_dags/example_nested_branch_dag.py took 0.067 seconds
[2022-04-23 10:35:23,084] {processor.py:163} INFO - Started process (PID=1049) to work on /home/airflow/.local/lib/python3.7/site-packages/airflow/example_dags/example_nested_branch_dag.py
[2022-04-23 10:35:23,086] {processor.py:642} INFO - Processing file /home/airflow/.local/lib/python3.7/site-packages/airflow/example_dags/example_nested_branch_dag.py for tasks to queue
[2022-04-23 10:35:23,086] {logging_mixin.py:109} INFO - [2022-04-23 10:35:23,086] {dagbag.py:500} INFO - Filling up the DagBag from /home/airflow/.local/lib/python3.7/site-packages/airflow/example_dags/example_nested_branch_dag.py
[2022-04-23 10:35:23,098] {processor.py:652} INFO - DAG(s) dict_keys(['example_nested_branch_dag']) retrieved from /home/airflow/.local/lib/python3.7/site-packages/airflow/example_dags/example_nested_branch_dag.py
[2022-04-23 10:35:23,115] {logging_mixin.py:109} INFO - [2022-04-23 10:35:23,115] {dag.py:2398} INFO - Sync 1 DAGs
[2022-04-23 10:35:23,128] {logging_mixin.py:109} INFO - [2022-04-23 10:35:23,128] {dag.py:2937} INFO - Setting next_dagrun for example_nested_branch_dag to 2022-04-22 00:00:00+00:00
[2022-04-23 10:35:23,136] {processor.py:171} INFO - Processing /home/airflow/.local/lib/python3.7/site-packages/airflow/example_dags/example_nested_branch_dag.py took 0.054 seconds
[2022-04-23 10:35:53,518] {processor.py:163} INFO - Started process (PID=1110) to work on /home/airflow/.local/lib/python3.7/site-packages/airflow/example_dags/example_nested_branch_dag.py
[2022-04-23 10:35:53,518] {processor.py:642} INFO - Processing file /home/airflow/.local/lib/python3.7/site-packages/airflow/example_dags/example_nested_branch_dag.py for tasks to queue
[2022-04-23 10:35:53,519] {logging_mixin.py:109} INFO - [2022-04-23 10:35:53,519] {dagbag.py:500} INFO - Filling up the DagBag from /home/airflow/.local/lib/python3.7/site-packages/airflow/example_dags/example_nested_branch_dag.py
[2022-04-23 10:35:53,530] {processor.py:652} INFO - DAG(s) dict_keys(['example_nested_branch_dag']) retrieved from /home/airflow/.local/lib/python3.7/site-packages/airflow/example_dags/example_nested_branch_dag.py
[2022-04-23 10:35:53,546] {logging_mixin.py:109} INFO - [2022-04-23 10:35:53,546] {dag.py:2398} INFO - Sync 1 DAGs
[2022-04-23 10:35:53,559] {logging_mixin.py:109} INFO - [2022-04-23 10:35:53,558] {dag.py:2937} INFO - Setting next_dagrun for example_nested_branch_dag to 2022-04-22 00:00:00+00:00
[2022-04-23 10:35:53,566] {processor.py:171} INFO - Processing /home/airflow/.local/lib/python3.7/site-packages/airflow/example_dags/example_nested_branch_dag.py took 0.050 seconds
[2022-04-23 10:36:23,738] {processor.py:163} INFO - Started process (PID=1162) to work on /home/airflow/.local/lib/python3.7/site-packages/airflow/example_dags/example_nested_branch_dag.py
[2022-04-23 10:36:23,739] {processor.py:642} INFO - Processing file /home/airflow/.local/lib/python3.7/site-packages/airflow/example_dags/example_nested_branch_dag.py for tasks to queue
[2022-04-23 10:36:23,740] {logging_mixin.py:109} INFO - [2022-04-23 10:36:23,740] {dagbag.py:500} INFO - Filling up the DagBag from /home/airflow/.local/lib/python3.7/site-packages/airflow/example_dags/example_nested_branch_dag.py
[2022-04-23 10:36:23,753] {processor.py:652} INFO - DAG(s) dict_keys(['example_nested_branch_dag']) retrieved from /home/airflow/.local/lib/python3.7/site-packages/airflow/example_dags/example_nested_branch_dag.py
[2022-04-23 10:36:23,769] {logging_mixin.py:109} INFO - [2022-04-23 10:36:23,769] {dag.py:2398} INFO - Sync 1 DAGs
[2022-04-23 10:36:23,783] {logging_mixin.py:109} INFO - [2022-04-23 10:36:23,783] {dag.py:2937} INFO - Setting next_dagrun for example_nested_branch_dag to 2022-04-22 00:00:00+00:00
[2022-04-23 10:36:23,791] {processor.py:171} INFO - Processing /home/airflow/.local/lib/python3.7/site-packages/airflow/example_dags/example_nested_branch_dag.py took 0.055 seconds
