[2022-04-23 10:30:46,765] {processor.py:163} INFO - Started process (PID=305) to work on /home/airflow/.local/lib/python3.7/site-packages/airflow/example_dags/example_sla_dag.py
[2022-04-23 10:30:46,766] {processor.py:642} INFO - Processing file /home/airflow/.local/lib/python3.7/site-packages/airflow/example_dags/example_sla_dag.py for tasks to queue
[2022-04-23 10:30:46,767] {logging_mixin.py:109} INFO - [2022-04-23 10:30:46,767] {dagbag.py:500} INFO - Filling up the DagBag from /home/airflow/.local/lib/python3.7/site-packages/airflow/example_dags/example_sla_dag.py
[2022-04-23 10:30:46,786] {processor.py:652} INFO - DAG(s) dict_keys(['example_sla_dag']) retrieved from /home/airflow/.local/lib/python3.7/site-packages/airflow/example_dags/example_sla_dag.py
[2022-04-23 10:30:48,278] {logging_mixin.py:109} INFO - [2022-04-23 10:30:48,278] {manager.py:496} INFO - Created Permission View: can read on DAG:example_sla_dag
[2022-04-23 10:30:48,286] {logging_mixin.py:109} INFO - [2022-04-23 10:30:48,286] {manager.py:496} INFO - Created Permission View: can edit on DAG:example_sla_dag
[2022-04-23 10:30:48,286] {logging_mixin.py:109} INFO - [2022-04-23 10:30:48,286] {dag.py:2398} INFO - Sync 1 DAGs
[2022-04-23 10:30:48,292] {logging_mixin.py:109} INFO - [2022-04-23 10:30:48,292] {dag.py:2417} INFO - Creating ORM DAG for example_sla_dag
[2022-04-23 10:30:48,302] {logging_mixin.py:109} INFO - [2022-04-23 10:30:48,302] {dag.py:2937} INFO - Setting next_dagrun for example_sla_dag to 2022-04-23T10:28:00+00:00
[2022-04-23 10:30:48,310] {processor.py:171} INFO - Processing /home/airflow/.local/lib/python3.7/site-packages/airflow/example_dags/example_sla_dag.py took 1.547 seconds
[2022-04-23 10:31:18,722] {processor.py:163} INFO - Started process (PID=595) to work on /home/airflow/.local/lib/python3.7/site-packages/airflow/example_dags/example_sla_dag.py
[2022-04-23 10:31:18,723] {processor.py:642} INFO - Processing file /home/airflow/.local/lib/python3.7/site-packages/airflow/example_dags/example_sla_dag.py for tasks to queue
[2022-04-23 10:31:18,724] {logging_mixin.py:109} INFO - [2022-04-23 10:31:18,723] {dagbag.py:500} INFO - Filling up the DagBag from /home/airflow/.local/lib/python3.7/site-packages/airflow/example_dags/example_sla_dag.py
[2022-04-23 10:31:18,737] {processor.py:652} INFO - DAG(s) dict_keys(['example_sla_dag']) retrieved from /home/airflow/.local/lib/python3.7/site-packages/airflow/example_dags/example_sla_dag.py
[2022-04-23 10:31:18,750] {logging_mixin.py:109} INFO - [2022-04-23 10:31:18,750] {dag.py:2398} INFO - Sync 1 DAGs
[2022-04-23 10:31:18,764] {logging_mixin.py:109} INFO - [2022-04-23 10:31:18,763] {dag.py:2937} INFO - Setting next_dagrun for example_sla_dag to 2022-04-23T10:28:00+00:00
[2022-04-23 10:31:18,782] {processor.py:171} INFO - Processing /home/airflow/.local/lib/python3.7/site-packages/airflow/example_dags/example_sla_dag.py took 0.062 seconds
[2022-04-23 10:31:48,984] {processor.py:163} INFO - Started process (PID=656) to work on /home/airflow/.local/lib/python3.7/site-packages/airflow/example_dags/example_sla_dag.py
[2022-04-23 10:31:48,985] {processor.py:642} INFO - Processing file /home/airflow/.local/lib/python3.7/site-packages/airflow/example_dags/example_sla_dag.py for tasks to queue
[2022-04-23 10:31:48,986] {logging_mixin.py:109} INFO - [2022-04-23 10:31:48,986] {dagbag.py:500} INFO - Filling up the DagBag from /home/airflow/.local/lib/python3.7/site-packages/airflow/example_dags/example_sla_dag.py
[2022-04-23 10:31:49,000] {processor.py:652} INFO - DAG(s) dict_keys(['example_sla_dag']) retrieved from /home/airflow/.local/lib/python3.7/site-packages/airflow/example_dags/example_sla_dag.py
[2022-04-23 10:31:49,013] {logging_mixin.py:109} INFO - [2022-04-23 10:31:49,013] {dag.py:2398} INFO - Sync 1 DAGs
[2022-04-23 10:31:49,027] {logging_mixin.py:109} INFO - [2022-04-23 10:31:49,027] {dag.py:2937} INFO - Setting next_dagrun for example_sla_dag to 2022-04-23T10:28:00+00:00
[2022-04-23 10:31:49,045] {processor.py:171} INFO - Processing /home/airflow/.local/lib/python3.7/site-packages/airflow/example_dags/example_sla_dag.py took 0.063 seconds
[2022-04-23 10:32:19,245] {processor.py:163} INFO - Started process (PID=717) to work on /home/airflow/.local/lib/python3.7/site-packages/airflow/example_dags/example_sla_dag.py
[2022-04-23 10:32:19,246] {processor.py:642} INFO - Processing file /home/airflow/.local/lib/python3.7/site-packages/airflow/example_dags/example_sla_dag.py for tasks to queue
[2022-04-23 10:32:19,246] {logging_mixin.py:109} INFO - [2022-04-23 10:32:19,246] {dagbag.py:500} INFO - Filling up the DagBag from /home/airflow/.local/lib/python3.7/site-packages/airflow/example_dags/example_sla_dag.py
[2022-04-23 10:32:19,259] {processor.py:652} INFO - DAG(s) dict_keys(['example_sla_dag']) retrieved from /home/airflow/.local/lib/python3.7/site-packages/airflow/example_dags/example_sla_dag.py
[2022-04-23 10:32:19,272] {logging_mixin.py:109} INFO - [2022-04-23 10:32:19,272] {dag.py:2398} INFO - Sync 1 DAGs
[2022-04-23 10:32:19,286] {logging_mixin.py:109} INFO - [2022-04-23 10:32:19,286] {dag.py:2937} INFO - Setting next_dagrun for example_sla_dag to 2022-04-23T10:30:00+00:00
[2022-04-23 10:32:19,294] {processor.py:171} INFO - Processing /home/airflow/.local/lib/python3.7/site-packages/airflow/example_dags/example_sla_dag.py took 0.051 seconds
[2022-04-23 10:32:49,417] {processor.py:163} INFO - Started process (PID=767) to work on /home/airflow/.local/lib/python3.7/site-packages/airflow/example_dags/example_sla_dag.py
[2022-04-23 10:32:49,418] {processor.py:642} INFO - Processing file /home/airflow/.local/lib/python3.7/site-packages/airflow/example_dags/example_sla_dag.py for tasks to queue
[2022-04-23 10:32:49,418] {logging_mixin.py:109} INFO - [2022-04-23 10:32:49,418] {dagbag.py:500} INFO - Filling up the DagBag from /home/airflow/.local/lib/python3.7/site-packages/airflow/example_dags/example_sla_dag.py
[2022-04-23 10:32:49,431] {processor.py:652} INFO - DAG(s) dict_keys(['example_sla_dag']) retrieved from /home/airflow/.local/lib/python3.7/site-packages/airflow/example_dags/example_sla_dag.py
[2022-04-23 10:32:49,444] {logging_mixin.py:109} INFO - [2022-04-23 10:32:49,444] {dag.py:2398} INFO - Sync 1 DAGs
[2022-04-23 10:32:49,457] {logging_mixin.py:109} INFO - [2022-04-23 10:32:49,457] {dag.py:2937} INFO - Setting next_dagrun for example_sla_dag to 2022-04-23T10:30:00+00:00
[2022-04-23 10:32:49,463] {processor.py:171} INFO - Processing /home/airflow/.local/lib/python3.7/site-packages/airflow/example_dags/example_sla_dag.py took 0.048 seconds
[2022-04-23 10:33:19,732] {processor.py:163} INFO - Started process (PID=826) to work on /home/airflow/.local/lib/python3.7/site-packages/airflow/example_dags/example_sla_dag.py
[2022-04-23 10:33:19,733] {processor.py:642} INFO - Processing file /home/airflow/.local/lib/python3.7/site-packages/airflow/example_dags/example_sla_dag.py for tasks to queue
[2022-04-23 10:33:19,733] {logging_mixin.py:109} INFO - [2022-04-23 10:33:19,733] {dagbag.py:500} INFO - Filling up the DagBag from /home/airflow/.local/lib/python3.7/site-packages/airflow/example_dags/example_sla_dag.py
[2022-04-23 10:33:19,746] {processor.py:652} INFO - DAG(s) dict_keys(['example_sla_dag']) retrieved from /home/airflow/.local/lib/python3.7/site-packages/airflow/example_dags/example_sla_dag.py
[2022-04-23 10:33:19,759] {logging_mixin.py:109} INFO - [2022-04-23 10:33:19,759] {dag.py:2398} INFO - Sync 1 DAGs
[2022-04-23 10:33:19,772] {logging_mixin.py:109} INFO - [2022-04-23 10:33:19,772] {dag.py:2937} INFO - Setting next_dagrun for example_sla_dag to 2022-04-23T10:30:00+00:00
[2022-04-23 10:33:19,779] {processor.py:171} INFO - Processing /home/airflow/.local/lib/python3.7/site-packages/airflow/example_dags/example_sla_dag.py took 0.049 seconds
[2022-04-23 10:33:49,995] {processor.py:163} INFO - Started process (PID=876) to work on /home/airflow/.local/lib/python3.7/site-packages/airflow/example_dags/example_sla_dag.py
[2022-04-23 10:33:49,996] {processor.py:642} INFO - Processing file /home/airflow/.local/lib/python3.7/site-packages/airflow/example_dags/example_sla_dag.py for tasks to queue
[2022-04-23 10:33:49,997] {logging_mixin.py:109} INFO - [2022-04-23 10:33:49,997] {dagbag.py:500} INFO - Filling up the DagBag from /home/airflow/.local/lib/python3.7/site-packages/airflow/example_dags/example_sla_dag.py
[2022-04-23 10:33:50,009] {processor.py:652} INFO - DAG(s) dict_keys(['example_sla_dag']) retrieved from /home/airflow/.local/lib/python3.7/site-packages/airflow/example_dags/example_sla_dag.py
[2022-04-23 10:33:50,022] {logging_mixin.py:109} INFO - [2022-04-23 10:33:50,022] {dag.py:2398} INFO - Sync 1 DAGs
[2022-04-23 10:33:50,035] {logging_mixin.py:109} INFO - [2022-04-23 10:33:50,035] {dag.py:2937} INFO - Setting next_dagrun for example_sla_dag to 2022-04-23T10:30:00+00:00
[2022-04-23 10:33:50,041] {processor.py:171} INFO - Processing /home/airflow/.local/lib/python3.7/site-packages/airflow/example_dags/example_sla_dag.py took 0.047 seconds
[2022-04-23 10:34:20,341] {processor.py:163} INFO - Started process (PID=935) to work on /home/airflow/.local/lib/python3.7/site-packages/airflow/example_dags/example_sla_dag.py
[2022-04-23 10:34:20,342] {processor.py:642} INFO - Processing file /home/airflow/.local/lib/python3.7/site-packages/airflow/example_dags/example_sla_dag.py for tasks to queue
[2022-04-23 10:34:20,343] {logging_mixin.py:109} INFO - [2022-04-23 10:34:20,343] {dagbag.py:500} INFO - Filling up the DagBag from /home/airflow/.local/lib/python3.7/site-packages/airflow/example_dags/example_sla_dag.py
[2022-04-23 10:34:20,356] {processor.py:652} INFO - DAG(s) dict_keys(['example_sla_dag']) retrieved from /home/airflow/.local/lib/python3.7/site-packages/airflow/example_dags/example_sla_dag.py
[2022-04-23 10:34:20,370] {logging_mixin.py:109} INFO - [2022-04-23 10:34:20,370] {dag.py:2398} INFO - Sync 1 DAGs
[2022-04-23 10:34:20,386] {logging_mixin.py:109} INFO - [2022-04-23 10:34:20,386] {dag.py:2937} INFO - Setting next_dagrun for example_sla_dag to 2022-04-23T10:32:00+00:00
[2022-04-23 10:34:20,393] {processor.py:171} INFO - Processing /home/airflow/.local/lib/python3.7/site-packages/airflow/example_dags/example_sla_dag.py took 0.055 seconds
[2022-04-23 10:34:50,633] {processor.py:163} INFO - Started process (PID=994) to work on /home/airflow/.local/lib/python3.7/site-packages/airflow/example_dags/example_sla_dag.py
[2022-04-23 10:34:50,634] {processor.py:642} INFO - Processing file /home/airflow/.local/lib/python3.7/site-packages/airflow/example_dags/example_sla_dag.py for tasks to queue
[2022-04-23 10:34:50,635] {logging_mixin.py:109} INFO - [2022-04-23 10:34:50,635] {dagbag.py:500} INFO - Filling up the DagBag from /home/airflow/.local/lib/python3.7/site-packages/airflow/example_dags/example_sla_dag.py
[2022-04-23 10:34:50,648] {processor.py:652} INFO - DAG(s) dict_keys(['example_sla_dag']) retrieved from /home/airflow/.local/lib/python3.7/site-packages/airflow/example_dags/example_sla_dag.py
[2022-04-23 10:34:50,662] {logging_mixin.py:109} INFO - [2022-04-23 10:34:50,661] {dag.py:2398} INFO - Sync 1 DAGs
[2022-04-23 10:34:50,676] {logging_mixin.py:109} INFO - [2022-04-23 10:34:50,676] {dag.py:2937} INFO - Setting next_dagrun for example_sla_dag to 2022-04-23T10:32:00+00:00
[2022-04-23 10:34:50,683] {processor.py:171} INFO - Processing /home/airflow/.local/lib/python3.7/site-packages/airflow/example_dags/example_sla_dag.py took 0.052 seconds
[2022-04-23 10:35:20,984] {processor.py:163} INFO - Started process (PID=1047) to work on /home/airflow/.local/lib/python3.7/site-packages/airflow/example_dags/example_sla_dag.py
[2022-04-23 10:35:20,985] {processor.py:642} INFO - Processing file /home/airflow/.local/lib/python3.7/site-packages/airflow/example_dags/example_sla_dag.py for tasks to queue
[2022-04-23 10:35:20,985] {logging_mixin.py:109} INFO - [2022-04-23 10:35:20,985] {dagbag.py:500} INFO - Filling up the DagBag from /home/airflow/.local/lib/python3.7/site-packages/airflow/example_dags/example_sla_dag.py
[2022-04-23 10:35:20,998] {processor.py:652} INFO - DAG(s) dict_keys(['example_sla_dag']) retrieved from /home/airflow/.local/lib/python3.7/site-packages/airflow/example_dags/example_sla_dag.py
[2022-04-23 10:35:21,012] {logging_mixin.py:109} INFO - [2022-04-23 10:35:21,012] {dag.py:2398} INFO - Sync 1 DAGs
[2022-04-23 10:35:21,027] {logging_mixin.py:109} INFO - [2022-04-23 10:35:21,027] {dag.py:2937} INFO - Setting next_dagrun for example_sla_dag to 2022-04-23T10:32:00+00:00
[2022-04-23 10:35:21,048] {processor.py:171} INFO - Processing /home/airflow/.local/lib/python3.7/site-packages/airflow/example_dags/example_sla_dag.py took 0.066 seconds
[2022-04-23 10:35:51,426] {processor.py:163} INFO - Started process (PID=1108) to work on /home/airflow/.local/lib/python3.7/site-packages/airflow/example_dags/example_sla_dag.py
[2022-04-23 10:35:51,427] {processor.py:642} INFO - Processing file /home/airflow/.local/lib/python3.7/site-packages/airflow/example_dags/example_sla_dag.py for tasks to queue
[2022-04-23 10:35:51,427] {logging_mixin.py:109} INFO - [2022-04-23 10:35:51,427] {dagbag.py:500} INFO - Filling up the DagBag from /home/airflow/.local/lib/python3.7/site-packages/airflow/example_dags/example_sla_dag.py
[2022-04-23 10:35:51,440] {processor.py:652} INFO - DAG(s) dict_keys(['example_sla_dag']) retrieved from /home/airflow/.local/lib/python3.7/site-packages/airflow/example_dags/example_sla_dag.py
[2022-04-23 10:35:51,453] {logging_mixin.py:109} INFO - [2022-04-23 10:35:51,453] {dag.py:2398} INFO - Sync 1 DAGs
[2022-04-23 10:35:51,467] {logging_mixin.py:109} INFO - [2022-04-23 10:35:51,467] {dag.py:2937} INFO - Setting next_dagrun for example_sla_dag to 2022-04-23T10:32:00+00:00
[2022-04-23 10:35:51,474] {processor.py:171} INFO - Processing /home/airflow/.local/lib/python3.7/site-packages/airflow/example_dags/example_sla_dag.py took 0.050 seconds
[2022-04-23 10:36:21,653] {processor.py:163} INFO - Started process (PID=1160) to work on /home/airflow/.local/lib/python3.7/site-packages/airflow/example_dags/example_sla_dag.py
[2022-04-23 10:36:21,654] {processor.py:642} INFO - Processing file /home/airflow/.local/lib/python3.7/site-packages/airflow/example_dags/example_sla_dag.py for tasks to queue
[2022-04-23 10:36:21,654] {logging_mixin.py:109} INFO - [2022-04-23 10:36:21,654] {dagbag.py:500} INFO - Filling up the DagBag from /home/airflow/.local/lib/python3.7/site-packages/airflow/example_dags/example_sla_dag.py
[2022-04-23 10:36:21,667] {processor.py:652} INFO - DAG(s) dict_keys(['example_sla_dag']) retrieved from /home/airflow/.local/lib/python3.7/site-packages/airflow/example_dags/example_sla_dag.py
[2022-04-23 10:36:21,681] {logging_mixin.py:109} INFO - [2022-04-23 10:36:21,681] {dag.py:2398} INFO - Sync 1 DAGs
[2022-04-23 10:36:21,695] {logging_mixin.py:109} INFO - [2022-04-23 10:36:21,695] {dag.py:2937} INFO - Setting next_dagrun for example_sla_dag to 2022-04-23T10:34:00+00:00
[2022-04-23 10:36:21,702] {processor.py:171} INFO - Processing /home/airflow/.local/lib/python3.7/site-packages/airflow/example_dags/example_sla_dag.py took 0.052 seconds
