[2022-04-23 10:30:45,190] {processor.py:163} INFO - Started process (PID=271) to work on /home/airflow/.local/lib/python3.7/site-packages/airflow/example_dags/example_latest_only.py
[2022-04-23 10:30:45,192] {processor.py:642} INFO - Processing file /home/airflow/.local/lib/python3.7/site-packages/airflow/example_dags/example_latest_only.py for tasks to queue
[2022-04-23 10:30:45,193] {logging_mixin.py:109} INFO - [2022-04-23 10:30:45,192] {dagbag.py:500} INFO - Filling up the DagBag from /home/airflow/.local/lib/python3.7/site-packages/airflow/example_dags/example_latest_only.py
[2022-04-23 10:30:45,206] {processor.py:652} INFO - DAG(s) dict_keys(['latest_only']) retrieved from /home/airflow/.local/lib/python3.7/site-packages/airflow/example_dags/example_latest_only.py
[2022-04-23 10:30:46,712] {logging_mixin.py:109} INFO - [2022-04-23 10:30:46,712] {manager.py:496} INFO - Created Permission View: can read on DAG:latest_only
[2022-04-23 10:30:46,718] {logging_mixin.py:109} INFO - [2022-04-23 10:30:46,718] {manager.py:496} INFO - Created Permission View: can edit on DAG:latest_only
[2022-04-23 10:30:46,719] {logging_mixin.py:109} INFO - [2022-04-23 10:30:46,718] {dag.py:2398} INFO - Sync 1 DAGs
[2022-04-23 10:30:46,724] {logging_mixin.py:109} INFO - [2022-04-23 10:30:46,723] {dag.py:2417} INFO - Creating ORM DAG for latest_only
[2022-04-23 10:30:46,729] {logging_mixin.py:109} INFO - [2022-04-23 10:30:46,729] {dag.py:2937} INFO - Setting next_dagrun for latest_only to 2022-04-23T06:30:46.729091+00:00
[2022-04-23 10:30:46,737] {processor.py:171} INFO - Processing /home/airflow/.local/lib/python3.7/site-packages/airflow/example_dags/example_latest_only.py took 1.549 seconds
[2022-04-23 10:31:17,705] {processor.py:163} INFO - Started process (PID=593) to work on /home/airflow/.local/lib/python3.7/site-packages/airflow/example_dags/example_latest_only.py
[2022-04-23 10:31:17,706] {processor.py:642} INFO - Processing file /home/airflow/.local/lib/python3.7/site-packages/airflow/example_dags/example_latest_only.py for tasks to queue
[2022-04-23 10:31:17,707] {logging_mixin.py:109} INFO - [2022-04-23 10:31:17,707] {dagbag.py:500} INFO - Filling up the DagBag from /home/airflow/.local/lib/python3.7/site-packages/airflow/example_dags/example_latest_only.py
[2022-04-23 10:31:17,719] {processor.py:652} INFO - DAG(s) dict_keys(['latest_only']) retrieved from /home/airflow/.local/lib/python3.7/site-packages/airflow/example_dags/example_latest_only.py
[2022-04-23 10:31:17,733] {logging_mixin.py:109} INFO - [2022-04-23 10:31:17,733] {dag.py:2398} INFO - Sync 1 DAGs
[2022-04-23 10:31:17,746] {logging_mixin.py:109} INFO - [2022-04-23 10:31:17,745] {dag.py:2937} INFO - Setting next_dagrun for latest_only to 2022-04-23T06:31:17.745667+00:00
[2022-04-23 10:31:17,763] {processor.py:171} INFO - Processing /home/airflow/.local/lib/python3.7/site-packages/airflow/example_dags/example_latest_only.py took 0.060 seconds
[2022-04-23 10:31:47,958] {processor.py:163} INFO - Started process (PID=654) to work on /home/airflow/.local/lib/python3.7/site-packages/airflow/example_dags/example_latest_only.py
[2022-04-23 10:31:47,959] {processor.py:642} INFO - Processing file /home/airflow/.local/lib/python3.7/site-packages/airflow/example_dags/example_latest_only.py for tasks to queue
[2022-04-23 10:31:47,960] {logging_mixin.py:109} INFO - [2022-04-23 10:31:47,959] {dagbag.py:500} INFO - Filling up the DagBag from /home/airflow/.local/lib/python3.7/site-packages/airflow/example_dags/example_latest_only.py
[2022-04-23 10:31:47,970] {processor.py:652} INFO - DAG(s) dict_keys(['latest_only']) retrieved from /home/airflow/.local/lib/python3.7/site-packages/airflow/example_dags/example_latest_only.py
[2022-04-23 10:31:47,983] {logging_mixin.py:109} INFO - [2022-04-23 10:31:47,983] {dag.py:2398} INFO - Sync 1 DAGs
[2022-04-23 10:31:47,995] {logging_mixin.py:109} INFO - [2022-04-23 10:31:47,995] {dag.py:2937} INFO - Setting next_dagrun for latest_only to 2022-04-23T06:31:47.994956+00:00
[2022-04-23 10:31:48,002] {processor.py:171} INFO - Processing /home/airflow/.local/lib/python3.7/site-packages/airflow/example_dags/example_latest_only.py took 0.045 seconds
[2022-04-23 10:32:18,166] {processor.py:163} INFO - Started process (PID=705) to work on /home/airflow/.local/lib/python3.7/site-packages/airflow/example_dags/example_latest_only.py
[2022-04-23 10:32:18,167] {processor.py:642} INFO - Processing file /home/airflow/.local/lib/python3.7/site-packages/airflow/example_dags/example_latest_only.py for tasks to queue
[2022-04-23 10:32:18,168] {logging_mixin.py:109} INFO - [2022-04-23 10:32:18,168] {dagbag.py:500} INFO - Filling up the DagBag from /home/airflow/.local/lib/python3.7/site-packages/airflow/example_dags/example_latest_only.py
[2022-04-23 10:32:18,178] {processor.py:652} INFO - DAG(s) dict_keys(['latest_only']) retrieved from /home/airflow/.local/lib/python3.7/site-packages/airflow/example_dags/example_latest_only.py
[2022-04-23 10:32:18,192] {logging_mixin.py:109} INFO - [2022-04-23 10:32:18,192] {dag.py:2398} INFO - Sync 1 DAGs
[2022-04-23 10:32:18,204] {logging_mixin.py:109} INFO - [2022-04-23 10:32:18,204] {dag.py:2937} INFO - Setting next_dagrun for latest_only to 2022-04-23T06:32:18.204093+00:00
[2022-04-23 10:32:18,212] {processor.py:171} INFO - Processing /home/airflow/.local/lib/python3.7/site-packages/airflow/example_dags/example_latest_only.py took 0.047 seconds
[2022-04-23 10:32:48,405] {processor.py:163} INFO - Started process (PID=765) to work on /home/airflow/.local/lib/python3.7/site-packages/airflow/example_dags/example_latest_only.py
[2022-04-23 10:32:48,406] {processor.py:642} INFO - Processing file /home/airflow/.local/lib/python3.7/site-packages/airflow/example_dags/example_latest_only.py for tasks to queue
[2022-04-23 10:32:48,407] {logging_mixin.py:109} INFO - [2022-04-23 10:32:48,406] {dagbag.py:500} INFO - Filling up the DagBag from /home/airflow/.local/lib/python3.7/site-packages/airflow/example_dags/example_latest_only.py
[2022-04-23 10:32:48,416] {processor.py:652} INFO - DAG(s) dict_keys(['latest_only']) retrieved from /home/airflow/.local/lib/python3.7/site-packages/airflow/example_dags/example_latest_only.py
[2022-04-23 10:32:48,431] {logging_mixin.py:109} INFO - [2022-04-23 10:32:48,431] {dag.py:2398} INFO - Sync 1 DAGs
[2022-04-23 10:32:48,443] {logging_mixin.py:109} INFO - [2022-04-23 10:32:48,442] {dag.py:2937} INFO - Setting next_dagrun for latest_only to 2022-04-23T06:32:48.442601+00:00
[2022-04-23 10:32:48,450] {processor.py:171} INFO - Processing /home/airflow/.local/lib/python3.7/site-packages/airflow/example_dags/example_latest_only.py took 0.047 seconds
[2022-04-23 10:33:18,653] {processor.py:163} INFO - Started process (PID=824) to work on /home/airflow/.local/lib/python3.7/site-packages/airflow/example_dags/example_latest_only.py
[2022-04-23 10:33:18,654] {processor.py:642} INFO - Processing file /home/airflow/.local/lib/python3.7/site-packages/airflow/example_dags/example_latest_only.py for tasks to queue
[2022-04-23 10:33:18,655] {logging_mixin.py:109} INFO - [2022-04-23 10:33:18,655] {dagbag.py:500} INFO - Filling up the DagBag from /home/airflow/.local/lib/python3.7/site-packages/airflow/example_dags/example_latest_only.py
[2022-04-23 10:33:18,665] {processor.py:652} INFO - DAG(s) dict_keys(['latest_only']) retrieved from /home/airflow/.local/lib/python3.7/site-packages/airflow/example_dags/example_latest_only.py
[2022-04-23 10:33:18,679] {logging_mixin.py:109} INFO - [2022-04-23 10:33:18,679] {dag.py:2398} INFO - Sync 1 DAGs
[2022-04-23 10:33:18,691] {logging_mixin.py:109} INFO - [2022-04-23 10:33:18,691] {dag.py:2937} INFO - Setting next_dagrun for latest_only to 2022-04-23T06:33:18.691338+00:00
[2022-04-23 10:33:18,698] {processor.py:171} INFO - Processing /home/airflow/.local/lib/python3.7/site-packages/airflow/example_dags/example_latest_only.py took 0.047 seconds
[2022-04-23 10:33:48,920] {processor.py:163} INFO - Started process (PID=874) to work on /home/airflow/.local/lib/python3.7/site-packages/airflow/example_dags/example_latest_only.py
[2022-04-23 10:33:48,921] {processor.py:642} INFO - Processing file /home/airflow/.local/lib/python3.7/site-packages/airflow/example_dags/example_latest_only.py for tasks to queue
[2022-04-23 10:33:48,922] {logging_mixin.py:109} INFO - [2022-04-23 10:33:48,922] {dagbag.py:500} INFO - Filling up the DagBag from /home/airflow/.local/lib/python3.7/site-packages/airflow/example_dags/example_latest_only.py
[2022-04-23 10:33:48,931] {processor.py:652} INFO - DAG(s) dict_keys(['latest_only']) retrieved from /home/airflow/.local/lib/python3.7/site-packages/airflow/example_dags/example_latest_only.py
[2022-04-23 10:33:48,945] {logging_mixin.py:109} INFO - [2022-04-23 10:33:48,945] {dag.py:2398} INFO - Sync 1 DAGs
[2022-04-23 10:33:48,956] {logging_mixin.py:109} INFO - [2022-04-23 10:33:48,956] {dag.py:2937} INFO - Setting next_dagrun for latest_only to 2022-04-23T06:33:48.956193+00:00
[2022-04-23 10:33:48,963] {processor.py:171} INFO - Processing /home/airflow/.local/lib/python3.7/site-packages/airflow/example_dags/example_latest_only.py took 0.044 seconds
[2022-04-23 10:34:19,318] {processor.py:163} INFO - Started process (PID=933) to work on /home/airflow/.local/lib/python3.7/site-packages/airflow/example_dags/example_latest_only.py
[2022-04-23 10:34:19,319] {processor.py:642} INFO - Processing file /home/airflow/.local/lib/python3.7/site-packages/airflow/example_dags/example_latest_only.py for tasks to queue
[2022-04-23 10:34:19,320] {logging_mixin.py:109} INFO - [2022-04-23 10:34:19,320] {dagbag.py:500} INFO - Filling up the DagBag from /home/airflow/.local/lib/python3.7/site-packages/airflow/example_dags/example_latest_only.py
[2022-04-23 10:34:19,329] {processor.py:652} INFO - DAG(s) dict_keys(['latest_only']) retrieved from /home/airflow/.local/lib/python3.7/site-packages/airflow/example_dags/example_latest_only.py
[2022-04-23 10:34:19,344] {logging_mixin.py:109} INFO - [2022-04-23 10:34:19,344] {dag.py:2398} INFO - Sync 1 DAGs
[2022-04-23 10:34:19,355] {logging_mixin.py:109} INFO - [2022-04-23 10:34:19,355] {dag.py:2937} INFO - Setting next_dagrun for latest_only to 2022-04-23T06:34:19.355603+00:00
[2022-04-23 10:34:19,363] {processor.py:171} INFO - Processing /home/airflow/.local/lib/python3.7/site-packages/airflow/example_dags/example_latest_only.py took 0.047 seconds
[2022-04-23 10:34:49,613] {processor.py:163} INFO - Started process (PID=984) to work on /home/airflow/.local/lib/python3.7/site-packages/airflow/example_dags/example_latest_only.py
[2022-04-23 10:34:49,613] {processor.py:642} INFO - Processing file /home/airflow/.local/lib/python3.7/site-packages/airflow/example_dags/example_latest_only.py for tasks to queue
[2022-04-23 10:34:49,614] {logging_mixin.py:109} INFO - [2022-04-23 10:34:49,614] {dagbag.py:500} INFO - Filling up the DagBag from /home/airflow/.local/lib/python3.7/site-packages/airflow/example_dags/example_latest_only.py
[2022-04-23 10:34:49,623] {processor.py:652} INFO - DAG(s) dict_keys(['latest_only']) retrieved from /home/airflow/.local/lib/python3.7/site-packages/airflow/example_dags/example_latest_only.py
[2022-04-23 10:34:49,638] {logging_mixin.py:109} INFO - [2022-04-23 10:34:49,638] {dag.py:2398} INFO - Sync 1 DAGs
[2022-04-23 10:34:49,650] {logging_mixin.py:109} INFO - [2022-04-23 10:34:49,650] {dag.py:2937} INFO - Setting next_dagrun for latest_only to 2022-04-23T06:34:49.650546+00:00
[2022-04-23 10:34:49,657] {processor.py:171} INFO - Processing /home/airflow/.local/lib/python3.7/site-packages/airflow/example_dags/example_latest_only.py took 0.047 seconds
[2022-04-23 10:35:19,972] {processor.py:163} INFO - Started process (PID=1045) to work on /home/airflow/.local/lib/python3.7/site-packages/airflow/example_dags/example_latest_only.py
[2022-04-23 10:35:19,973] {processor.py:642} INFO - Processing file /home/airflow/.local/lib/python3.7/site-packages/airflow/example_dags/example_latest_only.py for tasks to queue
[2022-04-23 10:35:19,974] {logging_mixin.py:109} INFO - [2022-04-23 10:35:19,974] {dagbag.py:500} INFO - Filling up the DagBag from /home/airflow/.local/lib/python3.7/site-packages/airflow/example_dags/example_latest_only.py
[2022-04-23 10:35:19,984] {processor.py:652} INFO - DAG(s) dict_keys(['latest_only']) retrieved from /home/airflow/.local/lib/python3.7/site-packages/airflow/example_dags/example_latest_only.py
[2022-04-23 10:35:20,000] {logging_mixin.py:109} INFO - [2022-04-23 10:35:19,999] {dag.py:2398} INFO - Sync 1 DAGs
[2022-04-23 10:35:20,010] {logging_mixin.py:109} INFO - [2022-04-23 10:35:20,010] {dag.py:2937} INFO - Setting next_dagrun for latest_only to 2022-04-23T06:35:20.010539+00:00
[2022-04-23 10:35:20,029] {processor.py:171} INFO - Processing /home/airflow/.local/lib/python3.7/site-packages/airflow/example_dags/example_latest_only.py took 0.060 seconds
[2022-04-23 10:35:50,412] {processor.py:163} INFO - Started process (PID=1106) to work on /home/airflow/.local/lib/python3.7/site-packages/airflow/example_dags/example_latest_only.py
[2022-04-23 10:35:50,413] {processor.py:642} INFO - Processing file /home/airflow/.local/lib/python3.7/site-packages/airflow/example_dags/example_latest_only.py for tasks to queue
[2022-04-23 10:35:50,413] {logging_mixin.py:109} INFO - [2022-04-23 10:35:50,413] {dagbag.py:500} INFO - Filling up the DagBag from /home/airflow/.local/lib/python3.7/site-packages/airflow/example_dags/example_latest_only.py
[2022-04-23 10:35:50,425] {processor.py:652} INFO - DAG(s) dict_keys(['latest_only']) retrieved from /home/airflow/.local/lib/python3.7/site-packages/airflow/example_dags/example_latest_only.py
[2022-04-23 10:35:50,441] {logging_mixin.py:109} INFO - [2022-04-23 10:35:50,441] {dag.py:2398} INFO - Sync 1 DAGs
[2022-04-23 10:35:50,453] {logging_mixin.py:109} INFO - [2022-04-23 10:35:50,453] {dag.py:2937} INFO - Setting next_dagrun for latest_only to 2022-04-23T06:35:50.453194+00:00
[2022-04-23 10:35:50,467] {processor.py:171} INFO - Processing /home/airflow/.local/lib/python3.7/site-packages/airflow/example_dags/example_latest_only.py took 0.057 seconds
[2022-04-23 10:36:20,511] {processor.py:163} INFO - Started process (PID=1158) to work on /home/airflow/.local/lib/python3.7/site-packages/airflow/example_dags/example_latest_only.py
[2022-04-23 10:36:20,512] {processor.py:642} INFO - Processing file /home/airflow/.local/lib/python3.7/site-packages/airflow/example_dags/example_latest_only.py for tasks to queue
[2022-04-23 10:36:20,513] {logging_mixin.py:109} INFO - [2022-04-23 10:36:20,513] {dagbag.py:500} INFO - Filling up the DagBag from /home/airflow/.local/lib/python3.7/site-packages/airflow/example_dags/example_latest_only.py
[2022-04-23 10:36:20,522] {processor.py:652} INFO - DAG(s) dict_keys(['latest_only']) retrieved from /home/airflow/.local/lib/python3.7/site-packages/airflow/example_dags/example_latest_only.py
[2022-04-23 10:36:20,536] {logging_mixin.py:109} INFO - [2022-04-23 10:36:20,536] {dag.py:2398} INFO - Sync 1 DAGs
[2022-04-23 10:36:20,547] {logging_mixin.py:109} INFO - [2022-04-23 10:36:20,547] {dag.py:2937} INFO - Setting next_dagrun for latest_only to 2022-04-23T06:36:20.547671+00:00
[2022-04-23 10:36:20,554] {processor.py:171} INFO - Processing /home/airflow/.local/lib/python3.7/site-packages/airflow/example_dags/example_latest_only.py took 0.045 seconds
