[2022-04-23 10:30:44,106] {processor.py:163} INFO - Started process (PID=244) to work on /home/airflow/.local/lib/python3.7/site-packages/airflow/example_dags/example_branch_day_of_week_operator.py
[2022-04-23 10:30:44,107] {processor.py:642} INFO - Processing file /home/airflow/.local/lib/python3.7/site-packages/airflow/example_dags/example_branch_day_of_week_operator.py for tasks to queue
[2022-04-23 10:30:44,108] {logging_mixin.py:109} INFO - [2022-04-23 10:30:44,108] {dagbag.py:500} INFO - Filling up the DagBag from /home/airflow/.local/lib/python3.7/site-packages/airflow/example_dags/example_branch_day_of_week_operator.py
[2022-04-23 10:30:44,126] {processor.py:652} INFO - DAG(s) dict_keys(['example_weekday_branch_operator']) retrieved from /home/airflow/.local/lib/python3.7/site-packages/airflow/example_dags/example_branch_day_of_week_operator.py
[2022-04-23 10:30:45,737] {logging_mixin.py:109} INFO - [2022-04-23 10:30:45,737] {manager.py:496} INFO - Created Permission View: can read on DAG:example_weekday_branch_operator
[2022-04-23 10:30:45,744] {logging_mixin.py:109} INFO - [2022-04-23 10:30:45,744] {manager.py:496} INFO - Created Permission View: can edit on DAG:example_weekday_branch_operator
[2022-04-23 10:30:45,745] {logging_mixin.py:109} INFO - [2022-04-23 10:30:45,745] {dag.py:2398} INFO - Sync 1 DAGs
[2022-04-23 10:30:45,751] {logging_mixin.py:109} INFO - [2022-04-23 10:30:45,751] {dag.py:2417} INFO - Creating ORM DAG for example_weekday_branch_operator
[2022-04-23 10:30:45,759] {logging_mixin.py:109} INFO - [2022-04-23 10:30:45,759] {dag.py:2937} INFO - Setting next_dagrun for example_weekday_branch_operator to 2022-04-22 00:00:00+00:00
[2022-04-23 10:30:45,770] {processor.py:171} INFO - Processing /home/airflow/.local/lib/python3.7/site-packages/airflow/example_dags/example_branch_day_of_week_operator.py took 1.667 seconds
[2022-04-23 10:31:16,634] {processor.py:163} INFO - Started process (PID=592) to work on /home/airflow/.local/lib/python3.7/site-packages/airflow/example_dags/example_branch_day_of_week_operator.py
[2022-04-23 10:31:16,636] {processor.py:642} INFO - Processing file /home/airflow/.local/lib/python3.7/site-packages/airflow/example_dags/example_branch_day_of_week_operator.py for tasks to queue
[2022-04-23 10:31:16,637] {logging_mixin.py:109} INFO - [2022-04-23 10:31:16,636] {dagbag.py:500} INFO - Filling up the DagBag from /home/airflow/.local/lib/python3.7/site-packages/airflow/example_dags/example_branch_day_of_week_operator.py
[2022-04-23 10:31:16,650] {processor.py:652} INFO - DAG(s) dict_keys(['example_weekday_branch_operator']) retrieved from /home/airflow/.local/lib/python3.7/site-packages/airflow/example_dags/example_branch_day_of_week_operator.py
[2022-04-23 10:31:16,664] {logging_mixin.py:109} INFO - [2022-04-23 10:31:16,664] {dag.py:2398} INFO - Sync 1 DAGs
[2022-04-23 10:31:16,678] {logging_mixin.py:109} INFO - [2022-04-23 10:31:16,678] {dag.py:2937} INFO - Setting next_dagrun for example_weekday_branch_operator to 2022-04-22 00:00:00+00:00
[2022-04-23 10:31:16,686] {processor.py:171} INFO - Processing /home/airflow/.local/lib/python3.7/site-packages/airflow/example_dags/example_branch_day_of_week_operator.py took 0.054 seconds
[2022-04-23 10:31:46,897] {processor.py:163} INFO - Started process (PID=653) to work on /home/airflow/.local/lib/python3.7/site-packages/airflow/example_dags/example_branch_day_of_week_operator.py
[2022-04-23 10:31:46,898] {processor.py:642} INFO - Processing file /home/airflow/.local/lib/python3.7/site-packages/airflow/example_dags/example_branch_day_of_week_operator.py for tasks to queue
[2022-04-23 10:31:46,899] {logging_mixin.py:109} INFO - [2022-04-23 10:31:46,899] {dagbag.py:500} INFO - Filling up the DagBag from /home/airflow/.local/lib/python3.7/site-packages/airflow/example_dags/example_branch_day_of_week_operator.py
[2022-04-23 10:31:46,911] {processor.py:652} INFO - DAG(s) dict_keys(['example_weekday_branch_operator']) retrieved from /home/airflow/.local/lib/python3.7/site-packages/airflow/example_dags/example_branch_day_of_week_operator.py
[2022-04-23 10:31:46,925] {logging_mixin.py:109} INFO - [2022-04-23 10:31:46,925] {dag.py:2398} INFO - Sync 1 DAGs
[2022-04-23 10:31:46,938] {logging_mixin.py:109} INFO - [2022-04-23 10:31:46,938] {dag.py:2937} INFO - Setting next_dagrun for example_weekday_branch_operator to 2022-04-22 00:00:00+00:00
[2022-04-23 10:31:46,946] {processor.py:171} INFO - Processing /home/airflow/.local/lib/python3.7/site-packages/airflow/example_dags/example_branch_day_of_week_operator.py took 0.051 seconds
[2022-04-23 10:32:17,168] {processor.py:163} INFO - Started process (PID=704) to work on /home/airflow/.local/lib/python3.7/site-packages/airflow/example_dags/example_branch_day_of_week_operator.py
[2022-04-23 10:32:17,169] {processor.py:642} INFO - Processing file /home/airflow/.local/lib/python3.7/site-packages/airflow/example_dags/example_branch_day_of_week_operator.py for tasks to queue
[2022-04-23 10:32:17,169] {logging_mixin.py:109} INFO - [2022-04-23 10:32:17,169] {dagbag.py:500} INFO - Filling up the DagBag from /home/airflow/.local/lib/python3.7/site-packages/airflow/example_dags/example_branch_day_of_week_operator.py
[2022-04-23 10:32:17,181] {processor.py:652} INFO - DAG(s) dict_keys(['example_weekday_branch_operator']) retrieved from /home/airflow/.local/lib/python3.7/site-packages/airflow/example_dags/example_branch_day_of_week_operator.py
[2022-04-23 10:32:17,195] {logging_mixin.py:109} INFO - [2022-04-23 10:32:17,195] {dag.py:2398} INFO - Sync 1 DAGs
[2022-04-23 10:32:17,210] {logging_mixin.py:109} INFO - [2022-04-23 10:32:17,210] {dag.py:2937} INFO - Setting next_dagrun for example_weekday_branch_operator to 2022-04-22 00:00:00+00:00
[2022-04-23 10:32:17,218] {processor.py:171} INFO - Processing /home/airflow/.local/lib/python3.7/site-packages/airflow/example_dags/example_branch_day_of_week_operator.py took 0.052 seconds
[2022-04-23 10:32:47,407] {processor.py:163} INFO - Started process (PID=764) to work on /home/airflow/.local/lib/python3.7/site-packages/airflow/example_dags/example_branch_day_of_week_operator.py
[2022-04-23 10:32:47,407] {processor.py:642} INFO - Processing file /home/airflow/.local/lib/python3.7/site-packages/airflow/example_dags/example_branch_day_of_week_operator.py for tasks to queue
[2022-04-23 10:32:47,408] {logging_mixin.py:109} INFO - [2022-04-23 10:32:47,408] {dagbag.py:500} INFO - Filling up the DagBag from /home/airflow/.local/lib/python3.7/site-packages/airflow/example_dags/example_branch_day_of_week_operator.py
[2022-04-23 10:32:47,418] {processor.py:652} INFO - DAG(s) dict_keys(['example_weekday_branch_operator']) retrieved from /home/airflow/.local/lib/python3.7/site-packages/airflow/example_dags/example_branch_day_of_week_operator.py
[2022-04-23 10:32:47,432] {logging_mixin.py:109} INFO - [2022-04-23 10:32:47,431] {dag.py:2398} INFO - Sync 1 DAGs
[2022-04-23 10:32:47,444] {logging_mixin.py:109} INFO - [2022-04-23 10:32:47,444] {dag.py:2937} INFO - Setting next_dagrun for example_weekday_branch_operator to 2022-04-22 00:00:00+00:00
[2022-04-23 10:32:47,451] {processor.py:171} INFO - Processing /home/airflow/.local/lib/python3.7/site-packages/airflow/example_dags/example_branch_day_of_week_operator.py took 0.047 seconds
[2022-04-23 10:33:17,662] {processor.py:163} INFO - Started process (PID=823) to work on /home/airflow/.local/lib/python3.7/site-packages/airflow/example_dags/example_branch_day_of_week_operator.py
[2022-04-23 10:33:17,664] {processor.py:642} INFO - Processing file /home/airflow/.local/lib/python3.7/site-packages/airflow/example_dags/example_branch_day_of_week_operator.py for tasks to queue
[2022-04-23 10:33:17,665] {logging_mixin.py:109} INFO - [2022-04-23 10:33:17,665] {dagbag.py:500} INFO - Filling up the DagBag from /home/airflow/.local/lib/python3.7/site-packages/airflow/example_dags/example_branch_day_of_week_operator.py
[2022-04-23 10:33:17,678] {processor.py:652} INFO - DAG(s) dict_keys(['example_weekday_branch_operator']) retrieved from /home/airflow/.local/lib/python3.7/site-packages/airflow/example_dags/example_branch_day_of_week_operator.py
[2022-04-23 10:33:17,694] {logging_mixin.py:109} INFO - [2022-04-23 10:33:17,694] {dag.py:2398} INFO - Sync 1 DAGs
[2022-04-23 10:33:17,710] {logging_mixin.py:109} INFO - [2022-04-23 10:33:17,710] {dag.py:2937} INFO - Setting next_dagrun for example_weekday_branch_operator to 2022-04-22 00:00:00+00:00
[2022-04-23 10:33:17,721] {processor.py:171} INFO - Processing /home/airflow/.local/lib/python3.7/site-packages/airflow/example_dags/example_branch_day_of_week_operator.py took 0.061 seconds
[2022-04-23 10:33:47,848] {processor.py:163} INFO - Started process (PID=873) to work on /home/airflow/.local/lib/python3.7/site-packages/airflow/example_dags/example_branch_day_of_week_operator.py
[2022-04-23 10:33:47,849] {processor.py:642} INFO - Processing file /home/airflow/.local/lib/python3.7/site-packages/airflow/example_dags/example_branch_day_of_week_operator.py for tasks to queue
[2022-04-23 10:33:47,850] {logging_mixin.py:109} INFO - [2022-04-23 10:33:47,850] {dagbag.py:500} INFO - Filling up the DagBag from /home/airflow/.local/lib/python3.7/site-packages/airflow/example_dags/example_branch_day_of_week_operator.py
[2022-04-23 10:33:47,860] {processor.py:652} INFO - DAG(s) dict_keys(['example_weekday_branch_operator']) retrieved from /home/airflow/.local/lib/python3.7/site-packages/airflow/example_dags/example_branch_day_of_week_operator.py
[2022-04-23 10:33:47,874] {logging_mixin.py:109} INFO - [2022-04-23 10:33:47,874] {dag.py:2398} INFO - Sync 1 DAGs
[2022-04-23 10:33:47,888] {logging_mixin.py:109} INFO - [2022-04-23 10:33:47,888] {dag.py:2937} INFO - Setting next_dagrun for example_weekday_branch_operator to 2022-04-22 00:00:00+00:00
[2022-04-23 10:33:47,896] {processor.py:171} INFO - Processing /home/airflow/.local/lib/python3.7/site-packages/airflow/example_dags/example_branch_day_of_week_operator.py took 0.050 seconds
[2022-04-23 10:34:18,238] {processor.py:163} INFO - Started process (PID=932) to work on /home/airflow/.local/lib/python3.7/site-packages/airflow/example_dags/example_branch_day_of_week_operator.py
[2022-04-23 10:34:18,240] {processor.py:642} INFO - Processing file /home/airflow/.local/lib/python3.7/site-packages/airflow/example_dags/example_branch_day_of_week_operator.py for tasks to queue
[2022-04-23 10:34:18,240] {logging_mixin.py:109} INFO - [2022-04-23 10:34:18,240] {dagbag.py:500} INFO - Filling up the DagBag from /home/airflow/.local/lib/python3.7/site-packages/airflow/example_dags/example_branch_day_of_week_operator.py
[2022-04-23 10:34:18,250] {processor.py:652} INFO - DAG(s) dict_keys(['example_weekday_branch_operator']) retrieved from /home/airflow/.local/lib/python3.7/site-packages/airflow/example_dags/example_branch_day_of_week_operator.py
[2022-04-23 10:34:18,265] {logging_mixin.py:109} INFO - [2022-04-23 10:34:18,265] {dag.py:2398} INFO - Sync 1 DAGs
[2022-04-23 10:34:18,277] {logging_mixin.py:109} INFO - [2022-04-23 10:34:18,277] {dag.py:2937} INFO - Setting next_dagrun for example_weekday_branch_operator to 2022-04-22 00:00:00+00:00
[2022-04-23 10:34:18,284] {processor.py:171} INFO - Processing /home/airflow/.local/lib/python3.7/site-packages/airflow/example_dags/example_branch_day_of_week_operator.py took 0.048 seconds
[2022-04-23 10:34:48,534] {processor.py:163} INFO - Started process (PID=983) to work on /home/airflow/.local/lib/python3.7/site-packages/airflow/example_dags/example_branch_day_of_week_operator.py
[2022-04-23 10:34:48,535] {processor.py:642} INFO - Processing file /home/airflow/.local/lib/python3.7/site-packages/airflow/example_dags/example_branch_day_of_week_operator.py for tasks to queue
[2022-04-23 10:34:48,536] {logging_mixin.py:109} INFO - [2022-04-23 10:34:48,536] {dagbag.py:500} INFO - Filling up the DagBag from /home/airflow/.local/lib/python3.7/site-packages/airflow/example_dags/example_branch_day_of_week_operator.py
[2022-04-23 10:34:48,550] {processor.py:652} INFO - DAG(s) dict_keys(['example_weekday_branch_operator']) retrieved from /home/airflow/.local/lib/python3.7/site-packages/airflow/example_dags/example_branch_day_of_week_operator.py
[2022-04-23 10:34:48,563] {logging_mixin.py:109} INFO - [2022-04-23 10:34:48,563] {dag.py:2398} INFO - Sync 1 DAGs
[2022-04-23 10:34:48,576] {logging_mixin.py:109} INFO - [2022-04-23 10:34:48,576] {dag.py:2937} INFO - Setting next_dagrun for example_weekday_branch_operator to 2022-04-22 00:00:00+00:00
[2022-04-23 10:34:48,584] {processor.py:171} INFO - Processing /home/airflow/.local/lib/python3.7/site-packages/airflow/example_dags/example_branch_day_of_week_operator.py took 0.051 seconds
[2022-04-23 10:35:18,885] {processor.py:163} INFO - Started process (PID=1044) to work on /home/airflow/.local/lib/python3.7/site-packages/airflow/example_dags/example_branch_day_of_week_operator.py
[2022-04-23 10:35:18,886] {processor.py:642} INFO - Processing file /home/airflow/.local/lib/python3.7/site-packages/airflow/example_dags/example_branch_day_of_week_operator.py for tasks to queue
[2022-04-23 10:35:18,887] {logging_mixin.py:109} INFO - [2022-04-23 10:35:18,887] {dagbag.py:500} INFO - Filling up the DagBag from /home/airflow/.local/lib/python3.7/site-packages/airflow/example_dags/example_branch_day_of_week_operator.py
[2022-04-23 10:35:18,899] {processor.py:652} INFO - DAG(s) dict_keys(['example_weekday_branch_operator']) retrieved from /home/airflow/.local/lib/python3.7/site-packages/airflow/example_dags/example_branch_day_of_week_operator.py
[2022-04-23 10:35:18,913] {logging_mixin.py:109} INFO - [2022-04-23 10:35:18,912] {dag.py:2398} INFO - Sync 1 DAGs
[2022-04-23 10:35:18,924] {logging_mixin.py:109} INFO - [2022-04-23 10:35:18,924] {dag.py:2937} INFO - Setting next_dagrun for example_weekday_branch_operator to 2022-04-22 00:00:00+00:00
[2022-04-23 10:35:18,945] {processor.py:171} INFO - Processing /home/airflow/.local/lib/python3.7/site-packages/airflow/example_dags/example_branch_day_of_week_operator.py took 0.061 seconds
[2022-04-23 10:35:49,322] {processor.py:163} INFO - Started process (PID=1096) to work on /home/airflow/.local/lib/python3.7/site-packages/airflow/example_dags/example_branch_day_of_week_operator.py
[2022-04-23 10:35:49,323] {processor.py:642} INFO - Processing file /home/airflow/.local/lib/python3.7/site-packages/airflow/example_dags/example_branch_day_of_week_operator.py for tasks to queue
[2022-04-23 10:35:49,324] {logging_mixin.py:109} INFO - [2022-04-23 10:35:49,324] {dagbag.py:500} INFO - Filling up the DagBag from /home/airflow/.local/lib/python3.7/site-packages/airflow/example_dags/example_branch_day_of_week_operator.py
[2022-04-23 10:35:49,341] {processor.py:652} INFO - DAG(s) dict_keys(['example_weekday_branch_operator']) retrieved from /home/airflow/.local/lib/python3.7/site-packages/airflow/example_dags/example_branch_day_of_week_operator.py
[2022-04-23 10:35:49,358] {logging_mixin.py:109} INFO - [2022-04-23 10:35:49,357] {dag.py:2398} INFO - Sync 1 DAGs
[2022-04-23 10:35:49,373] {logging_mixin.py:109} INFO - [2022-04-23 10:35:49,373] {dag.py:2937} INFO - Setting next_dagrun for example_weekday_branch_operator to 2022-04-22 00:00:00+00:00
[2022-04-23 10:35:49,384] {processor.py:171} INFO - Processing /home/airflow/.local/lib/python3.7/site-packages/airflow/example_dags/example_branch_day_of_week_operator.py took 0.064 seconds
[2022-04-23 10:36:19,431] {processor.py:163} INFO - Started process (PID=1156) to work on /home/airflow/.local/lib/python3.7/site-packages/airflow/example_dags/example_branch_day_of_week_operator.py
[2022-04-23 10:36:19,432] {processor.py:642} INFO - Processing file /home/airflow/.local/lib/python3.7/site-packages/airflow/example_dags/example_branch_day_of_week_operator.py for tasks to queue
[2022-04-23 10:36:19,433] {logging_mixin.py:109} INFO - [2022-04-23 10:36:19,433] {dagbag.py:500} INFO - Filling up the DagBag from /home/airflow/.local/lib/python3.7/site-packages/airflow/example_dags/example_branch_day_of_week_operator.py
[2022-04-23 10:36:19,443] {processor.py:652} INFO - DAG(s) dict_keys(['example_weekday_branch_operator']) retrieved from /home/airflow/.local/lib/python3.7/site-packages/airflow/example_dags/example_branch_day_of_week_operator.py
[2022-04-23 10:36:19,458] {logging_mixin.py:109} INFO - [2022-04-23 10:36:19,457] {dag.py:2398} INFO - Sync 1 DAGs
[2022-04-23 10:36:19,470] {logging_mixin.py:109} INFO - [2022-04-23 10:36:19,470] {dag.py:2937} INFO - Setting next_dagrun for example_weekday_branch_operator to 2022-04-22 00:00:00+00:00
[2022-04-23 10:36:19,489] {processor.py:171} INFO - Processing /home/airflow/.local/lib/python3.7/site-packages/airflow/example_dags/example_branch_day_of_week_operator.py took 0.060 seconds
