[2022-04-23 10:30:36,146] {processor.py:163} INFO - Started process (PID=75) to work on /home/airflow/.local/lib/python3.7/site-packages/airflow/example_dags/example_xcom.py
[2022-04-23 10:30:36,147] {processor.py:642} INFO - Processing file /home/airflow/.local/lib/python3.7/site-packages/airflow/example_dags/example_xcom.py for tasks to queue
[2022-04-23 10:30:36,148] {logging_mixin.py:109} INFO - [2022-04-23 10:30:36,148] {dagbag.py:500} INFO - Filling up the DagBag from /home/airflow/.local/lib/python3.7/site-packages/airflow/example_dags/example_xcom.py
[2022-04-23 10:30:36,166] {processor.py:652} INFO - DAG(s) dict_keys(['example_xcom']) retrieved from /home/airflow/.local/lib/python3.7/site-packages/airflow/example_dags/example_xcom.py
[2022-04-23 10:30:37,985] {logging_mixin.py:109} INFO - [2022-04-23 10:30:37,985] {manager.py:496} INFO - Created Permission View: can read on DAG:example_xcom
[2022-04-23 10:30:37,992] {logging_mixin.py:109} INFO - [2022-04-23 10:30:37,992] {manager.py:496} INFO - Created Permission View: can edit on DAG:example_xcom
[2022-04-23 10:30:37,993] {logging_mixin.py:109} INFO - [2022-04-23 10:30:37,993] {dag.py:2398} INFO - Sync 1 DAGs
[2022-04-23 10:30:38,002] {logging_mixin.py:109} INFO - [2022-04-23 10:30:38,001] {dag.py:2417} INFO - Creating ORM DAG for example_xcom
[2022-04-23 10:30:38,011] {logging_mixin.py:109} INFO - [2022-04-23 10:30:38,011] {dag.py:2937} INFO - Setting next_dagrun for example_xcom to 2021-01-01T00:00:00+00:00
[2022-04-23 10:30:38,029] {processor.py:171} INFO - Processing /home/airflow/.local/lib/python3.7/site-packages/airflow/example_dags/example_xcom.py took 1.885 seconds
[2022-04-23 10:31:08,348] {processor.py:163} INFO - Started process (PID=580) to work on /home/airflow/.local/lib/python3.7/site-packages/airflow/example_dags/example_xcom.py
[2022-04-23 10:31:08,349] {processor.py:642} INFO - Processing file /home/airflow/.local/lib/python3.7/site-packages/airflow/example_dags/example_xcom.py for tasks to queue
[2022-04-23 10:31:08,350] {logging_mixin.py:109} INFO - [2022-04-23 10:31:08,350] {dagbag.py:500} INFO - Filling up the DagBag from /home/airflow/.local/lib/python3.7/site-packages/airflow/example_dags/example_xcom.py
[2022-04-23 10:31:08,366] {processor.py:652} INFO - DAG(s) dict_keys(['example_xcom']) retrieved from /home/airflow/.local/lib/python3.7/site-packages/airflow/example_dags/example_xcom.py
[2022-04-23 10:31:08,597] {logging_mixin.py:109} INFO - [2022-04-23 10:31:08,597] {dag.py:2398} INFO - Sync 1 DAGs
[2022-04-23 10:31:08,608] {logging_mixin.py:109} INFO - [2022-04-23 10:31:08,608] {dag.py:2937} INFO - Setting next_dagrun for example_xcom to 2021-01-01T00:00:00+00:00
[2022-04-23 10:31:08,622] {processor.py:171} INFO - Processing /home/airflow/.local/lib/python3.7/site-packages/airflow/example_dags/example_xcom.py took 0.276 seconds
[2022-04-23 10:31:39,491] {processor.py:163} INFO - Started process (PID=633) to work on /home/airflow/.local/lib/python3.7/site-packages/airflow/example_dags/example_xcom.py
[2022-04-23 10:31:39,492] {processor.py:642} INFO - Processing file /home/airflow/.local/lib/python3.7/site-packages/airflow/example_dags/example_xcom.py for tasks to queue
[2022-04-23 10:31:39,493] {logging_mixin.py:109} INFO - [2022-04-23 10:31:39,493] {dagbag.py:500} INFO - Filling up the DagBag from /home/airflow/.local/lib/python3.7/site-packages/airflow/example_dags/example_xcom.py
[2022-04-23 10:31:39,507] {processor.py:652} INFO - DAG(s) dict_keys(['example_xcom']) retrieved from /home/airflow/.local/lib/python3.7/site-packages/airflow/example_dags/example_xcom.py
[2022-04-23 10:31:39,713] {logging_mixin.py:109} INFO - [2022-04-23 10:31:39,713] {dag.py:2398} INFO - Sync 1 DAGs
[2022-04-23 10:31:39,722] {logging_mixin.py:109} INFO - [2022-04-23 10:31:39,722] {dag.py:2937} INFO - Setting next_dagrun for example_xcom to 2021-01-01T00:00:00+00:00
[2022-04-23 10:31:39,730] {processor.py:171} INFO - Processing /home/airflow/.local/lib/python3.7/site-packages/airflow/example_dags/example_xcom.py took 0.240 seconds
[2022-04-23 10:32:10,647] {processor.py:163} INFO - Started process (PID=695) to work on /home/airflow/.local/lib/python3.7/site-packages/airflow/example_dags/example_xcom.py
[2022-04-23 10:32:10,648] {processor.py:642} INFO - Processing file /home/airflow/.local/lib/python3.7/site-packages/airflow/example_dags/example_xcom.py for tasks to queue
[2022-04-23 10:32:10,648] {logging_mixin.py:109} INFO - [2022-04-23 10:32:10,648] {dagbag.py:500} INFO - Filling up the DagBag from /home/airflow/.local/lib/python3.7/site-packages/airflow/example_dags/example_xcom.py
[2022-04-23 10:32:10,662] {processor.py:652} INFO - DAG(s) dict_keys(['example_xcom']) retrieved from /home/airflow/.local/lib/python3.7/site-packages/airflow/example_dags/example_xcom.py
[2022-04-23 10:32:10,888] {logging_mixin.py:109} INFO - [2022-04-23 10:32:10,888] {dag.py:2398} INFO - Sync 1 DAGs
[2022-04-23 10:32:10,899] {logging_mixin.py:109} INFO - [2022-04-23 10:32:10,898] {dag.py:2937} INFO - Setting next_dagrun for example_xcom to 2021-01-01T00:00:00+00:00
[2022-04-23 10:32:10,907] {processor.py:171} INFO - Processing /home/airflow/.local/lib/python3.7/site-packages/airflow/example_dags/example_xcom.py took 0.262 seconds
[2022-04-23 10:32:41,911] {processor.py:163} INFO - Started process (PID=754) to work on /home/airflow/.local/lib/python3.7/site-packages/airflow/example_dags/example_xcom.py
[2022-04-23 10:32:41,922] {processor.py:642} INFO - Processing file /home/airflow/.local/lib/python3.7/site-packages/airflow/example_dags/example_xcom.py for tasks to queue
[2022-04-23 10:32:41,922] {logging_mixin.py:109} INFO - [2022-04-23 10:32:41,922] {dagbag.py:500} INFO - Filling up the DagBag from /home/airflow/.local/lib/python3.7/site-packages/airflow/example_dags/example_xcom.py
[2022-04-23 10:32:41,937] {processor.py:652} INFO - DAG(s) dict_keys(['example_xcom']) retrieved from /home/airflow/.local/lib/python3.7/site-packages/airflow/example_dags/example_xcom.py
[2022-04-23 10:32:42,149] {logging_mixin.py:109} INFO - [2022-04-23 10:32:42,149] {dag.py:2398} INFO - Sync 1 DAGs
[2022-04-23 10:32:42,159] {logging_mixin.py:109} INFO - [2022-04-23 10:32:42,158] {dag.py:2937} INFO - Setting next_dagrun for example_xcom to 2021-01-01T00:00:00+00:00
[2022-04-23 10:32:42,178] {processor.py:171} INFO - Processing /home/airflow/.local/lib/python3.7/site-packages/airflow/example_dags/example_xcom.py took 0.269 seconds
[2022-04-23 10:33:13,117] {processor.py:163} INFO - Started process (PID=806) to work on /home/airflow/.local/lib/python3.7/site-packages/airflow/example_dags/example_xcom.py
[2022-04-23 10:33:13,118] {processor.py:642} INFO - Processing file /home/airflow/.local/lib/python3.7/site-packages/airflow/example_dags/example_xcom.py for tasks to queue
[2022-04-23 10:33:13,118] {logging_mixin.py:109} INFO - [2022-04-23 10:33:13,118] {dagbag.py:500} INFO - Filling up the DagBag from /home/airflow/.local/lib/python3.7/site-packages/airflow/example_dags/example_xcom.py
[2022-04-23 10:33:13,132] {processor.py:652} INFO - DAG(s) dict_keys(['example_xcom']) retrieved from /home/airflow/.local/lib/python3.7/site-packages/airflow/example_dags/example_xcom.py
[2022-04-23 10:33:13,356] {logging_mixin.py:109} INFO - [2022-04-23 10:33:13,355] {dag.py:2398} INFO - Sync 1 DAGs
[2022-04-23 10:33:13,366] {logging_mixin.py:109} INFO - [2022-04-23 10:33:13,366] {dag.py:2937} INFO - Setting next_dagrun for example_xcom to 2021-01-01T00:00:00+00:00
[2022-04-23 10:33:13,374] {processor.py:171} INFO - Processing /home/airflow/.local/lib/python3.7/site-packages/airflow/example_dags/example_xcom.py took 0.259 seconds
[2022-04-23 10:33:43,420] {processor.py:163} INFO - Started process (PID=866) to work on /home/airflow/.local/lib/python3.7/site-packages/airflow/example_dags/example_xcom.py
[2022-04-23 10:33:43,421] {processor.py:642} INFO - Processing file /home/airflow/.local/lib/python3.7/site-packages/airflow/example_dags/example_xcom.py for tasks to queue
[2022-04-23 10:33:43,421] {logging_mixin.py:109} INFO - [2022-04-23 10:33:43,421] {dagbag.py:500} INFO - Filling up the DagBag from /home/airflow/.local/lib/python3.7/site-packages/airflow/example_dags/example_xcom.py
[2022-04-23 10:33:43,435] {processor.py:652} INFO - DAG(s) dict_keys(['example_xcom']) retrieved from /home/airflow/.local/lib/python3.7/site-packages/airflow/example_dags/example_xcom.py
[2022-04-23 10:33:43,644] {logging_mixin.py:109} INFO - [2022-04-23 10:33:43,644] {dag.py:2398} INFO - Sync 1 DAGs
[2022-04-23 10:33:43,654] {logging_mixin.py:109} INFO - [2022-04-23 10:33:43,654] {dag.py:2937} INFO - Setting next_dagrun for example_xcom to 2021-01-01T00:00:00+00:00
[2022-04-23 10:33:43,673] {processor.py:171} INFO - Processing /home/airflow/.local/lib/python3.7/site-packages/airflow/example_dags/example_xcom.py took 0.255 seconds
[2022-04-23 10:34:13,756] {processor.py:163} INFO - Started process (PID=916) to work on /home/airflow/.local/lib/python3.7/site-packages/airflow/example_dags/example_xcom.py
[2022-04-23 10:34:13,758] {processor.py:642} INFO - Processing file /home/airflow/.local/lib/python3.7/site-packages/airflow/example_dags/example_xcom.py for tasks to queue
[2022-04-23 10:34:13,758] {logging_mixin.py:109} INFO - [2022-04-23 10:34:13,758] {dagbag.py:500} INFO - Filling up the DagBag from /home/airflow/.local/lib/python3.7/site-packages/airflow/example_dags/example_xcom.py
[2022-04-23 10:34:13,773] {processor.py:652} INFO - DAG(s) dict_keys(['example_xcom']) retrieved from /home/airflow/.local/lib/python3.7/site-packages/airflow/example_dags/example_xcom.py
[2022-04-23 10:34:13,989] {logging_mixin.py:109} INFO - [2022-04-23 10:34:13,989] {dag.py:2398} INFO - Sync 1 DAGs
[2022-04-23 10:34:13,999] {logging_mixin.py:109} INFO - [2022-04-23 10:34:13,999] {dag.py:2937} INFO - Setting next_dagrun for example_xcom to 2021-01-01T00:00:00+00:00
[2022-04-23 10:34:14,006] {processor.py:171} INFO - Processing /home/airflow/.local/lib/python3.7/site-packages/airflow/example_dags/example_xcom.py took 0.252 seconds
[2022-04-23 10:34:44,084] {processor.py:163} INFO - Started process (PID=976) to work on /home/airflow/.local/lib/python3.7/site-packages/airflow/example_dags/example_xcom.py
[2022-04-23 10:34:44,085] {processor.py:642} INFO - Processing file /home/airflow/.local/lib/python3.7/site-packages/airflow/example_dags/example_xcom.py for tasks to queue
[2022-04-23 10:34:44,086] {logging_mixin.py:109} INFO - [2022-04-23 10:34:44,086] {dagbag.py:500} INFO - Filling up the DagBag from /home/airflow/.local/lib/python3.7/site-packages/airflow/example_dags/example_xcom.py
[2022-04-23 10:34:44,100] {processor.py:652} INFO - DAG(s) dict_keys(['example_xcom']) retrieved from /home/airflow/.local/lib/python3.7/site-packages/airflow/example_dags/example_xcom.py
[2022-04-23 10:34:44,325] {logging_mixin.py:109} INFO - [2022-04-23 10:34:44,325] {dag.py:2398} INFO - Sync 1 DAGs
[2022-04-23 10:34:44,336] {logging_mixin.py:109} INFO - [2022-04-23 10:34:44,336] {dag.py:2937} INFO - Setting next_dagrun for example_xcom to 2021-01-01T00:00:00+00:00
[2022-04-23 10:34:44,356] {processor.py:171} INFO - Processing /home/airflow/.local/lib/python3.7/site-packages/airflow/example_dags/example_xcom.py took 0.274 seconds
[2022-04-23 10:35:14,423] {processor.py:163} INFO - Started process (PID=1037) to work on /home/airflow/.local/lib/python3.7/site-packages/airflow/example_dags/example_xcom.py
[2022-04-23 10:35:14,424] {processor.py:642} INFO - Processing file /home/airflow/.local/lib/python3.7/site-packages/airflow/example_dags/example_xcom.py for tasks to queue
[2022-04-23 10:35:14,425] {logging_mixin.py:109} INFO - [2022-04-23 10:35:14,425] {dagbag.py:500} INFO - Filling up the DagBag from /home/airflow/.local/lib/python3.7/site-packages/airflow/example_dags/example_xcom.py
[2022-04-23 10:35:14,447] {processor.py:652} INFO - DAG(s) dict_keys(['example_xcom']) retrieved from /home/airflow/.local/lib/python3.7/site-packages/airflow/example_dags/example_xcom.py
[2022-04-23 10:35:14,686] {logging_mixin.py:109} INFO - [2022-04-23 10:35:14,686] {dag.py:2398} INFO - Sync 1 DAGs
[2022-04-23 10:35:14,697] {logging_mixin.py:109} INFO - [2022-04-23 10:35:14,697] {dag.py:2937} INFO - Setting next_dagrun for example_xcom to 2021-01-01T00:00:00+00:00
[2022-04-23 10:35:14,708] {processor.py:171} INFO - Processing /home/airflow/.local/lib/python3.7/site-packages/airflow/example_dags/example_xcom.py took 0.288 seconds
[2022-04-23 10:35:44,784] {processor.py:163} INFO - Started process (PID=1089) to work on /home/airflow/.local/lib/python3.7/site-packages/airflow/example_dags/example_xcom.py
[2022-04-23 10:35:44,785] {processor.py:642} INFO - Processing file /home/airflow/.local/lib/python3.7/site-packages/airflow/example_dags/example_xcom.py for tasks to queue
[2022-04-23 10:35:44,786] {logging_mixin.py:109} INFO - [2022-04-23 10:35:44,786] {dagbag.py:500} INFO - Filling up the DagBag from /home/airflow/.local/lib/python3.7/site-packages/airflow/example_dags/example_xcom.py
[2022-04-23 10:35:44,801] {processor.py:652} INFO - DAG(s) dict_keys(['example_xcom']) retrieved from /home/airflow/.local/lib/python3.7/site-packages/airflow/example_dags/example_xcom.py
[2022-04-23 10:35:45,070] {logging_mixin.py:109} INFO - [2022-04-23 10:35:45,070] {dag.py:2398} INFO - Sync 1 DAGs
[2022-04-23 10:35:45,082] {logging_mixin.py:109} INFO - [2022-04-23 10:35:45,082] {dag.py:2937} INFO - Setting next_dagrun for example_xcom to 2021-01-01T00:00:00+00:00
[2022-04-23 10:35:45,091] {processor.py:171} INFO - Processing /home/airflow/.local/lib/python3.7/site-packages/airflow/example_dags/example_xcom.py took 0.309 seconds
[2022-04-23 10:36:16,069] {processor.py:163} INFO - Started process (PID=1150) to work on /home/airflow/.local/lib/python3.7/site-packages/airflow/example_dags/example_xcom.py
[2022-04-23 10:36:16,070] {processor.py:642} INFO - Processing file /home/airflow/.local/lib/python3.7/site-packages/airflow/example_dags/example_xcom.py for tasks to queue
[2022-04-23 10:36:16,071] {logging_mixin.py:109} INFO - [2022-04-23 10:36:16,071] {dagbag.py:500} INFO - Filling up the DagBag from /home/airflow/.local/lib/python3.7/site-packages/airflow/example_dags/example_xcom.py
[2022-04-23 10:36:16,085] {processor.py:652} INFO - DAG(s) dict_keys(['example_xcom']) retrieved from /home/airflow/.local/lib/python3.7/site-packages/airflow/example_dags/example_xcom.py
[2022-04-23 10:36:16,302] {logging_mixin.py:109} INFO - [2022-04-23 10:36:16,302] {dag.py:2398} INFO - Sync 1 DAGs
[2022-04-23 10:36:16,312] {logging_mixin.py:109} INFO - [2022-04-23 10:36:16,312] {dag.py:2937} INFO - Setting next_dagrun for example_xcom to 2021-01-01T00:00:00+00:00
[2022-04-23 10:36:16,320] {processor.py:171} INFO - Processing /home/airflow/.local/lib/python3.7/site-packages/airflow/example_dags/example_xcom.py took 0.252 seconds
