[2022-04-23 10:30:51,749] {processor.py:163} INFO - Started process (PID=423) to work on /home/airflow/.local/lib/python3.7/site-packages/airflow/example_dags/example_task_group_decorator.py
[2022-04-23 10:30:51,750] {processor.py:642} INFO - Processing file /home/airflow/.local/lib/python3.7/site-packages/airflow/example_dags/example_task_group_decorator.py for tasks to queue
[2022-04-23 10:30:51,751] {logging_mixin.py:109} INFO - [2022-04-23 10:30:51,751] {dagbag.py:500} INFO - Filling up the DagBag from /home/airflow/.local/lib/python3.7/site-packages/airflow/example_dags/example_task_group_decorator.py
[2022-04-23 10:30:51,773] {processor.py:652} INFO - DAG(s) dict_keys(['example_task_group_decorator']) retrieved from /home/airflow/.local/lib/python3.7/site-packages/airflow/example_dags/example_task_group_decorator.py
[2022-04-23 10:30:53,084] {logging_mixin.py:109} INFO - [2022-04-23 10:30:53,083] {manager.py:496} INFO - Created Permission View: can read on DAG:example_task_group_decorator
[2022-04-23 10:30:53,090] {logging_mixin.py:109} INFO - [2022-04-23 10:30:53,090] {manager.py:496} INFO - Created Permission View: can edit on DAG:example_task_group_decorator
[2022-04-23 10:30:53,090] {logging_mixin.py:109} INFO - [2022-04-23 10:30:53,090] {dag.py:2398} INFO - Sync 1 DAGs
[2022-04-23 10:30:53,095] {logging_mixin.py:109} INFO - [2022-04-23 10:30:53,095] {dag.py:2417} INFO - Creating ORM DAG for example_task_group_decorator
[2022-04-23 10:30:53,101] {logging_mixin.py:109} INFO - [2022-04-23 10:30:53,101] {dag.py:2937} INFO - Setting next_dagrun for example_task_group_decorator to 2022-04-22T10:30:53.100862+00:00
[2022-04-23 10:30:53,108] {processor.py:171} INFO - Processing /home/airflow/.local/lib/python3.7/site-packages/airflow/example_dags/example_task_group_decorator.py took 1.361 seconds
[2022-04-23 10:31:24,064] {processor.py:163} INFO - Started process (PID=611) to work on /home/airflow/.local/lib/python3.7/site-packages/airflow/example_dags/example_task_group_decorator.py
[2022-04-23 10:31:24,066] {processor.py:642} INFO - Processing file /home/airflow/.local/lib/python3.7/site-packages/airflow/example_dags/example_task_group_decorator.py for tasks to queue
[2022-04-23 10:31:24,066] {logging_mixin.py:109} INFO - [2022-04-23 10:31:24,066] {dagbag.py:500} INFO - Filling up the DagBag from /home/airflow/.local/lib/python3.7/site-packages/airflow/example_dags/example_task_group_decorator.py
[2022-04-23 10:31:24,087] {processor.py:652} INFO - DAG(s) dict_keys(['example_task_group_decorator']) retrieved from /home/airflow/.local/lib/python3.7/site-packages/airflow/example_dags/example_task_group_decorator.py
[2022-04-23 10:31:24,313] {logging_mixin.py:109} INFO - [2022-04-23 10:31:24,313] {dag.py:2398} INFO - Sync 1 DAGs
[2022-04-23 10:31:24,324] {logging_mixin.py:109} INFO - [2022-04-23 10:31:24,324] {dag.py:2937} INFO - Setting next_dagrun for example_task_group_decorator to 2022-04-22T10:31:24.324114+00:00
[2022-04-23 10:31:24,332] {processor.py:171} INFO - Processing /home/airflow/.local/lib/python3.7/site-packages/airflow/example_dags/example_task_group_decorator.py took 0.270 seconds
[2022-04-23 10:31:55,272] {processor.py:163} INFO - Started process (PID=673) to work on /home/airflow/.local/lib/python3.7/site-packages/airflow/example_dags/example_task_group_decorator.py
[2022-04-23 10:31:55,274] {processor.py:642} INFO - Processing file /home/airflow/.local/lib/python3.7/site-packages/airflow/example_dags/example_task_group_decorator.py for tasks to queue
[2022-04-23 10:31:55,275] {logging_mixin.py:109} INFO - [2022-04-23 10:31:55,275] {dagbag.py:500} INFO - Filling up the DagBag from /home/airflow/.local/lib/python3.7/site-packages/airflow/example_dags/example_task_group_decorator.py
[2022-04-23 10:31:55,306] {processor.py:652} INFO - DAG(s) dict_keys(['example_task_group_decorator']) retrieved from /home/airflow/.local/lib/python3.7/site-packages/airflow/example_dags/example_task_group_decorator.py
[2022-04-23 10:31:55,566] {logging_mixin.py:109} INFO - [2022-04-23 10:31:55,566] {dag.py:2398} INFO - Sync 1 DAGs
[2022-04-23 10:31:55,579] {logging_mixin.py:109} INFO - [2022-04-23 10:31:55,579] {dag.py:2937} INFO - Setting next_dagrun for example_task_group_decorator to 2022-04-22T10:31:55.579106+00:00
[2022-04-23 10:31:55,589] {processor.py:171} INFO - Processing /home/airflow/.local/lib/python3.7/site-packages/airflow/example_dags/example_task_group_decorator.py took 0.320 seconds
[2022-04-23 10:32:25,626] {processor.py:163} INFO - Started process (PID=726) to work on /home/airflow/.local/lib/python3.7/site-packages/airflow/example_dags/example_task_group_decorator.py
[2022-04-23 10:32:25,627] {processor.py:642} INFO - Processing file /home/airflow/.local/lib/python3.7/site-packages/airflow/example_dags/example_task_group_decorator.py for tasks to queue
[2022-04-23 10:32:25,627] {logging_mixin.py:109} INFO - [2022-04-23 10:32:25,627] {dagbag.py:500} INFO - Filling up the DagBag from /home/airflow/.local/lib/python3.7/site-packages/airflow/example_dags/example_task_group_decorator.py
[2022-04-23 10:32:25,646] {processor.py:652} INFO - DAG(s) dict_keys(['example_task_group_decorator']) retrieved from /home/airflow/.local/lib/python3.7/site-packages/airflow/example_dags/example_task_group_decorator.py
[2022-04-23 10:32:25,860] {logging_mixin.py:109} INFO - [2022-04-23 10:32:25,860] {dag.py:2398} INFO - Sync 1 DAGs
[2022-04-23 10:32:25,871] {logging_mixin.py:109} INFO - [2022-04-23 10:32:25,871] {dag.py:2937} INFO - Setting next_dagrun for example_task_group_decorator to 2022-04-22T10:32:25.870934+00:00
[2022-04-23 10:32:25,890] {processor.py:171} INFO - Processing /home/airflow/.local/lib/python3.7/site-packages/airflow/example_dags/example_task_group_decorator.py took 0.266 seconds
[2022-04-23 10:32:56,747] {processor.py:163} INFO - Started process (PID=785) to work on /home/airflow/.local/lib/python3.7/site-packages/airflow/example_dags/example_task_group_decorator.py
[2022-04-23 10:32:56,748] {processor.py:642} INFO - Processing file /home/airflow/.local/lib/python3.7/site-packages/airflow/example_dags/example_task_group_decorator.py for tasks to queue
[2022-04-23 10:32:56,749] {logging_mixin.py:109} INFO - [2022-04-23 10:32:56,749] {dagbag.py:500} INFO - Filling up the DagBag from /home/airflow/.local/lib/python3.7/site-packages/airflow/example_dags/example_task_group_decorator.py
[2022-04-23 10:32:56,770] {processor.py:652} INFO - DAG(s) dict_keys(['example_task_group_decorator']) retrieved from /home/airflow/.local/lib/python3.7/site-packages/airflow/example_dags/example_task_group_decorator.py
[2022-04-23 10:32:57,016] {logging_mixin.py:109} INFO - [2022-04-23 10:32:57,016] {dag.py:2398} INFO - Sync 1 DAGs
[2022-04-23 10:32:57,026] {logging_mixin.py:109} INFO - [2022-04-23 10:32:57,026] {dag.py:2937} INFO - Setting next_dagrun for example_task_group_decorator to 2022-04-22T10:32:57.026591+00:00
[2022-04-23 10:32:57,034] {processor.py:171} INFO - Processing /home/airflow/.local/lib/python3.7/site-packages/airflow/example_dags/example_task_group_decorator.py took 0.288 seconds
[2022-04-23 10:33:27,093] {processor.py:163} INFO - Started process (PID=837) to work on /home/airflow/.local/lib/python3.7/site-packages/airflow/example_dags/example_task_group_decorator.py
[2022-04-23 10:33:27,094] {processor.py:642} INFO - Processing file /home/airflow/.local/lib/python3.7/site-packages/airflow/example_dags/example_task_group_decorator.py for tasks to queue
[2022-04-23 10:33:27,094] {logging_mixin.py:109} INFO - [2022-04-23 10:33:27,094] {dagbag.py:500} INFO - Filling up the DagBag from /home/airflow/.local/lib/python3.7/site-packages/airflow/example_dags/example_task_group_decorator.py
[2022-04-23 10:33:27,112] {processor.py:652} INFO - DAG(s) dict_keys(['example_task_group_decorator']) retrieved from /home/airflow/.local/lib/python3.7/site-packages/airflow/example_dags/example_task_group_decorator.py
[2022-04-23 10:33:27,322] {logging_mixin.py:109} INFO - [2022-04-23 10:33:27,322] {dag.py:2398} INFO - Sync 1 DAGs
[2022-04-23 10:33:27,332] {logging_mixin.py:109} INFO - [2022-04-23 10:33:27,331] {dag.py:2937} INFO - Setting next_dagrun for example_task_group_decorator to 2022-04-22T10:33:27.331851+00:00
[2022-04-23 10:33:27,340] {processor.py:171} INFO - Processing /home/airflow/.local/lib/python3.7/site-packages/airflow/example_dags/example_task_group_decorator.py took 0.249 seconds
[2022-04-23 10:33:58,247] {processor.py:163} INFO - Started process (PID=896) to work on /home/airflow/.local/lib/python3.7/site-packages/airflow/example_dags/example_task_group_decorator.py
[2022-04-23 10:33:58,248] {processor.py:642} INFO - Processing file /home/airflow/.local/lib/python3.7/site-packages/airflow/example_dags/example_task_group_decorator.py for tasks to queue
[2022-04-23 10:33:58,249] {logging_mixin.py:109} INFO - [2022-04-23 10:33:58,249] {dagbag.py:500} INFO - Filling up the DagBag from /home/airflow/.local/lib/python3.7/site-packages/airflow/example_dags/example_task_group_decorator.py
[2022-04-23 10:33:58,267] {processor.py:652} INFO - DAG(s) dict_keys(['example_task_group_decorator']) retrieved from /home/airflow/.local/lib/python3.7/site-packages/airflow/example_dags/example_task_group_decorator.py
[2022-04-23 10:33:58,479] {logging_mixin.py:109} INFO - [2022-04-23 10:33:58,479] {dag.py:2398} INFO - Sync 1 DAGs
[2022-04-23 10:33:58,490] {logging_mixin.py:109} INFO - [2022-04-23 10:33:58,490] {dag.py:2937} INFO - Setting next_dagrun for example_task_group_decorator to 2022-04-22T10:33:58.490413+00:00
[2022-04-23 10:33:58,498] {processor.py:171} INFO - Processing /home/airflow/.local/lib/python3.7/site-packages/airflow/example_dags/example_task_group_decorator.py took 0.253 seconds
[2022-04-23 10:34:28,716] {processor.py:163} INFO - Started process (PID=955) to work on /home/airflow/.local/lib/python3.7/site-packages/airflow/example_dags/example_task_group_decorator.py
[2022-04-23 10:34:28,717] {processor.py:642} INFO - Processing file /home/airflow/.local/lib/python3.7/site-packages/airflow/example_dags/example_task_group_decorator.py for tasks to queue
[2022-04-23 10:34:28,718] {logging_mixin.py:109} INFO - [2022-04-23 10:34:28,718] {dagbag.py:500} INFO - Filling up the DagBag from /home/airflow/.local/lib/python3.7/site-packages/airflow/example_dags/example_task_group_decorator.py
[2022-04-23 10:34:28,736] {processor.py:652} INFO - DAG(s) dict_keys(['example_task_group_decorator']) retrieved from /home/airflow/.local/lib/python3.7/site-packages/airflow/example_dags/example_task_group_decorator.py
[2022-04-23 10:34:28,948] {logging_mixin.py:109} INFO - [2022-04-23 10:34:28,948] {dag.py:2398} INFO - Sync 1 DAGs
[2022-04-23 10:34:28,958] {logging_mixin.py:109} INFO - [2022-04-23 10:34:28,958] {dag.py:2937} INFO - Setting next_dagrun for example_task_group_decorator to 2022-04-22T10:34:28.957859+00:00
[2022-04-23 10:34:28,966] {processor.py:171} INFO - Processing /home/airflow/.local/lib/python3.7/site-packages/airflow/example_dags/example_task_group_decorator.py took 0.251 seconds
[2022-04-23 10:34:58,993] {processor.py:163} INFO - Started process (PID=1008) to work on /home/airflow/.local/lib/python3.7/site-packages/airflow/example_dags/example_task_group_decorator.py
[2022-04-23 10:34:58,994] {processor.py:642} INFO - Processing file /home/airflow/.local/lib/python3.7/site-packages/airflow/example_dags/example_task_group_decorator.py for tasks to queue
[2022-04-23 10:34:58,994] {logging_mixin.py:109} INFO - [2022-04-23 10:34:58,994] {dagbag.py:500} INFO - Filling up the DagBag from /home/airflow/.local/lib/python3.7/site-packages/airflow/example_dags/example_task_group_decorator.py
[2022-04-23 10:34:59,013] {processor.py:652} INFO - DAG(s) dict_keys(['example_task_group_decorator']) retrieved from /home/airflow/.local/lib/python3.7/site-packages/airflow/example_dags/example_task_group_decorator.py
[2022-04-23 10:34:59,229] {logging_mixin.py:109} INFO - [2022-04-23 10:34:59,229] {dag.py:2398} INFO - Sync 1 DAGs
[2022-04-23 10:34:59,240] {logging_mixin.py:109} INFO - [2022-04-23 10:34:59,240] {dag.py:2937} INFO - Setting next_dagrun for example_task_group_decorator to 2022-04-22T10:34:59.240594+00:00
[2022-04-23 10:34:59,249] {processor.py:171} INFO - Processing /home/airflow/.local/lib/python3.7/site-packages/airflow/example_dags/example_task_group_decorator.py took 0.258 seconds
[2022-04-23 10:35:29,359] {processor.py:163} INFO - Started process (PID=1068) to work on /home/airflow/.local/lib/python3.7/site-packages/airflow/example_dags/example_task_group_decorator.py
[2022-04-23 10:35:29,361] {processor.py:642} INFO - Processing file /home/airflow/.local/lib/python3.7/site-packages/airflow/example_dags/example_task_group_decorator.py for tasks to queue
[2022-04-23 10:35:29,361] {logging_mixin.py:109} INFO - [2022-04-23 10:35:29,361] {dagbag.py:500} INFO - Filling up the DagBag from /home/airflow/.local/lib/python3.7/site-packages/airflow/example_dags/example_task_group_decorator.py
[2022-04-23 10:35:29,380] {processor.py:652} INFO - DAG(s) dict_keys(['example_task_group_decorator']) retrieved from /home/airflow/.local/lib/python3.7/site-packages/airflow/example_dags/example_task_group_decorator.py
[2022-04-23 10:35:29,594] {logging_mixin.py:109} INFO - [2022-04-23 10:35:29,594] {dag.py:2398} INFO - Sync 1 DAGs
[2022-04-23 10:35:29,604] {logging_mixin.py:109} INFO - [2022-04-23 10:35:29,604] {dag.py:2937} INFO - Setting next_dagrun for example_task_group_decorator to 2022-04-22T10:35:29.603930+00:00
[2022-04-23 10:35:29,612] {processor.py:171} INFO - Processing /home/airflow/.local/lib/python3.7/site-packages/airflow/example_dags/example_task_group_decorator.py took 0.255 seconds
[2022-04-23 10:35:59,693] {processor.py:163} INFO - Started process (PID=1119) to work on /home/airflow/.local/lib/python3.7/site-packages/airflow/example_dags/example_task_group_decorator.py
[2022-04-23 10:35:59,694] {processor.py:642} INFO - Processing file /home/airflow/.local/lib/python3.7/site-packages/airflow/example_dags/example_task_group_decorator.py for tasks to queue
[2022-04-23 10:35:59,695] {logging_mixin.py:109} INFO - [2022-04-23 10:35:59,695] {dagbag.py:500} INFO - Filling up the DagBag from /home/airflow/.local/lib/python3.7/site-packages/airflow/example_dags/example_task_group_decorator.py
[2022-04-23 10:35:59,714] {processor.py:652} INFO - DAG(s) dict_keys(['example_task_group_decorator']) retrieved from /home/airflow/.local/lib/python3.7/site-packages/airflow/example_dags/example_task_group_decorator.py
[2022-04-23 10:35:59,923] {logging_mixin.py:109} INFO - [2022-04-23 10:35:59,923] {dag.py:2398} INFO - Sync 1 DAGs
[2022-04-23 10:35:59,933] {logging_mixin.py:109} INFO - [2022-04-23 10:35:59,933] {dag.py:2937} INFO - Setting next_dagrun for example_task_group_decorator to 2022-04-22T10:35:59.933584+00:00
[2022-04-23 10:35:59,942] {processor.py:171} INFO - Processing /home/airflow/.local/lib/python3.7/site-packages/airflow/example_dags/example_task_group_decorator.py took 0.251 seconds
