[2022-04-23 10:30:55,935] {processor.py:163} INFO - Started process (PID=525) to work on /home/airflow/.local/lib/python3.7/site-packages/airflow/example_dags/example_external_task_marker_dag.py
[2022-04-23 10:30:55,936] {processor.py:642} INFO - Processing file /home/airflow/.local/lib/python3.7/site-packages/airflow/example_dags/example_external_task_marker_dag.py for tasks to queue
[2022-04-23 10:30:55,937] {logging_mixin.py:109} INFO - [2022-04-23 10:30:55,937] {dagbag.py:500} INFO - Filling up the DagBag from /home/airflow/.local/lib/python3.7/site-packages/airflow/example_dags/example_external_task_marker_dag.py
[2022-04-23 10:30:55,951] {processor.py:652} INFO - DAG(s) dict_keys(['example_external_task_marker_parent', 'example_external_task_marker_child']) retrieved from /home/airflow/.local/lib/python3.7/site-packages/airflow/example_dags/example_external_task_marker_dag.py
[2022-04-23 10:30:57,375] {logging_mixin.py:109} INFO - [2022-04-23 10:30:57,375] {manager.py:496} INFO - Created Permission View: can read on DAG:example_external_task_marker_parent
[2022-04-23 10:30:57,382] {logging_mixin.py:109} INFO - [2022-04-23 10:30:57,382] {manager.py:496} INFO - Created Permission View: can edit on DAG:example_external_task_marker_parent
[2022-04-23 10:30:57,395] {logging_mixin.py:109} INFO - [2022-04-23 10:30:57,395] {manager.py:496} INFO - Created Permission View: can read on DAG:example_external_task_marker_child
[2022-04-23 10:30:57,401] {logging_mixin.py:109} INFO - [2022-04-23 10:30:57,401] {manager.py:496} INFO - Created Permission View: can edit on DAG:example_external_task_marker_child
[2022-04-23 10:30:57,401] {logging_mixin.py:109} INFO - [2022-04-23 10:30:57,401] {dag.py:2398} INFO - Sync 2 DAGs
[2022-04-23 10:30:57,408] {logging_mixin.py:109} INFO - [2022-04-23 10:30:57,407] {dag.py:2417} INFO - Creating ORM DAG for example_external_task_marker_child
[2022-04-23 10:30:57,408] {logging_mixin.py:109} INFO - [2022-04-23 10:30:57,408] {dag.py:2417} INFO - Creating ORM DAG for example_external_task_marker_parent
[2022-04-23 10:30:57,414] {logging_mixin.py:109} INFO - [2022-04-23 10:30:57,414] {dag.py:2937} INFO - Setting next_dagrun for example_external_task_marker_child to None
[2022-04-23 10:30:57,415] {logging_mixin.py:109} INFO - [2022-04-23 10:30:57,415] {dag.py:2937} INFO - Setting next_dagrun for example_external_task_marker_parent to None
[2022-04-23 10:30:57,424] {processor.py:171} INFO - Processing /home/airflow/.local/lib/python3.7/site-packages/airflow/example_dags/example_external_task_marker_dag.py took 1.491 seconds
[2022-04-23 10:31:28,235] {processor.py:163} INFO - Started process (PID=617) to work on /home/airflow/.local/lib/python3.7/site-packages/airflow/example_dags/example_external_task_marker_dag.py
[2022-04-23 10:31:28,236] {processor.py:642} INFO - Processing file /home/airflow/.local/lib/python3.7/site-packages/airflow/example_dags/example_external_task_marker_dag.py for tasks to queue
[2022-04-23 10:31:28,237] {logging_mixin.py:109} INFO - [2022-04-23 10:31:28,237] {dagbag.py:500} INFO - Filling up the DagBag from /home/airflow/.local/lib/python3.7/site-packages/airflow/example_dags/example_external_task_marker_dag.py
[2022-04-23 10:31:28,251] {processor.py:652} INFO - DAG(s) dict_keys(['example_external_task_marker_parent', 'example_external_task_marker_child']) retrieved from /home/airflow/.local/lib/python3.7/site-packages/airflow/example_dags/example_external_task_marker_dag.py
[2022-04-23 10:31:28,270] {logging_mixin.py:109} INFO - [2022-04-23 10:31:28,270] {dag.py:2398} INFO - Sync 2 DAGs
[2022-04-23 10:31:28,282] {logging_mixin.py:109} INFO - [2022-04-23 10:31:28,282] {dag.py:2937} INFO - Setting next_dagrun for example_external_task_marker_child to None
[2022-04-23 10:31:28,283] {logging_mixin.py:109} INFO - [2022-04-23 10:31:28,283] {dag.py:2937} INFO - Setting next_dagrun for example_external_task_marker_parent to None
[2022-04-23 10:31:28,291] {processor.py:171} INFO - Processing /home/airflow/.local/lib/python3.7/site-packages/airflow/example_dags/example_external_task_marker_dag.py took 0.058 seconds
[2022-04-23 10:31:58,456] {processor.py:163} INFO - Started process (PID=678) to work on /home/airflow/.local/lib/python3.7/site-packages/airflow/example_dags/example_external_task_marker_dag.py
[2022-04-23 10:31:58,457] {processor.py:642} INFO - Processing file /home/airflow/.local/lib/python3.7/site-packages/airflow/example_dags/example_external_task_marker_dag.py for tasks to queue
[2022-04-23 10:31:58,458] {logging_mixin.py:109} INFO - [2022-04-23 10:31:58,457] {dagbag.py:500} INFO - Filling up the DagBag from /home/airflow/.local/lib/python3.7/site-packages/airflow/example_dags/example_external_task_marker_dag.py
[2022-04-23 10:31:58,468] {processor.py:652} INFO - DAG(s) dict_keys(['example_external_task_marker_parent', 'example_external_task_marker_child']) retrieved from /home/airflow/.local/lib/python3.7/site-packages/airflow/example_dags/example_external_task_marker_dag.py
[2022-04-23 10:31:58,486] {logging_mixin.py:109} INFO - [2022-04-23 10:31:58,486] {dag.py:2398} INFO - Sync 2 DAGs
[2022-04-23 10:31:58,498] {logging_mixin.py:109} INFO - [2022-04-23 10:31:58,498] {dag.py:2937} INFO - Setting next_dagrun for example_external_task_marker_child to None
[2022-04-23 10:31:58,498] {logging_mixin.py:109} INFO - [2022-04-23 10:31:58,498] {dag.py:2937} INFO - Setting next_dagrun for example_external_task_marker_parent to None
[2022-04-23 10:31:58,505] {processor.py:171} INFO - Processing /home/airflow/.local/lib/python3.7/site-packages/airflow/example_dags/example_external_task_marker_dag.py took 0.051 seconds
[2022-04-23 10:32:28,710] {processor.py:163} INFO - Started process (PID=730) to work on /home/airflow/.local/lib/python3.7/site-packages/airflow/example_dags/example_external_task_marker_dag.py
[2022-04-23 10:32:28,711] {processor.py:642} INFO - Processing file /home/airflow/.local/lib/python3.7/site-packages/airflow/example_dags/example_external_task_marker_dag.py for tasks to queue
[2022-04-23 10:32:28,712] {logging_mixin.py:109} INFO - [2022-04-23 10:32:28,711] {dagbag.py:500} INFO - Filling up the DagBag from /home/airflow/.local/lib/python3.7/site-packages/airflow/example_dags/example_external_task_marker_dag.py
[2022-04-23 10:32:28,721] {processor.py:652} INFO - DAG(s) dict_keys(['example_external_task_marker_parent', 'example_external_task_marker_child']) retrieved from /home/airflow/.local/lib/python3.7/site-packages/airflow/example_dags/example_external_task_marker_dag.py
[2022-04-23 10:32:28,738] {logging_mixin.py:109} INFO - [2022-04-23 10:32:28,738] {dag.py:2398} INFO - Sync 2 DAGs
[2022-04-23 10:32:28,749] {logging_mixin.py:109} INFO - [2022-04-23 10:32:28,749] {dag.py:2937} INFO - Setting next_dagrun for example_external_task_marker_child to None
[2022-04-23 10:32:28,750] {logging_mixin.py:109} INFO - [2022-04-23 10:32:28,750] {dag.py:2937} INFO - Setting next_dagrun for example_external_task_marker_parent to None
[2022-04-23 10:32:28,757] {processor.py:171} INFO - Processing /home/airflow/.local/lib/python3.7/site-packages/airflow/example_dags/example_external_task_marker_dag.py took 0.049 seconds
[2022-04-23 10:32:58,916] {processor.py:163} INFO - Started process (PID=789) to work on /home/airflow/.local/lib/python3.7/site-packages/airflow/example_dags/example_external_task_marker_dag.py
[2022-04-23 10:32:58,917] {processor.py:642} INFO - Processing file /home/airflow/.local/lib/python3.7/site-packages/airflow/example_dags/example_external_task_marker_dag.py for tasks to queue
[2022-04-23 10:32:58,918] {logging_mixin.py:109} INFO - [2022-04-23 10:32:58,918] {dagbag.py:500} INFO - Filling up the DagBag from /home/airflow/.local/lib/python3.7/site-packages/airflow/example_dags/example_external_task_marker_dag.py
[2022-04-23 10:32:58,929] {processor.py:652} INFO - DAG(s) dict_keys(['example_external_task_marker_parent', 'example_external_task_marker_child']) retrieved from /home/airflow/.local/lib/python3.7/site-packages/airflow/example_dags/example_external_task_marker_dag.py
[2022-04-23 10:32:58,948] {logging_mixin.py:109} INFO - [2022-04-23 10:32:58,948] {dag.py:2398} INFO - Sync 2 DAGs
[2022-04-23 10:32:58,960] {logging_mixin.py:109} INFO - [2022-04-23 10:32:58,960] {dag.py:2937} INFO - Setting next_dagrun for example_external_task_marker_child to None
[2022-04-23 10:32:58,961] {logging_mixin.py:109} INFO - [2022-04-23 10:32:58,961] {dag.py:2937} INFO - Setting next_dagrun for example_external_task_marker_parent to None
[2022-04-23 10:32:58,968] {processor.py:171} INFO - Processing /home/airflow/.local/lib/python3.7/site-packages/airflow/example_dags/example_external_task_marker_dag.py took 0.055 seconds
[2022-04-23 10:33:29,106] {processor.py:163} INFO - Started process (PID=848) to work on /home/airflow/.local/lib/python3.7/site-packages/airflow/example_dags/example_external_task_marker_dag.py
[2022-04-23 10:33:29,107] {processor.py:642} INFO - Processing file /home/airflow/.local/lib/python3.7/site-packages/airflow/example_dags/example_external_task_marker_dag.py for tasks to queue
[2022-04-23 10:33:29,108] {logging_mixin.py:109} INFO - [2022-04-23 10:33:29,108] {dagbag.py:500} INFO - Filling up the DagBag from /home/airflow/.local/lib/python3.7/site-packages/airflow/example_dags/example_external_task_marker_dag.py
[2022-04-23 10:33:29,118] {processor.py:652} INFO - DAG(s) dict_keys(['example_external_task_marker_parent', 'example_external_task_marker_child']) retrieved from /home/airflow/.local/lib/python3.7/site-packages/airflow/example_dags/example_external_task_marker_dag.py
[2022-04-23 10:33:29,137] {logging_mixin.py:109} INFO - [2022-04-23 10:33:29,136] {dag.py:2398} INFO - Sync 2 DAGs
[2022-04-23 10:33:29,149] {logging_mixin.py:109} INFO - [2022-04-23 10:33:29,149] {dag.py:2937} INFO - Setting next_dagrun for example_external_task_marker_child to None
[2022-04-23 10:33:29,150] {logging_mixin.py:109} INFO - [2022-04-23 10:33:29,150] {dag.py:2937} INFO - Setting next_dagrun for example_external_task_marker_parent to None
[2022-04-23 10:33:29,161] {processor.py:171} INFO - Processing /home/airflow/.local/lib/python3.7/site-packages/airflow/example_dags/example_external_task_marker_dag.py took 0.057 seconds
[2022-04-23 10:33:59,376] {processor.py:163} INFO - Started process (PID=898) to work on /home/airflow/.local/lib/python3.7/site-packages/airflow/example_dags/example_external_task_marker_dag.py
[2022-04-23 10:33:59,377] {processor.py:642} INFO - Processing file /home/airflow/.local/lib/python3.7/site-packages/airflow/example_dags/example_external_task_marker_dag.py for tasks to queue
[2022-04-23 10:33:59,378] {logging_mixin.py:109} INFO - [2022-04-23 10:33:59,378] {dagbag.py:500} INFO - Filling up the DagBag from /home/airflow/.local/lib/python3.7/site-packages/airflow/example_dags/example_external_task_marker_dag.py
[2022-04-23 10:33:59,388] {processor.py:652} INFO - DAG(s) dict_keys(['example_external_task_marker_parent', 'example_external_task_marker_child']) retrieved from /home/airflow/.local/lib/python3.7/site-packages/airflow/example_dags/example_external_task_marker_dag.py
[2022-04-23 10:33:59,404] {logging_mixin.py:109} INFO - [2022-04-23 10:33:59,403] {dag.py:2398} INFO - Sync 2 DAGs
[2022-04-23 10:33:59,415] {logging_mixin.py:109} INFO - [2022-04-23 10:33:59,415] {dag.py:2937} INFO - Setting next_dagrun for example_external_task_marker_child to None
[2022-04-23 10:33:59,416] {logging_mixin.py:109} INFO - [2022-04-23 10:33:59,416] {dag.py:2937} INFO - Setting next_dagrun for example_external_task_marker_parent to None
[2022-04-23 10:33:59,434] {processor.py:171} INFO - Processing /home/airflow/.local/lib/python3.7/site-packages/airflow/example_dags/example_external_task_marker_dag.py took 0.060 seconds
[2022-04-23 10:34:29,810] {processor.py:163} INFO - Started process (PID=957) to work on /home/airflow/.local/lib/python3.7/site-packages/airflow/example_dags/example_external_task_marker_dag.py
[2022-04-23 10:34:29,810] {processor.py:642} INFO - Processing file /home/airflow/.local/lib/python3.7/site-packages/airflow/example_dags/example_external_task_marker_dag.py for tasks to queue
[2022-04-23 10:34:29,811] {logging_mixin.py:109} INFO - [2022-04-23 10:34:29,811] {dagbag.py:500} INFO - Filling up the DagBag from /home/airflow/.local/lib/python3.7/site-packages/airflow/example_dags/example_external_task_marker_dag.py
[2022-04-23 10:34:29,821] {processor.py:652} INFO - DAG(s) dict_keys(['example_external_task_marker_parent', 'example_external_task_marker_child']) retrieved from /home/airflow/.local/lib/python3.7/site-packages/airflow/example_dags/example_external_task_marker_dag.py
[2022-04-23 10:34:29,837] {logging_mixin.py:109} INFO - [2022-04-23 10:34:29,837] {dag.py:2398} INFO - Sync 2 DAGs
[2022-04-23 10:34:29,850] {logging_mixin.py:109} INFO - [2022-04-23 10:34:29,849] {dag.py:2937} INFO - Setting next_dagrun for example_external_task_marker_child to None
[2022-04-23 10:34:29,850] {logging_mixin.py:109} INFO - [2022-04-23 10:34:29,850] {dag.py:2937} INFO - Setting next_dagrun for example_external_task_marker_parent to None
[2022-04-23 10:34:29,858] {processor.py:171} INFO - Processing /home/airflow/.local/lib/python3.7/site-packages/airflow/example_dags/example_external_task_marker_dag.py took 0.050 seconds
[2022-04-23 10:35:00,090] {processor.py:163} INFO - Started process (PID=1009) to work on /home/airflow/.local/lib/python3.7/site-packages/airflow/example_dags/example_external_task_marker_dag.py
[2022-04-23 10:35:00,091] {processor.py:642} INFO - Processing file /home/airflow/.local/lib/python3.7/site-packages/airflow/example_dags/example_external_task_marker_dag.py for tasks to queue
[2022-04-23 10:35:00,091] {logging_mixin.py:109} INFO - [2022-04-23 10:35:00,091] {dagbag.py:500} INFO - Filling up the DagBag from /home/airflow/.local/lib/python3.7/site-packages/airflow/example_dags/example_external_task_marker_dag.py
[2022-04-23 10:35:00,101] {processor.py:652} INFO - DAG(s) dict_keys(['example_external_task_marker_parent', 'example_external_task_marker_child']) retrieved from /home/airflow/.local/lib/python3.7/site-packages/airflow/example_dags/example_external_task_marker_dag.py
[2022-04-23 10:35:00,117] {logging_mixin.py:109} INFO - [2022-04-23 10:35:00,117] {dag.py:2398} INFO - Sync 2 DAGs
[2022-04-23 10:35:00,129] {logging_mixin.py:109} INFO - [2022-04-23 10:35:00,129] {dag.py:2937} INFO - Setting next_dagrun for example_external_task_marker_child to None
[2022-04-23 10:35:00,129] {logging_mixin.py:109} INFO - [2022-04-23 10:35:00,129] {dag.py:2937} INFO - Setting next_dagrun for example_external_task_marker_parent to None
[2022-04-23 10:35:00,146] {processor.py:171} INFO - Processing /home/airflow/.local/lib/python3.7/site-packages/airflow/example_dags/example_external_task_marker_dag.py took 0.058 seconds
[2022-04-23 10:35:30,456] {processor.py:163} INFO - Started process (PID=1070) to work on /home/airflow/.local/lib/python3.7/site-packages/airflow/example_dags/example_external_task_marker_dag.py
[2022-04-23 10:35:30,457] {processor.py:642} INFO - Processing file /home/airflow/.local/lib/python3.7/site-packages/airflow/example_dags/example_external_task_marker_dag.py for tasks to queue
[2022-04-23 10:35:30,458] {logging_mixin.py:109} INFO - [2022-04-23 10:35:30,458] {dagbag.py:500} INFO - Filling up the DagBag from /home/airflow/.local/lib/python3.7/site-packages/airflow/example_dags/example_external_task_marker_dag.py
[2022-04-23 10:35:30,467] {processor.py:652} INFO - DAG(s) dict_keys(['example_external_task_marker_parent', 'example_external_task_marker_child']) retrieved from /home/airflow/.local/lib/python3.7/site-packages/airflow/example_dags/example_external_task_marker_dag.py
[2022-04-23 10:35:30,484] {logging_mixin.py:109} INFO - [2022-04-23 10:35:30,484] {dag.py:2398} INFO - Sync 2 DAGs
[2022-04-23 10:35:30,496] {logging_mixin.py:109} INFO - [2022-04-23 10:35:30,495] {dag.py:2937} INFO - Setting next_dagrun for example_external_task_marker_child to None
[2022-04-23 10:35:30,496] {logging_mixin.py:109} INFO - [2022-04-23 10:35:30,496] {dag.py:2937} INFO - Setting next_dagrun for example_external_task_marker_parent to None
[2022-04-23 10:35:30,515] {processor.py:171} INFO - Processing /home/airflow/.local/lib/python3.7/site-packages/airflow/example_dags/example_external_task_marker_dag.py took 0.061 seconds
[2022-04-23 10:36:00,788] {processor.py:163} INFO - Started process (PID=1121) to work on /home/airflow/.local/lib/python3.7/site-packages/airflow/example_dags/example_external_task_marker_dag.py
[2022-04-23 10:36:00,789] {processor.py:642} INFO - Processing file /home/airflow/.local/lib/python3.7/site-packages/airflow/example_dags/example_external_task_marker_dag.py for tasks to queue
[2022-04-23 10:36:00,789] {logging_mixin.py:109} INFO - [2022-04-23 10:36:00,789] {dagbag.py:500} INFO - Filling up the DagBag from /home/airflow/.local/lib/python3.7/site-packages/airflow/example_dags/example_external_task_marker_dag.py
[2022-04-23 10:36:00,799] {processor.py:652} INFO - DAG(s) dict_keys(['example_external_task_marker_parent', 'example_external_task_marker_child']) retrieved from /home/airflow/.local/lib/python3.7/site-packages/airflow/example_dags/example_external_task_marker_dag.py
[2022-04-23 10:36:00,814] {logging_mixin.py:109} INFO - [2022-04-23 10:36:00,814] {dag.py:2398} INFO - Sync 2 DAGs
[2022-04-23 10:36:00,826] {logging_mixin.py:109} INFO - [2022-04-23 10:36:00,826] {dag.py:2937} INFO - Setting next_dagrun for example_external_task_marker_child to None
[2022-04-23 10:36:00,827] {logging_mixin.py:109} INFO - [2022-04-23 10:36:00,827] {dag.py:2937} INFO - Setting next_dagrun for example_external_task_marker_parent to None
[2022-04-23 10:36:00,847] {processor.py:171} INFO - Processing /home/airflow/.local/lib/python3.7/site-packages/airflow/example_dags/example_external_task_marker_dag.py took 0.062 seconds
