[2022-04-23 10:30:40,520] {processor.py:163} INFO - Started process (PID=160) to work on /home/airflow/.local/lib/python3.7/site-packages/airflow/example_dags/example_complex.py
[2022-04-23 10:30:40,521] {processor.py:642} INFO - Processing file /home/airflow/.local/lib/python3.7/site-packages/airflow/example_dags/example_complex.py for tasks to queue
[2022-04-23 10:30:40,522] {logging_mixin.py:109} INFO - [2022-04-23 10:30:40,522] {dagbag.py:500} INFO - Filling up the DagBag from /home/airflow/.local/lib/python3.7/site-packages/airflow/example_dags/example_complex.py
[2022-04-23 10:30:40,539] {processor.py:652} INFO - DAG(s) dict_keys(['example_complex']) retrieved from /home/airflow/.local/lib/python3.7/site-packages/airflow/example_dags/example_complex.py
[2022-04-23 10:30:41,963] {logging_mixin.py:109} INFO - [2022-04-23 10:30:41,963] {manager.py:496} INFO - Created Permission View: can read on DAG:example_complex
[2022-04-23 10:30:41,969] {logging_mixin.py:109} INFO - [2022-04-23 10:30:41,969] {manager.py:496} INFO - Created Permission View: can edit on DAG:example_complex
[2022-04-23 10:30:41,970] {logging_mixin.py:109} INFO - [2022-04-23 10:30:41,969] {dag.py:2398} INFO - Sync 1 DAGs
[2022-04-23 10:30:41,975] {logging_mixin.py:109} INFO - [2022-04-23 10:30:41,975] {dag.py:2417} INFO - Creating ORM DAG for example_complex
[2022-04-23 10:30:41,980] {logging_mixin.py:109} INFO - [2022-04-23 10:30:41,980] {dag.py:2937} INFO - Setting next_dagrun for example_complex to None
[2022-04-23 10:30:41,990] {processor.py:171} INFO - Processing /home/airflow/.local/lib/python3.7/site-packages/airflow/example_dags/example_complex.py took 1.472 seconds
[2022-04-23 10:31:12,539] {processor.py:163} INFO - Started process (PID=587) to work on /home/airflow/.local/lib/python3.7/site-packages/airflow/example_dags/example_complex.py
[2022-04-23 10:31:12,540] {processor.py:642} INFO - Processing file /home/airflow/.local/lib/python3.7/site-packages/airflow/example_dags/example_complex.py for tasks to queue
[2022-04-23 10:31:12,541] {logging_mixin.py:109} INFO - [2022-04-23 10:31:12,541] {dagbag.py:500} INFO - Filling up the DagBag from /home/airflow/.local/lib/python3.7/site-packages/airflow/example_dags/example_complex.py
[2022-04-23 10:31:12,557] {processor.py:652} INFO - DAG(s) dict_keys(['example_complex']) retrieved from /home/airflow/.local/lib/python3.7/site-packages/airflow/example_dags/example_complex.py
[2022-04-23 10:31:12,575] {logging_mixin.py:109} INFO - [2022-04-23 10:31:12,575] {dag.py:2398} INFO - Sync 1 DAGs
[2022-04-23 10:31:12,586] {logging_mixin.py:109} INFO - [2022-04-23 10:31:12,586] {dag.py:2937} INFO - Setting next_dagrun for example_complex to None
[2022-04-23 10:31:12,593] {processor.py:171} INFO - Processing /home/airflow/.local/lib/python3.7/site-packages/airflow/example_dags/example_complex.py took 0.055 seconds
[2022-04-23 10:31:42,660] {processor.py:163} INFO - Started process (PID=638) to work on /home/airflow/.local/lib/python3.7/site-packages/airflow/example_dags/example_complex.py
[2022-04-23 10:31:42,661] {processor.py:642} INFO - Processing file /home/airflow/.local/lib/python3.7/site-packages/airflow/example_dags/example_complex.py for tasks to queue
[2022-04-23 10:31:42,662] {logging_mixin.py:109} INFO - [2022-04-23 10:31:42,662] {dagbag.py:500} INFO - Filling up the DagBag from /home/airflow/.local/lib/python3.7/site-packages/airflow/example_dags/example_complex.py
[2022-04-23 10:31:42,679] {processor.py:652} INFO - DAG(s) dict_keys(['example_complex']) retrieved from /home/airflow/.local/lib/python3.7/site-packages/airflow/example_dags/example_complex.py
[2022-04-23 10:31:42,699] {logging_mixin.py:109} INFO - [2022-04-23 10:31:42,699] {dag.py:2398} INFO - Sync 1 DAGs
[2022-04-23 10:31:42,711] {logging_mixin.py:109} INFO - [2022-04-23 10:31:42,711] {dag.py:2937} INFO - Setting next_dagrun for example_complex to None
[2022-04-23 10:31:42,718] {processor.py:171} INFO - Processing /home/airflow/.local/lib/python3.7/site-packages/airflow/example_dags/example_complex.py took 0.059 seconds
[2022-04-23 10:32:12,929] {processor.py:163} INFO - Started process (PID=698) to work on /home/airflow/.local/lib/python3.7/site-packages/airflow/example_dags/example_complex.py
[2022-04-23 10:32:12,930] {processor.py:642} INFO - Processing file /home/airflow/.local/lib/python3.7/site-packages/airflow/example_dags/example_complex.py for tasks to queue
[2022-04-23 10:32:12,931] {logging_mixin.py:109} INFO - [2022-04-23 10:32:12,931] {dagbag.py:500} INFO - Filling up the DagBag from /home/airflow/.local/lib/python3.7/site-packages/airflow/example_dags/example_complex.py
[2022-04-23 10:32:12,945] {processor.py:652} INFO - DAG(s) dict_keys(['example_complex']) retrieved from /home/airflow/.local/lib/python3.7/site-packages/airflow/example_dags/example_complex.py
[2022-04-23 10:32:12,963] {logging_mixin.py:109} INFO - [2022-04-23 10:32:12,963] {dag.py:2398} INFO - Sync 1 DAGs
[2022-04-23 10:32:12,975] {logging_mixin.py:109} INFO - [2022-04-23 10:32:12,974] {dag.py:2937} INFO - Setting next_dagrun for example_complex to None
[2022-04-23 10:32:12,982] {processor.py:171} INFO - Processing /home/airflow/.local/lib/python3.7/site-packages/airflow/example_dags/example_complex.py took 0.054 seconds
[2022-04-23 10:32:43,221] {processor.py:163} INFO - Started process (PID=758) to work on /home/airflow/.local/lib/python3.7/site-packages/airflow/example_dags/example_complex.py
[2022-04-23 10:32:43,222] {processor.py:642} INFO - Processing file /home/airflow/.local/lib/python3.7/site-packages/airflow/example_dags/example_complex.py for tasks to queue
[2022-04-23 10:32:43,223] {logging_mixin.py:109} INFO - [2022-04-23 10:32:43,223] {dagbag.py:500} INFO - Filling up the DagBag from /home/airflow/.local/lib/python3.7/site-packages/airflow/example_dags/example_complex.py
[2022-04-23 10:32:43,242] {processor.py:652} INFO - DAG(s) dict_keys(['example_complex']) retrieved from /home/airflow/.local/lib/python3.7/site-packages/airflow/example_dags/example_complex.py
[2022-04-23 10:32:43,262] {logging_mixin.py:109} INFO - [2022-04-23 10:32:43,262] {dag.py:2398} INFO - Sync 1 DAGs
[2022-04-23 10:32:43,274] {logging_mixin.py:109} INFO - [2022-04-23 10:32:43,274] {dag.py:2937} INFO - Setting next_dagrun for example_complex to None
[2022-04-23 10:32:43,282] {processor.py:171} INFO - Processing /home/airflow/.local/lib/python3.7/site-packages/airflow/example_dags/example_complex.py took 0.063 seconds
[2022-04-23 10:33:13,410] {processor.py:163} INFO - Started process (PID=808) to work on /home/airflow/.local/lib/python3.7/site-packages/airflow/example_dags/example_complex.py
[2022-04-23 10:33:13,411] {processor.py:642} INFO - Processing file /home/airflow/.local/lib/python3.7/site-packages/airflow/example_dags/example_complex.py for tasks to queue
[2022-04-23 10:33:13,411] {logging_mixin.py:109} INFO - [2022-04-23 10:33:13,411] {dagbag.py:500} INFO - Filling up the DagBag from /home/airflow/.local/lib/python3.7/site-packages/airflow/example_dags/example_complex.py
[2022-04-23 10:33:13,426] {processor.py:652} INFO - DAG(s) dict_keys(['example_complex']) retrieved from /home/airflow/.local/lib/python3.7/site-packages/airflow/example_dags/example_complex.py
[2022-04-23 10:33:13,445] {logging_mixin.py:109} INFO - [2022-04-23 10:33:13,445] {dag.py:2398} INFO - Sync 1 DAGs
[2022-04-23 10:33:13,456] {logging_mixin.py:109} INFO - [2022-04-23 10:33:13,456] {dag.py:2937} INFO - Setting next_dagrun for example_complex to None
[2022-04-23 10:33:13,463] {processor.py:171} INFO - Processing /home/airflow/.local/lib/python3.7/site-packages/airflow/example_dags/example_complex.py took 0.055 seconds
[2022-04-23 10:33:43,704] {processor.py:163} INFO - Started process (PID=867) to work on /home/airflow/.local/lib/python3.7/site-packages/airflow/example_dags/example_complex.py
[2022-04-23 10:33:43,705] {processor.py:642} INFO - Processing file /home/airflow/.local/lib/python3.7/site-packages/airflow/example_dags/example_complex.py for tasks to queue
[2022-04-23 10:33:43,706] {logging_mixin.py:109} INFO - [2022-04-23 10:33:43,706] {dagbag.py:500} INFO - Filling up the DagBag from /home/airflow/.local/lib/python3.7/site-packages/airflow/example_dags/example_complex.py
[2022-04-23 10:33:43,721] {processor.py:652} INFO - DAG(s) dict_keys(['example_complex']) retrieved from /home/airflow/.local/lib/python3.7/site-packages/airflow/example_dags/example_complex.py
[2022-04-23 10:33:43,740] {logging_mixin.py:109} INFO - [2022-04-23 10:33:43,740] {dag.py:2398} INFO - Sync 1 DAGs
[2022-04-23 10:33:43,750] {logging_mixin.py:109} INFO - [2022-04-23 10:33:43,750] {dag.py:2937} INFO - Setting next_dagrun for example_complex to None
[2022-04-23 10:33:43,757] {processor.py:171} INFO - Processing /home/airflow/.local/lib/python3.7/site-packages/airflow/example_dags/example_complex.py took 0.055 seconds
[2022-04-23 10:34:14,040] {processor.py:163} INFO - Started process (PID=917) to work on /home/airflow/.local/lib/python3.7/site-packages/airflow/example_dags/example_complex.py
[2022-04-23 10:34:14,041] {processor.py:642} INFO - Processing file /home/airflow/.local/lib/python3.7/site-packages/airflow/example_dags/example_complex.py for tasks to queue
[2022-04-23 10:34:14,042] {logging_mixin.py:109} INFO - [2022-04-23 10:34:14,042] {dagbag.py:500} INFO - Filling up the DagBag from /home/airflow/.local/lib/python3.7/site-packages/airflow/example_dags/example_complex.py
[2022-04-23 10:34:14,056] {processor.py:652} INFO - DAG(s) dict_keys(['example_complex']) retrieved from /home/airflow/.local/lib/python3.7/site-packages/airflow/example_dags/example_complex.py
[2022-04-23 10:34:14,075] {logging_mixin.py:109} INFO - [2022-04-23 10:34:14,075] {dag.py:2398} INFO - Sync 1 DAGs
[2022-04-23 10:34:14,086] {logging_mixin.py:109} INFO - [2022-04-23 10:34:14,086] {dag.py:2937} INFO - Setting next_dagrun for example_complex to None
[2022-04-23 10:34:14,094] {processor.py:171} INFO - Processing /home/airflow/.local/lib/python3.7/site-packages/airflow/example_dags/example_complex.py took 0.056 seconds
[2022-04-23 10:34:44,391] {processor.py:163} INFO - Started process (PID=977) to work on /home/airflow/.local/lib/python3.7/site-packages/airflow/example_dags/example_complex.py
[2022-04-23 10:34:44,391] {processor.py:642} INFO - Processing file /home/airflow/.local/lib/python3.7/site-packages/airflow/example_dags/example_complex.py for tasks to queue
[2022-04-23 10:34:44,392] {logging_mixin.py:109} INFO - [2022-04-23 10:34:44,392] {dagbag.py:500} INFO - Filling up the DagBag from /home/airflow/.local/lib/python3.7/site-packages/airflow/example_dags/example_complex.py
[2022-04-23 10:34:44,408] {processor.py:652} INFO - DAG(s) dict_keys(['example_complex']) retrieved from /home/airflow/.local/lib/python3.7/site-packages/airflow/example_dags/example_complex.py
[2022-04-23 10:34:44,427] {logging_mixin.py:109} INFO - [2022-04-23 10:34:44,427] {dag.py:2398} INFO - Sync 1 DAGs
[2022-04-23 10:34:44,441] {logging_mixin.py:109} INFO - [2022-04-23 10:34:44,441] {dag.py:2937} INFO - Setting next_dagrun for example_complex to None
[2022-04-23 10:34:44,449] {processor.py:171} INFO - Processing /home/airflow/.local/lib/python3.7/site-packages/airflow/example_dags/example_complex.py took 0.061 seconds
[2022-04-23 10:35:14,746] {processor.py:163} INFO - Started process (PID=1038) to work on /home/airflow/.local/lib/python3.7/site-packages/airflow/example_dags/example_complex.py
[2022-04-23 10:35:14,747] {processor.py:642} INFO - Processing file /home/airflow/.local/lib/python3.7/site-packages/airflow/example_dags/example_complex.py for tasks to queue
[2022-04-23 10:35:14,748] {logging_mixin.py:109} INFO - [2022-04-23 10:35:14,747] {dagbag.py:500} INFO - Filling up the DagBag from /home/airflow/.local/lib/python3.7/site-packages/airflow/example_dags/example_complex.py
[2022-04-23 10:35:14,763] {processor.py:652} INFO - DAG(s) dict_keys(['example_complex']) retrieved from /home/airflow/.local/lib/python3.7/site-packages/airflow/example_dags/example_complex.py
[2022-04-23 10:35:14,782] {logging_mixin.py:109} INFO - [2022-04-23 10:35:14,782] {dag.py:2398} INFO - Sync 1 DAGs
[2022-04-23 10:35:14,793] {logging_mixin.py:109} INFO - [2022-04-23 10:35:14,793] {dag.py:2937} INFO - Setting next_dagrun for example_complex to None
[2022-04-23 10:35:14,800] {processor.py:171} INFO - Processing /home/airflow/.local/lib/python3.7/site-packages/airflow/example_dags/example_complex.py took 0.056 seconds
[2022-04-23 10:35:45,124] {processor.py:163} INFO - Started process (PID=1090) to work on /home/airflow/.local/lib/python3.7/site-packages/airflow/example_dags/example_complex.py
[2022-04-23 10:35:45,125] {processor.py:642} INFO - Processing file /home/airflow/.local/lib/python3.7/site-packages/airflow/example_dags/example_complex.py for tasks to queue
[2022-04-23 10:35:45,126] {logging_mixin.py:109} INFO - [2022-04-23 10:35:45,125] {dagbag.py:500} INFO - Filling up the DagBag from /home/airflow/.local/lib/python3.7/site-packages/airflow/example_dags/example_complex.py
[2022-04-23 10:35:45,140] {processor.py:652} INFO - DAG(s) dict_keys(['example_complex']) retrieved from /home/airflow/.local/lib/python3.7/site-packages/airflow/example_dags/example_complex.py
[2022-04-23 10:35:45,158] {logging_mixin.py:109} INFO - [2022-04-23 10:35:45,158] {dag.py:2398} INFO - Sync 1 DAGs
[2022-04-23 10:35:45,170] {logging_mixin.py:109} INFO - [2022-04-23 10:35:45,169] {dag.py:2937} INFO - Setting next_dagrun for example_complex to None
[2022-04-23 10:35:45,177] {processor.py:171} INFO - Processing /home/airflow/.local/lib/python3.7/site-packages/airflow/example_dags/example_complex.py took 0.055 seconds
[2022-04-23 10:36:16,069] {processor.py:163} INFO - Started process (PID=1151) to work on /home/airflow/.local/lib/python3.7/site-packages/airflow/example_dags/example_complex.py
[2022-04-23 10:36:16,070] {processor.py:642} INFO - Processing file /home/airflow/.local/lib/python3.7/site-packages/airflow/example_dags/example_complex.py for tasks to queue
[2022-04-23 10:36:16,071] {logging_mixin.py:109} INFO - [2022-04-23 10:36:16,071] {dagbag.py:500} INFO - Filling up the DagBag from /home/airflow/.local/lib/python3.7/site-packages/airflow/example_dags/example_complex.py
[2022-04-23 10:36:16,085] {processor.py:652} INFO - DAG(s) dict_keys(['example_complex']) retrieved from /home/airflow/.local/lib/python3.7/site-packages/airflow/example_dags/example_complex.py
[2022-04-23 10:36:16,103] {logging_mixin.py:109} INFO - [2022-04-23 10:36:16,103] {dag.py:2398} INFO - Sync 1 DAGs
[2022-04-23 10:36:16,114] {logging_mixin.py:109} INFO - [2022-04-23 10:36:16,114] {dag.py:2937} INFO - Setting next_dagrun for example_complex to None
[2022-04-23 10:36:16,133] {processor.py:171} INFO - Processing /home/airflow/.local/lib/python3.7/site-packages/airflow/example_dags/example_complex.py took 0.065 seconds
