[2022-04-23 10:30:45,860] {processor.py:163} INFO - Started process (PID=287) to work on /home/airflow/.local/lib/python3.7/site-packages/airflow/example_dags/example_python_operator.py
[2022-04-23 10:30:45,861] {processor.py:642} INFO - Processing file /home/airflow/.local/lib/python3.7/site-packages/airflow/example_dags/example_python_operator.py for tasks to queue
[2022-04-23 10:30:45,862] {logging_mixin.py:109} INFO - [2022-04-23 10:30:45,862] {dagbag.py:500} INFO - Filling up the DagBag from /home/airflow/.local/lib/python3.7/site-packages/airflow/example_dags/example_python_operator.py
[2022-04-23 10:30:45,880] {processor.py:652} INFO - DAG(s) dict_keys(['example_python_operator']) retrieved from /home/airflow/.local/lib/python3.7/site-packages/airflow/example_dags/example_python_operator.py
[2022-04-23 10:30:47,331] {logging_mixin.py:109} INFO - [2022-04-23 10:30:47,331] {manager.py:496} INFO - Created Permission View: can read on DAG:example_python_operator
[2022-04-23 10:30:47,340] {logging_mixin.py:109} INFO - [2022-04-23 10:30:47,340] {manager.py:496} INFO - Created Permission View: can edit on DAG:example_python_operator
[2022-04-23 10:30:47,341] {logging_mixin.py:109} INFO - [2022-04-23 10:30:47,341] {dag.py:2398} INFO - Sync 1 DAGs
[2022-04-23 10:30:47,348] {logging_mixin.py:109} INFO - [2022-04-23 10:30:47,348] {dag.py:2417} INFO - Creating ORM DAG for example_python_operator
[2022-04-23 10:30:47,355] {logging_mixin.py:109} INFO - [2022-04-23 10:30:47,354] {dag.py:2937} INFO - Setting next_dagrun for example_python_operator to None
[2022-04-23 10:30:47,365] {processor.py:171} INFO - Processing /home/airflow/.local/lib/python3.7/site-packages/airflow/example_dags/example_python_operator.py took 1.506 seconds
[2022-04-23 10:31:17,705] {processor.py:163} INFO - Started process (PID=594) to work on /home/airflow/.local/lib/python3.7/site-packages/airflow/example_dags/example_python_operator.py
[2022-04-23 10:31:17,706] {processor.py:642} INFO - Processing file /home/airflow/.local/lib/python3.7/site-packages/airflow/example_dags/example_python_operator.py for tasks to queue
[2022-04-23 10:31:17,707] {logging_mixin.py:109} INFO - [2022-04-23 10:31:17,707] {dagbag.py:500} INFO - Filling up the DagBag from /home/airflow/.local/lib/python3.7/site-packages/airflow/example_dags/example_python_operator.py
[2022-04-23 10:31:17,723] {processor.py:652} INFO - DAG(s) dict_keys(['example_python_operator']) retrieved from /home/airflow/.local/lib/python3.7/site-packages/airflow/example_dags/example_python_operator.py
[2022-04-23 10:31:17,736] {logging_mixin.py:109} INFO - [2022-04-23 10:31:17,736] {dag.py:2398} INFO - Sync 1 DAGs
[2022-04-23 10:31:17,748] {logging_mixin.py:109} INFO - [2022-04-23 10:31:17,748] {dag.py:2937} INFO - Setting next_dagrun for example_python_operator to None
[2022-04-23 10:31:17,763] {processor.py:171} INFO - Processing /home/airflow/.local/lib/python3.7/site-packages/airflow/example_dags/example_python_operator.py took 0.060 seconds
[2022-04-23 10:31:47,958] {processor.py:163} INFO - Started process (PID=655) to work on /home/airflow/.local/lib/python3.7/site-packages/airflow/example_dags/example_python_operator.py
[2022-04-23 10:31:47,959] {processor.py:642} INFO - Processing file /home/airflow/.local/lib/python3.7/site-packages/airflow/example_dags/example_python_operator.py for tasks to queue
[2022-04-23 10:31:47,959] {logging_mixin.py:109} INFO - [2022-04-23 10:31:47,959] {dagbag.py:500} INFO - Filling up the DagBag from /home/airflow/.local/lib/python3.7/site-packages/airflow/example_dags/example_python_operator.py
[2022-04-23 10:31:47,973] {processor.py:652} INFO - DAG(s) dict_keys(['example_python_operator']) retrieved from /home/airflow/.local/lib/python3.7/site-packages/airflow/example_dags/example_python_operator.py
[2022-04-23 10:31:47,986] {logging_mixin.py:109} INFO - [2022-04-23 10:31:47,986] {dag.py:2398} INFO - Sync 1 DAGs
[2022-04-23 10:31:47,996] {logging_mixin.py:109} INFO - [2022-04-23 10:31:47,996] {dag.py:2937} INFO - Setting next_dagrun for example_python_operator to None
[2022-04-23 10:31:48,002] {processor.py:171} INFO - Processing /home/airflow/.local/lib/python3.7/site-packages/airflow/example_dags/example_python_operator.py took 0.046 seconds
[2022-04-23 10:32:18,166] {processor.py:163} INFO - Started process (PID=706) to work on /home/airflow/.local/lib/python3.7/site-packages/airflow/example_dags/example_python_operator.py
[2022-04-23 10:32:18,167] {processor.py:642} INFO - Processing file /home/airflow/.local/lib/python3.7/site-packages/airflow/example_dags/example_python_operator.py for tasks to queue
[2022-04-23 10:32:18,168] {logging_mixin.py:109} INFO - [2022-04-23 10:32:18,168] {dagbag.py:500} INFO - Filling up the DagBag from /home/airflow/.local/lib/python3.7/site-packages/airflow/example_dags/example_python_operator.py
[2022-04-23 10:32:18,183] {processor.py:652} INFO - DAG(s) dict_keys(['example_python_operator']) retrieved from /home/airflow/.local/lib/python3.7/site-packages/airflow/example_dags/example_python_operator.py
[2022-04-23 10:32:18,196] {logging_mixin.py:109} INFO - [2022-04-23 10:32:18,196] {dag.py:2398} INFO - Sync 1 DAGs
[2022-04-23 10:32:18,207] {logging_mixin.py:109} INFO - [2022-04-23 10:32:18,207] {dag.py:2937} INFO - Setting next_dagrun for example_python_operator to None
[2022-04-23 10:32:18,215] {processor.py:171} INFO - Processing /home/airflow/.local/lib/python3.7/site-packages/airflow/example_dags/example_python_operator.py took 0.050 seconds
[2022-04-23 10:32:48,405] {processor.py:163} INFO - Started process (PID=766) to work on /home/airflow/.local/lib/python3.7/site-packages/airflow/example_dags/example_python_operator.py
[2022-04-23 10:32:48,406] {processor.py:642} INFO - Processing file /home/airflow/.local/lib/python3.7/site-packages/airflow/example_dags/example_python_operator.py for tasks to queue
[2022-04-23 10:32:48,406] {logging_mixin.py:109} INFO - [2022-04-23 10:32:48,406] {dagbag.py:500} INFO - Filling up the DagBag from /home/airflow/.local/lib/python3.7/site-packages/airflow/example_dags/example_python_operator.py
[2022-04-23 10:32:48,420] {processor.py:652} INFO - DAG(s) dict_keys(['example_python_operator']) retrieved from /home/airflow/.local/lib/python3.7/site-packages/airflow/example_dags/example_python_operator.py
[2022-04-23 10:32:48,433] {logging_mixin.py:109} INFO - [2022-04-23 10:32:48,433] {dag.py:2398} INFO - Sync 1 DAGs
[2022-04-23 10:32:48,443] {logging_mixin.py:109} INFO - [2022-04-23 10:32:48,443] {dag.py:2937} INFO - Setting next_dagrun for example_python_operator to None
[2022-04-23 10:32:48,449] {processor.py:171} INFO - Processing /home/airflow/.local/lib/python3.7/site-packages/airflow/example_dags/example_python_operator.py took 0.047 seconds
[2022-04-23 10:33:18,653] {processor.py:163} INFO - Started process (PID=825) to work on /home/airflow/.local/lib/python3.7/site-packages/airflow/example_dags/example_python_operator.py
[2022-04-23 10:33:18,654] {processor.py:642} INFO - Processing file /home/airflow/.local/lib/python3.7/site-packages/airflow/example_dags/example_python_operator.py for tasks to queue
[2022-04-23 10:33:18,655] {logging_mixin.py:109} INFO - [2022-04-23 10:33:18,655] {dagbag.py:500} INFO - Filling up the DagBag from /home/airflow/.local/lib/python3.7/site-packages/airflow/example_dags/example_python_operator.py
[2022-04-23 10:33:18,669] {processor.py:652} INFO - DAG(s) dict_keys(['example_python_operator']) retrieved from /home/airflow/.local/lib/python3.7/site-packages/airflow/example_dags/example_python_operator.py
[2022-04-23 10:33:18,683] {logging_mixin.py:109} INFO - [2022-04-23 10:33:18,683] {dag.py:2398} INFO - Sync 1 DAGs
[2022-04-23 10:33:18,695] {logging_mixin.py:109} INFO - [2022-04-23 10:33:18,695] {dag.py:2937} INFO - Setting next_dagrun for example_python_operator to None
[2022-04-23 10:33:18,703] {processor.py:171} INFO - Processing /home/airflow/.local/lib/python3.7/site-packages/airflow/example_dags/example_python_operator.py took 0.051 seconds
[2022-04-23 10:33:48,920] {processor.py:163} INFO - Started process (PID=875) to work on /home/airflow/.local/lib/python3.7/site-packages/airflow/example_dags/example_python_operator.py
[2022-04-23 10:33:48,922] {processor.py:642} INFO - Processing file /home/airflow/.local/lib/python3.7/site-packages/airflow/example_dags/example_python_operator.py for tasks to queue
[2022-04-23 10:33:48,922] {logging_mixin.py:109} INFO - [2022-04-23 10:33:48,922] {dagbag.py:500} INFO - Filling up the DagBag from /home/airflow/.local/lib/python3.7/site-packages/airflow/example_dags/example_python_operator.py
[2022-04-23 10:33:48,935] {processor.py:652} INFO - DAG(s) dict_keys(['example_python_operator']) retrieved from /home/airflow/.local/lib/python3.7/site-packages/airflow/example_dags/example_python_operator.py
[2022-04-23 10:33:48,949] {logging_mixin.py:109} INFO - [2022-04-23 10:33:48,949] {dag.py:2398} INFO - Sync 1 DAGs
[2022-04-23 10:33:48,960] {logging_mixin.py:109} INFO - [2022-04-23 10:33:48,960] {dag.py:2937} INFO - Setting next_dagrun for example_python_operator to None
[2022-04-23 10:33:48,968] {processor.py:171} INFO - Processing /home/airflow/.local/lib/python3.7/site-packages/airflow/example_dags/example_python_operator.py took 0.050 seconds
[2022-04-23 10:34:19,318] {processor.py:163} INFO - Started process (PID=934) to work on /home/airflow/.local/lib/python3.7/site-packages/airflow/example_dags/example_python_operator.py
[2022-04-23 10:34:19,319] {processor.py:642} INFO - Processing file /home/airflow/.local/lib/python3.7/site-packages/airflow/example_dags/example_python_operator.py for tasks to queue
[2022-04-23 10:34:19,320] {logging_mixin.py:109} INFO - [2022-04-23 10:34:19,320] {dagbag.py:500} INFO - Filling up the DagBag from /home/airflow/.local/lib/python3.7/site-packages/airflow/example_dags/example_python_operator.py
[2022-04-23 10:34:19,332] {processor.py:652} INFO - DAG(s) dict_keys(['example_python_operator']) retrieved from /home/airflow/.local/lib/python3.7/site-packages/airflow/example_dags/example_python_operator.py
[2022-04-23 10:34:19,346] {logging_mixin.py:109} INFO - [2022-04-23 10:34:19,346] {dag.py:2398} INFO - Sync 1 DAGs
[2022-04-23 10:34:19,357] {logging_mixin.py:109} INFO - [2022-04-23 10:34:19,356] {dag.py:2937} INFO - Setting next_dagrun for example_python_operator to None
[2022-04-23 10:34:19,364] {processor.py:171} INFO - Processing /home/airflow/.local/lib/python3.7/site-packages/airflow/example_dags/example_python_operator.py took 0.047 seconds
[2022-04-23 10:34:49,613] {processor.py:163} INFO - Started process (PID=985) to work on /home/airflow/.local/lib/python3.7/site-packages/airflow/example_dags/example_python_operator.py
[2022-04-23 10:34:49,614] {processor.py:642} INFO - Processing file /home/airflow/.local/lib/python3.7/site-packages/airflow/example_dags/example_python_operator.py for tasks to queue
[2022-04-23 10:34:49,614] {logging_mixin.py:109} INFO - [2022-04-23 10:34:49,614] {dagbag.py:500} INFO - Filling up the DagBag from /home/airflow/.local/lib/python3.7/site-packages/airflow/example_dags/example_python_operator.py
[2022-04-23 10:34:49,627] {processor.py:652} INFO - DAG(s) dict_keys(['example_python_operator']) retrieved from /home/airflow/.local/lib/python3.7/site-packages/airflow/example_dags/example_python_operator.py
[2022-04-23 10:34:49,641] {logging_mixin.py:109} INFO - [2022-04-23 10:34:49,641] {dag.py:2398} INFO - Sync 1 DAGs
[2022-04-23 10:34:49,653] {logging_mixin.py:109} INFO - [2022-04-23 10:34:49,653] {dag.py:2937} INFO - Setting next_dagrun for example_python_operator to None
[2022-04-23 10:34:49,659] {processor.py:171} INFO - Processing /home/airflow/.local/lib/python3.7/site-packages/airflow/example_dags/example_python_operator.py took 0.048 seconds
[2022-04-23 10:35:19,971] {processor.py:163} INFO - Started process (PID=1046) to work on /home/airflow/.local/lib/python3.7/site-packages/airflow/example_dags/example_python_operator.py
[2022-04-23 10:35:19,972] {processor.py:642} INFO - Processing file /home/airflow/.local/lib/python3.7/site-packages/airflow/example_dags/example_python_operator.py for tasks to queue
[2022-04-23 10:35:19,973] {logging_mixin.py:109} INFO - [2022-04-23 10:35:19,973] {dagbag.py:500} INFO - Filling up the DagBag from /home/airflow/.local/lib/python3.7/site-packages/airflow/example_dags/example_python_operator.py
[2022-04-23 10:35:19,985] {processor.py:652} INFO - DAG(s) dict_keys(['example_python_operator']) retrieved from /home/airflow/.local/lib/python3.7/site-packages/airflow/example_dags/example_python_operator.py
[2022-04-23 10:35:20,000] {logging_mixin.py:109} INFO - [2022-04-23 10:35:20,000] {dag.py:2398} INFO - Sync 1 DAGs
[2022-04-23 10:35:20,011] {logging_mixin.py:109} INFO - [2022-04-23 10:35:20,011] {dag.py:2937} INFO - Setting next_dagrun for example_python_operator to None
[2022-04-23 10:35:20,030] {processor.py:171} INFO - Processing /home/airflow/.local/lib/python3.7/site-packages/airflow/example_dags/example_python_operator.py took 0.061 seconds
[2022-04-23 10:35:50,412] {processor.py:163} INFO - Started process (PID=1107) to work on /home/airflow/.local/lib/python3.7/site-packages/airflow/example_dags/example_python_operator.py
[2022-04-23 10:35:50,413] {processor.py:642} INFO - Processing file /home/airflow/.local/lib/python3.7/site-packages/airflow/example_dags/example_python_operator.py for tasks to queue
[2022-04-23 10:35:50,413] {logging_mixin.py:109} INFO - [2022-04-23 10:35:50,413] {dagbag.py:500} INFO - Filling up the DagBag from /home/airflow/.local/lib/python3.7/site-packages/airflow/example_dags/example_python_operator.py
[2022-04-23 10:35:50,428] {processor.py:652} INFO - DAG(s) dict_keys(['example_python_operator']) retrieved from /home/airflow/.local/lib/python3.7/site-packages/airflow/example_dags/example_python_operator.py
[2022-04-23 10:35:50,443] {logging_mixin.py:109} INFO - [2022-04-23 10:35:50,443] {dag.py:2398} INFO - Sync 1 DAGs
[2022-04-23 10:35:50,454] {logging_mixin.py:109} INFO - [2022-04-23 10:35:50,454] {dag.py:2937} INFO - Setting next_dagrun for example_python_operator to None
[2022-04-23 10:35:50,467] {processor.py:171} INFO - Processing /home/airflow/.local/lib/python3.7/site-packages/airflow/example_dags/example_python_operator.py took 0.058 seconds
[2022-04-23 10:36:20,571] {processor.py:163} INFO - Started process (PID=1159) to work on /home/airflow/.local/lib/python3.7/site-packages/airflow/example_dags/example_python_operator.py
[2022-04-23 10:36:20,572] {processor.py:642} INFO - Processing file /home/airflow/.local/lib/python3.7/site-packages/airflow/example_dags/example_python_operator.py for tasks to queue
[2022-04-23 10:36:20,572] {logging_mixin.py:109} INFO - [2022-04-23 10:36:20,572] {dagbag.py:500} INFO - Filling up the DagBag from /home/airflow/.local/lib/python3.7/site-packages/airflow/example_dags/example_python_operator.py
[2022-04-23 10:36:20,585] {processor.py:652} INFO - DAG(s) dict_keys(['example_python_operator']) retrieved from /home/airflow/.local/lib/python3.7/site-packages/airflow/example_dags/example_python_operator.py
[2022-04-23 10:36:20,600] {logging_mixin.py:109} INFO - [2022-04-23 10:36:20,600] {dag.py:2398} INFO - Sync 1 DAGs
[2022-04-23 10:36:20,613] {logging_mixin.py:109} INFO - [2022-04-23 10:36:20,613] {dag.py:2937} INFO - Setting next_dagrun for example_python_operator to None
[2022-04-23 10:36:20,620] {processor.py:171} INFO - Processing /home/airflow/.local/lib/python3.7/site-packages/airflow/example_dags/example_python_operator.py took 0.052 seconds
