[2022-04-23 10:30:42,018] {processor.py:163} INFO - Started process (PID=194) to work on /home/airflow/.local/lib/python3.7/site-packages/airflow/example_dags/example_skip_dag.py
[2022-04-23 10:30:42,019] {processor.py:642} INFO - Processing file /home/airflow/.local/lib/python3.7/site-packages/airflow/example_dags/example_skip_dag.py for tasks to queue
[2022-04-23 10:30:42,020] {logging_mixin.py:109} INFO - [2022-04-23 10:30:42,020] {dagbag.py:500} INFO - Filling up the DagBag from /home/airflow/.local/lib/python3.7/site-packages/airflow/example_dags/example_skip_dag.py
[2022-04-23 10:30:42,032] {processor.py:652} INFO - DAG(s) dict_keys(['example_skip_dag']) retrieved from /home/airflow/.local/lib/python3.7/site-packages/airflow/example_dags/example_skip_dag.py
[2022-04-23 10:30:43,432] {logging_mixin.py:109} INFO - [2022-04-23 10:30:43,432] {manager.py:496} INFO - Created Permission View: can read on DAG:example_skip_dag
[2022-04-23 10:30:43,437] {logging_mixin.py:109} INFO - [2022-04-23 10:30:43,437] {manager.py:496} INFO - Created Permission View: can edit on DAG:example_skip_dag
[2022-04-23 10:30:43,438] {logging_mixin.py:109} INFO - [2022-04-23 10:30:43,438] {dag.py:2398} INFO - Sync 1 DAGs
[2022-04-23 10:30:43,445] {logging_mixin.py:109} INFO - [2022-04-23 10:30:43,445] {dag.py:2417} INFO - Creating ORM DAG for example_skip_dag
[2022-04-23 10:30:43,450] {logging_mixin.py:109} INFO - [2022-04-23 10:30:43,450] {dag.py:2937} INFO - Setting next_dagrun for example_skip_dag to 2022-04-22T10:30:43.450700+00:00
[2022-04-23 10:30:43,459] {processor.py:171} INFO - Processing /home/airflow/.local/lib/python3.7/site-packages/airflow/example_dags/example_skip_dag.py took 1.443 seconds
[2022-04-23 10:31:13,540] {processor.py:163} INFO - Started process (PID=589) to work on /home/airflow/.local/lib/python3.7/site-packages/airflow/example_dags/example_skip_dag.py
[2022-04-23 10:31:13,541] {processor.py:642} INFO - Processing file /home/airflow/.local/lib/python3.7/site-packages/airflow/example_dags/example_skip_dag.py for tasks to queue
[2022-04-23 10:31:13,541] {logging_mixin.py:109} INFO - [2022-04-23 10:31:13,541] {dagbag.py:500} INFO - Filling up the DagBag from /home/airflow/.local/lib/python3.7/site-packages/airflow/example_dags/example_skip_dag.py
[2022-04-23 10:31:13,553] {processor.py:652} INFO - DAG(s) dict_keys(['example_skip_dag']) retrieved from /home/airflow/.local/lib/python3.7/site-packages/airflow/example_dags/example_skip_dag.py
[2022-04-23 10:31:13,568] {logging_mixin.py:109} INFO - [2022-04-23 10:31:13,568] {dag.py:2398} INFO - Sync 1 DAGs
[2022-04-23 10:31:13,579] {logging_mixin.py:109} INFO - [2022-04-23 10:31:13,579] {dag.py:2937} INFO - Setting next_dagrun for example_skip_dag to 2022-04-22T10:31:13.579552+00:00
[2022-04-23 10:31:13,588] {processor.py:171} INFO - Processing /home/airflow/.local/lib/python3.7/site-packages/airflow/example_dags/example_skip_dag.py took 0.050 seconds
[2022-04-23 10:31:43,810] {processor.py:163} INFO - Started process (PID=650) to work on /home/airflow/.local/lib/python3.7/site-packages/airflow/example_dags/example_skip_dag.py
[2022-04-23 10:31:43,811] {processor.py:642} INFO - Processing file /home/airflow/.local/lib/python3.7/site-packages/airflow/example_dags/example_skip_dag.py for tasks to queue
[2022-04-23 10:31:43,812] {logging_mixin.py:109} INFO - [2022-04-23 10:31:43,812] {dagbag.py:500} INFO - Filling up the DagBag from /home/airflow/.local/lib/python3.7/site-packages/airflow/example_dags/example_skip_dag.py
[2022-04-23 10:31:43,826] {processor.py:652} INFO - DAG(s) dict_keys(['example_skip_dag']) retrieved from /home/airflow/.local/lib/python3.7/site-packages/airflow/example_dags/example_skip_dag.py
[2022-04-23 10:31:43,839] {logging_mixin.py:109} INFO - [2022-04-23 10:31:43,839] {dag.py:2398} INFO - Sync 1 DAGs
[2022-04-23 10:31:43,852] {logging_mixin.py:109} INFO - [2022-04-23 10:31:43,851] {dag.py:2937} INFO - Setting next_dagrun for example_skip_dag to 2022-04-22T10:31:43.851740+00:00
[2022-04-23 10:31:43,860] {processor.py:171} INFO - Processing /home/airflow/.local/lib/python3.7/site-packages/airflow/example_dags/example_skip_dag.py took 0.052 seconds
[2022-04-23 10:32:14,018] {processor.py:163} INFO - Started process (PID=701) to work on /home/airflow/.local/lib/python3.7/site-packages/airflow/example_dags/example_skip_dag.py
[2022-04-23 10:32:14,019] {processor.py:642} INFO - Processing file /home/airflow/.local/lib/python3.7/site-packages/airflow/example_dags/example_skip_dag.py for tasks to queue
[2022-04-23 10:32:14,019] {logging_mixin.py:109} INFO - [2022-04-23 10:32:14,019] {dagbag.py:500} INFO - Filling up the DagBag from /home/airflow/.local/lib/python3.7/site-packages/airflow/example_dags/example_skip_dag.py
[2022-04-23 10:32:14,029] {processor.py:652} INFO - DAG(s) dict_keys(['example_skip_dag']) retrieved from /home/airflow/.local/lib/python3.7/site-packages/airflow/example_dags/example_skip_dag.py
[2022-04-23 10:32:14,044] {logging_mixin.py:109} INFO - [2022-04-23 10:32:14,044] {dag.py:2398} INFO - Sync 1 DAGs
[2022-04-23 10:32:14,055] {logging_mixin.py:109} INFO - [2022-04-23 10:32:14,055] {dag.py:2937} INFO - Setting next_dagrun for example_skip_dag to 2022-04-22T10:32:14.055170+00:00
[2022-04-23 10:32:14,063] {processor.py:171} INFO - Processing /home/airflow/.local/lib/python3.7/site-packages/airflow/example_dags/example_skip_dag.py took 0.047 seconds
[2022-04-23 10:32:44,309] {processor.py:163} INFO - Started process (PID=761) to work on /home/airflow/.local/lib/python3.7/site-packages/airflow/example_dags/example_skip_dag.py
[2022-04-23 10:32:44,310] {processor.py:642} INFO - Processing file /home/airflow/.local/lib/python3.7/site-packages/airflow/example_dags/example_skip_dag.py for tasks to queue
[2022-04-23 10:32:44,311] {logging_mixin.py:109} INFO - [2022-04-23 10:32:44,311] {dagbag.py:500} INFO - Filling up the DagBag from /home/airflow/.local/lib/python3.7/site-packages/airflow/example_dags/example_skip_dag.py
[2022-04-23 10:32:44,320] {processor.py:652} INFO - DAG(s) dict_keys(['example_skip_dag']) retrieved from /home/airflow/.local/lib/python3.7/site-packages/airflow/example_dags/example_skip_dag.py
[2022-04-23 10:32:44,335] {logging_mixin.py:109} INFO - [2022-04-23 10:32:44,335] {dag.py:2398} INFO - Sync 1 DAGs
[2022-04-23 10:32:44,345] {logging_mixin.py:109} INFO - [2022-04-23 10:32:44,345] {dag.py:2937} INFO - Setting next_dagrun for example_skip_dag to 2022-04-22T10:32:44.345346+00:00
[2022-04-23 10:32:44,352] {processor.py:171} INFO - Processing /home/airflow/.local/lib/python3.7/site-packages/airflow/example_dags/example_skip_dag.py took 0.045 seconds
[2022-04-23 10:33:14,477] {processor.py:163} INFO - Started process (PID=811) to work on /home/airflow/.local/lib/python3.7/site-packages/airflow/example_dags/example_skip_dag.py
[2022-04-23 10:33:14,478] {processor.py:642} INFO - Processing file /home/airflow/.local/lib/python3.7/site-packages/airflow/example_dags/example_skip_dag.py for tasks to queue
[2022-04-23 10:33:14,478] {logging_mixin.py:109} INFO - [2022-04-23 10:33:14,478] {dagbag.py:500} INFO - Filling up the DagBag from /home/airflow/.local/lib/python3.7/site-packages/airflow/example_dags/example_skip_dag.py
[2022-04-23 10:33:14,488] {processor.py:652} INFO - DAG(s) dict_keys(['example_skip_dag']) retrieved from /home/airflow/.local/lib/python3.7/site-packages/airflow/example_dags/example_skip_dag.py
[2022-04-23 10:33:14,503] {logging_mixin.py:109} INFO - [2022-04-23 10:33:14,503] {dag.py:2398} INFO - Sync 1 DAGs
[2022-04-23 10:33:14,515] {logging_mixin.py:109} INFO - [2022-04-23 10:33:14,515] {dag.py:2937} INFO - Setting next_dagrun for example_skip_dag to 2022-04-22T10:33:14.515578+00:00
[2022-04-23 10:33:14,523] {processor.py:171} INFO - Processing /home/airflow/.local/lib/python3.7/site-packages/airflow/example_dags/example_skip_dag.py took 0.048 seconds
[2022-04-23 10:33:44,763] {processor.py:163} INFO - Started process (PID=870) to work on /home/airflow/.local/lib/python3.7/site-packages/airflow/example_dags/example_skip_dag.py
[2022-04-23 10:33:44,764] {processor.py:642} INFO - Processing file /home/airflow/.local/lib/python3.7/site-packages/airflow/example_dags/example_skip_dag.py for tasks to queue
[2022-04-23 10:33:44,765] {logging_mixin.py:109} INFO - [2022-04-23 10:33:44,765] {dagbag.py:500} INFO - Filling up the DagBag from /home/airflow/.local/lib/python3.7/site-packages/airflow/example_dags/example_skip_dag.py
[2022-04-23 10:33:44,774] {processor.py:652} INFO - DAG(s) dict_keys(['example_skip_dag']) retrieved from /home/airflow/.local/lib/python3.7/site-packages/airflow/example_dags/example_skip_dag.py
[2022-04-23 10:33:44,789] {logging_mixin.py:109} INFO - [2022-04-23 10:33:44,789] {dag.py:2398} INFO - Sync 1 DAGs
[2022-04-23 10:33:44,801] {logging_mixin.py:109} INFO - [2022-04-23 10:33:44,801] {dag.py:2937} INFO - Setting next_dagrun for example_skip_dag to 2022-04-22T10:33:44.801158+00:00
[2022-04-23 10:33:44,808] {processor.py:171} INFO - Processing /home/airflow/.local/lib/python3.7/site-packages/airflow/example_dags/example_skip_dag.py took 0.046 seconds
[2022-04-23 10:34:15,095] {processor.py:163} INFO - Started process (PID=920) to work on /home/airflow/.local/lib/python3.7/site-packages/airflow/example_dags/example_skip_dag.py
[2022-04-23 10:34:15,096] {processor.py:642} INFO - Processing file /home/airflow/.local/lib/python3.7/site-packages/airflow/example_dags/example_skip_dag.py for tasks to queue
[2022-04-23 10:34:15,097] {logging_mixin.py:109} INFO - [2022-04-23 10:34:15,097] {dagbag.py:500} INFO - Filling up the DagBag from /home/airflow/.local/lib/python3.7/site-packages/airflow/example_dags/example_skip_dag.py
[2022-04-23 10:34:15,106] {processor.py:652} INFO - DAG(s) dict_keys(['example_skip_dag']) retrieved from /home/airflow/.local/lib/python3.7/site-packages/airflow/example_dags/example_skip_dag.py
[2022-04-23 10:34:15,124] {logging_mixin.py:109} INFO - [2022-04-23 10:34:15,124] {dag.py:2398} INFO - Sync 1 DAGs
[2022-04-23 10:34:15,136] {logging_mixin.py:109} INFO - [2022-04-23 10:34:15,136] {dag.py:2937} INFO - Setting next_dagrun for example_skip_dag to 2022-04-22T10:34:15.136431+00:00
[2022-04-23 10:34:15,144] {processor.py:171} INFO - Processing /home/airflow/.local/lib/python3.7/site-packages/airflow/example_dags/example_skip_dag.py took 0.050 seconds
[2022-04-23 10:34:45,454] {processor.py:163} INFO - Started process (PID=980) to work on /home/airflow/.local/lib/python3.7/site-packages/airflow/example_dags/example_skip_dag.py
[2022-04-23 10:34:45,455] {processor.py:642} INFO - Processing file /home/airflow/.local/lib/python3.7/site-packages/airflow/example_dags/example_skip_dag.py for tasks to queue
[2022-04-23 10:34:45,455] {logging_mixin.py:109} INFO - [2022-04-23 10:34:45,455] {dagbag.py:500} INFO - Filling up the DagBag from /home/airflow/.local/lib/python3.7/site-packages/airflow/example_dags/example_skip_dag.py
[2022-04-23 10:34:45,465] {processor.py:652} INFO - DAG(s) dict_keys(['example_skip_dag']) retrieved from /home/airflow/.local/lib/python3.7/site-packages/airflow/example_dags/example_skip_dag.py
[2022-04-23 10:34:45,480] {logging_mixin.py:109} INFO - [2022-04-23 10:34:45,480] {dag.py:2398} INFO - Sync 1 DAGs
[2022-04-23 10:34:45,494] {logging_mixin.py:109} INFO - [2022-04-23 10:34:45,494] {dag.py:2937} INFO - Setting next_dagrun for example_skip_dag to 2022-04-22T10:34:45.494552+00:00
[2022-04-23 10:34:45,502] {processor.py:171} INFO - Processing /home/airflow/.local/lib/python3.7/site-packages/airflow/example_dags/example_skip_dag.py took 0.051 seconds
[2022-04-23 10:35:15,805] {processor.py:163} INFO - Started process (PID=1041) to work on /home/airflow/.local/lib/python3.7/site-packages/airflow/example_dags/example_skip_dag.py
[2022-04-23 10:35:15,807] {processor.py:642} INFO - Processing file /home/airflow/.local/lib/python3.7/site-packages/airflow/example_dags/example_skip_dag.py for tasks to queue
[2022-04-23 10:35:15,807] {logging_mixin.py:109} INFO - [2022-04-23 10:35:15,807] {dagbag.py:500} INFO - Filling up the DagBag from /home/airflow/.local/lib/python3.7/site-packages/airflow/example_dags/example_skip_dag.py
[2022-04-23 10:35:15,817] {processor.py:652} INFO - DAG(s) dict_keys(['example_skip_dag']) retrieved from /home/airflow/.local/lib/python3.7/site-packages/airflow/example_dags/example_skip_dag.py
[2022-04-23 10:35:15,833] {logging_mixin.py:109} INFO - [2022-04-23 10:35:15,832] {dag.py:2398} INFO - Sync 1 DAGs
[2022-04-23 10:35:15,845] {logging_mixin.py:109} INFO - [2022-04-23 10:35:15,845] {dag.py:2937} INFO - Setting next_dagrun for example_skip_dag to 2022-04-22T10:35:15.844914+00:00
[2022-04-23 10:35:15,853] {processor.py:171} INFO - Processing /home/airflow/.local/lib/python3.7/site-packages/airflow/example_dags/example_skip_dag.py took 0.050 seconds
[2022-04-23 10:35:46,181] {processor.py:163} INFO - Started process (PID=1093) to work on /home/airflow/.local/lib/python3.7/site-packages/airflow/example_dags/example_skip_dag.py
[2022-04-23 10:35:46,182] {processor.py:642} INFO - Processing file /home/airflow/.local/lib/python3.7/site-packages/airflow/example_dags/example_skip_dag.py for tasks to queue
[2022-04-23 10:35:46,183] {logging_mixin.py:109} INFO - [2022-04-23 10:35:46,183] {dagbag.py:500} INFO - Filling up the DagBag from /home/airflow/.local/lib/python3.7/site-packages/airflow/example_dags/example_skip_dag.py
[2022-04-23 10:35:46,192] {processor.py:652} INFO - DAG(s) dict_keys(['example_skip_dag']) retrieved from /home/airflow/.local/lib/python3.7/site-packages/airflow/example_dags/example_skip_dag.py
[2022-04-23 10:35:46,206] {logging_mixin.py:109} INFO - [2022-04-23 10:35:46,206] {dag.py:2398} INFO - Sync 1 DAGs
[2022-04-23 10:35:46,217] {logging_mixin.py:109} INFO - [2022-04-23 10:35:46,217] {dag.py:2937} INFO - Setting next_dagrun for example_skip_dag to 2022-04-22T10:35:46.217372+00:00
[2022-04-23 10:35:46,224] {processor.py:171} INFO - Processing /home/airflow/.local/lib/python3.7/site-packages/airflow/example_dags/example_skip_dag.py took 0.045 seconds
[2022-04-23 10:36:16,345] {processor.py:163} INFO - Started process (PID=1153) to work on /home/airflow/.local/lib/python3.7/site-packages/airflow/example_dags/example_skip_dag.py
[2022-04-23 10:36:16,346] {processor.py:642} INFO - Processing file /home/airflow/.local/lib/python3.7/site-packages/airflow/example_dags/example_skip_dag.py for tasks to queue
[2022-04-23 10:36:16,346] {logging_mixin.py:109} INFO - [2022-04-23 10:36:16,346] {dagbag.py:500} INFO - Filling up the DagBag from /home/airflow/.local/lib/python3.7/site-packages/airflow/example_dags/example_skip_dag.py
[2022-04-23 10:36:16,356] {processor.py:652} INFO - DAG(s) dict_keys(['example_skip_dag']) retrieved from /home/airflow/.local/lib/python3.7/site-packages/airflow/example_dags/example_skip_dag.py
[2022-04-23 10:36:16,370] {logging_mixin.py:109} INFO - [2022-04-23 10:36:16,370] {dag.py:2398} INFO - Sync 1 DAGs
[2022-04-23 10:36:16,380] {logging_mixin.py:109} INFO - [2022-04-23 10:36:16,380] {dag.py:2937} INFO - Setting next_dagrun for example_skip_dag to 2022-04-22T10:36:16.380577+00:00
[2022-04-23 10:36:16,388] {processor.py:171} INFO - Processing /home/airflow/.local/lib/python3.7/site-packages/airflow/example_dags/example_skip_dag.py took 0.045 seconds
