[2022-04-23 10:30:30,993] {processor.py:163} INFO - Started process (PID=32) to work on /home/airflow/.local/lib/python3.7/site-packages/airflow/example_dags/example_short_circuit_operator.py
[2022-04-23 10:30:30,994] {processor.py:642} INFO - Processing file /home/airflow/.local/lib/python3.7/site-packages/airflow/example_dags/example_short_circuit_operator.py for tasks to queue
[2022-04-23 10:30:30,995] {logging_mixin.py:109} INFO - [2022-04-23 10:30:30,995] {dagbag.py:500} INFO - Filling up the DagBag from /home/airflow/.local/lib/python3.7/site-packages/airflow/example_dags/example_short_circuit_operator.py
[2022-04-23 10:30:31,025] {processor.py:652} INFO - DAG(s) dict_keys(['example_short_circuit_operator']) retrieved from /home/airflow/.local/lib/python3.7/site-packages/airflow/example_dags/example_short_circuit_operator.py
[2022-04-23 10:30:36,052] {logging_mixin.py:109} INFO - [2022-04-23 10:30:36,051] {manager.py:496} INFO - Created Permission View: can read on DAG:example_short_circuit_operator
[2022-04-23 10:30:36,059] {logging_mixin.py:109} INFO - [2022-04-23 10:30:36,059] {manager.py:496} INFO - Created Permission View: can edit on DAG:example_short_circuit_operator
[2022-04-23 10:30:36,060] {logging_mixin.py:109} INFO - [2022-04-23 10:30:36,060] {dag.py:2398} INFO - Sync 1 DAGs
[2022-04-23 10:30:36,067] {logging_mixin.py:109} INFO - [2022-04-23 10:30:36,066] {dag.py:2417} INFO - Creating ORM DAG for example_short_circuit_operator
[2022-04-23 10:30:36,077] {logging_mixin.py:109} INFO - [2022-04-23 10:30:36,077] {dag.py:2937} INFO - Setting next_dagrun for example_short_circuit_operator to 2022-04-22T10:30:36.077355+00:00
[2022-04-23 10:30:36,090] {processor.py:171} INFO - Processing /home/airflow/.local/lib/python3.7/site-packages/airflow/example_dags/example_short_circuit_operator.py took 5.100 seconds
[2022-04-23 10:31:06,248] {processor.py:163} INFO - Started process (PID=572) to work on /home/airflow/.local/lib/python3.7/site-packages/airflow/example_dags/example_short_circuit_operator.py
[2022-04-23 10:31:06,250] {processor.py:642} INFO - Processing file /home/airflow/.local/lib/python3.7/site-packages/airflow/example_dags/example_short_circuit_operator.py for tasks to queue
[2022-04-23 10:31:06,251] {logging_mixin.py:109} INFO - [2022-04-23 10:31:06,251] {dagbag.py:500} INFO - Filling up the DagBag from /home/airflow/.local/lib/python3.7/site-packages/airflow/example_dags/example_short_circuit_operator.py
[2022-04-23 10:31:06,273] {processor.py:652} INFO - DAG(s) dict_keys(['example_short_circuit_operator']) retrieved from /home/airflow/.local/lib/python3.7/site-packages/airflow/example_dags/example_short_circuit_operator.py
[2022-04-23 10:31:06,290] {logging_mixin.py:109} INFO - [2022-04-23 10:31:06,290] {dag.py:2398} INFO - Sync 1 DAGs
[2022-04-23 10:31:06,304] {logging_mixin.py:109} INFO - [2022-04-23 10:31:06,304] {dag.py:2937} INFO - Setting next_dagrun for example_short_circuit_operator to 2022-04-22T10:31:06.304524+00:00
[2022-04-23 10:31:06,312] {processor.py:171} INFO - Processing /home/airflow/.local/lib/python3.7/site-packages/airflow/example_dags/example_short_circuit_operator.py took 0.068 seconds
[2022-04-23 10:31:36,415] {processor.py:163} INFO - Started process (PID=632) to work on /home/airflow/.local/lib/python3.7/site-packages/airflow/example_dags/example_short_circuit_operator.py
[2022-04-23 10:31:36,416] {processor.py:642} INFO - Processing file /home/airflow/.local/lib/python3.7/site-packages/airflow/example_dags/example_short_circuit_operator.py for tasks to queue
[2022-04-23 10:31:36,417] {logging_mixin.py:109} INFO - [2022-04-23 10:31:36,417] {dagbag.py:500} INFO - Filling up the DagBag from /home/airflow/.local/lib/python3.7/site-packages/airflow/example_dags/example_short_circuit_operator.py
[2022-04-23 10:31:36,429] {processor.py:652} INFO - DAG(s) dict_keys(['example_short_circuit_operator']) retrieved from /home/airflow/.local/lib/python3.7/site-packages/airflow/example_dags/example_short_circuit_operator.py
[2022-04-23 10:31:36,443] {logging_mixin.py:109} INFO - [2022-04-23 10:31:36,443] {dag.py:2398} INFO - Sync 1 DAGs
[2022-04-23 10:31:36,454] {logging_mixin.py:109} INFO - [2022-04-23 10:31:36,454] {dag.py:2937} INFO - Setting next_dagrun for example_short_circuit_operator to 2022-04-22T10:31:36.454038+00:00
[2022-04-23 10:31:36,461] {processor.py:171} INFO - Processing /home/airflow/.local/lib/python3.7/site-packages/airflow/example_dags/example_short_circuit_operator.py took 0.047 seconds
[2022-04-23 10:32:06,556] {processor.py:163} INFO - Started process (PID=683) to work on /home/airflow/.local/lib/python3.7/site-packages/airflow/example_dags/example_short_circuit_operator.py
[2022-04-23 10:32:06,557] {processor.py:642} INFO - Processing file /home/airflow/.local/lib/python3.7/site-packages/airflow/example_dags/example_short_circuit_operator.py for tasks to queue
[2022-04-23 10:32:06,558] {logging_mixin.py:109} INFO - [2022-04-23 10:32:06,558] {dagbag.py:500} INFO - Filling up the DagBag from /home/airflow/.local/lib/python3.7/site-packages/airflow/example_dags/example_short_circuit_operator.py
[2022-04-23 10:32:06,570] {processor.py:652} INFO - DAG(s) dict_keys(['example_short_circuit_operator']) retrieved from /home/airflow/.local/lib/python3.7/site-packages/airflow/example_dags/example_short_circuit_operator.py
[2022-04-23 10:32:06,584] {logging_mixin.py:109} INFO - [2022-04-23 10:32:06,584] {dag.py:2398} INFO - Sync 1 DAGs
[2022-04-23 10:32:06,595] {logging_mixin.py:109} INFO - [2022-04-23 10:32:06,595] {dag.py:2937} INFO - Setting next_dagrun for example_short_circuit_operator to 2022-04-22T10:32:06.594944+00:00
[2022-04-23 10:32:06,602] {processor.py:171} INFO - Processing /home/airflow/.local/lib/python3.7/site-packages/airflow/example_dags/example_short_circuit_operator.py took 0.047 seconds
[2022-04-23 10:32:36,808] {processor.py:163} INFO - Started process (PID=744) to work on /home/airflow/.local/lib/python3.7/site-packages/airflow/example_dags/example_short_circuit_operator.py
[2022-04-23 10:32:36,810] {processor.py:642} INFO - Processing file /home/airflow/.local/lib/python3.7/site-packages/airflow/example_dags/example_short_circuit_operator.py for tasks to queue
[2022-04-23 10:32:36,810] {logging_mixin.py:109} INFO - [2022-04-23 10:32:36,810] {dagbag.py:500} INFO - Filling up the DagBag from /home/airflow/.local/lib/python3.7/site-packages/airflow/example_dags/example_short_circuit_operator.py
[2022-04-23 10:32:36,822] {processor.py:652} INFO - DAG(s) dict_keys(['example_short_circuit_operator']) retrieved from /home/airflow/.local/lib/python3.7/site-packages/airflow/example_dags/example_short_circuit_operator.py
[2022-04-23 10:32:36,838] {logging_mixin.py:109} INFO - [2022-04-23 10:32:36,838] {dag.py:2398} INFO - Sync 1 DAGs
[2022-04-23 10:32:36,850] {logging_mixin.py:109} INFO - [2022-04-23 10:32:36,850] {dag.py:2937} INFO - Setting next_dagrun for example_short_circuit_operator to 2022-04-22T10:32:36.850679+00:00
[2022-04-23 10:32:36,870] {processor.py:171} INFO - Processing /home/airflow/.local/lib/python3.7/site-packages/airflow/example_dags/example_short_circuit_operator.py took 0.064 seconds
[2022-04-23 10:33:07,026] {processor.py:163} INFO - Started process (PID=803) to work on /home/airflow/.local/lib/python3.7/site-packages/airflow/example_dags/example_short_circuit_operator.py
[2022-04-23 10:33:07,026] {processor.py:642} INFO - Processing file /home/airflow/.local/lib/python3.7/site-packages/airflow/example_dags/example_short_circuit_operator.py for tasks to queue
[2022-04-23 10:33:07,027] {logging_mixin.py:109} INFO - [2022-04-23 10:33:07,027] {dagbag.py:500} INFO - Filling up the DagBag from /home/airflow/.local/lib/python3.7/site-packages/airflow/example_dags/example_short_circuit_operator.py
[2022-04-23 10:33:07,039] {processor.py:652} INFO - DAG(s) dict_keys(['example_short_circuit_operator']) retrieved from /home/airflow/.local/lib/python3.7/site-packages/airflow/example_dags/example_short_circuit_operator.py
[2022-04-23 10:33:07,053] {logging_mixin.py:109} INFO - [2022-04-23 10:33:07,053] {dag.py:2398} INFO - Sync 1 DAGs
[2022-04-23 10:33:07,063] {logging_mixin.py:109} INFO - [2022-04-23 10:33:07,063] {dag.py:2937} INFO - Setting next_dagrun for example_short_circuit_operator to 2022-04-22T10:33:07.063562+00:00
[2022-04-23 10:33:07,070] {processor.py:171} INFO - Processing /home/airflow/.local/lib/python3.7/site-packages/airflow/example_dags/example_short_circuit_operator.py took 0.046 seconds
[2022-04-23 10:33:37,238] {processor.py:163} INFO - Started process (PID=853) to work on /home/airflow/.local/lib/python3.7/site-packages/airflow/example_dags/example_short_circuit_operator.py
[2022-04-23 10:33:37,241] {processor.py:642} INFO - Processing file /home/airflow/.local/lib/python3.7/site-packages/airflow/example_dags/example_short_circuit_operator.py for tasks to queue
[2022-04-23 10:33:37,241] {logging_mixin.py:109} INFO - [2022-04-23 10:33:37,241] {dagbag.py:500} INFO - Filling up the DagBag from /home/airflow/.local/lib/python3.7/site-packages/airflow/example_dags/example_short_circuit_operator.py
[2022-04-23 10:33:37,255] {processor.py:652} INFO - DAG(s) dict_keys(['example_short_circuit_operator']) retrieved from /home/airflow/.local/lib/python3.7/site-packages/airflow/example_dags/example_short_circuit_operator.py
[2022-04-23 10:33:37,271] {logging_mixin.py:109} INFO - [2022-04-23 10:33:37,271] {dag.py:2398} INFO - Sync 1 DAGs
[2022-04-23 10:33:37,284] {logging_mixin.py:109} INFO - [2022-04-23 10:33:37,284] {dag.py:2937} INFO - Setting next_dagrun for example_short_circuit_operator to 2022-04-22T10:33:37.283852+00:00
[2022-04-23 10:33:37,294] {processor.py:171} INFO - Processing /home/airflow/.local/lib/python3.7/site-packages/airflow/example_dags/example_short_circuit_operator.py took 0.058 seconds
[2022-04-23 10:34:07,492] {processor.py:163} INFO - Started process (PID=912) to work on /home/airflow/.local/lib/python3.7/site-packages/airflow/example_dags/example_short_circuit_operator.py
[2022-04-23 10:34:07,493] {processor.py:642} INFO - Processing file /home/airflow/.local/lib/python3.7/site-packages/airflow/example_dags/example_short_circuit_operator.py for tasks to queue
[2022-04-23 10:34:07,494] {logging_mixin.py:109} INFO - [2022-04-23 10:34:07,494] {dagbag.py:500} INFO - Filling up the DagBag from /home/airflow/.local/lib/python3.7/site-packages/airflow/example_dags/example_short_circuit_operator.py
[2022-04-23 10:34:07,504] {processor.py:652} INFO - DAG(s) dict_keys(['example_short_circuit_operator']) retrieved from /home/airflow/.local/lib/python3.7/site-packages/airflow/example_dags/example_short_circuit_operator.py
[2022-04-23 10:34:07,519] {logging_mixin.py:109} INFO - [2022-04-23 10:34:07,518] {dag.py:2398} INFO - Sync 1 DAGs
[2022-04-23 10:34:07,530] {logging_mixin.py:109} INFO - [2022-04-23 10:34:07,530] {dag.py:2937} INFO - Setting next_dagrun for example_short_circuit_operator to 2022-04-22T10:34:07.529851+00:00
[2022-04-23 10:34:07,537] {processor.py:171} INFO - Processing /home/airflow/.local/lib/python3.7/site-packages/airflow/example_dags/example_short_circuit_operator.py took 0.047 seconds
[2022-04-23 10:34:37,898] {processor.py:163} INFO - Started process (PID=962) to work on /home/airflow/.local/lib/python3.7/site-packages/airflow/example_dags/example_short_circuit_operator.py
[2022-04-23 10:34:37,899] {processor.py:642} INFO - Processing file /home/airflow/.local/lib/python3.7/site-packages/airflow/example_dags/example_short_circuit_operator.py for tasks to queue
[2022-04-23 10:34:37,900] {logging_mixin.py:109} INFO - [2022-04-23 10:34:37,900] {dagbag.py:500} INFO - Filling up the DagBag from /home/airflow/.local/lib/python3.7/site-packages/airflow/example_dags/example_short_circuit_operator.py
[2022-04-23 10:34:37,912] {processor.py:652} INFO - DAG(s) dict_keys(['example_short_circuit_operator']) retrieved from /home/airflow/.local/lib/python3.7/site-packages/airflow/example_dags/example_short_circuit_operator.py
[2022-04-23 10:34:37,927] {logging_mixin.py:109} INFO - [2022-04-23 10:34:37,927] {dag.py:2398} INFO - Sync 1 DAGs
[2022-04-23 10:34:37,939] {logging_mixin.py:109} INFO - [2022-04-23 10:34:37,939] {dag.py:2937} INFO - Setting next_dagrun for example_short_circuit_operator to 2022-04-22T10:34:37.939546+00:00
[2022-04-23 10:34:37,948] {processor.py:171} INFO - Processing /home/airflow/.local/lib/python3.7/site-packages/airflow/example_dags/example_short_circuit_operator.py took 0.052 seconds
[2022-04-23 10:35:08,197] {processor.py:163} INFO - Started process (PID=1023) to work on /home/airflow/.local/lib/python3.7/site-packages/airflow/example_dags/example_short_circuit_operator.py
[2022-04-23 10:35:08,198] {processor.py:642} INFO - Processing file /home/airflow/.local/lib/python3.7/site-packages/airflow/example_dags/example_short_circuit_operator.py for tasks to queue
[2022-04-23 10:35:08,199] {logging_mixin.py:109} INFO - [2022-04-23 10:35:08,199] {dagbag.py:500} INFO - Filling up the DagBag from /home/airflow/.local/lib/python3.7/site-packages/airflow/example_dags/example_short_circuit_operator.py
[2022-04-23 10:35:08,210] {processor.py:652} INFO - DAG(s) dict_keys(['example_short_circuit_operator']) retrieved from /home/airflow/.local/lib/python3.7/site-packages/airflow/example_dags/example_short_circuit_operator.py
[2022-04-23 10:35:08,226] {logging_mixin.py:109} INFO - [2022-04-23 10:35:08,226] {dag.py:2398} INFO - Sync 1 DAGs
[2022-04-23 10:35:08,239] {logging_mixin.py:109} INFO - [2022-04-23 10:35:08,239] {dag.py:2937} INFO - Setting next_dagrun for example_short_circuit_operator to 2022-04-22T10:35:08.239619+00:00
[2022-04-23 10:35:08,248] {processor.py:171} INFO - Processing /home/airflow/.local/lib/python3.7/site-packages/airflow/example_dags/example_short_circuit_operator.py took 0.052 seconds
[2022-04-23 10:35:38,586] {processor.py:163} INFO - Started process (PID=1085) to work on /home/airflow/.local/lib/python3.7/site-packages/airflow/example_dags/example_short_circuit_operator.py
[2022-04-23 10:35:38,587] {processor.py:642} INFO - Processing file /home/airflow/.local/lib/python3.7/site-packages/airflow/example_dags/example_short_circuit_operator.py for tasks to queue
[2022-04-23 10:35:38,588] {logging_mixin.py:109} INFO - [2022-04-23 10:35:38,588] {dagbag.py:500} INFO - Filling up the DagBag from /home/airflow/.local/lib/python3.7/site-packages/airflow/example_dags/example_short_circuit_operator.py
[2022-04-23 10:35:38,602] {processor.py:652} INFO - DAG(s) dict_keys(['example_short_circuit_operator']) retrieved from /home/airflow/.local/lib/python3.7/site-packages/airflow/example_dags/example_short_circuit_operator.py
[2022-04-23 10:35:38,621] {logging_mixin.py:109} INFO - [2022-04-23 10:35:38,621] {dag.py:2398} INFO - Sync 1 DAGs
[2022-04-23 10:35:38,635] {logging_mixin.py:109} INFO - [2022-04-23 10:35:38,635] {dag.py:2937} INFO - Setting next_dagrun for example_short_circuit_operator to 2022-04-22T10:35:38.634950+00:00
[2022-04-23 10:35:38,655] {processor.py:171} INFO - Processing /home/airflow/.local/lib/python3.7/site-packages/airflow/example_dags/example_short_circuit_operator.py took 0.071 seconds
[2022-04-23 10:36:08,891] {processor.py:163} INFO - Started process (PID=1136) to work on /home/airflow/.local/lib/python3.7/site-packages/airflow/example_dags/example_short_circuit_operator.py
[2022-04-23 10:36:08,892] {processor.py:642} INFO - Processing file /home/airflow/.local/lib/python3.7/site-packages/airflow/example_dags/example_short_circuit_operator.py for tasks to queue
[2022-04-23 10:36:08,893] {logging_mixin.py:109} INFO - [2022-04-23 10:36:08,893] {dagbag.py:500} INFO - Filling up the DagBag from /home/airflow/.local/lib/python3.7/site-packages/airflow/example_dags/example_short_circuit_operator.py
[2022-04-23 10:36:08,904] {processor.py:652} INFO - DAG(s) dict_keys(['example_short_circuit_operator']) retrieved from /home/airflow/.local/lib/python3.7/site-packages/airflow/example_dags/example_short_circuit_operator.py
[2022-04-23 10:36:08,918] {logging_mixin.py:109} INFO - [2022-04-23 10:36:08,918] {dag.py:2398} INFO - Sync 1 DAGs
[2022-04-23 10:36:08,929] {logging_mixin.py:109} INFO - [2022-04-23 10:36:08,929] {dag.py:2937} INFO - Setting next_dagrun for example_short_circuit_operator to 2022-04-22T10:36:08.929205+00:00
[2022-04-23 10:36:08,948] {processor.py:171} INFO - Processing /home/airflow/.local/lib/python3.7/site-packages/airflow/example_dags/example_short_circuit_operator.py took 0.059 seconds
