[2022-04-23 10:30:49,745] {processor.py:163} INFO - Started process (PID=373) to work on /home/airflow/.local/lib/python3.7/site-packages/airflow/example_dags/example_time_delta_sensor_async.py
[2022-04-23 10:30:49,746] {processor.py:642} INFO - Processing file /home/airflow/.local/lib/python3.7/site-packages/airflow/example_dags/example_time_delta_sensor_async.py for tasks to queue
[2022-04-23 10:30:49,747] {logging_mixin.py:109} INFO - [2022-04-23 10:30:49,747] {dagbag.py:500} INFO - Filling up the DagBag from /home/airflow/.local/lib/python3.7/site-packages/airflow/example_dags/example_time_delta_sensor_async.py
[2022-04-23 10:30:49,758] {processor.py:652} INFO - DAG(s) dict_keys(['example_time_delta_sensor_async']) retrieved from /home/airflow/.local/lib/python3.7/site-packages/airflow/example_dags/example_time_delta_sensor_async.py
[2022-04-23 10:30:51,093] {logging_mixin.py:109} INFO - [2022-04-23 10:30:51,093] {manager.py:496} INFO - Created Permission View: can read on DAG:example_time_delta_sensor_async
[2022-04-23 10:30:51,099] {logging_mixin.py:109} INFO - [2022-04-23 10:30:51,099] {manager.py:496} INFO - Created Permission View: can edit on DAG:example_time_delta_sensor_async
[2022-04-23 10:30:51,100] {logging_mixin.py:109} INFO - [2022-04-23 10:30:51,100] {dag.py:2398} INFO - Sync 1 DAGs
[2022-04-23 10:30:51,105] {logging_mixin.py:109} INFO - [2022-04-23 10:30:51,105] {dag.py:2417} INFO - Creating ORM DAG for example_time_delta_sensor_async
[2022-04-23 10:30:51,111] {logging_mixin.py:109} INFO - [2022-04-23 10:30:51,111] {dag.py:2937} INFO - Setting next_dagrun for example_time_delta_sensor_async to None
[2022-04-23 10:30:51,121] {processor.py:171} INFO - Processing /home/airflow/.local/lib/python3.7/site-packages/airflow/example_dags/example_time_delta_sensor_async.py took 1.378 seconds
[2022-04-23 10:31:21,980] {processor.py:163} INFO - Started process (PID=608) to work on /home/airflow/.local/lib/python3.7/site-packages/airflow/example_dags/example_time_delta_sensor_async.py
[2022-04-23 10:31:21,981] {processor.py:642} INFO - Processing file /home/airflow/.local/lib/python3.7/site-packages/airflow/example_dags/example_time_delta_sensor_async.py for tasks to queue
[2022-04-23 10:31:21,982] {logging_mixin.py:109} INFO - [2022-04-23 10:31:21,982] {dagbag.py:500} INFO - Filling up the DagBag from /home/airflow/.local/lib/python3.7/site-packages/airflow/example_dags/example_time_delta_sensor_async.py
[2022-04-23 10:31:21,999] {processor.py:652} INFO - DAG(s) dict_keys(['example_time_delta_sensor_async']) retrieved from /home/airflow/.local/lib/python3.7/site-packages/airflow/example_dags/example_time_delta_sensor_async.py
[2022-04-23 10:31:22,015] {logging_mixin.py:109} INFO - [2022-04-23 10:31:22,015] {dag.py:2398} INFO - Sync 1 DAGs
[2022-04-23 10:31:22,027] {logging_mixin.py:109} INFO - [2022-04-23 10:31:22,026] {dag.py:2937} INFO - Setting next_dagrun for example_time_delta_sensor_async to None
[2022-04-23 10:31:22,035] {processor.py:171} INFO - Processing /home/airflow/.local/lib/python3.7/site-packages/airflow/example_dags/example_time_delta_sensor_async.py took 0.057 seconds
[2022-04-23 10:31:52,163] {processor.py:163} INFO - Started process (PID=660) to work on /home/airflow/.local/lib/python3.7/site-packages/airflow/example_dags/example_time_delta_sensor_async.py
[2022-04-23 10:31:52,164] {processor.py:642} INFO - Processing file /home/airflow/.local/lib/python3.7/site-packages/airflow/example_dags/example_time_delta_sensor_async.py for tasks to queue
[2022-04-23 10:31:52,165] {logging_mixin.py:109} INFO - [2022-04-23 10:31:52,165] {dagbag.py:500} INFO - Filling up the DagBag from /home/airflow/.local/lib/python3.7/site-packages/airflow/example_dags/example_time_delta_sensor_async.py
[2022-04-23 10:31:52,178] {processor.py:652} INFO - DAG(s) dict_keys(['example_time_delta_sensor_async']) retrieved from /home/airflow/.local/lib/python3.7/site-packages/airflow/example_dags/example_time_delta_sensor_async.py
[2022-04-23 10:31:52,191] {logging_mixin.py:109} INFO - [2022-04-23 10:31:52,191] {dag.py:2398} INFO - Sync 1 DAGs
[2022-04-23 10:31:52,204] {logging_mixin.py:109} INFO - [2022-04-23 10:31:52,204] {dag.py:2937} INFO - Setting next_dagrun for example_time_delta_sensor_async to None
[2022-04-23 10:31:52,211] {processor.py:171} INFO - Processing /home/airflow/.local/lib/python3.7/site-packages/airflow/example_dags/example_time_delta_sensor_async.py took 0.050 seconds
[2022-04-23 10:32:22,331] {processor.py:163} INFO - Started process (PID=721) to work on /home/airflow/.local/lib/python3.7/site-packages/airflow/example_dags/example_time_delta_sensor_async.py
[2022-04-23 10:32:22,332] {processor.py:642} INFO - Processing file /home/airflow/.local/lib/python3.7/site-packages/airflow/example_dags/example_time_delta_sensor_async.py for tasks to queue
[2022-04-23 10:32:22,332] {logging_mixin.py:109} INFO - [2022-04-23 10:32:22,332] {dagbag.py:500} INFO - Filling up the DagBag from /home/airflow/.local/lib/python3.7/site-packages/airflow/example_dags/example_time_delta_sensor_async.py
[2022-04-23 10:32:22,341] {processor.py:652} INFO - DAG(s) dict_keys(['example_time_delta_sensor_async']) retrieved from /home/airflow/.local/lib/python3.7/site-packages/airflow/example_dags/example_time_delta_sensor_async.py
[2022-04-23 10:32:22,354] {logging_mixin.py:109} INFO - [2022-04-23 10:32:22,354] {dag.py:2398} INFO - Sync 1 DAGs
[2022-04-23 10:32:22,365] {logging_mixin.py:109} INFO - [2022-04-23 10:32:22,365] {dag.py:2937} INFO - Setting next_dagrun for example_time_delta_sensor_async to None
[2022-04-23 10:32:22,371] {processor.py:171} INFO - Processing /home/airflow/.local/lib/python3.7/site-packages/airflow/example_dags/example_time_delta_sensor_async.py took 0.042 seconds
[2022-04-23 10:32:52,571] {processor.py:163} INFO - Started process (PID=770) to work on /home/airflow/.local/lib/python3.7/site-packages/airflow/example_dags/example_time_delta_sensor_async.py
[2022-04-23 10:32:52,572] {processor.py:642} INFO - Processing file /home/airflow/.local/lib/python3.7/site-packages/airflow/example_dags/example_time_delta_sensor_async.py for tasks to queue
[2022-04-23 10:32:52,573] {logging_mixin.py:109} INFO - [2022-04-23 10:32:52,573] {dagbag.py:500} INFO - Filling up the DagBag from /home/airflow/.local/lib/python3.7/site-packages/airflow/example_dags/example_time_delta_sensor_async.py
[2022-04-23 10:32:52,585] {processor.py:652} INFO - DAG(s) dict_keys(['example_time_delta_sensor_async']) retrieved from /home/airflow/.local/lib/python3.7/site-packages/airflow/example_dags/example_time_delta_sensor_async.py
[2022-04-23 10:32:52,602] {logging_mixin.py:109} INFO - [2022-04-23 10:32:52,602] {dag.py:2398} INFO - Sync 1 DAGs
[2022-04-23 10:32:52,614] {logging_mixin.py:109} INFO - [2022-04-23 10:32:52,614] {dag.py:2937} INFO - Setting next_dagrun for example_time_delta_sensor_async to None
[2022-04-23 10:32:52,621] {processor.py:171} INFO - Processing /home/airflow/.local/lib/python3.7/site-packages/airflow/example_dags/example_time_delta_sensor_async.py took 0.051 seconds
[2022-04-23 10:33:22,828] {processor.py:163} INFO - Started process (PID=829) to work on /home/airflow/.local/lib/python3.7/site-packages/airflow/example_dags/example_time_delta_sensor_async.py
[2022-04-23 10:33:22,829] {processor.py:642} INFO - Processing file /home/airflow/.local/lib/python3.7/site-packages/airflow/example_dags/example_time_delta_sensor_async.py for tasks to queue
[2022-04-23 10:33:22,830] {logging_mixin.py:109} INFO - [2022-04-23 10:33:22,830] {dagbag.py:500} INFO - Filling up the DagBag from /home/airflow/.local/lib/python3.7/site-packages/airflow/example_dags/example_time_delta_sensor_async.py
[2022-04-23 10:33:22,840] {processor.py:652} INFO - DAG(s) dict_keys(['example_time_delta_sensor_async']) retrieved from /home/airflow/.local/lib/python3.7/site-packages/airflow/example_dags/example_time_delta_sensor_async.py
[2022-04-23 10:33:22,855] {logging_mixin.py:109} INFO - [2022-04-23 10:33:22,855] {dag.py:2398} INFO - Sync 1 DAGs
[2022-04-23 10:33:22,871] {logging_mixin.py:109} INFO - [2022-04-23 10:33:22,871] {dag.py:2937} INFO - Setting next_dagrun for example_time_delta_sensor_async to None
[2022-04-23 10:33:22,892] {processor.py:171} INFO - Processing /home/airflow/.local/lib/python3.7/site-packages/airflow/example_dags/example_time_delta_sensor_async.py took 0.066 seconds
[2022-04-23 10:33:53,075] {processor.py:163} INFO - Started process (PID=888) to work on /home/airflow/.local/lib/python3.7/site-packages/airflow/example_dags/example_time_delta_sensor_async.py
[2022-04-23 10:33:53,076] {processor.py:642} INFO - Processing file /home/airflow/.local/lib/python3.7/site-packages/airflow/example_dags/example_time_delta_sensor_async.py for tasks to queue
[2022-04-23 10:33:53,076] {logging_mixin.py:109} INFO - [2022-04-23 10:33:53,076] {dagbag.py:500} INFO - Filling up the DagBag from /home/airflow/.local/lib/python3.7/site-packages/airflow/example_dags/example_time_delta_sensor_async.py
[2022-04-23 10:33:53,087] {processor.py:652} INFO - DAG(s) dict_keys(['example_time_delta_sensor_async']) retrieved from /home/airflow/.local/lib/python3.7/site-packages/airflow/example_dags/example_time_delta_sensor_async.py
[2022-04-23 10:33:53,102] {logging_mixin.py:109} INFO - [2022-04-23 10:33:53,102] {dag.py:2398} INFO - Sync 1 DAGs
[2022-04-23 10:33:53,114] {logging_mixin.py:109} INFO - [2022-04-23 10:33:53,114] {dag.py:2937} INFO - Setting next_dagrun for example_time_delta_sensor_async to None
[2022-04-23 10:33:53,121] {processor.py:171} INFO - Processing /home/airflow/.local/lib/python3.7/site-packages/airflow/example_dags/example_time_delta_sensor_async.py took 0.049 seconds
[2022-04-23 10:34:23,486] {processor.py:163} INFO - Started process (PID=938) to work on /home/airflow/.local/lib/python3.7/site-packages/airflow/example_dags/example_time_delta_sensor_async.py
[2022-04-23 10:34:23,487] {processor.py:642} INFO - Processing file /home/airflow/.local/lib/python3.7/site-packages/airflow/example_dags/example_time_delta_sensor_async.py for tasks to queue
[2022-04-23 10:34:23,488] {logging_mixin.py:109} INFO - [2022-04-23 10:34:23,488] {dagbag.py:500} INFO - Filling up the DagBag from /home/airflow/.local/lib/python3.7/site-packages/airflow/example_dags/example_time_delta_sensor_async.py
[2022-04-23 10:34:23,497] {processor.py:652} INFO - DAG(s) dict_keys(['example_time_delta_sensor_async']) retrieved from /home/airflow/.local/lib/python3.7/site-packages/airflow/example_dags/example_time_delta_sensor_async.py
[2022-04-23 10:34:23,510] {logging_mixin.py:109} INFO - [2022-04-23 10:34:23,510] {dag.py:2398} INFO - Sync 1 DAGs
[2022-04-23 10:34:23,521] {logging_mixin.py:109} INFO - [2022-04-23 10:34:23,521] {dag.py:2937} INFO - Setting next_dagrun for example_time_delta_sensor_async to None
[2022-04-23 10:34:23,528] {processor.py:171} INFO - Processing /home/airflow/.local/lib/python3.7/site-packages/airflow/example_dags/example_time_delta_sensor_async.py took 0.043 seconds
[2022-04-23 10:34:53,808] {processor.py:163} INFO - Started process (PID=999) to work on /home/airflow/.local/lib/python3.7/site-packages/airflow/example_dags/example_time_delta_sensor_async.py
[2022-04-23 10:34:53,811] {processor.py:642} INFO - Processing file /home/airflow/.local/lib/python3.7/site-packages/airflow/example_dags/example_time_delta_sensor_async.py for tasks to queue
[2022-04-23 10:34:53,812] {logging_mixin.py:109} INFO - [2022-04-23 10:34:53,812] {dagbag.py:500} INFO - Filling up the DagBag from /home/airflow/.local/lib/python3.7/site-packages/airflow/example_dags/example_time_delta_sensor_async.py
[2022-04-23 10:34:53,822] {processor.py:652} INFO - DAG(s) dict_keys(['example_time_delta_sensor_async']) retrieved from /home/airflow/.local/lib/python3.7/site-packages/airflow/example_dags/example_time_delta_sensor_async.py
[2022-04-23 10:34:53,838] {logging_mixin.py:109} INFO - [2022-04-23 10:34:53,838] {dag.py:2398} INFO - Sync 1 DAGs
[2022-04-23 10:34:53,851] {logging_mixin.py:109} INFO - [2022-04-23 10:34:53,851] {dag.py:2937} INFO - Setting next_dagrun for example_time_delta_sensor_async to None
[2022-04-23 10:34:53,871] {processor.py:171} INFO - Processing /home/airflow/.local/lib/python3.7/site-packages/airflow/example_dags/example_time_delta_sensor_async.py took 0.065 seconds
[2022-04-23 10:35:24,150] {processor.py:163} INFO - Started process (PID=1050) to work on /home/airflow/.local/lib/python3.7/site-packages/airflow/example_dags/example_time_delta_sensor_async.py
[2022-04-23 10:35:24,151] {processor.py:642} INFO - Processing file /home/airflow/.local/lib/python3.7/site-packages/airflow/example_dags/example_time_delta_sensor_async.py for tasks to queue
[2022-04-23 10:35:24,152] {logging_mixin.py:109} INFO - [2022-04-23 10:35:24,151] {dagbag.py:500} INFO - Filling up the DagBag from /home/airflow/.local/lib/python3.7/site-packages/airflow/example_dags/example_time_delta_sensor_async.py
[2022-04-23 10:35:24,160] {processor.py:652} INFO - DAG(s) dict_keys(['example_time_delta_sensor_async']) retrieved from /home/airflow/.local/lib/python3.7/site-packages/airflow/example_dags/example_time_delta_sensor_async.py
[2022-04-23 10:35:24,174] {logging_mixin.py:109} INFO - [2022-04-23 10:35:24,174] {dag.py:2398} INFO - Sync 1 DAGs
[2022-04-23 10:35:24,184] {logging_mixin.py:109} INFO - [2022-04-23 10:35:24,184] {dag.py:2937} INFO - Setting next_dagrun for example_time_delta_sensor_async to None
[2022-04-23 10:35:24,204] {processor.py:171} INFO - Processing /home/airflow/.local/lib/python3.7/site-packages/airflow/example_dags/example_time_delta_sensor_async.py took 0.055 seconds
[2022-04-23 10:35:54,578] {processor.py:163} INFO - Started process (PID=1111) to work on /home/airflow/.local/lib/python3.7/site-packages/airflow/example_dags/example_time_delta_sensor_async.py
[2022-04-23 10:35:54,579] {processor.py:642} INFO - Processing file /home/airflow/.local/lib/python3.7/site-packages/airflow/example_dags/example_time_delta_sensor_async.py for tasks to queue
[2022-04-23 10:35:54,579] {logging_mixin.py:109} INFO - [2022-04-23 10:35:54,579] {dagbag.py:500} INFO - Filling up the DagBag from /home/airflow/.local/lib/python3.7/site-packages/airflow/example_dags/example_time_delta_sensor_async.py
[2022-04-23 10:35:54,588] {processor.py:652} INFO - DAG(s) dict_keys(['example_time_delta_sensor_async']) retrieved from /home/airflow/.local/lib/python3.7/site-packages/airflow/example_dags/example_time_delta_sensor_async.py
[2022-04-23 10:35:54,602] {logging_mixin.py:109} INFO - [2022-04-23 10:35:54,602] {dag.py:2398} INFO - Sync 1 DAGs
[2022-04-23 10:35:54,613] {logging_mixin.py:109} INFO - [2022-04-23 10:35:54,613] {dag.py:2937} INFO - Setting next_dagrun for example_time_delta_sensor_async to None
[2022-04-23 10:35:54,632] {processor.py:171} INFO - Processing /home/airflow/.local/lib/python3.7/site-packages/airflow/example_dags/example_time_delta_sensor_async.py took 0.056 seconds
[2022-04-23 10:36:24,762] {processor.py:163} INFO - Started process (PID=1165) to work on /home/airflow/.local/lib/python3.7/site-packages/airflow/example_dags/example_time_delta_sensor_async.py
[2022-04-23 10:36:24,763] {processor.py:642} INFO - Processing file /home/airflow/.local/lib/python3.7/site-packages/airflow/example_dags/example_time_delta_sensor_async.py for tasks to queue
[2022-04-23 10:36:24,765] {logging_mixin.py:109} INFO - [2022-04-23 10:36:24,765] {dagbag.py:500} INFO - Filling up the DagBag from /home/airflow/.local/lib/python3.7/site-packages/airflow/example_dags/example_time_delta_sensor_async.py
[2022-04-23 10:36:24,774] {processor.py:652} INFO - DAG(s) dict_keys(['example_time_delta_sensor_async']) retrieved from /home/airflow/.local/lib/python3.7/site-packages/airflow/example_dags/example_time_delta_sensor_async.py
[2022-04-23 10:36:24,790] {logging_mixin.py:109} INFO - [2022-04-23 10:36:24,790] {dag.py:2398} INFO - Sync 1 DAGs
[2022-04-23 10:36:24,801] {logging_mixin.py:109} INFO - [2022-04-23 10:36:24,801] {dag.py:2937} INFO - Setting next_dagrun for example_time_delta_sensor_async to None
[2022-04-23 10:36:24,809] {processor.py:171} INFO - Processing /home/airflow/.local/lib/python3.7/site-packages/airflow/example_dags/example_time_delta_sensor_async.py took 0.049 seconds
