[2022-04-23 10:30:39,755] {processor.py:163} INFO - Started process (PID=142) to work on /home/airflow/.local/lib/python3.7/site-packages/airflow/example_dags/example_task_group.py
[2022-04-23 10:30:39,756] {processor.py:642} INFO - Processing file /home/airflow/.local/lib/python3.7/site-packages/airflow/example_dags/example_task_group.py for tasks to queue
[2022-04-23 10:30:39,757] {logging_mixin.py:109} INFO - [2022-04-23 10:30:39,757] {dagbag.py:500} INFO - Filling up the DagBag from /home/airflow/.local/lib/python3.7/site-packages/airflow/example_dags/example_task_group.py
[2022-04-23 10:30:39,772] {processor.py:652} INFO - DAG(s) dict_keys(['example_task_group']) retrieved from /home/airflow/.local/lib/python3.7/site-packages/airflow/example_dags/example_task_group.py
[2022-04-23 10:30:41,173] {logging_mixin.py:109} INFO - [2022-04-23 10:30:41,173] {manager.py:496} INFO - Created Permission View: can read on DAG:example_task_group
[2022-04-23 10:30:41,179] {logging_mixin.py:109} INFO - [2022-04-23 10:30:41,179] {manager.py:496} INFO - Created Permission View: can edit on DAG:example_task_group
[2022-04-23 10:30:41,180] {logging_mixin.py:109} INFO - [2022-04-23 10:30:41,180] {dag.py:2398} INFO - Sync 1 DAGs
[2022-04-23 10:30:41,185] {logging_mixin.py:109} INFO - [2022-04-23 10:30:41,185] {dag.py:2417} INFO - Creating ORM DAG for example_task_group
[2022-04-23 10:30:41,190] {logging_mixin.py:109} INFO - [2022-04-23 10:30:41,190] {dag.py:2937} INFO - Setting next_dagrun for example_task_group to 2022-04-22T10:30:41.190710+00:00
[2022-04-23 10:30:41,199] {processor.py:171} INFO - Processing /home/airflow/.local/lib/python3.7/site-packages/airflow/example_dags/example_task_group.py took 1.446 seconds
[2022-04-23 10:31:11,456] {processor.py:163} INFO - Started process (PID=586) to work on /home/airflow/.local/lib/python3.7/site-packages/airflow/example_dags/example_task_group.py
[2022-04-23 10:31:11,457] {processor.py:642} INFO - Processing file /home/airflow/.local/lib/python3.7/site-packages/airflow/example_dags/example_task_group.py for tasks to queue
[2022-04-23 10:31:11,457] {logging_mixin.py:109} INFO - [2022-04-23 10:31:11,457] {dagbag.py:500} INFO - Filling up the DagBag from /home/airflow/.local/lib/python3.7/site-packages/airflow/example_dags/example_task_group.py
[2022-04-23 10:31:11,471] {processor.py:652} INFO - DAG(s) dict_keys(['example_task_group']) retrieved from /home/airflow/.local/lib/python3.7/site-packages/airflow/example_dags/example_task_group.py
[2022-04-23 10:31:11,487] {logging_mixin.py:109} INFO - [2022-04-23 10:31:11,487] {dag.py:2398} INFO - Sync 1 DAGs
[2022-04-23 10:31:11,501] {logging_mixin.py:109} INFO - [2022-04-23 10:31:11,500] {dag.py:2937} INFO - Setting next_dagrun for example_task_group to 2022-04-22T10:31:11.500708+00:00
[2022-04-23 10:31:11,509] {processor.py:171} INFO - Processing /home/airflow/.local/lib/python3.7/site-packages/airflow/example_dags/example_task_group.py took 0.055 seconds
[2022-04-23 10:31:41,577] {processor.py:163} INFO - Started process (PID=636) to work on /home/airflow/.local/lib/python3.7/site-packages/airflow/example_dags/example_task_group.py
[2022-04-23 10:31:41,578] {processor.py:642} INFO - Processing file /home/airflow/.local/lib/python3.7/site-packages/airflow/example_dags/example_task_group.py for tasks to queue
[2022-04-23 10:31:41,579] {logging_mixin.py:109} INFO - [2022-04-23 10:31:41,578] {dagbag.py:500} INFO - Filling up the DagBag from /home/airflow/.local/lib/python3.7/site-packages/airflow/example_dags/example_task_group.py
[2022-04-23 10:31:41,591] {processor.py:652} INFO - DAG(s) dict_keys(['example_task_group']) retrieved from /home/airflow/.local/lib/python3.7/site-packages/airflow/example_dags/example_task_group.py
[2022-04-23 10:31:41,608] {logging_mixin.py:109} INFO - [2022-04-23 10:31:41,608] {dag.py:2398} INFO - Sync 1 DAGs
[2022-04-23 10:31:41,621] {logging_mixin.py:109} INFO - [2022-04-23 10:31:41,621] {dag.py:2937} INFO - Setting next_dagrun for example_task_group to 2022-04-22T10:31:41.621525+00:00
[2022-04-23 10:31:41,641] {processor.py:171} INFO - Processing /home/airflow/.local/lib/python3.7/site-packages/airflow/example_dags/example_task_group.py took 0.066 seconds
[2022-04-23 10:32:11,817] {processor.py:163} INFO - Started process (PID=697) to work on /home/airflow/.local/lib/python3.7/site-packages/airflow/example_dags/example_task_group.py
[2022-04-23 10:32:11,819] {processor.py:642} INFO - Processing file /home/airflow/.local/lib/python3.7/site-packages/airflow/example_dags/example_task_group.py for tasks to queue
[2022-04-23 10:32:11,820] {logging_mixin.py:109} INFO - [2022-04-23 10:32:11,819] {dagbag.py:500} INFO - Filling up the DagBag from /home/airflow/.local/lib/python3.7/site-packages/airflow/example_dags/example_task_group.py
[2022-04-23 10:32:11,837] {processor.py:652} INFO - DAG(s) dict_keys(['example_task_group']) retrieved from /home/airflow/.local/lib/python3.7/site-packages/airflow/example_dags/example_task_group.py
[2022-04-23 10:32:11,858] {logging_mixin.py:109} INFO - [2022-04-23 10:32:11,858] {dag.py:2398} INFO - Sync 1 DAGs
[2022-04-23 10:32:11,873] {logging_mixin.py:109} INFO - [2022-04-23 10:32:11,873] {dag.py:2937} INFO - Setting next_dagrun for example_task_group to 2022-04-22T10:32:11.873569+00:00
[2022-04-23 10:32:11,896] {processor.py:171} INFO - Processing /home/airflow/.local/lib/python3.7/site-packages/airflow/example_dags/example_task_group.py took 0.081 seconds
[2022-04-23 10:32:42,209] {processor.py:163} INFO - Started process (PID=757) to work on /home/airflow/.local/lib/python3.7/site-packages/airflow/example_dags/example_task_group.py
[2022-04-23 10:32:42,210] {processor.py:642} INFO - Processing file /home/airflow/.local/lib/python3.7/site-packages/airflow/example_dags/example_task_group.py for tasks to queue
[2022-04-23 10:32:42,210] {logging_mixin.py:109} INFO - [2022-04-23 10:32:42,210] {dagbag.py:500} INFO - Filling up the DagBag from /home/airflow/.local/lib/python3.7/site-packages/airflow/example_dags/example_task_group.py
[2022-04-23 10:32:42,221] {processor.py:652} INFO - DAG(s) dict_keys(['example_task_group']) retrieved from /home/airflow/.local/lib/python3.7/site-packages/airflow/example_dags/example_task_group.py
[2022-04-23 10:32:42,235] {logging_mixin.py:109} INFO - [2022-04-23 10:32:42,235] {dag.py:2398} INFO - Sync 1 DAGs
[2022-04-23 10:32:42,246] {logging_mixin.py:109} INFO - [2022-04-23 10:32:42,245] {dag.py:2937} INFO - Setting next_dagrun for example_task_group to 2022-04-22T10:32:42.245701+00:00
[2022-04-23 10:32:42,252] {processor.py:171} INFO - Processing /home/airflow/.local/lib/python3.7/site-packages/airflow/example_dags/example_task_group.py took 0.045 seconds
[2022-04-23 10:33:13,117] {processor.py:163} INFO - Started process (PID=807) to work on /home/airflow/.local/lib/python3.7/site-packages/airflow/example_dags/example_task_group.py
[2022-04-23 10:33:13,118] {processor.py:642} INFO - Processing file /home/airflow/.local/lib/python3.7/site-packages/airflow/example_dags/example_task_group.py for tasks to queue
[2022-04-23 10:33:13,118] {logging_mixin.py:109} INFO - [2022-04-23 10:33:13,118] {dagbag.py:500} INFO - Filling up the DagBag from /home/airflow/.local/lib/python3.7/site-packages/airflow/example_dags/example_task_group.py
[2022-04-23 10:33:13,129] {processor.py:652} INFO - DAG(s) dict_keys(['example_task_group']) retrieved from /home/airflow/.local/lib/python3.7/site-packages/airflow/example_dags/example_task_group.py
[2022-04-23 10:33:13,144] {logging_mixin.py:109} INFO - [2022-04-23 10:33:13,144] {dag.py:2398} INFO - Sync 1 DAGs
[2022-04-23 10:33:13,155] {logging_mixin.py:109} INFO - [2022-04-23 10:33:13,155] {dag.py:2937} INFO - Setting next_dagrun for example_task_group to 2022-04-22T10:33:13.155600+00:00
[2022-04-23 10:33:13,162] {processor.py:171} INFO - Processing /home/airflow/.local/lib/python3.7/site-packages/airflow/example_dags/example_task_group.py took 0.048 seconds
[2022-04-23 10:33:43,344] {processor.py:163} INFO - Started process (PID=865) to work on /home/airflow/.local/lib/python3.7/site-packages/airflow/example_dags/example_task_group.py
[2022-04-23 10:33:43,345] {processor.py:642} INFO - Processing file /home/airflow/.local/lib/python3.7/site-packages/airflow/example_dags/example_task_group.py for tasks to queue
[2022-04-23 10:33:43,346] {logging_mixin.py:109} INFO - [2022-04-23 10:33:43,346] {dagbag.py:500} INFO - Filling up the DagBag from /home/airflow/.local/lib/python3.7/site-packages/airflow/example_dags/example_task_group.py
[2022-04-23 10:33:43,357] {processor.py:652} INFO - DAG(s) dict_keys(['example_task_group']) retrieved from /home/airflow/.local/lib/python3.7/site-packages/airflow/example_dags/example_task_group.py
[2022-04-23 10:33:43,372] {logging_mixin.py:109} INFO - [2022-04-23 10:33:43,372] {dag.py:2398} INFO - Sync 1 DAGs
[2022-04-23 10:33:43,383] {logging_mixin.py:109} INFO - [2022-04-23 10:33:43,383] {dag.py:2937} INFO - Setting next_dagrun for example_task_group to 2022-04-22T10:33:43.383635+00:00
[2022-04-23 10:33:43,391] {processor.py:171} INFO - Processing /home/airflow/.local/lib/python3.7/site-packages/airflow/example_dags/example_task_group.py took 0.049 seconds
[2022-04-23 10:34:13,675] {processor.py:163} INFO - Started process (PID=915) to work on /home/airflow/.local/lib/python3.7/site-packages/airflow/example_dags/example_task_group.py
[2022-04-23 10:34:13,677] {processor.py:642} INFO - Processing file /home/airflow/.local/lib/python3.7/site-packages/airflow/example_dags/example_task_group.py for tasks to queue
[2022-04-23 10:34:13,677] {logging_mixin.py:109} INFO - [2022-04-23 10:34:13,677] {dagbag.py:500} INFO - Filling up the DagBag from /home/airflow/.local/lib/python3.7/site-packages/airflow/example_dags/example_task_group.py
[2022-04-23 10:34:13,689] {processor.py:652} INFO - DAG(s) dict_keys(['example_task_group']) retrieved from /home/airflow/.local/lib/python3.7/site-packages/airflow/example_dags/example_task_group.py
[2022-04-23 10:34:13,704] {logging_mixin.py:109} INFO - [2022-04-23 10:34:13,704] {dag.py:2398} INFO - Sync 1 DAGs
[2022-04-23 10:34:13,716] {logging_mixin.py:109} INFO - [2022-04-23 10:34:13,716] {dag.py:2937} INFO - Setting next_dagrun for example_task_group to 2022-04-22T10:34:13.716091+00:00
[2022-04-23 10:34:13,724] {processor.py:171} INFO - Processing /home/airflow/.local/lib/python3.7/site-packages/airflow/example_dags/example_task_group.py took 0.050 seconds
[2022-04-23 10:34:44,027] {processor.py:163} INFO - Started process (PID=975) to work on /home/airflow/.local/lib/python3.7/site-packages/airflow/example_dags/example_task_group.py
[2022-04-23 10:34:44,029] {processor.py:642} INFO - Processing file /home/airflow/.local/lib/python3.7/site-packages/airflow/example_dags/example_task_group.py for tasks to queue
[2022-04-23 10:34:44,030] {logging_mixin.py:109} INFO - [2022-04-23 10:34:44,030] {dagbag.py:500} INFO - Filling up the DagBag from /home/airflow/.local/lib/python3.7/site-packages/airflow/example_dags/example_task_group.py
[2022-04-23 10:34:44,041] {processor.py:652} INFO - DAG(s) dict_keys(['example_task_group']) retrieved from /home/airflow/.local/lib/python3.7/site-packages/airflow/example_dags/example_task_group.py
[2022-04-23 10:34:44,060] {logging_mixin.py:109} INFO - [2022-04-23 10:34:44,060] {dag.py:2398} INFO - Sync 1 DAGs
[2022-04-23 10:34:44,072] {logging_mixin.py:109} INFO - [2022-04-23 10:34:44,072] {dag.py:2937} INFO - Setting next_dagrun for example_task_group to 2022-04-22T10:34:44.072052+00:00
[2022-04-23 10:34:44,082] {processor.py:171} INFO - Processing /home/airflow/.local/lib/python3.7/site-packages/airflow/example_dags/example_task_group.py took 0.059 seconds
[2022-04-23 10:35:14,306] {processor.py:163} INFO - Started process (PID=1036) to work on /home/airflow/.local/lib/python3.7/site-packages/airflow/example_dags/example_task_group.py
[2022-04-23 10:35:14,307] {processor.py:642} INFO - Processing file /home/airflow/.local/lib/python3.7/site-packages/airflow/example_dags/example_task_group.py for tasks to queue
[2022-04-23 10:35:14,308] {logging_mixin.py:109} INFO - [2022-04-23 10:35:14,308] {dagbag.py:500} INFO - Filling up the DagBag from /home/airflow/.local/lib/python3.7/site-packages/airflow/example_dags/example_task_group.py
[2022-04-23 10:35:14,320] {processor.py:652} INFO - DAG(s) dict_keys(['example_task_group']) retrieved from /home/airflow/.local/lib/python3.7/site-packages/airflow/example_dags/example_task_group.py
[2022-04-23 10:35:14,344] {logging_mixin.py:109} INFO - [2022-04-23 10:35:14,343] {dag.py:2398} INFO - Sync 1 DAGs
[2022-04-23 10:35:14,358] {logging_mixin.py:109} INFO - [2022-04-23 10:35:14,358] {dag.py:2937} INFO - Setting next_dagrun for example_task_group to 2022-04-22T10:35:14.358015+00:00
[2022-04-23 10:35:14,367] {processor.py:171} INFO - Processing /home/airflow/.local/lib/python3.7/site-packages/airflow/example_dags/example_task_group.py took 0.063 seconds
[2022-04-23 10:35:44,689] {processor.py:163} INFO - Started process (PID=1088) to work on /home/airflow/.local/lib/python3.7/site-packages/airflow/example_dags/example_task_group.py
[2022-04-23 10:35:44,690] {processor.py:642} INFO - Processing file /home/airflow/.local/lib/python3.7/site-packages/airflow/example_dags/example_task_group.py for tasks to queue
[2022-04-23 10:35:44,691] {logging_mixin.py:109} INFO - [2022-04-23 10:35:44,691] {dagbag.py:500} INFO - Filling up the DagBag from /home/airflow/.local/lib/python3.7/site-packages/airflow/example_dags/example_task_group.py
[2022-04-23 10:35:44,702] {processor.py:652} INFO - DAG(s) dict_keys(['example_task_group']) retrieved from /home/airflow/.local/lib/python3.7/site-packages/airflow/example_dags/example_task_group.py
[2022-04-23 10:35:44,716] {logging_mixin.py:109} INFO - [2022-04-23 10:35:44,716] {dag.py:2398} INFO - Sync 1 DAGs
[2022-04-23 10:35:44,727] {logging_mixin.py:109} INFO - [2022-04-23 10:35:44,727] {dag.py:2937} INFO - Setting next_dagrun for example_task_group to 2022-04-22T10:35:44.727363+00:00
[2022-04-23 10:35:44,747] {processor.py:171} INFO - Processing /home/airflow/.local/lib/python3.7/site-packages/airflow/example_dags/example_task_group.py took 0.060 seconds
[2022-04-23 10:36:15,022] {processor.py:163} INFO - Started process (PID=1149) to work on /home/airflow/.local/lib/python3.7/site-packages/airflow/example_dags/example_task_group.py
[2022-04-23 10:36:15,023] {processor.py:642} INFO - Processing file /home/airflow/.local/lib/python3.7/site-packages/airflow/example_dags/example_task_group.py for tasks to queue
[2022-04-23 10:36:15,024] {logging_mixin.py:109} INFO - [2022-04-23 10:36:15,024] {dagbag.py:500} INFO - Filling up the DagBag from /home/airflow/.local/lib/python3.7/site-packages/airflow/example_dags/example_task_group.py
[2022-04-23 10:36:15,035] {processor.py:652} INFO - DAG(s) dict_keys(['example_task_group']) retrieved from /home/airflow/.local/lib/python3.7/site-packages/airflow/example_dags/example_task_group.py
[2022-04-23 10:36:15,053] {logging_mixin.py:109} INFO - [2022-04-23 10:36:15,053] {dag.py:2398} INFO - Sync 1 DAGs
[2022-04-23 10:36:15,066] {logging_mixin.py:109} INFO - [2022-04-23 10:36:15,066] {dag.py:2937} INFO - Setting next_dagrun for example_task_group to 2022-04-22T10:36:15.066296+00:00
[2022-04-23 10:36:15,087] {processor.py:171} INFO - Processing /home/airflow/.local/lib/python3.7/site-packages/airflow/example_dags/example_task_group.py took 0.067 seconds
