[2022-04-23 10:30:43,488] {processor.py:163} INFO - Started process (PID=228) to work on /home/airflow/.local/lib/python3.7/site-packages/airflow/example_dags/tutorial.py
[2022-04-23 10:30:43,489] {processor.py:642} INFO - Processing file /home/airflow/.local/lib/python3.7/site-packages/airflow/example_dags/tutorial.py for tasks to queue
[2022-04-23 10:30:43,490] {logging_mixin.py:109} INFO - [2022-04-23 10:30:43,489] {dagbag.py:500} INFO - Filling up the DagBag from /home/airflow/.local/lib/python3.7/site-packages/airflow/example_dags/tutorial.py
[2022-04-23 10:30:43,502] {processor.py:652} INFO - DAG(s) dict_keys(['tutorial']) retrieved from /home/airflow/.local/lib/python3.7/site-packages/airflow/example_dags/tutorial.py
[2022-04-23 10:30:45,121] {logging_mixin.py:109} INFO - [2022-04-23 10:30:45,121] {manager.py:496} INFO - Created Permission View: can read on DAG:tutorial
[2022-04-23 10:30:45,130] {logging_mixin.py:109} INFO - [2022-04-23 10:30:45,130] {manager.py:496} INFO - Created Permission View: can edit on DAG:tutorial
[2022-04-23 10:30:45,131] {logging_mixin.py:109} INFO - [2022-04-23 10:30:45,131] {dag.py:2398} INFO - Sync 1 DAGs
[2022-04-23 10:30:45,138] {logging_mixin.py:109} INFO - [2022-04-23 10:30:45,138] {dag.py:2417} INFO - Creating ORM DAG for tutorial
[2022-04-23 10:30:45,144] {logging_mixin.py:109} INFO - [2022-04-23 10:30:45,144] {dag.py:2937} INFO - Setting next_dagrun for tutorial to 2022-04-22T10:30:45.144427+00:00
[2022-04-23 10:30:45,157] {processor.py:171} INFO - Processing /home/airflow/.local/lib/python3.7/site-packages/airflow/example_dags/tutorial.py took 1.671 seconds
[2022-04-23 10:31:15,624] {processor.py:163} INFO - Started process (PID=591) to work on /home/airflow/.local/lib/python3.7/site-packages/airflow/example_dags/tutorial.py
[2022-04-23 10:31:15,625] {processor.py:642} INFO - Processing file /home/airflow/.local/lib/python3.7/site-packages/airflow/example_dags/tutorial.py for tasks to queue
[2022-04-23 10:31:15,626] {logging_mixin.py:109} INFO - [2022-04-23 10:31:15,626] {dagbag.py:500} INFO - Filling up the DagBag from /home/airflow/.local/lib/python3.7/site-packages/airflow/example_dags/tutorial.py
[2022-04-23 10:31:15,639] {processor.py:652} INFO - DAG(s) dict_keys(['tutorial']) retrieved from /home/airflow/.local/lib/python3.7/site-packages/airflow/example_dags/tutorial.py
[2022-04-23 10:31:15,654] {logging_mixin.py:109} INFO - [2022-04-23 10:31:15,654] {dag.py:2398} INFO - Sync 1 DAGs
[2022-04-23 10:31:15,667] {logging_mixin.py:109} INFO - [2022-04-23 10:31:15,667] {dag.py:2937} INFO - Setting next_dagrun for tutorial to 2022-04-22T10:31:15.667504+00:00
[2022-04-23 10:31:15,676] {processor.py:171} INFO - Processing /home/airflow/.local/lib/python3.7/site-packages/airflow/example_dags/tutorial.py took 0.054 seconds
[2022-04-23 10:31:45,890] {processor.py:163} INFO - Started process (PID=652) to work on /home/airflow/.local/lib/python3.7/site-packages/airflow/example_dags/tutorial.py
[2022-04-23 10:31:45,891] {processor.py:642} INFO - Processing file /home/airflow/.local/lib/python3.7/site-packages/airflow/example_dags/tutorial.py for tasks to queue
[2022-04-23 10:31:45,891] {logging_mixin.py:109} INFO - [2022-04-23 10:31:45,891] {dagbag.py:500} INFO - Filling up the DagBag from /home/airflow/.local/lib/python3.7/site-packages/airflow/example_dags/tutorial.py
[2022-04-23 10:31:45,903] {processor.py:652} INFO - DAG(s) dict_keys(['tutorial']) retrieved from /home/airflow/.local/lib/python3.7/site-packages/airflow/example_dags/tutorial.py
[2022-04-23 10:31:45,916] {logging_mixin.py:109} INFO - [2022-04-23 10:31:45,916] {dag.py:2398} INFO - Sync 1 DAGs
[2022-04-23 10:31:45,926] {logging_mixin.py:109} INFO - [2022-04-23 10:31:45,926] {dag.py:2937} INFO - Setting next_dagrun for tutorial to 2022-04-22T10:31:45.926358+00:00
[2022-04-23 10:31:45,933] {processor.py:171} INFO - Processing /home/airflow/.local/lib/python3.7/site-packages/airflow/example_dags/tutorial.py took 0.045 seconds
[2022-04-23 10:32:16,089] {processor.py:163} INFO - Started process (PID=703) to work on /home/airflow/.local/lib/python3.7/site-packages/airflow/example_dags/tutorial.py
[2022-04-23 10:32:16,090] {processor.py:642} INFO - Processing file /home/airflow/.local/lib/python3.7/site-packages/airflow/example_dags/tutorial.py for tasks to queue
[2022-04-23 10:32:16,091] {logging_mixin.py:109} INFO - [2022-04-23 10:32:16,091] {dagbag.py:500} INFO - Filling up the DagBag from /home/airflow/.local/lib/python3.7/site-packages/airflow/example_dags/tutorial.py
[2022-04-23 10:32:16,101] {processor.py:652} INFO - DAG(s) dict_keys(['tutorial']) retrieved from /home/airflow/.local/lib/python3.7/site-packages/airflow/example_dags/tutorial.py
[2022-04-23 10:32:16,115] {logging_mixin.py:109} INFO - [2022-04-23 10:32:16,115] {dag.py:2398} INFO - Sync 1 DAGs
[2022-04-23 10:32:16,127] {logging_mixin.py:109} INFO - [2022-04-23 10:32:16,127] {dag.py:2937} INFO - Setting next_dagrun for tutorial to 2022-04-22T10:32:16.126840+00:00
[2022-04-23 10:32:16,135] {processor.py:171} INFO - Processing /home/airflow/.local/lib/python3.7/site-packages/airflow/example_dags/tutorial.py took 0.048 seconds
[2022-04-23 10:32:46,332] {processor.py:163} INFO - Started process (PID=762) to work on /home/airflow/.local/lib/python3.7/site-packages/airflow/example_dags/tutorial.py
[2022-04-23 10:32:46,333] {processor.py:642} INFO - Processing file /home/airflow/.local/lib/python3.7/site-packages/airflow/example_dags/tutorial.py for tasks to queue
[2022-04-23 10:32:46,333] {logging_mixin.py:109} INFO - [2022-04-23 10:32:46,333] {dagbag.py:500} INFO - Filling up the DagBag from /home/airflow/.local/lib/python3.7/site-packages/airflow/example_dags/tutorial.py
[2022-04-23 10:32:46,343] {processor.py:652} INFO - DAG(s) dict_keys(['tutorial']) retrieved from /home/airflow/.local/lib/python3.7/site-packages/airflow/example_dags/tutorial.py
[2022-04-23 10:32:46,357] {logging_mixin.py:109} INFO - [2022-04-23 10:32:46,357] {dag.py:2398} INFO - Sync 1 DAGs
[2022-04-23 10:32:46,369] {logging_mixin.py:109} INFO - [2022-04-23 10:32:46,368] {dag.py:2937} INFO - Setting next_dagrun for tutorial to 2022-04-22T10:32:46.368748+00:00
[2022-04-23 10:32:46,375] {processor.py:171} INFO - Processing /home/airflow/.local/lib/python3.7/site-packages/airflow/example_dags/tutorial.py took 0.045 seconds
[2022-04-23 10:33:16,564] {processor.py:163} INFO - Started process (PID=812) to work on /home/airflow/.local/lib/python3.7/site-packages/airflow/example_dags/tutorial.py
[2022-04-23 10:33:16,565] {processor.py:642} INFO - Processing file /home/airflow/.local/lib/python3.7/site-packages/airflow/example_dags/tutorial.py for tasks to queue
[2022-04-23 10:33:16,566] {logging_mixin.py:109} INFO - [2022-04-23 10:33:16,566] {dagbag.py:500} INFO - Filling up the DagBag from /home/airflow/.local/lib/python3.7/site-packages/airflow/example_dags/tutorial.py
[2022-04-23 10:33:16,576] {processor.py:652} INFO - DAG(s) dict_keys(['tutorial']) retrieved from /home/airflow/.local/lib/python3.7/site-packages/airflow/example_dags/tutorial.py
[2022-04-23 10:33:16,590] {logging_mixin.py:109} INFO - [2022-04-23 10:33:16,590] {dag.py:2398} INFO - Sync 1 DAGs
[2022-04-23 10:33:16,601] {logging_mixin.py:109} INFO - [2022-04-23 10:33:16,601] {dag.py:2937} INFO - Setting next_dagrun for tutorial to 2022-04-22T10:33:16.601409+00:00
[2022-04-23 10:33:16,619] {processor.py:171} INFO - Processing /home/airflow/.local/lib/python3.7/site-packages/airflow/example_dags/tutorial.py took 0.057 seconds
[2022-04-23 10:33:46,843] {processor.py:163} INFO - Started process (PID=871) to work on /home/airflow/.local/lib/python3.7/site-packages/airflow/example_dags/tutorial.py
[2022-04-23 10:33:46,844] {processor.py:642} INFO - Processing file /home/airflow/.local/lib/python3.7/site-packages/airflow/example_dags/tutorial.py for tasks to queue
[2022-04-23 10:33:46,844] {logging_mixin.py:109} INFO - [2022-04-23 10:33:46,844] {dagbag.py:500} INFO - Filling up the DagBag from /home/airflow/.local/lib/python3.7/site-packages/airflow/example_dags/tutorial.py
[2022-04-23 10:33:46,854] {processor.py:652} INFO - DAG(s) dict_keys(['tutorial']) retrieved from /home/airflow/.local/lib/python3.7/site-packages/airflow/example_dags/tutorial.py
[2022-04-23 10:33:46,868] {logging_mixin.py:109} INFO - [2022-04-23 10:33:46,868] {dag.py:2398} INFO - Sync 1 DAGs
[2022-04-23 10:33:46,880] {logging_mixin.py:109} INFO - [2022-04-23 10:33:46,880] {dag.py:2937} INFO - Setting next_dagrun for tutorial to 2022-04-22T10:33:46.880483+00:00
[2022-04-23 10:33:46,888] {processor.py:171} INFO - Processing /home/airflow/.local/lib/python3.7/site-packages/airflow/example_dags/tutorial.py took 0.047 seconds
[2022-04-23 10:34:17,240] {processor.py:163} INFO - Started process (PID=930) to work on /home/airflow/.local/lib/python3.7/site-packages/airflow/example_dags/tutorial.py
[2022-04-23 10:34:17,241] {processor.py:642} INFO - Processing file /home/airflow/.local/lib/python3.7/site-packages/airflow/example_dags/tutorial.py for tasks to queue
[2022-04-23 10:34:17,241] {logging_mixin.py:109} INFO - [2022-04-23 10:34:17,241] {dagbag.py:500} INFO - Filling up the DagBag from /home/airflow/.local/lib/python3.7/site-packages/airflow/example_dags/tutorial.py
[2022-04-23 10:34:17,251] {processor.py:652} INFO - DAG(s) dict_keys(['tutorial']) retrieved from /home/airflow/.local/lib/python3.7/site-packages/airflow/example_dags/tutorial.py
[2022-04-23 10:34:17,265] {logging_mixin.py:109} INFO - [2022-04-23 10:34:17,265] {dag.py:2398} INFO - Sync 1 DAGs
[2022-04-23 10:34:17,276] {logging_mixin.py:109} INFO - [2022-04-23 10:34:17,276] {dag.py:2937} INFO - Setting next_dagrun for tutorial to 2022-04-22T10:34:17.276381+00:00
[2022-04-23 10:34:17,294] {processor.py:171} INFO - Processing /home/airflow/.local/lib/python3.7/site-packages/airflow/example_dags/tutorial.py took 0.056 seconds
[2022-04-23 10:34:47,538] {processor.py:163} INFO - Started process (PID=981) to work on /home/airflow/.local/lib/python3.7/site-packages/airflow/example_dags/tutorial.py
[2022-04-23 10:34:47,539] {processor.py:642} INFO - Processing file /home/airflow/.local/lib/python3.7/site-packages/airflow/example_dags/tutorial.py for tasks to queue
[2022-04-23 10:34:47,540] {logging_mixin.py:109} INFO - [2022-04-23 10:34:47,540] {dagbag.py:500} INFO - Filling up the DagBag from /home/airflow/.local/lib/python3.7/site-packages/airflow/example_dags/tutorial.py
[2022-04-23 10:34:47,550] {processor.py:652} INFO - DAG(s) dict_keys(['tutorial']) retrieved from /home/airflow/.local/lib/python3.7/site-packages/airflow/example_dags/tutorial.py
[2022-04-23 10:34:47,564] {logging_mixin.py:109} INFO - [2022-04-23 10:34:47,564] {dag.py:2398} INFO - Sync 1 DAGs
[2022-04-23 10:34:47,577] {logging_mixin.py:109} INFO - [2022-04-23 10:34:47,577] {dag.py:2937} INFO - Setting next_dagrun for tutorial to 2022-04-22T10:34:47.577329+00:00
[2022-04-23 10:34:47,586] {processor.py:171} INFO - Processing /home/airflow/.local/lib/python3.7/site-packages/airflow/example_dags/tutorial.py took 0.049 seconds
[2022-04-23 10:35:17,888] {processor.py:163} INFO - Started process (PID=1042) to work on /home/airflow/.local/lib/python3.7/site-packages/airflow/example_dags/tutorial.py
[2022-04-23 10:35:17,889] {processor.py:642} INFO - Processing file /home/airflow/.local/lib/python3.7/site-packages/airflow/example_dags/tutorial.py for tasks to queue
[2022-04-23 10:35:17,890] {logging_mixin.py:109} INFO - [2022-04-23 10:35:17,890] {dagbag.py:500} INFO - Filling up the DagBag from /home/airflow/.local/lib/python3.7/site-packages/airflow/example_dags/tutorial.py
[2022-04-23 10:35:17,899] {processor.py:652} INFO - DAG(s) dict_keys(['tutorial']) retrieved from /home/airflow/.local/lib/python3.7/site-packages/airflow/example_dags/tutorial.py
[2022-04-23 10:35:17,914] {logging_mixin.py:109} INFO - [2022-04-23 10:35:17,914] {dag.py:2398} INFO - Sync 1 DAGs
[2022-04-23 10:35:17,926] {logging_mixin.py:109} INFO - [2022-04-23 10:35:17,926] {dag.py:2937} INFO - Setting next_dagrun for tutorial to 2022-04-22T10:35:17.926550+00:00
[2022-04-23 10:35:17,934] {processor.py:171} INFO - Processing /home/airflow/.local/lib/python3.7/site-packages/airflow/example_dags/tutorial.py took 0.048 seconds
[2022-04-23 10:35:48,259] {processor.py:163} INFO - Started process (PID=1094) to work on /home/airflow/.local/lib/python3.7/site-packages/airflow/example_dags/tutorial.py
[2022-04-23 10:35:48,260] {processor.py:642} INFO - Processing file /home/airflow/.local/lib/python3.7/site-packages/airflow/example_dags/tutorial.py for tasks to queue
[2022-04-23 10:35:48,260] {logging_mixin.py:109} INFO - [2022-04-23 10:35:48,260] {dagbag.py:500} INFO - Filling up the DagBag from /home/airflow/.local/lib/python3.7/site-packages/airflow/example_dags/tutorial.py
[2022-04-23 10:35:48,270] {processor.py:652} INFO - DAG(s) dict_keys(['tutorial']) retrieved from /home/airflow/.local/lib/python3.7/site-packages/airflow/example_dags/tutorial.py
[2022-04-23 10:35:48,284] {logging_mixin.py:109} INFO - [2022-04-23 10:35:48,284] {dag.py:2398} INFO - Sync 1 DAGs
[2022-04-23 10:35:48,297] {logging_mixin.py:109} INFO - [2022-04-23 10:35:48,297] {dag.py:2937} INFO - Setting next_dagrun for tutorial to 2022-04-22T10:35:48.296784+00:00
[2022-04-23 10:35:48,322] {processor.py:171} INFO - Processing /home/airflow/.local/lib/python3.7/site-packages/airflow/example_dags/tutorial.py took 0.065 seconds
[2022-04-23 10:36:18,426] {processor.py:163} INFO - Started process (PID=1155) to work on /home/airflow/.local/lib/python3.7/site-packages/airflow/example_dags/tutorial.py
[2022-04-23 10:36:18,427] {processor.py:642} INFO - Processing file /home/airflow/.local/lib/python3.7/site-packages/airflow/example_dags/tutorial.py for tasks to queue
[2022-04-23 10:36:18,428] {logging_mixin.py:109} INFO - [2022-04-23 10:36:18,428] {dagbag.py:500} INFO - Filling up the DagBag from /home/airflow/.local/lib/python3.7/site-packages/airflow/example_dags/tutorial.py
[2022-04-23 10:36:18,438] {processor.py:652} INFO - DAG(s) dict_keys(['tutorial']) retrieved from /home/airflow/.local/lib/python3.7/site-packages/airflow/example_dags/tutorial.py
[2022-04-23 10:36:18,451] {logging_mixin.py:109} INFO - [2022-04-23 10:36:18,451] {dag.py:2398} INFO - Sync 1 DAGs
[2022-04-23 10:36:18,463] {logging_mixin.py:109} INFO - [2022-04-23 10:36:18,463] {dag.py:2937} INFO - Setting next_dagrun for tutorial to 2022-04-22T10:36:18.462930+00:00
[2022-04-23 10:36:18,482] {processor.py:171} INFO - Processing /home/airflow/.local/lib/python3.7/site-packages/airflow/example_dags/tutorial.py took 0.058 seconds
