[2022-04-23 10:30:42,622] {processor.py:163} INFO - Started process (PID=210) to work on /home/airflow/.local/lib/python3.7/site-packages/airflow/example_dags/tutorial_taskflow_api_etl.py
[2022-04-23 10:30:42,623] {processor.py:642} INFO - Processing file /home/airflow/.local/lib/python3.7/site-packages/airflow/example_dags/tutorial_taskflow_api_etl.py for tasks to queue
[2022-04-23 10:30:42,624] {logging_mixin.py:109} INFO - [2022-04-23 10:30:42,624] {dagbag.py:500} INFO - Filling up the DagBag from /home/airflow/.local/lib/python3.7/site-packages/airflow/example_dags/tutorial_taskflow_api_etl.py
[2022-04-23 10:30:42,641] {processor.py:652} INFO - DAG(s) dict_keys(['tutorial_taskflow_api_etl']) retrieved from /home/airflow/.local/lib/python3.7/site-packages/airflow/example_dags/tutorial_taskflow_api_etl.py
[2022-04-23 10:30:44,046] {logging_mixin.py:109} INFO - [2022-04-23 10:30:44,046] {manager.py:496} INFO - Created Permission View: can read on DAG:tutorial_taskflow_api_etl
[2022-04-23 10:30:44,052] {logging_mixin.py:109} INFO - [2022-04-23 10:30:44,052] {manager.py:496} INFO - Created Permission View: can edit on DAG:tutorial_taskflow_api_etl
[2022-04-23 10:30:44,053] {logging_mixin.py:109} INFO - [2022-04-23 10:30:44,053] {dag.py:2398} INFO - Sync 1 DAGs
[2022-04-23 10:30:44,059] {logging_mixin.py:109} INFO - [2022-04-23 10:30:44,059] {dag.py:2417} INFO - Creating ORM DAG for tutorial_taskflow_api_etl
[2022-04-23 10:30:44,066] {logging_mixin.py:109} INFO - [2022-04-23 10:30:44,065] {dag.py:2937} INFO - Setting next_dagrun for tutorial_taskflow_api_etl to None
[2022-04-23 10:30:44,075] {processor.py:171} INFO - Processing /home/airflow/.local/lib/python3.7/site-packages/airflow/example_dags/tutorial_taskflow_api_etl.py took 1.455 seconds
[2022-04-23 10:31:14,550] {processor.py:163} INFO - Started process (PID=590) to work on /home/airflow/.local/lib/python3.7/site-packages/airflow/example_dags/tutorial_taskflow_api_etl.py
[2022-04-23 10:31:14,551] {processor.py:642} INFO - Processing file /home/airflow/.local/lib/python3.7/site-packages/airflow/example_dags/tutorial_taskflow_api_etl.py for tasks to queue
[2022-04-23 10:31:14,552] {logging_mixin.py:109} INFO - [2022-04-23 10:31:14,552] {dagbag.py:500} INFO - Filling up the DagBag from /home/airflow/.local/lib/python3.7/site-packages/airflow/example_dags/tutorial_taskflow_api_etl.py
[2022-04-23 10:31:14,566] {processor.py:652} INFO - DAG(s) dict_keys(['tutorial_taskflow_api_etl']) retrieved from /home/airflow/.local/lib/python3.7/site-packages/airflow/example_dags/tutorial_taskflow_api_etl.py
[2022-04-23 10:31:14,768] {logging_mixin.py:109} INFO - [2022-04-23 10:31:14,767] {dag.py:2398} INFO - Sync 1 DAGs
[2022-04-23 10:31:14,777] {logging_mixin.py:109} INFO - [2022-04-23 10:31:14,777] {dag.py:2937} INFO - Setting next_dagrun for tutorial_taskflow_api_etl to None
[2022-04-23 10:31:14,796] {processor.py:171} INFO - Processing /home/airflow/.local/lib/python3.7/site-packages/airflow/example_dags/tutorial_taskflow_api_etl.py took 0.248 seconds
[2022-04-23 10:31:44,888] {processor.py:163} INFO - Started process (PID=651) to work on /home/airflow/.local/lib/python3.7/site-packages/airflow/example_dags/tutorial_taskflow_api_etl.py
[2022-04-23 10:31:44,889] {processor.py:642} INFO - Processing file /home/airflow/.local/lib/python3.7/site-packages/airflow/example_dags/tutorial_taskflow_api_etl.py for tasks to queue
[2022-04-23 10:31:44,889] {logging_mixin.py:109} INFO - [2022-04-23 10:31:44,889] {dagbag.py:500} INFO - Filling up the DagBag from /home/airflow/.local/lib/python3.7/site-packages/airflow/example_dags/tutorial_taskflow_api_etl.py
[2022-04-23 10:31:44,903] {processor.py:652} INFO - DAG(s) dict_keys(['tutorial_taskflow_api_etl']) retrieved from /home/airflow/.local/lib/python3.7/site-packages/airflow/example_dags/tutorial_taskflow_api_etl.py
[2022-04-23 10:31:45,104] {logging_mixin.py:109} INFO - [2022-04-23 10:31:45,104] {dag.py:2398} INFO - Sync 1 DAGs
[2022-04-23 10:31:45,114] {logging_mixin.py:109} INFO - [2022-04-23 10:31:45,114] {dag.py:2937} INFO - Setting next_dagrun for tutorial_taskflow_api_etl to None
[2022-04-23 10:31:45,134] {processor.py:171} INFO - Processing /home/airflow/.local/lib/python3.7/site-packages/airflow/example_dags/tutorial_taskflow_api_etl.py took 0.248 seconds
[2022-04-23 10:32:16,089] {processor.py:163} INFO - Started process (PID=702) to work on /home/airflow/.local/lib/python3.7/site-packages/airflow/example_dags/tutorial_taskflow_api_etl.py
[2022-04-23 10:32:16,090] {processor.py:642} INFO - Processing file /home/airflow/.local/lib/python3.7/site-packages/airflow/example_dags/tutorial_taskflow_api_etl.py for tasks to queue
[2022-04-23 10:32:16,091] {logging_mixin.py:109} INFO - [2022-04-23 10:32:16,090] {dagbag.py:500} INFO - Filling up the DagBag from /home/airflow/.local/lib/python3.7/site-packages/airflow/example_dags/tutorial_taskflow_api_etl.py
[2022-04-23 10:32:16,102] {processor.py:652} INFO - DAG(s) dict_keys(['tutorial_taskflow_api_etl']) retrieved from /home/airflow/.local/lib/python3.7/site-packages/airflow/example_dags/tutorial_taskflow_api_etl.py
[2022-04-23 10:32:16,317] {logging_mixin.py:109} INFO - [2022-04-23 10:32:16,316] {dag.py:2398} INFO - Sync 1 DAGs
[2022-04-23 10:32:16,327] {logging_mixin.py:109} INFO - [2022-04-23 10:32:16,327] {dag.py:2937} INFO - Setting next_dagrun for tutorial_taskflow_api_etl to None
[2022-04-23 10:32:16,336] {processor.py:171} INFO - Processing /home/airflow/.local/lib/python3.7/site-packages/airflow/example_dags/tutorial_taskflow_api_etl.py took 0.249 seconds
[2022-04-23 10:32:46,372] {processor.py:163} INFO - Started process (PID=763) to work on /home/airflow/.local/lib/python3.7/site-packages/airflow/example_dags/tutorial_taskflow_api_etl.py
[2022-04-23 10:32:46,373] {processor.py:642} INFO - Processing file /home/airflow/.local/lib/python3.7/site-packages/airflow/example_dags/tutorial_taskflow_api_etl.py for tasks to queue
[2022-04-23 10:32:46,374] {logging_mixin.py:109} INFO - [2022-04-23 10:32:46,373] {dagbag.py:500} INFO - Filling up the DagBag from /home/airflow/.local/lib/python3.7/site-packages/airflow/example_dags/tutorial_taskflow_api_etl.py
[2022-04-23 10:32:46,386] {processor.py:652} INFO - DAG(s) dict_keys(['tutorial_taskflow_api_etl']) retrieved from /home/airflow/.local/lib/python3.7/site-packages/airflow/example_dags/tutorial_taskflow_api_etl.py
[2022-04-23 10:32:46,590] {logging_mixin.py:109} INFO - [2022-04-23 10:32:46,590] {dag.py:2398} INFO - Sync 1 DAGs
[2022-04-23 10:32:46,600] {logging_mixin.py:109} INFO - [2022-04-23 10:32:46,600] {dag.py:2937} INFO - Setting next_dagrun for tutorial_taskflow_api_etl to None
[2022-04-23 10:32:46,608] {processor.py:171} INFO - Processing /home/airflow/.local/lib/python3.7/site-packages/airflow/example_dags/tutorial_taskflow_api_etl.py took 0.237 seconds
[2022-04-23 10:33:16,652] {processor.py:163} INFO - Started process (PID=813) to work on /home/airflow/.local/lib/python3.7/site-packages/airflow/example_dags/tutorial_taskflow_api_etl.py
[2022-04-23 10:33:16,653] {processor.py:642} INFO - Processing file /home/airflow/.local/lib/python3.7/site-packages/airflow/example_dags/tutorial_taskflow_api_etl.py for tasks to queue
[2022-04-23 10:33:16,654] {logging_mixin.py:109} INFO - [2022-04-23 10:33:16,654] {dagbag.py:500} INFO - Filling up the DagBag from /home/airflow/.local/lib/python3.7/site-packages/airflow/example_dags/tutorial_taskflow_api_etl.py
[2022-04-23 10:33:16,666] {processor.py:652} INFO - DAG(s) dict_keys(['tutorial_taskflow_api_etl']) retrieved from /home/airflow/.local/lib/python3.7/site-packages/airflow/example_dags/tutorial_taskflow_api_etl.py
[2022-04-23 10:33:16,939] {logging_mixin.py:109} INFO - [2022-04-23 10:33:16,939] {dag.py:2398} INFO - Sync 1 DAGs
[2022-04-23 10:33:16,950] {logging_mixin.py:109} INFO - [2022-04-23 10:33:16,950] {dag.py:2937} INFO - Setting next_dagrun for tutorial_taskflow_api_etl to None
[2022-04-23 10:33:16,972] {processor.py:171} INFO - Processing /home/airflow/.local/lib/python3.7/site-packages/airflow/example_dags/tutorial_taskflow_api_etl.py took 0.322 seconds
[2022-04-23 10:33:47,848] {processor.py:163} INFO - Started process (PID=872) to work on /home/airflow/.local/lib/python3.7/site-packages/airflow/example_dags/tutorial_taskflow_api_etl.py
[2022-04-23 10:33:47,849] {processor.py:642} INFO - Processing file /home/airflow/.local/lib/python3.7/site-packages/airflow/example_dags/tutorial_taskflow_api_etl.py for tasks to queue
[2022-04-23 10:33:47,850] {logging_mixin.py:109} INFO - [2022-04-23 10:33:47,850] {dagbag.py:500} INFO - Filling up the DagBag from /home/airflow/.local/lib/python3.7/site-packages/airflow/example_dags/tutorial_taskflow_api_etl.py
[2022-04-23 10:33:47,862] {processor.py:652} INFO - DAG(s) dict_keys(['tutorial_taskflow_api_etl']) retrieved from /home/airflow/.local/lib/python3.7/site-packages/airflow/example_dags/tutorial_taskflow_api_etl.py
[2022-04-23 10:33:48,078] {logging_mixin.py:109} INFO - [2022-04-23 10:33:48,078] {dag.py:2398} INFO - Sync 1 DAGs
[2022-04-23 10:33:48,088] {logging_mixin.py:109} INFO - [2022-04-23 10:33:48,088] {dag.py:2937} INFO - Setting next_dagrun for tutorial_taskflow_api_etl to None
[2022-04-23 10:33:48,095] {processor.py:171} INFO - Processing /home/airflow/.local/lib/python3.7/site-packages/airflow/example_dags/tutorial_taskflow_api_etl.py took 0.249 seconds
[2022-04-23 10:34:18,239] {processor.py:163} INFO - Started process (PID=931) to work on /home/airflow/.local/lib/python3.7/site-packages/airflow/example_dags/tutorial_taskflow_api_etl.py
[2022-04-23 10:34:18,240] {processor.py:642} INFO - Processing file /home/airflow/.local/lib/python3.7/site-packages/airflow/example_dags/tutorial_taskflow_api_etl.py for tasks to queue
[2022-04-23 10:34:18,240] {logging_mixin.py:109} INFO - [2022-04-23 10:34:18,240] {dagbag.py:500} INFO - Filling up the DagBag from /home/airflow/.local/lib/python3.7/site-packages/airflow/example_dags/tutorial_taskflow_api_etl.py
[2022-04-23 10:34:18,252] {processor.py:652} INFO - DAG(s) dict_keys(['tutorial_taskflow_api_etl']) retrieved from /home/airflow/.local/lib/python3.7/site-packages/airflow/example_dags/tutorial_taskflow_api_etl.py
[2022-04-23 10:34:18,464] {logging_mixin.py:109} INFO - [2022-04-23 10:34:18,464] {dag.py:2398} INFO - Sync 1 DAGs
[2022-04-23 10:34:18,474] {logging_mixin.py:109} INFO - [2022-04-23 10:34:18,474] {dag.py:2937} INFO - Setting next_dagrun for tutorial_taskflow_api_etl to None
[2022-04-23 10:34:18,481] {processor.py:171} INFO - Processing /home/airflow/.local/lib/python3.7/site-packages/airflow/example_dags/tutorial_taskflow_api_etl.py took 0.245 seconds
[2022-04-23 10:34:48,534] {processor.py:163} INFO - Started process (PID=982) to work on /home/airflow/.local/lib/python3.7/site-packages/airflow/example_dags/tutorial_taskflow_api_etl.py
[2022-04-23 10:34:48,535] {processor.py:642} INFO - Processing file /home/airflow/.local/lib/python3.7/site-packages/airflow/example_dags/tutorial_taskflow_api_etl.py for tasks to queue
[2022-04-23 10:34:48,536] {logging_mixin.py:109} INFO - [2022-04-23 10:34:48,536] {dagbag.py:500} INFO - Filling up the DagBag from /home/airflow/.local/lib/python3.7/site-packages/airflow/example_dags/tutorial_taskflow_api_etl.py
[2022-04-23 10:34:48,552] {processor.py:652} INFO - DAG(s) dict_keys(['tutorial_taskflow_api_etl']) retrieved from /home/airflow/.local/lib/python3.7/site-packages/airflow/example_dags/tutorial_taskflow_api_etl.py
[2022-04-23 10:34:48,788] {logging_mixin.py:109} INFO - [2022-04-23 10:34:48,788] {dag.py:2398} INFO - Sync 1 DAGs
[2022-04-23 10:34:48,799] {logging_mixin.py:109} INFO - [2022-04-23 10:34:48,799] {dag.py:2937} INFO - Setting next_dagrun for tutorial_taskflow_api_etl to None
[2022-04-23 10:34:48,820] {processor.py:171} INFO - Processing /home/airflow/.local/lib/python3.7/site-packages/airflow/example_dags/tutorial_taskflow_api_etl.py took 0.287 seconds
[2022-04-23 10:35:18,885] {processor.py:163} INFO - Started process (PID=1043) to work on /home/airflow/.local/lib/python3.7/site-packages/airflow/example_dags/tutorial_taskflow_api_etl.py
[2022-04-23 10:35:18,886] {processor.py:642} INFO - Processing file /home/airflow/.local/lib/python3.7/site-packages/airflow/example_dags/tutorial_taskflow_api_etl.py for tasks to queue
[2022-04-23 10:35:18,887] {logging_mixin.py:109} INFO - [2022-04-23 10:35:18,887] {dagbag.py:500} INFO - Filling up the DagBag from /home/airflow/.local/lib/python3.7/site-packages/airflow/example_dags/tutorial_taskflow_api_etl.py
[2022-04-23 10:35:18,900] {processor.py:652} INFO - DAG(s) dict_keys(['tutorial_taskflow_api_etl']) retrieved from /home/airflow/.local/lib/python3.7/site-packages/airflow/example_dags/tutorial_taskflow_api_etl.py
[2022-04-23 10:35:19,114] {logging_mixin.py:109} INFO - [2022-04-23 10:35:19,114] {dag.py:2398} INFO - Sync 1 DAGs
[2022-04-23 10:35:19,125] {logging_mixin.py:109} INFO - [2022-04-23 10:35:19,125] {dag.py:2937} INFO - Setting next_dagrun for tutorial_taskflow_api_etl to None
[2022-04-23 10:35:19,133] {processor.py:171} INFO - Processing /home/airflow/.local/lib/python3.7/site-packages/airflow/example_dags/tutorial_taskflow_api_etl.py took 0.249 seconds
[2022-04-23 10:35:49,322] {processor.py:163} INFO - Started process (PID=1095) to work on /home/airflow/.local/lib/python3.7/site-packages/airflow/example_dags/tutorial_taskflow_api_etl.py
[2022-04-23 10:35:49,324] {processor.py:642} INFO - Processing file /home/airflow/.local/lib/python3.7/site-packages/airflow/example_dags/tutorial_taskflow_api_etl.py for tasks to queue
[2022-04-23 10:35:49,325] {logging_mixin.py:109} INFO - [2022-04-23 10:35:49,325] {dagbag.py:500} INFO - Filling up the DagBag from /home/airflow/.local/lib/python3.7/site-packages/airflow/example_dags/tutorial_taskflow_api_etl.py
[2022-04-23 10:35:49,342] {processor.py:652} INFO - DAG(s) dict_keys(['tutorial_taskflow_api_etl']) retrieved from /home/airflow/.local/lib/python3.7/site-packages/airflow/example_dags/tutorial_taskflow_api_etl.py
[2022-04-23 10:35:49,587] {logging_mixin.py:109} INFO - [2022-04-23 10:35:49,587] {dag.py:2398} INFO - Sync 1 DAGs
[2022-04-23 10:35:49,597] {logging_mixin.py:109} INFO - [2022-04-23 10:35:49,597] {dag.py:2937} INFO - Setting next_dagrun for tutorial_taskflow_api_etl to None
[2022-04-23 10:35:49,619] {processor.py:171} INFO - Processing /home/airflow/.local/lib/python3.7/site-packages/airflow/example_dags/tutorial_taskflow_api_etl.py took 0.299 seconds
[2022-04-23 10:36:20,511] {processor.py:163} INFO - Started process (PID=1157) to work on /home/airflow/.local/lib/python3.7/site-packages/airflow/example_dags/tutorial_taskflow_api_etl.py
[2022-04-23 10:36:20,512] {processor.py:642} INFO - Processing file /home/airflow/.local/lib/python3.7/site-packages/airflow/example_dags/tutorial_taskflow_api_etl.py for tasks to queue
[2022-04-23 10:36:20,513] {logging_mixin.py:109} INFO - [2022-04-23 10:36:20,513] {dagbag.py:500} INFO - Filling up the DagBag from /home/airflow/.local/lib/python3.7/site-packages/airflow/example_dags/tutorial_taskflow_api_etl.py
[2022-04-23 10:36:20,525] {processor.py:652} INFO - DAG(s) dict_keys(['tutorial_taskflow_api_etl']) retrieved from /home/airflow/.local/lib/python3.7/site-packages/airflow/example_dags/tutorial_taskflow_api_etl.py
[2022-04-23 10:36:20,738] {logging_mixin.py:109} INFO - [2022-04-23 10:36:20,738] {dag.py:2398} INFO - Sync 1 DAGs
[2022-04-23 10:36:20,749] {logging_mixin.py:109} INFO - [2022-04-23 10:36:20,749] {dag.py:2937} INFO - Setting next_dagrun for tutorial_taskflow_api_etl to None
[2022-04-23 10:36:20,756] {processor.py:171} INFO - Processing /home/airflow/.local/lib/python3.7/site-packages/airflow/example_dags/tutorial_taskflow_api_etl.py took 0.247 seconds
