[2022-04-23 10:30:41,228] {processor.py:163} INFO - Started process (PID=176) to work on /home/airflow/.local/lib/python3.7/site-packages/airflow/example_dags/tutorial_etl_dag.py
[2022-04-23 10:30:41,229] {processor.py:642} INFO - Processing file /home/airflow/.local/lib/python3.7/site-packages/airflow/example_dags/tutorial_etl_dag.py for tasks to queue
[2022-04-23 10:30:41,230] {logging_mixin.py:109} INFO - [2022-04-23 10:30:41,230] {dagbag.py:500} INFO - Filling up the DagBag from /home/airflow/.local/lib/python3.7/site-packages/airflow/example_dags/tutorial_etl_dag.py
[2022-04-23 10:30:41,242] {processor.py:652} INFO - DAG(s) dict_keys(['tutorial_etl_dag']) retrieved from /home/airflow/.local/lib/python3.7/site-packages/airflow/example_dags/tutorial_etl_dag.py
[2022-04-23 10:30:42,567] {logging_mixin.py:109} INFO - [2022-04-23 10:30:42,567] {manager.py:496} INFO - Created Permission View: can read on DAG:tutorial_etl_dag
[2022-04-23 10:30:42,573] {logging_mixin.py:109} INFO - [2022-04-23 10:30:42,573] {manager.py:496} INFO - Created Permission View: can edit on DAG:tutorial_etl_dag
[2022-04-23 10:30:42,573] {logging_mixin.py:109} INFO - [2022-04-23 10:30:42,573] {dag.py:2398} INFO - Sync 1 DAGs
[2022-04-23 10:30:42,579] {logging_mixin.py:109} INFO - [2022-04-23 10:30:42,579] {dag.py:2417} INFO - Creating ORM DAG for tutorial_etl_dag
[2022-04-23 10:30:42,585] {logging_mixin.py:109} INFO - [2022-04-23 10:30:42,585] {dag.py:2937} INFO - Setting next_dagrun for tutorial_etl_dag to None
[2022-04-23 10:30:42,594] {processor.py:171} INFO - Processing /home/airflow/.local/lib/python3.7/site-packages/airflow/example_dags/tutorial_etl_dag.py took 1.368 seconds
[2022-04-23 10:31:13,540] {processor.py:163} INFO - Started process (PID=588) to work on /home/airflow/.local/lib/python3.7/site-packages/airflow/example_dags/tutorial_etl_dag.py
[2022-04-23 10:31:13,541] {processor.py:642} INFO - Processing file /home/airflow/.local/lib/python3.7/site-packages/airflow/example_dags/tutorial_etl_dag.py for tasks to queue
[2022-04-23 10:31:13,541] {logging_mixin.py:109} INFO - [2022-04-23 10:31:13,541] {dagbag.py:500} INFO - Filling up the DagBag from /home/airflow/.local/lib/python3.7/site-packages/airflow/example_dags/tutorial_etl_dag.py
[2022-04-23 10:31:13,553] {processor.py:652} INFO - DAG(s) dict_keys(['tutorial_etl_dag']) retrieved from /home/airflow/.local/lib/python3.7/site-packages/airflow/example_dags/tutorial_etl_dag.py
[2022-04-23 10:31:13,567] {logging_mixin.py:109} INFO - [2022-04-23 10:31:13,567] {dag.py:2398} INFO - Sync 1 DAGs
[2022-04-23 10:31:13,579] {logging_mixin.py:109} INFO - [2022-04-23 10:31:13,579] {dag.py:2937} INFO - Setting next_dagrun for tutorial_etl_dag to None
[2022-04-23 10:31:13,587] {processor.py:171} INFO - Processing /home/airflow/.local/lib/python3.7/site-packages/airflow/example_dags/tutorial_etl_dag.py took 0.049 seconds
[2022-04-23 10:31:43,810] {processor.py:163} INFO - Started process (PID=649) to work on /home/airflow/.local/lib/python3.7/site-packages/airflow/example_dags/tutorial_etl_dag.py
[2022-04-23 10:31:43,811] {processor.py:642} INFO - Processing file /home/airflow/.local/lib/python3.7/site-packages/airflow/example_dags/tutorial_etl_dag.py for tasks to queue
[2022-04-23 10:31:43,811] {logging_mixin.py:109} INFO - [2022-04-23 10:31:43,811] {dagbag.py:500} INFO - Filling up the DagBag from /home/airflow/.local/lib/python3.7/site-packages/airflow/example_dags/tutorial_etl_dag.py
[2022-04-23 10:31:43,825] {processor.py:652} INFO - DAG(s) dict_keys(['tutorial_etl_dag']) retrieved from /home/airflow/.local/lib/python3.7/site-packages/airflow/example_dags/tutorial_etl_dag.py
[2022-04-23 10:31:43,838] {logging_mixin.py:109} INFO - [2022-04-23 10:31:43,838] {dag.py:2398} INFO - Sync 1 DAGs
[2022-04-23 10:31:43,848] {logging_mixin.py:109} INFO - [2022-04-23 10:31:43,848] {dag.py:2937} INFO - Setting next_dagrun for tutorial_etl_dag to None
[2022-04-23 10:31:43,856] {processor.py:171} INFO - Processing /home/airflow/.local/lib/python3.7/site-packages/airflow/example_dags/tutorial_etl_dag.py took 0.047 seconds
[2022-04-23 10:32:14,018] {processor.py:163} INFO - Started process (PID=700) to work on /home/airflow/.local/lib/python3.7/site-packages/airflow/example_dags/tutorial_etl_dag.py
[2022-04-23 10:32:14,019] {processor.py:642} INFO - Processing file /home/airflow/.local/lib/python3.7/site-packages/airflow/example_dags/tutorial_etl_dag.py for tasks to queue
[2022-04-23 10:32:14,019] {logging_mixin.py:109} INFO - [2022-04-23 10:32:14,019] {dagbag.py:500} INFO - Filling up the DagBag from /home/airflow/.local/lib/python3.7/site-packages/airflow/example_dags/tutorial_etl_dag.py
[2022-04-23 10:32:14,029] {processor.py:652} INFO - DAG(s) dict_keys(['tutorial_etl_dag']) retrieved from /home/airflow/.local/lib/python3.7/site-packages/airflow/example_dags/tutorial_etl_dag.py
[2022-04-23 10:32:14,043] {logging_mixin.py:109} INFO - [2022-04-23 10:32:14,043] {dag.py:2398} INFO - Sync 1 DAGs
[2022-04-23 10:32:14,053] {logging_mixin.py:109} INFO - [2022-04-23 10:32:14,053] {dag.py:2937} INFO - Setting next_dagrun for tutorial_etl_dag to None
[2022-04-23 10:32:14,060] {processor.py:171} INFO - Processing /home/airflow/.local/lib/python3.7/site-packages/airflow/example_dags/tutorial_etl_dag.py took 0.044 seconds
[2022-04-23 10:32:44,309] {processor.py:163} INFO - Started process (PID=760) to work on /home/airflow/.local/lib/python3.7/site-packages/airflow/example_dags/tutorial_etl_dag.py
[2022-04-23 10:32:44,310] {processor.py:642} INFO - Processing file /home/airflow/.local/lib/python3.7/site-packages/airflow/example_dags/tutorial_etl_dag.py for tasks to queue
[2022-04-23 10:32:44,311] {logging_mixin.py:109} INFO - [2022-04-23 10:32:44,311] {dagbag.py:500} INFO - Filling up the DagBag from /home/airflow/.local/lib/python3.7/site-packages/airflow/example_dags/tutorial_etl_dag.py
[2022-04-23 10:32:44,320] {processor.py:652} INFO - DAG(s) dict_keys(['tutorial_etl_dag']) retrieved from /home/airflow/.local/lib/python3.7/site-packages/airflow/example_dags/tutorial_etl_dag.py
[2022-04-23 10:32:44,334] {logging_mixin.py:109} INFO - [2022-04-23 10:32:44,334] {dag.py:2398} INFO - Sync 1 DAGs
[2022-04-23 10:32:44,345] {logging_mixin.py:109} INFO - [2022-04-23 10:32:44,345] {dag.py:2937} INFO - Setting next_dagrun for tutorial_etl_dag to None
[2022-04-23 10:32:44,352] {processor.py:171} INFO - Processing /home/airflow/.local/lib/python3.7/site-packages/airflow/example_dags/tutorial_etl_dag.py took 0.044 seconds
[2022-04-23 10:33:14,404] {processor.py:163} INFO - Started process (PID=810) to work on /home/airflow/.local/lib/python3.7/site-packages/airflow/example_dags/tutorial_etl_dag.py
[2022-04-23 10:33:14,405] {processor.py:642} INFO - Processing file /home/airflow/.local/lib/python3.7/site-packages/airflow/example_dags/tutorial_etl_dag.py for tasks to queue
[2022-04-23 10:33:14,406] {logging_mixin.py:109} INFO - [2022-04-23 10:33:14,406] {dagbag.py:500} INFO - Filling up the DagBag from /home/airflow/.local/lib/python3.7/site-packages/airflow/example_dags/tutorial_etl_dag.py
[2022-04-23 10:33:14,415] {processor.py:652} INFO - DAG(s) dict_keys(['tutorial_etl_dag']) retrieved from /home/airflow/.local/lib/python3.7/site-packages/airflow/example_dags/tutorial_etl_dag.py
[2022-04-23 10:33:14,430] {logging_mixin.py:109} INFO - [2022-04-23 10:33:14,430] {dag.py:2398} INFO - Sync 1 DAGs
[2022-04-23 10:33:14,440] {logging_mixin.py:109} INFO - [2022-04-23 10:33:14,440] {dag.py:2937} INFO - Setting next_dagrun for tutorial_etl_dag to None
[2022-04-23 10:33:14,460] {processor.py:171} INFO - Processing /home/airflow/.local/lib/python3.7/site-packages/airflow/example_dags/tutorial_etl_dag.py took 0.057 seconds
[2022-04-23 10:33:44,704] {processor.py:163} INFO - Started process (PID=869) to work on /home/airflow/.local/lib/python3.7/site-packages/airflow/example_dags/tutorial_etl_dag.py
[2022-04-23 10:33:44,705] {processor.py:642} INFO - Processing file /home/airflow/.local/lib/python3.7/site-packages/airflow/example_dags/tutorial_etl_dag.py for tasks to queue
[2022-04-23 10:33:44,705] {logging_mixin.py:109} INFO - [2022-04-23 10:33:44,705] {dagbag.py:500} INFO - Filling up the DagBag from /home/airflow/.local/lib/python3.7/site-packages/airflow/example_dags/tutorial_etl_dag.py
[2022-04-23 10:33:44,715] {processor.py:652} INFO - DAG(s) dict_keys(['tutorial_etl_dag']) retrieved from /home/airflow/.local/lib/python3.7/site-packages/airflow/example_dags/tutorial_etl_dag.py
[2022-04-23 10:33:44,730] {logging_mixin.py:109} INFO - [2022-04-23 10:33:44,730] {dag.py:2398} INFO - Sync 1 DAGs
[2022-04-23 10:33:44,740] {logging_mixin.py:109} INFO - [2022-04-23 10:33:44,740] {dag.py:2937} INFO - Setting next_dagrun for tutorial_etl_dag to None
[2022-04-23 10:33:44,748] {processor.py:171} INFO - Processing /home/airflow/.local/lib/python3.7/site-packages/airflow/example_dags/tutorial_etl_dag.py took 0.046 seconds
[2022-04-23 10:34:15,038] {processor.py:163} INFO - Started process (PID=919) to work on /home/airflow/.local/lib/python3.7/site-packages/airflow/example_dags/tutorial_etl_dag.py
[2022-04-23 10:34:15,039] {processor.py:642} INFO - Processing file /home/airflow/.local/lib/python3.7/site-packages/airflow/example_dags/tutorial_etl_dag.py for tasks to queue
[2022-04-23 10:34:15,039] {logging_mixin.py:109} INFO - [2022-04-23 10:34:15,039] {dagbag.py:500} INFO - Filling up the DagBag from /home/airflow/.local/lib/python3.7/site-packages/airflow/example_dags/tutorial_etl_dag.py
[2022-04-23 10:34:15,049] {processor.py:652} INFO - DAG(s) dict_keys(['tutorial_etl_dag']) retrieved from /home/airflow/.local/lib/python3.7/site-packages/airflow/example_dags/tutorial_etl_dag.py
[2022-04-23 10:34:15,063] {logging_mixin.py:109} INFO - [2022-04-23 10:34:15,063] {dag.py:2398} INFO - Sync 1 DAGs
[2022-04-23 10:34:15,073] {logging_mixin.py:109} INFO - [2022-04-23 10:34:15,073] {dag.py:2937} INFO - Setting next_dagrun for tutorial_etl_dag to None
[2022-04-23 10:34:15,080] {processor.py:171} INFO - Processing /home/airflow/.local/lib/python3.7/site-packages/airflow/example_dags/tutorial_etl_dag.py took 0.045 seconds
[2022-04-23 10:34:45,388] {processor.py:163} INFO - Started process (PID=979) to work on /home/airflow/.local/lib/python3.7/site-packages/airflow/example_dags/tutorial_etl_dag.py
[2022-04-23 10:34:45,389] {processor.py:642} INFO - Processing file /home/airflow/.local/lib/python3.7/site-packages/airflow/example_dags/tutorial_etl_dag.py for tasks to queue
[2022-04-23 10:34:45,390] {logging_mixin.py:109} INFO - [2022-04-23 10:34:45,390] {dagbag.py:500} INFO - Filling up the DagBag from /home/airflow/.local/lib/python3.7/site-packages/airflow/example_dags/tutorial_etl_dag.py
[2022-04-23 10:34:45,401] {processor.py:652} INFO - DAG(s) dict_keys(['tutorial_etl_dag']) retrieved from /home/airflow/.local/lib/python3.7/site-packages/airflow/example_dags/tutorial_etl_dag.py
[2022-04-23 10:34:45,415] {logging_mixin.py:109} INFO - [2022-04-23 10:34:45,415] {dag.py:2398} INFO - Sync 1 DAGs
[2022-04-23 10:34:45,428] {logging_mixin.py:109} INFO - [2022-04-23 10:34:45,428] {dag.py:2937} INFO - Setting next_dagrun for tutorial_etl_dag to None
[2022-04-23 10:34:45,436] {processor.py:171} INFO - Processing /home/airflow/.local/lib/python3.7/site-packages/airflow/example_dags/tutorial_etl_dag.py took 0.050 seconds
[2022-04-23 10:35:15,742] {processor.py:163} INFO - Started process (PID=1040) to work on /home/airflow/.local/lib/python3.7/site-packages/airflow/example_dags/tutorial_etl_dag.py
[2022-04-23 10:35:15,744] {processor.py:642} INFO - Processing file /home/airflow/.local/lib/python3.7/site-packages/airflow/example_dags/tutorial_etl_dag.py for tasks to queue
[2022-04-23 10:35:15,744] {logging_mixin.py:109} INFO - [2022-04-23 10:35:15,744] {dagbag.py:500} INFO - Filling up the DagBag from /home/airflow/.local/lib/python3.7/site-packages/airflow/example_dags/tutorial_etl_dag.py
[2022-04-23 10:35:15,755] {processor.py:652} INFO - DAG(s) dict_keys(['tutorial_etl_dag']) retrieved from /home/airflow/.local/lib/python3.7/site-packages/airflow/example_dags/tutorial_etl_dag.py
[2022-04-23 10:35:15,770] {logging_mixin.py:109} INFO - [2022-04-23 10:35:15,770] {dag.py:2398} INFO - Sync 1 DAGs
[2022-04-23 10:35:15,781] {logging_mixin.py:109} INFO - [2022-04-23 10:35:15,781] {dag.py:2937} INFO - Setting next_dagrun for tutorial_etl_dag to None
[2022-04-23 10:35:15,788] {processor.py:171} INFO - Processing /home/airflow/.local/lib/python3.7/site-packages/airflow/example_dags/tutorial_etl_dag.py took 0.048 seconds
[2022-04-23 10:35:46,121] {processor.py:163} INFO - Started process (PID=1092) to work on /home/airflow/.local/lib/python3.7/site-packages/airflow/example_dags/tutorial_etl_dag.py
[2022-04-23 10:35:46,122] {processor.py:642} INFO - Processing file /home/airflow/.local/lib/python3.7/site-packages/airflow/example_dags/tutorial_etl_dag.py for tasks to queue
[2022-04-23 10:35:46,123] {logging_mixin.py:109} INFO - [2022-04-23 10:35:46,123] {dagbag.py:500} INFO - Filling up the DagBag from /home/airflow/.local/lib/python3.7/site-packages/airflow/example_dags/tutorial_etl_dag.py
[2022-04-23 10:35:46,133] {processor.py:652} INFO - DAG(s) dict_keys(['tutorial_etl_dag']) retrieved from /home/airflow/.local/lib/python3.7/site-packages/airflow/example_dags/tutorial_etl_dag.py
[2022-04-23 10:35:46,147] {logging_mixin.py:109} INFO - [2022-04-23 10:35:46,147] {dag.py:2398} INFO - Sync 1 DAGs
[2022-04-23 10:35:46,157] {logging_mixin.py:109} INFO - [2022-04-23 10:35:46,157] {dag.py:2937} INFO - Setting next_dagrun for tutorial_etl_dag to None
[2022-04-23 10:35:46,164] {processor.py:171} INFO - Processing /home/airflow/.local/lib/python3.7/site-packages/airflow/example_dags/tutorial_etl_dag.py took 0.045 seconds
[2022-04-23 10:36:16,344] {processor.py:163} INFO - Started process (PID=1152) to work on /home/airflow/.local/lib/python3.7/site-packages/airflow/example_dags/tutorial_etl_dag.py
[2022-04-23 10:36:16,345] {processor.py:642} INFO - Processing file /home/airflow/.local/lib/python3.7/site-packages/airflow/example_dags/tutorial_etl_dag.py for tasks to queue
[2022-04-23 10:36:16,346] {logging_mixin.py:109} INFO - [2022-04-23 10:36:16,346] {dagbag.py:500} INFO - Filling up the DagBag from /home/airflow/.local/lib/python3.7/site-packages/airflow/example_dags/tutorial_etl_dag.py
[2022-04-23 10:36:16,355] {processor.py:652} INFO - DAG(s) dict_keys(['tutorial_etl_dag']) retrieved from /home/airflow/.local/lib/python3.7/site-packages/airflow/example_dags/tutorial_etl_dag.py
[2022-04-23 10:36:16,369] {logging_mixin.py:109} INFO - [2022-04-23 10:36:16,369] {dag.py:2398} INFO - Sync 1 DAGs
[2022-04-23 10:36:16,380] {logging_mixin.py:109} INFO - [2022-04-23 10:36:16,380] {dag.py:2937} INFO - Setting next_dagrun for tutorial_etl_dag to None
[2022-04-23 10:36:16,388] {processor.py:171} INFO - Processing /home/airflow/.local/lib/python3.7/site-packages/airflow/example_dags/tutorial_etl_dag.py took 0.045 seconds
